 
****************************************
Report : qor
Design : fdkex
Version: J-2014.09-SP1
Date   : Tue Mar 31 04:57:49 2015
****************************************


  Timing Path Group 'COMB'
  -----------------------------------
  Levels of Logic:               5.00
  Critical Path Length:        104.09
  Critical Path Slack:        -320.76
  Critical Path Clk Period:    500.00
  Total Negative Slack:       -640.62
  No. of Violating Paths:        2.00
  Worst Hold Violation:          0.00
  Total Hold Violation:          0.00
  No. of Hold Violations:        0.00
  -----------------------------------

  Timing Path Group 'INPUTS'
  -----------------------------------
  Levels of Logic:              12.00
  Critical Path Length:        396.41
  Critical Path Slack:        -357.98
  Critical Path Clk Period:    500.00
  Total Negative Slack:   -6494884.50
  No. of Violating Paths:    33668.00
  Worst Hold Violation:          0.00
  Total Hold Violation:          0.00
  No. of Hold Violations:        0.00
  -----------------------------------

  Timing Path Group 'OUTPUTS'
  -----------------------------------
  Levels of Logic:               2.00
  Critical Path Length:        113.67
  Critical Path Slack:        -253.35
  Critical Path Clk Period:    500.00
  Total Negative Slack:      -5281.17
  No. of Violating Paths:       98.00
  Worst Hold Violation:          0.00
  Total Hold Violation:          0.00
  No. of Hold Violations:        0.00
  -----------------------------------

  Timing Path Group 'REG2REG'
  -----------------------------------
  Levels of Logic:              16.00
  Critical Path Length:        453.28
  Critical Path Slack:         -90.83
  Critical Path Clk Period:    500.00
  Total Negative Slack:     -18362.98
  No. of Violating Paths:      533.00
  Worst Hold Violation:        -24.90
  Total Hold Violation:      -1129.50
  No. of Hold Violations:      372.00
  -----------------------------------

  Timing Path Group 'clk'
  -----------------------------------
  Levels of Logic:               4.00
  Critical Path Length:        265.45
  Critical Path Slack:           4.56
  Critical Path Clk Period:    500.00
  Total Negative Slack:          0.00
  No. of Violating Paths:        0.00
  Worst Hold Violation:          0.00
  Total Hold Violation:          0.00
  No. of Hold Violations:        0.00
  -----------------------------------


  Cell Count
  -----------------------------------
  Hierarchical Cell Count:          4
  Hierarchical Port Count:       2634
  Leaf Cell Count:              58978
  Buf/Inv Cell Count:           26814
  Buf Cell Count:               24183
  Inv Cell Count:                2631
  CT Buf/Inv Cell Count:          534
  Combinational Cell Count:     44174
  Sequential Cell Count:        14804
  Macro Count:                      0
  -----------------------------------


  Area
  -----------------------------------
  Combinational Area:    11052.850591
  Noncombinational Area: 15932.221405
  Buf/Inv Area:           6232.886765
  Total Buffer Area:          5731.74
  Total Inverter Area:         501.15
  Macro/Black Box Area:     13.406399
  Net Area:                  0.000000
  Net XLength        :      294301.47
  Net YLength        :      279444.91
  -----------------------------------
  Cell Area:             26998.478395
  Design Area:           26998.478395
  Net Length        :       573746.38


  Design Rules
  -----------------------------------
  Total Number of Nets:         59102
  Nets With Violations:           588
  Max Trans Violations:             0
  Max Cap Violations:              29
  Max Fanout Violations:          574
  -----------------------------------


  Hostname: chlr16420

  Compile CPU Statistics
  -----------------------------------------
  Resource Sharing:                    0.00
  Logic Optimization:                  0.00
  Mapping Optimization:             8785.54
  -----------------------------------------
  Overall Compile Time:             9283.68
  Overall Compile Wall Clock Time: 1427794560.00

  --------------------------------------------------------------------

  Design  WNS: 357.98  TNS: 6517708.00  Number of Violating Paths: 34256  (with Crosstalk delta delays)


  Design (Hold)  WNS: 24.90  TNS: 1129.50  Number of Violating Paths: 372  (with Crosstalk delta delays)

  --------------------------------------------------------------------


1
