 
****************************************
Report : timing
        -path full
        -delay max
        -derate
        -input_pins
        -nets
        -group **default**
        -slack_lesser_than 9999.00
        -max_paths 1000
        -transition_time
        -capacitance
Design : fdkex
Version: J-2014.09-SP1
Date   : Tue Mar 31 09:59:00 2015
****************************************

 * Some/all delay information is back-annotated.

 # A fanout number of 1000 was used for high fanout net computations.

Operating Conditions: slow_1.00   Library: d04_ln_p1273_3x1r6u1_psss_0.75v_-10c_ccst
	Parasitic source    : LPE
	Parasitic mode      : RealRC
	Extraction mode     : MIN_MAX
	Extraction derating : -40/-10/-10

Information: Percent of Arnoldi-based delays = 48.23%

Information: Percent of CCS-based delays = 48.23%
No paths.

1
