 
****************************************
Report : design
        -physical
Design : fdkex
Version: J-2014.09-SP1
Date   : Tue Mar 31 01:49:20 2015
****************************************

	Parasitic source    : LPE
	Parasitic mode      : RealRC
	Extraction mode     : MIN_MAX
	Extraction derating : -40/-10/-10
****************************** P&R Summary ********************************
Date : Tue Mar 31 01:49:20 2015
Machine Host Name: chlr16420
Working Directory: /nfs/ch/disks/icf_fdk_regression001/nightly_adf_kit_build_regr/builds_regr/nightly/1273/dot3/synopsys/2015-03-31/runs/d04/fdkex_SCAN/apr
Library Name:      fdkex_51074_LIB
Cell Name:         fdkex.CEL;1
Design Statistics:
    Number of Module Cells:        38316
    Number of Pins:                242909
    Number of IO Pins:             1039
    Number of Nets:                37217
    Average Pins Per Net (Signal): 4.4029

Chip Utilization:
    Total Std Cell Area:           22468.62
    Core Size:     width 302.40, height 303.24; area 91699.78
    Chip Size:     width 302.40, height 303.24; area 91699.78
    Std cells utilization:         24.50% 
    Cell/Core Ratio:               24.50%
    Cell/Chip Ratio:               24.50%
    Number of Cell Rows:            1900

Master Instantiation:
	MasterName	Type	InstCount
	=================================
	d04fyj03yd0b0	STD	7848
	d04can03nn0a5	STD	2778
	d04fyj03yd0c0	STD	2233
	d04fyj03ld0b0	STD	1859
	d04tap02ldz05	STD	1134
	d04bfn00yduk0	STD	1002
	d04bfn00yduo0	STD	890
	d04nan02ln0b5	STD	871
	d04cgc01wd0b0	STD	856
	fdk73d84_asic_halo_hvn	STD	756
	d04nan02yn0c0	STD	657
	d04inn00wn0a5	STD	639
	d04fyj03ld0c0	STD	608
	d04nan02yn0b5	STD	582
	d04nan02nn0c0	STD	525
	d04can03ln0a5	STD	477
	d04fyj03nd0b0	STD	431
	d04can03yn0d0	STD	417
	d04nan02wn0c0	STD	377
	d04nan02ln0c0	STD	344
	d04nan04nd0b7	STD	308
	d04bfn00ynud5	STD	282
	d04fyj03yd0g0	STD	267
	d04xnk04yn0c0	STD	265
	d04xob03yd0c7	STD	245
	d04xnk04nn0c0	STD	214
	d04ann02ln0b5	STD	213
	d04xnb02yn0a5	STD	212
	d04can03wn0a5	STD	193
	d04can03yn0c0	STD	189
	d04fyj03wd0b0	STD	188
	d04inn00ynuh5	STD	187
	fdk73d84_asic_halo_hhb	STD	178
	fdk73d84_asic_halo_hhc	STD	178
	d04inn00ln0a5	STD	173
	d04inn00yn0b5	STD	169
	d04con03yn0b0	STD	167
	d04ann02yn0c0	STD	165
	d04fky00yd0e0	STD	161
	d04gnc01lnz00	STD	160
	d04non02yn0b5	STD	149
	d04non02ld0c7	STD	140
	d04non02ln0b7	STD	139
	d04non02nn0c0	STD	138
	d04nan02yn0d5	STD	135
	d04nan02wn0b6	STD	132
	d04ann02yn0a5	STD	132
	d04ann02nn0b5	STD	130
	d04inn00nn0a5	STD	127
	d04can03wn0b0	STD	126
	d04xnk04yn0b5	STD	126
	d04bfn00ynue3	STD	125
	d04non02yn0c0	STD	118
	d04nan04yn0b5	STD	118
	d04inn00ynud0	STD	116
	d04nan02yn0d0	STD	113
	d04nan02nn0b5	STD	113
	d04nan04yd0b7	STD	108
	d04fyj03nd0c0	STD	107
	d04inn00ynuf5	STD	105
	d04non02yn0b7	STD	101
	d04ann02nn0a5	STD	101
	d04inn00ynuc5	STD	100
	d04xob03yn0d0	STD	93
	d04inn00yd0f7	STD	93
	d04xnb02nn0a5	STD	92
	d04inn00yduo7	STD	90
	d04xnb02yn0b5	STD	89
	d04nan04yn0c0	STD	89
	d04non02nn0b7	STD	88
	d04inn00yn0a5	STD	86
	d04inn00yduq0	STD	86
	d04xnb02yn0d0	STD	86
	d04nan03yn0d0	STD	84
	d04xob03nd0c7	STD	84
	d04inn00ynui5	STD	84
	d04ann02yn0e3	STD	80
	d04can03yn0a5	STD	77
	d04ann02yn0b5	STD	77
	d04bfn00yn0f0	STD	75
	d04mkn22yn0a5	STD	74
	d04qfd02ndz00	STD	72
	d04cak01nn0b0	STD	70
	d04non02yn0d5	STD	68
	d04ann02ld0d3	STD	64
	d04non02wn0b5	STD	63
	d04xnb02nn0b5	STD	62
	d04cak01yn0b5	STD	62
	d04mkn22yn0d0	STD	61
	d04bfn00nn0e0	STD	60
	d04xnk04yn0e0	STD	60
	d04nan04yn0d0	STD	60
	d04inn00ynue3	STD	59
	d04inn00ln0b5	STD	57
	d04nan02yd0c0	STD	57
	d04non02nn0d5	STD	55
	d04non02yd0f7	STD	53
	d04mkn22nn0a5	STD	53
	d04cak01yn0b0	STD	53
	d04bfn00yn0e0	STD	53
	d04bfn00yd0h0	STD	52
	d04bfn00yn0d0	STD	51
	d04con02yn0b0	STD	51
	d04non02wn0b7	STD	50
	d04can03yn0b0	STD	50
	d04con01nn0c0	STD	49
	d04fky00yd0g0	STD	49
	d04nan02ln0d0	STD	47
	d04ann02yn0b4	STD	47
	d04bfn00nnud5	STD	46
	d04inn00ydui0	STD	46
	d04nan04yd0d7	STD	45
	d04ann02yd0d3	STD	45
	d04inn00nn0b5	STD	44
	d04xnb02yn0b0	STD	44
	d04xob02yn0b5	STD	43
	d04ann04yd0d7	STD	43
	d04nob02nn0b0	STD	42
	d04non02yn0e0	STD	42
	d04nab02yn0f0	STD	40
	d04nan04nd0d7	STD	40
	d04can03nn0b5	STD	40
	d04bar01nnz64	STD	40
	d04bfn00yd0i0	STD	39
	d04con03nn0b0	STD	39
	d04fky00ld0a5	STD	39
	d04nob02yn0b0	STD	39
	d04nan02yn0b6	STD	38
	d04nob02ln0b5	STD	37
	d04con03yn0c0	STD	37
	d04non02nn0d0	STD	36
	d04nob02wn0b0	STD	36
	d04orn02yn0b0	STD	36
	d04non02yd0d0	STD	36
	d04xob02yn0a5	STD	35
	d04xnb02wn0a5	STD	35
	d04ann04yd0b7	STD	35
	d04xob03yn0b5	STD	34
	d04non02yd0h5	STD	34
	d04bfn00yd0o0	STD	34
	d04xnk04yn0b0	STD	34
	d04inn00wn0b5	STD	33
	d04non02yn0d0	STD	32
	d04nab02yn0c0	STD	30
	d04qin00nd0i0	STD	30
	d04aon03yn0a5	STD	29
	d04orn02yn0c0	STD	29
	d04xob03yn0e0	STD	28
	d04nob02ln0b0	STD	28
	d04nan02yd0e0	STD	27
	d04nab02nn0b0	STD	27
	d04con01ld0c7	STD	27
	d04non02yn0f0	STD	27
	d04nan04nn0e0	STD	26
	d04fyj43yd0g0	STD	26
	d04inn00yd0q0	STD	26
	d04inn00wnuc5	STD	25
	d04mkn22yn0b5	STD	24
	d04xnk04yd0e5	STD	23
	d04non02wn0b3	STD	23
	d04nab02yn0b0	STD	23
	d04mkn22yn0b0	STD	23
	d04xnk04yn0a5	STD	23
	d04bfn00nd0k0	STD	22
	d04mkn22ln0b5	STD	22
	d04fyj03nd0g0	STD	22
	d04nak24yn0c0	STD	22
	d04bfn00yd0k0	STD	21
	d04xnk04yn0d0	STD	21
	d04xnb02yn0g0	STD	21
	d04nab02yd0g0	STD	21
	d04non02yd0i0	STD	21
	d04tih00lnz00	STD	21
	d04fky00wd0a5	STD	20
	d04nan04ld0b7	STD	20
	d04bfn00ld0k0	STD	20
	d04qbf00nd0o0	STD	20
	d04qna02nd0c7	STD	20
	d04xob02yn0b0	STD	20
	d04nan03yd0e0	STD	20
	d04nan02yd0i0	STD	19
	d04non02yn0f5	STD	19
	d04nab02yd0i0	STD	19
	d04fyj03wd0c0	STD	19
	d04non02yd0c7	STD	19
	d04xob03nn0d0	STD	18
	d04nan02nn0d0	STD	18
	d04xnk04nn0d0	STD	18
	d04ann02wd0b7	STD	18
	d04ann03yd0d3	STD	18
	d04nan02yd0d0	STD	18
	d04non02yn0c5	STD	18
	d04non02yn0e5	STD	18
	d04non02nn0b5	STD	18
	d04cob13yn0c0	STD	17
	d04can03nd0c7	STD	17
	d04can03nn0d0	STD	17
	d04xnb02ln0b5	STD	17
	d04xnb02ln0d0	STD	17
	d04nan04yd0e0	STD	17
	d04nan04yd0d0	STD	17
	d04can03yn0b5	STD	16
	d04cak01nn0b5	STD	16
	d04nob02nn0b5	STD	16
	d04ann02wn0b5	STD	16
	d04xob03yn0a5	STD	15
	d04con01yn0c0	STD	15
	d04con01nn0d0	STD	15
	d04orn02nn0b0	STD	15
	d04nob02yn0f0	STD	15
	d04con01wd0b5	STD	15
	d04xnb02yn0b4	STD	15
	d04bfn00nnub5	STD	14
	d04nan02nn0d5	STD	14
	d04xnb02wn0b5	STD	14
	d04cak01yd0c7	STD	14
	d04ann03yn0a5	STD	14
	d04ann02yd0c5	STD	14
	d04nan02yd0f0	STD	14
	d04can03yn8b0	STD	14
	d04fyj63nd0b0	STD	14
	d04xob02nn0b5	STD	13
	d04can03nn0b0	STD	13
	d04orn02yd0i0	STD	13
	d04con01nd0c7	STD	13
	d04cob11yn0c0	STD	13
	d04xob02nn0a5	STD	12
	d04non02yd0f0	STD	12
	d04nan04yn0e0	STD	12
	d04nan04yd0f0	STD	12
	d04nan02yd0g0	STD	12
	d04nab02nn0c0	STD	12
	d04ann02yn0d0	STD	12
	d04orn02yn0b5	STD	12
	d04nan02yn0f0	STD	12
	d04nob02yd0i0	STD	12
	d04bfn00nd0i0	STD	11
	d04xnb02ln0a5	STD	11
	d04con02yn0d0	STD	11
	d04ann04yd0c5	STD	11
	d04nan02yd0h0	STD	11
	d04mkn22yd0d5	STD	11
	d04ann02yn0b6	STD	11
	d04nan02yd0b5	STD	11
	d04ann04yn0c0	STD	11
	d04can03yn0f0	STD	11
	d04bfn00nn0d0	STD	10
	d04bfn00ynub5	STD	10
	d04inn00nnuc5	STD	10
	d04xob03ld0c7	STD	10
	d04con02yn0c0	STD	10
	d04cob13nn0b0	STD	10
	d04qin00nd0q0	STD	10
	d04qno02nd0c7	STD	10
	d04qno03nd0d0	STD	10
	d04qbf00nd0h0	STD	10
	d04qna03nd0d0	STD	10
	d04xnb03yn0d0	STD	10
	d04non02yd0g0	STD	10
	d04fyj43yd0b0	STD	10
	d04xob02yn0c0	STD	10
	d04con03nd0d7	STD	9
	d04inn00ld0f7	STD	9
	d04cak01yn0f0	STD	9
	d04mkn22nn0b0	STD	9
	d04con02nn0b0	STD	9
	d04bfn00yn0c0	STD	9
	d04xnk04wn0e0	STD	9
	d04non02yd0f5	STD	9
	d04xob02yn0b4	STD	9
	d04mkn22yd0c7	STD	9
	d04non02yd0c0	STD	9
	d04xnk04yd0f5	STD	9
	d04nab02yd0f5	STD	9
	d04nan02yd0b7	STD	9
	d04orn02yn0f0	STD	9
	d04ann03yn0c0	STD	9
	d04ann03yn0b5	STD	9
	d04xnb02nn0d0	STD	8
	d04xob03ln0d0	STD	8
	d04cak01ln0b0	STD	8
	d04ann02yn0b0	STD	8
	d04con03yn8b0	STD	8
	d04nab02yn0b5	STD	8
	d04ann03yn0d0	STD	8
	d04orn02yd0c5	STD	8
	d04non02yd0c5	STD	8
	d04nab02ln0b0	STD	7
	d04cob13yn0b0	STD	7
	d04xnk04ln0d0	STD	7
	d04non02nn0f0	STD	7
	d04inn00nnud0	STD	7
	d04mkn22nn0d0	STD	7
	d04ltn80yd0e0	STD	7
	d04nan04wn0e0	STD	7
	d04nan03yd0f5	STD	7
	d04cab13yn0b0	STD	7
	d04con01ld0d7	STD	7
	d04con01ln0c0	STD	7
	d04con01yn0d0	STD	7
	d04cab11yn0c0	STD	7
	d04xnk04yn0f0	STD	7
	d04ann02yd0k0	STD	7
	d04mkn22ln0c0	STD	7
	d04mkn22ln0d0	STD	7
	d04xob02yd0h0	STD	6
	d04non02ld0f0	STD	6
	d04con03wn0c0	STD	6
	d04xob03nn0a5	STD	6
	d04con04yn0d0	STD	6
	d04cob13nn0c0	STD	6
	d04nan04wd0b7	STD	6
	d04fyj43nd0c0	STD	6
	d04cak01nn0d0	STD	6
	d04con01wn0c0	STD	6
	d04nob02yn0b5	STD	6
	d04bfn00yn0e3	STD	6
	d04xob03yd0g5	STD	6
	d04cak01yd0c5	STD	6
	d04cob13yn0d0	STD	6
	d04con03yn0d0	STD	6
	d04bfn00yn0a5	STD	5
	d04xob03nn0b5	STD	5
	d04nob02yd0g0	STD	5
	d04bfn00wnub5	STD	5
	d04ann02yd0h7	STD	5
	d04nan03yn0f0	STD	5
	d04ann04nd0c5	STD	5
	d04fyj43yd0c0	STD	5
	d04con03yd0d7	STD	5
	d04xob02wn0a5	STD	5
	d04aon11yn0b0	STD	5
	d04mkn22nn0b5	STD	5
	d04aon03yd0b3	STD	5
	d04kak01yn0b0	STD	5
	d04oan01yn0b0	STD	5
	d04inn00yd0i0	STD	5
	d04xob03yn0b0	STD	5
	d04xnb02yn0c0	STD	5
	d04aon03yn0d0	STD	5
	d04non02yn0b3	STD	5
	d04can03yn0b7	STD	5
	d04xnb03yd0g3	STD	5
	d04can03wd0c5	STD	5
	d04can03yn0e0	STD	5
	d04nob02yn0d0	STD	4
	d04xnb02nn0e0	STD	4
	d04inn00nnuf5	STD	4
	d04nan03yn0e0	STD	4
	d04nab02ld0d3	STD	4
	d04nab02yn0d0	STD	4
	d04bfn00wn0a5	STD	4
	d04ann04ld0b7	STD	4
	d04can03ld0c7	STD	4
	d04nob02yn0c0	STD	4
	d04orn02yd0f7	STD	4
	d04con01yd0c7	STD	4
	d04cak01nn0c0	STD	4
	d04nan02yd0c3	STD	4
	d04cak01yn0c0	STD	4
	d04ann02yn0e0	STD	4
	d04con01yn0f0	STD	4
	d04con01yd0c5	STD	4
	d04mbn22yn0d0	STD	4
	d04orn02yn0a5	STD	4
	d04nan04yd0c7	STD	4
	d04fky00nd0g0	STD	4
	d04ann02yd0b7	STD	4
	d04nan02wn0b5	STD	4
	d04can03nn0b7	STD	4
	d04orn02yd0d5	STD	4
	d04ann03yn0f0	STD	4
	d04nab02nd0g0	STD	3
	d04inn00wd0c7	STD	3
	d04inn00nnue3	STD	3
	d04oan01yn0b5	STD	3
	d04bfn00yd0c7	STD	3
	d04inn00nduq0	STD	3
	d04nan02nd0e0	STD	3
	d04inn00nduo7	STD	3
	d04nab02nn0f0	STD	3
	d04nak24wn0c0	STD	3
	d04orn02wn0b5	STD	3
	d04ltn80ld0c0	STD	3
	d04rrb22ln0a5	STD	3
	d04orn02wn0b0	STD	3
	d04nab02wn0b0	STD	3
	d04rrb22wn0a5	STD	3
	d04nab03yd0f5	STD	3
	d04rrb22yn0a5	STD	3
	d04cab11nn0b0	STD	3
	d04cak01wd0b7	STD	3
	d04nan03yn0b5	STD	3
	d04xob02ln0d0	STD	3
	d04cak01nn0f0	STD	3
	d04con03nn0c0	STD	3
	d04mkn22nn0c0	STD	3
	d04cob11nn0c0	STD	3
	d04ann02wn0a5	STD	3
	d04kok01yn0b0	STD	3
	d04bfn00wd0k0	STD	3
	d04xob02yn0g0	STD	3
	d04xob03yn0g0	STD	3
	d04xnb02yd0i0	STD	3
	d04cak01yn0d0	STD	3
	d04nan03yd0d0	STD	3
	d04xnb02yn0b7	STD	3
	d04con01yd0c3	STD	3
	d04ltn80yd0g0	STD	3
	d04fyj63ld0b0	STD	3
	d04xnb03yn0b0	STD	3
	d04non02ln0b5	STD	3
	d04can03yd0c7	STD	3
	d04can03yd0b5	STD	3
	d04mkn22ld0d5	STD	3
	d04cob13nn0d0	STD	2
	d04bfn00lnud5	STD	2
	d04bfn00ln0a5	STD	2
	d04nab02wn0d0	STD	2
	d04inn00nnuh5	STD	2
	d04nab02nn0d0	STD	2
	d04nab02ln0c0	STD	2
	d04inn00lnud0	STD	2
	d04non02nd0f0	STD	2
	d04xob02yn0e0	STD	2
	d04non02nd0h5	STD	2
	d04con04yn0f0	STD	2
	d04fky00wd0b0	STD	2
	d04nan02nd0g0	STD	2
	d04inn00lnuc5	STD	2
	d04ann04nd0f7	STD	2
	d04nob03yn0b0	STD	2
	d04can03yn0e3	STD	2
	d04nan03nn0d0	STD	2
	d04nan02yd0c7	STD	2
	d04nan03wd0b7	STD	2
	d04ltn80yd0c0	STD	2
	d04rrb22wn0b5	STD	2
	d04kok01wn0b0	STD	2
	d04can03wd0c7	STD	2
	d04nan03yd0d7	STD	2
	d04fky00nd0e0	STD	2
	d04cak01nd0f5	STD	2
	d04oan01ln0b5	STD	2
	d04ann02nn0e3	STD	2
	d04con02nn0d0	STD	2
	d04nab02ln0d0	STD	2
	d04con01nd0f5	STD	2
	d04cak01nd0i5	STD	2
	d04ltn80yd0a5	STD	2
	fdk73d84_asic_halo_hib	STD	2
	fdk73d84_asic_halo_hic	STD	2
	d04kak01nn0c0	STD	2
	d04cab13yn0c0	STD	2
	d04inn00yn0c5	STD	2
	d04inn00yn0d0	STD	2
	d04cak04yn0b0	STD	2
	d04mbn22yn0a5	STD	2
	d04con01yd0b5	STD	2
	d04aon11yn0b5	STD	2
	d04nob02yd0d3	STD	2
	d04can03nd0c5	STD	2
	d04ann04yd0f7	STD	2
	d04nan03yn0f5	STD	2
	d04nan03ynuc0	STD	2
	d04ann03yd0f7	STD	2
	d04kok01yn0f0	STD	2
	d04xnb03yn0e0	STD	2
	d04inn00ynub3	STD	2
	d04can03nn0c0	STD	2
	d04mkn22wd0c7	STD	2
	d04non02nn0b3	STD	2
	d04can03yd0c5	STD	2
	d04cob11yn0f0	STD	2
	d04bfn00nd0c7	STD	1
	d04bfn00nduk0	STD	1
	d04bfn00wn0d0	STD	1
	d04non03nn0b5	STD	1
	d04xnb02ln0e0	STD	1
	d04nob02ln0c0	STD	1
	d04bfn00nn0f0	STD	1
	d04nan03ld0e0	STD	1
	d04non03yn0f5	STD	1
	d04mkn22ln0b0	STD	1
	d04nan04nd0f0	STD	1
	d04xob03ln0e0	STD	1
	d04non03yn0d0	STD	1
	d04xob02nn0e0	STD	1
	d04rrb22ln0b5	STD	1
	d04aon03nn0d0	STD	1
	d04non04yd0f0	STD	1
	d04nan03nd0d7	STD	1
	d04cab13nn0b0	STD	1
	d04ltn80wd0c0	STD	1
	d04nan03nn0b5	STD	1
	d04fyj43nd0b0	STD	1
	d04ann03nn0a5	STD	1
	d04ann04nd0d7	STD	1
	d04xob02ln0a5	STD	1
	d04nak24ln0d0	STD	1
	d04xob02wn0b5	STD	1
	d04aon03nn0b0	STD	1
	d04aon11wn0b0	STD	1
	d04kak01wn0b0	STD	1
	d04nob02wd0d3	STD	1
	d04nob03yn0b5	STD	1
	d04aon11yn0c0	STD	1
	d04non04nn0b5	STD	1
	d04orn02wd0c5	STD	1
	d04bfn00ld0c7	STD	1
	d04ltn80ld0e0	STD	1
	d04cak02nn0d0	STD	1
	d04ann02nn0d0	STD	1
	d04kok01nn0b0	STD	1
	d04xob02ln0b5	STD	1
	d04xnk04ln0c0	STD	1
	d04xnb03ln0e0	STD	1
	d04mbn22yn0b0	STD	1
	d04cob11ln0c0	STD	1
	d04cak04nn0b0	STD	1
	d04con10nn0c0	STD	1
	d04con01wn0f0	STD	1
	d04aon01yn0b5	STD	1
	d04cak01nd0c7	STD	1
	d04can16nn0b0	STD	1
	d04cab11yn0b0	STD	1
	d04nob02nn0d0	STD	1
	d04ann02ln0a5	STD	1
	d04xnb02nn0g0	STD	1
	d04oan01nn0b0	STD	1
	d04xnb03yn0b5	STD	1
	d04aon03yn0b0	STD	1
	d04cak04yn0c0	STD	1
	d04nab03yn0c0	STD	1
	d04can16nn0b5	STD	1
	d04nob03ln0b0	STD	1
	d04non03nn0f0	STD	1
	d04cak02nn0c0	STD	1
	d04bfn00nn0c0	STD	1
	d04aon01yn0d0	STD	1
	d04oan01yn0a5	STD	1
	d04oan01yn0e0	STD	1
	d04xob02yn0d0	STD	1
	d04inn00yd0c5	STD	1
	d04xnb02yd0h0	STD	1
	d04xok04yn0c0	STD	1
	d04xok04yn0a5	STD	1
	d04kak01yn0b5	STD	1
	d04cak02yn0c0	STD	1
	d04aon01yn0a5	STD	1
	d04cak02yd0c0	STD	1
	d04con03yd0c7	STD	1
	d04bfn00yn0d5	STD	1
	d04fky00ld0e0	STD	1
	d04orn04yn0c0	STD	1
	d04bfn00yd0a5	STD	1
	d04nob03yn0d0	STD	1
	d04fky00wd0k0	STD	1
	d04fky00yd0b0	STD	1
	d04inn00ln0c5	STD	1
	d04ann02yd0f7	STD	1
	d04nan03yd0k0	STD	1
	d04con01ld0b5	STD	1
	d04con02nn0c0	STD	1
	d04xob02yd0i0	STD	1
	d04xnb02yn0b3	STD	1
	d04fyj63yd0b0	STD	1
	d04xnk04ln0a5	STD	1
	d04bfn00yn0b0	STD	1
	d04cob13yd0b5	STD	1
	d04con02yd0d7	STD	1
	d04aon11yd0f5	STD	1
	d04xnb03nn0e0	STD	1
	d04bfn00yduh0	STD	1
	d04mkn22yd0e5	STD	1
	d04non02nd0i0	STD	1
	d04non02wd0h5	STD	1
	d04non02nd0g0	STD	1
	d04inn00ln0b3	STD	1
	d04con03yn0f0	STD	1
	d04xob02yd0c7	STD	1
	d04xob03yn0f0	STD	1
	d04mkn22nd0d5	STD	1
	d04cob13ln0c0	STD	1
	d04non02ln0f5	STD	1
	d04non02nd0c5	STD	1
	d04can03nn8b0	STD	1
	d04fky00ld0c0	STD	1
	d04orn02yn0d0	STD	1
	d04inn00yn0b3	STD	1
	d04orn04yn0d0	STD	1
	d04can03yd0b4	STD	1
	d04inn00nn0d0	STD	1
	d04inn00yn0e3	STD	1
	d04bfn00lduo0	STD	1
	d04inn00nn0b3	STD	1
	d04non03yd0g0	STD	1
	d04bfn00yd0b5	STD	1
	d04cob13yn0f0	STD	1
	d04can03nn0b4	STD	1
	d04non02nn0e5	STD	1
	d04bfn00wn0c0	STD	1
	d04aon03yd0d3	STD	1
	d04bfn00nd0b3	STD	1
	d04ann02yn0f0	STD	1
	d04cob11yn0d0	STD	1
	d04xob02yd0f7	STD	1
	d04mkn22yn0c0	STD	1
	d04kok01yn0d0	STD	1
	d04can03yn0b3	STD	1
	=================================

Timing/Optimization Information:

Global Routing Information:

Track Assignment Information:
    Number of wires with overlap after iteration 0 = 151147 of 503991

    Number of wires with overlap after iteration 1 = 48401 of 360395

    Total m0 wire length: 5.0
    Total m1 wire length: 2987.9
    Total m2 wire length: 181554.7
    Total m3 wire length: 241969.9
    Total m4 wire length: 104176.9
    Total m5 wire length: 18925.2
    Total m6 wire length: 3547.1
    Total m7 wire length: 224.2
    Total m8 wire length: 0.0
    Total m9 wire length: 0.0
    Total tm1 wire length: 0.0
    Total c4 wire length: 0.0
    Total wire length: 553390.9

    Elapsed real time: 0:01:06
    Elapsed cpu time: sys = 0:00:00 usr = 0:01:05 total = 0:01:05
    Total Proc Memory(MB): 1205

Detailed Routing Information:

DRC information: 
      Total error number: 0

Ring Wiring Statistics:

Stripe Wiring Statistics:
    metal3 Wire Length(count):             344613.64(1140)
    metal4 Wire Length(count):             109116.00(360)
    metal5 Wire Length(count):             172291.24(570)
    metal6 Wire Length(count):             109116.00(360)
    metal7 Wire Length(count):             114837.52(380)
    metal8 Wire Length(count):              54552.96(180)
    metal9 Wire Length(count):              28660.17(95)
    metal10 Wire Length(count):              27194.40(90)
  ==============================================
    Total Wire Length(count):              960381.93(3175)
    Number of via3 Contacts:         204660
    Number of via4 Contacts:         102600
    Number of via5 Contacts:         102600
    Number of via6 Contacts:          68400
    Number of via7 Contacts:          34200
    Number of via8 Contacts:           8550
    Number of via9 Contacts:           4275
  ==============================================
    Total Number of Contacts:    525285

User Wiring Statistics:
    metal6 Wire Length(count):                585.20(380)
    metal7 Wire Length(count):                576.00(360)
    metal8 Wire Length(count):                572.28(380)
    metal9 Wire Length(count):                579.60(180)
  ==============================================
    Total Wire Length(count):                2313.08(1300)

PG follow-pin Wiring Statistics:

Signal Wiring Statistics:
      Mask Name      Contact Code    Number Of Contacts    Percentage

  Horizontal/Vertical Wire Distribution:
    Layer      Hor. Wire (% of Hor.)     Ver. Wire (% of Ver.)
  ==============================================================
    Total              0.00                      0.00
1
