============================================================
  Generated by:           Encounter(R) RTL Compiler RC14.22 - v14.20-s016_1
  Generated on:           Apr 04 2015  12:08:09 am
  Module:                 mult
  Library domain:         timing
    Domain index:         0
    Technology libraries: d04_ln_misc_p1273_6x2r0_psss_0.75v_-40c_nldm g.0
                          d04_nn_misc_p1273_6x2r0_psss_0.75v_-40c_nldm g.0
                          d04_wn_misc_p1273_6x2r0_psss_0.75v_-40c_nldm g.0
                          d04_ln_p1273_6x2r0_psss_0.75v_-40c_nldm g.0
                          d04_nn_p1273_6x2r0_psss_0.75v_-40c_nldm g.0
                          d04_wn_p1273_6x2r0_psss_0.75v_-40c_nldm g.0
                          physical_cells 
    Operating conditions: slow_1.00 
  Library domain:         leakage
    Domain index:         1
    Technology libraries: d04_ln_p1273_6x2r0_tttt_0.915v_105c_nldm_pwr_pincap g.0
                          d04_nn_p1273_6x2r0_tttt_0.915v_105c_nldm_pwr_pincap g.0
                          d04_wn_p1273_6x2r0_tttt_0.915v_105c_nldm_pwr_pincap g.0
                          d04_ln_misc_p1273_6x2r0_tttt_0.915v_105c_nldm_pwr_pincap g.0
                          d04_nn_misc_p1273_6x2r0_tttt_0.915v_105c_nldm_pwr_pincap g.0
                          d04_wn_misc_p1273_6x2r0_tttt_0.915v_105c_nldm_pwr_pincap g.0
                          physical_cells 
    Operating conditions: typical_1.00 
  Interconnect mode:      global
  Area mode:              physical library
============================================================

Timing
--------

Clock Period 
-------------
mclk  1450.0 


  Cost    Critical      No of gates on  Violating 
 Group   Path Slack TNS  Critical Path    Paths   
--------------------------------------------------
COMB       No paths   0                           
default    No paths   0                           
INPUTS        741.5   0              0          0 
mclk          373.0   0              1          0 
OUTPUTS       696.7   0              0          0 
REG2REG       946.5   0              0          0 
--------------------------------------------------
Total                 0                         0 

Instance Count
--------------
Leaf Instance Count             16 
Sequential Instance Count        8 
Combinational Instance Count     8 
Hierarchical Instance Count      0 

Area
----
Cell Area                          8.686
Physical Cell Area                 0.000
Total Cell Area (Cell+Physical)    8.686
Net Area                           2.839
Total Area (Cell+Physical+Net)     11.525

Power
-----
Leakage Power                      0.000 mW
Dynamic Power                      0.019 mW
Total Power                        0.020 mW

Max Fanout                         8 (mclk)
Min Fanout                         1 (da0[0])
Average Fanout                     2.0
Terms to net ratio                 2.5
Terms to instance ratio            3.8
Runtime                            222.104 seconds
Elapsed Runtime                    245 seconds
RC peak memory usage:              2299.00 
EDI peak memory usage:             no_value 
Hostname                           chlr16421.ch.intel.com
