*----------------------------------------------------------------------------------------
*	Encounter 14.52-s002_1 (64bit) 02/10/2015 07:13 (Linux 2.6.18-194.el5)
*	
*
* 	Date & Time:	2015-Apr-04 00:21:52 (2015-Apr-04 07:21:52 GMT)
*
*----------------------------------------------------------------------------------------
*
*	Design: mult
*
*	Liberty Libraries used: 
*	        /p/fdk/fdk73/builds/stdcells/stdcell736_d.0.0p8/ccs/ln/d04_ln_p1273_6x2r0_pfff_0.98v_125c_ccst.cldb
*	        /p/fdk/fdk73/builds/stdcells/stdcell736_d.0.0p8/ccs/nn/d04_nn_p1273_6x2r0_pfff_0.98v_125c_ccst.cldb
*	        /p/fdk/fdk73/builds/stdcells/stdcell736_d.0.0p8/ccs/wn/d04_wn_p1273_6x2r0_pfff_0.98v_125c_ccst.cldb
*	        /p/fdk/fdk73/builds/stdcells/stdcell736_d.0.0p1_misc/lib/ln/d04_ln_misc_p1273_6x2r0_pfff_0.98v_125c_nldm.cldb
*	        /p/fdk/fdk73/builds/stdcells/stdcell736_d.0.0p1_misc/lib/nn/d04_nn_misc_p1273_6x2r0_pfff_0.98v_125c_nldm.cldb
*	        /p/fdk/fdk73/builds/stdcells/stdcell736_d.0.0p1_misc/lib/wn/d04_wn_misc_p1273_6x2r0_pfff_0.98v_125c_nldm.cldb
*
*	Power Domain used: 
*		Rail:        vcc 	Voltage:       0.98 
*
*       Power View : Func_pfff_0.98v_125c_pifs_125c
*
*       User-Defined Activity : N.A.
*
*       Activity File: N.A.
*
*       Hierarchical Global Activity: N.A.
*
*       Global Activity: N.A.
*
*       Sequential Element Activity: N.A.
*
*       Primary Input Activity: 0.200000
*
*       Default icg ratio: N.A.
*
*       Global Comb ClockGate Ratio: N.A.
*
*	Power Units = 1mW
*
*	Time Units = 1e-12 secs 
*
*       report_power -outfile ./reports/signoff.power.rpt
*
-----------------------------------------------------------------------------------------


Total Power 
-----------------------------------------------------------------------------------------
Total Internal Power:        0.06475994 	   37.6868%
Total Switching Power:       0.03473685 	   20.2150%
Total Leakage Power:         0.07234033 	   42.0982%
Total Power:                 0.17183712 
-----------------------------------------------------------------------------------------


Group                           Internal   Switching     Leakage       Total  Percentage 
                                Power      Power         Power         Power  (%)        
-----------------------------------------------------------------------------------------
Sequential                       0.02821    0.002335    0.004588     0.03513       20.44 
Macro                          6.872e-07           0   0.0003059   0.0003066      0.1784 
IO                                     0           0           0           0           0 
Combinational                    0.02099    0.003897     0.06648     0.09137       53.17 
Clock (Combinational)            0.01556      0.0285     0.00097     0.04503       26.21 
Clock (Sequential)                     0           0           0           0           0 
-----------------------------------------------------------------------------------------
Total                            0.06476     0.03474     0.07234      0.1718         100 
-----------------------------------------------------------------------------------------


Rail                  Voltage   Internal   Switching     Leakage       Total  Percentage 
                                Power      Power         Power         Power  (%)        
-----------------------------------------------------------------------------------------
vcc                      0.98    0.06476     0.03474     0.07234      0.1718         100 


Clock                           Internal   Switching     Leakage       Total  Percentage 
                                Power      Power         Power         Power  (%)        
-----------------------------------------------------------------------------------------
mclk                             0.01556      0.0285     0.00097     0.04503       26.21 
-----------------------------------------------------------------------------------------
Total (excluding duplicates)     0.01556      0.0285     0.00097     0.04503       26.21 
-----------------------------------------------------------------------------------------


-----------------------------------------------------------------------------------------
*	Power Distribution Summary: 
* 		Highest Average Power:   AZ_ccl_BUF_mclk_G0_L8_1 (d04gbf00lduc5): 	   0.01089 
* 		Highest Leakage Power:          FE_PHC1_test_si1 (d04bfn13nn0c0): 	  0.002217 
* 		Total Cap: 	1.13881e-13 F
* 		Total instances in design:  1793
* 		Total instances in design with no power:   156
*          Total instances in design with no activity:   156
* 		Total Fillers and Decap:  1720
-----------------------------------------------------------------------------------------

