PYDB_Server(R) , SUSE.64 Release J-2014.06.SP2.HF1.4016 2014/09/22

  (C) Copyright 2007-2014.
  Synopsys, Inc.  All rights reserved.

NFS filesystem detected
Listening for connections on port 7888
PYDB_Server Started on host chlr16420, Tue 03/31/2015 06:06:34
Client chlr16420(41923) connected (1 total client)
Client chlr16420(42215) connected (2 total clients)
Client chlr16420(42217) connected (3 total clients)
Client chlr16420(42216) connected (4 total clients)
Client chlr16420(42223) connected (5 total clients)
Verified current licenses.
Client chlr16420(42216) disconnected (4 clients remain)
Client chlr16420(42217) disconnected (3 clients remain)
Client chlr16420(42216) connected (4 total clients)
Client chlr16420(42217) connected (5 total clients)
Client chlr16420(42215) disconnected (4 clients remain)
Client chlr16420(42215) connected (5 total clients)
Begin error insertion: /p/fdk/fdk73/builds/pdk733_r1.7/runsets/adr/adr.rs:238:copy
Error insertion complete: /p/fdk/fdk73/builds/pdk733_r1.7/runsets/adr/adr.rs:238:copy
  Error Insertion Time=0:00:00  User=0.02 Sys=0.01 Mem=9.936 MySQL=33.484 Unpooled=0.025
Begin error insertion: /p/fdk/fdk73/builds/pdk733_r1.7/runsets/adr/adr.rs:247:copy
Error insertion complete: /p/fdk/fdk73/builds/pdk733_r1.7/runsets/adr/adr.rs:247:copy
  Error Insertion Time=0:00:00  User=0.00 Sys=0.00 Mem=10.007 MySQL=32.761 Unpooled=0.025
Client chlr16420(42223) disconnected (4 clients remain)
Client chlr16420(42217) disconnected (3 clients remain)
Client chlr16420(42215) disconnected (2 clients remain)
Client chlr16420(42216) disconnected (1 client remains)
 Total error insertion Time=0:00:28  User=0.02 Sys=0.01 Mem=10.007 MySQL=33.484 Unpooled=0.025
  Total Commands: 2
  Total Errors: 758
  Avg Time/Cmd: Wall=0 User=0.01 Sys=0.01 Mem=9.971 MySQL Mem=0.025
Shutdown requested by client chlr16420(41923)
0 clients remain connected
Overall server Time=0:02:12  User=0.07 Sys=0.11 Mem=11.223 MySQL=33.484 Unpooled=0.029
