****************************************
Report : clock_skew
Design : fdkex
Version: J-2014.06-SP2
Date   : Tue Mar 31 10:29:37 2015
****************************************

              Min Rise  Min Fall  Max Rise  Max Fall     Hold          Setup        Related
Object          Delay     Delay     Delay     Delay   Uncertainty   Uncertainty      Clock
----------------------------------------------------------------------------------
clk                 -         -         -         -     50.00         50.00           -- 

****************************************
Report : clock
Design : fdkex
Version: J-2014.06-SP2
Date   : Tue Mar 31 10:29:37 2015
****************************************


Attributes:
    p - Propagated clock
    G - Generated  clock
    I - Inactive   clock

Clock          Period   Waveform            Attrs     Sources
-------------------------------------------------------------------------------
clk            500.00   {0 250}             p         {clk}

1
