
IC Validator (R) Hierarchical Design Verification, SUSE.64 Release J-2014.06.SP2.HF1.4045 2014/09/29

  (C) Copyright 1996-2014.
  Synopsys, Inc.  All rights reserved.

Called as: /p/foundry/eda/em64t_SLES11/icvalidator/J-2014.06-SP2-1/bin/EM64T_SUSE64/icv -i ../../apr/outputs/fdkex.apr.oas -c fdkex -vue -D _drPROCESS=_drdotThree -D _drSECTION_LEVEL=_drYES -I . -I /p/fdk/fdk73/builds/pdk733_r1.7/runsets/icv/PXL -f OASIS -rd /tmp/spalutla/adf_nightly_regr/2015-03-31/drc_drc_IPall_run_details_18936 /p/fdk/fdk73/builds/pdk733_r1.7/runsets/icv/drc_IPall.rs




Using /usr/bin/ssh as remote shell program


Using user-specified ICV_INCLUDES setting as:
"/p/foundry/eda/em64t_SLES11/icvalidator/J-2014.06-SP2-1/include"

Parsing runset "/p/fdk/fdk73/builds/pdk733_r1.7/runsets/icv/drc_IPall.rs"

Disabling runset caching because ICV_DISABLE_RUNSET_CACHE is set.
p12723_dr.rs:108: warning: The macro is redefined
         #define _drALLOW_ULV _drYES
    from /p/fdk/fdk73/builds/pdk733_r1.7/runsets/icv/drc_IPall.rs: 35:    		#include <p12723_dr.rs>
    previously macro "_drALLOW_ULV" defined as: #define _drALLOW_ULV _drNO 	/* /p/fdk/fdk73/shelf/repo/runsets/icv/1273_v1.0.1f1p1/2/PXL/p12723_dr.rs:29	*/
dr_cell_lists:2962: warning: Undefined symbol "_drTC_FULL_DIE" (in non-evaluated sub-expression)
    #if( defined(_drTC_FULL_DIE) && _drTC_FULL_DIE == _drYES)
    from /p/fdk/fdk73/builds/pdk733_r1.7/runsets/icv/drc_IPall.rs: 37:    		#include <dr_cell_lists>
p12723_options.rs:11: warning: Undefined symbol "_drCOLLAT" (in non-evaluated sub-expression)
         #if (defined(_drCOLLAT) && _drCOLLAT == _drYES)
    from /p/fdk/fdk73/builds/pdk733_r1.7/runsets/icv/drc_IPall.rs: 40:    		#include <p12723_options.rs>
p12723_UserTextOptions.rs:9: warning: Undefined symbol "_drHV_ONLY_LIST_TEXT" (in non-evaluated sub-expression)
         #if (_drTRCVIEW == _drHV && _drHV_ONLY_LIST_TEXT == _drYES)
    from /p/fdk/fdk73/shelf/repo/runsets/icv/1273_v1.0.1f1p1/2/PXL/p12723_options.rs: 149:         #include <p12723_UserTextOptions.rs>
    from /p/fdk/fdk73/builds/pdk733_r1.7/runsets/icv/drc_IPall.rs: 40:    		#include <p12723_options.rs>

In body of 'gnac_check_tg' (function returning void)...
/p/fdk/fdk73/shelf/repo/runsets/icv/1273_v1.0.1f1p1/2/PXL/p12723_IPcommon.rs:2352: warning: definition of variable 'pgate_tg' (of type double) hides previous definition
/p/fdk/fdk73/shelf/repo/runsets/icv/1273_v1.0.1f1p1/2/PXL/p12723_IPcommon.rs:1400: previous definition of variable 'pgate_tg' (of type polygon_layer) is here
/p/fdk/fdk73/shelf/repo/runsets/icv/1273_v1.0.1f1p1/2/PXL/p12723_IPcommon.rs:2353: warning: definition of variable 'ngate_tg' (of type double) hides previous definition
/p/fdk/fdk73/shelf/repo/runsets/icv/1273_v1.0.1f1p1/2/PXL/p12723_IPcommon.rs:1384: previous definition of variable 'ngate_tg' (of type polygon_layer) is here
/p/fdk/fdk73/shelf/repo/runsets/icv/1273_v1.0.1f1p1/2/PXL/p12723_IPcommon.rs:2336: 'gnac_check_tg' (function returning void) is declared here
In body of 'uhv_gnac_check' (function returning void)...
/p/fdk/fdk73/shelf/repo/runsets/icv/1273_v1.0.1f1p1/2/PXL/p12723_IPcommon.rs:2413: warning: definition of variable 'pgate_tg' (of type double) hides previous definition
/p/fdk/fdk73/shelf/repo/runsets/icv/1273_v1.0.1f1p1/2/PXL/p12723_IPcommon.rs:1400: previous definition of variable 'pgate_tg' (of type polygon_layer) is here
/p/fdk/fdk73/shelf/repo/runsets/icv/1273_v1.0.1f1p1/2/PXL/p12723_IPcommon.rs:2414: warning: definition of variable 'ngate_tg' (of type double) hides previous definition
/p/fdk/fdk73/shelf/repo/runsets/icv/1273_v1.0.1f1p1/2/PXL/p12723_IPcommon.rs:1384: previous definition of variable 'ngate_tg' (of type polygon_layer) is here
/p/fdk/fdk73/shelf/repo/runsets/icv/1273_v1.0.1f1p1/2/PXL/p12723_IPcommon.rs:2397: 'uhv_gnac_check' (function returning void) is declared here
In body of 'ip_function' (function returning void)...
/p/fdk/fdk73/shelf/repo/runsets/icv/1273_v1.0.1f1p1/2/PXL/p12723_IPcommon.rs:1154: 'ip_function' (function returning void) is declared here

Parsing finished
Runset Compile Time=0:01:28 User=84.21 Sys=2.94 Mem=6967.285


ICV_Master (R), SUSE.64 Release J-2014.06.SP2.HF1.4116 2014/09/29

  (C) Copyright 1996-2014.
  Synopsys, Inc.  All rights reserved.


Called as: /p/foundry/eda/em64t_SLES11/icvalidator/J-2014.06-SP2-1/bin/EM64T_SUSE64/icv -i ../../apr/outputs/fdkex.apr.oas -c fdkex -vue -D _drPROCESS=_drdotThree -D _drSECTION_LEVEL=_drYES -I . -I /p/fdk/fdk73/builds/pdk733_r1.7/runsets/icv/PXL -f OASIS -rd /tmp/spalutla/adf_nightly_regr/2015-03-31/drc_drc_IPall_run_details_18936 /p/fdk/fdk73/builds/pdk733_r1.7/runsets/icv/drc_IPall.rs
 

Using user-specified ICV_INCLUDES setting as:
"/p/foundry/eda/em64t_SLES11/icvalidator/J-2014.06-SP2-1/include"

Virtual Machine Init Time=0:00:01 User=0.85 Sys=0.18 Mem=6967.285


Checked out necessary DP licenses.
Selecting "chlr16420" as Primary host

System Startup Time=0:00:02 User=0.00 Sys=0.83 Mem=6967.285


Command execution begins.  Details recorded in the summary and log files:
    /tmp/spalutla/adf_nightly_regr/2015-03-31/drc_drc_IPall_run_details_18936/fdkex.sum
    /tmp/spalutla/adf_nightly_regr/2015-03-31/drc_drc_IPall_run_details_18936/drc_IPall.dp.log

Running ...
  ICV_Engine run is   1% complete.    Elapsed Time=0:00:29
  ICV_Engine run is   2% complete.    Elapsed Time=0:00:29
  ICV_Engine run is   3% complete.    Elapsed Time=0:00:29
  ICV_Engine run is   4% complete.    Elapsed Time=0:00:29
  ICV_Engine run is   5% complete.    Elapsed Time=0:00:29
  ICV_Engine run is  10% complete.    Elapsed Time=0:00:29
  ICV_Engine run is  15% complete.    Elapsed Time=0:00:47
  ICV_Engine run is  20% complete.    Elapsed Time=0:00:47
  ICV_Engine run is  25% complete.    Elapsed Time=0:01:14
  ICV_Engine run is  30% complete.    Elapsed Time=0:02:05
  ICV_Engine run is  35% complete.    Elapsed Time=0:02:56
  ICV_Engine run is  40% complete.    Elapsed Time=0:03:18
  ICV_Engine run is  45% complete.    Elapsed Time=0:04:04
  ICV_Engine run is  50% complete.    Elapsed Time=0:04:43
  ICV_Engine run is  55% complete.    Elapsed Time=0:05:17
  ICV_Engine run is  60% complete.    Elapsed Time=0:06:02
  ICV_Engine run is  65% complete.    Elapsed Time=0:06:49
  ICV_Engine run is  70% complete.    Elapsed Time=0:07:05
  ICV_Engine run is  75% complete.    Elapsed Time=0:07:34
  ICV_Engine run is  80% complete.    Elapsed Time=0:08:22
  ICV_Engine run is  85% complete.    Elapsed Time=0:08:37
  ICV_Engine run is  90% complete.    Elapsed Time=0:10:14
  ICV_Engine run is  95% complete.    Elapsed Time=0:10:50
  ICV_Engine run is 100% complete.    Elapsed Time=0:11:24

Completing error storage...
  Overall error storage time: None

Generating fdkex.LAYOUT_ERRORS...
  Generation Time=0:00:00  User=0.00 Sys=0.00 Mem=9.882

Generating fdkex.TOP_LAYOUT_ERRORS...
  Generation Time=0:00:00  User=0.00 Sys=0.00 Mem=9.897

   Check Time=0:00:00  User=0.01 Sys=0.00 Mem=224.898

-------------

IC Validator Run: Time=0:12:55

IC Validator Peak Machine Memory Report
chlr16420    : Peak = 2841(Mb)

Overall Disk Usage Disk=1071.836
Overall Design Hierarchy Mem=4.466
Overall engine Time=0:12:55 Highest command Mem=2841.491 

Overall Master Mem=6967.988
IC Validator is done.
