 
****************************************
Report : net fanout
        -high_fanout
Design : fdkex
Version: J-2014.09
Date   : Tue Mar 31 00:54:01 2015
****************************************


Operating Conditions: slow_1.00   Library: d04_ln_p1273_3x1r6u1_psss_0.75v_-10c_ccst
Wire Load Model Mode: Inactive.


Attributes:
   dr - drc disabled
    c - annotated capacitance
    d - dont_touch
    i - ideal_net
    I - ideal_network
    p - includes pin load
    r - annotated resistance
    h - high fanout

Net                 Fanout   Attributes   Capacitance   Driver
--------------------------------------------------------------------------------
clk                   1899   dr, h         1001.00      clk
alu_core0__Logic0_    1823   dr, h         1001.00      U19894/**logic_0**
1
