 
****************************************
Report : design
        -physical
Design : fdkex
Version: J-2014.09-SP1
Date   : Tue Mar 31 04:57:57 2015
****************************************

	Parasitic source    : LPE
	Parasitic mode      : RealRC
	Extraction mode     : MIN_MAX
	Extraction derating : -40/-10/-10
****************************** P&R Summary ********************************
Date : Tue Mar 31 04:57:57 2015
Machine Host Name: chlr16420
Working Directory: /nfs/ch/disks/icf_fdk_regression001/nightly_adf_kit_build_regr/builds_regr/nightly/1273/dot3/synopsys/2015-03-31/runs/d04/fdkex_SCAN/apr
Library Name:      fdkex_51074_LIB
Cell Name:         fdkex.CEL;1
Design Statistics:
    Number of Module Cells:        60094
    Number of Pins:                330080
    Number of IO Pins:             1039
    Number of Nets:                58995
    Average Pins Per Net (Signal): 3.31134

Chip Utilization:
    Total Std Cell Area:           26998.48
    Core Size:     width 302.40, height 303.24; area 91699.78
    Chip Size:     width 302.40, height 303.24; area 91699.78
    Std cells utilization:         29.44% 
    Cell/Core Ratio:               29.44%
    Cell/Chip Ratio:               29.44%
    Number of Cell Rows:            1900

Master Instantiation:
	MasterName	Type	InstCount
	=================================
	d04bfn11wn0a5	STD	14616
	d04fyj03yd0b0	STD	10311
	d04bfn12wn0b0	STD	2973
	d04can03nn0a5	STD	2093
	d04fyj03yd0c0	STD	1672
	d04bfn00yduk0	STD	1561
	d04tap02ldz05	STD	1134
	d04bfn13wn0c0	STD	1029
	d04bfn00yduo0	STD	856
	d04inn00wn0a5	STD	839
	d04nan02ln0b5	STD	763
	fdk73d84_asic_halo_hvn	STD	756
	d04can03ln0a5	STD	712
	d04nan02yn0c0	STD	709
	d04can03wn0a5	STD	701
	d04fyj03ld0b0	STD	696
	d04nan02yn0b5	STD	656
	d04cgc01nd0h0	STD	620
	d04bfn13wn0b0	STD	512
	d04bfn00ynud5	STD	493
	d04nan02nn0c0	STD	481
	d04nan02wn0c0	STD	344
	d04nan02ln0c0	STD	339
	d04can03yn0a5	STD	310
	d04fyj03ld0c0	STD	296
	d04xob03yd0c7	STD	283
	d04xnk04yn0b5	STD	266
	d04xnb02yn0a5	STD	265
	d04nan04nd0b7	STD	255
	d04inn00ynuh5	STD	243
	d04fyj03nd0b0	STD	239
	d04fyj03yd0g0	STD	226
	d04non02yn0b5	STD	223
	d04bfn11wn0b5	STD	219
	d04bfn11wn0c0	STD	198
	d04can03yn0d0	STD	194
	d04fky00yd0b0	STD	194
	d04ann02ln0b5	STD	191
	d04nan02nn0b5	STD	190
	d04xnk04yn0c0	STD	186
	d04bfn13wn0a5	STD	179
	fdk73d84_asic_halo_hhb	STD	178
	fdk73d84_asic_halo_hhc	STD	178
	d04nan04yn0b5	STD	168
	d04con03yn0b0	STD	163
	d04ann02yn0a5	STD	161
	d04gnc01lnz00	STD	160
	d04inn00yn0b5	STD	158
	d04ann02yn0b5	STD	158
	d04nan02wn0b6	STD	141
	d04bfn11wn0b0	STD	140
	d04inn00ynuf5	STD	139
	d04non02ln0b7	STD	139
	d04can03yn0b5	STD	131
	d04bfn00ynue3	STD	126
	d04ann02nn0b5	STD	124
	d04inn00ynud0	STD	120
	d04nan04yd0b7	STD	120
	d04fyj03wd0b0	STD	120
	d04nan02wn0b5	STD	120
	d04mkn22yn0a5	STD	117
	d04non02nn0c0	STD	116
	d04cgc01nd0i0	STD	116
	d04inn00ynuc5	STD	115
	d04inn00yduo7	STD	111
	d04inn00yduq0	STD	110
	d04ann02nn0a5	STD	109
	d04inn00ln0a5	STD	105
	d04non02yn0c0	STD	96
	d04can03yn0c0	STD	96
	d04nan02yn0d0	STD	95
	d04ann02yn0c0	STD	90
	d04xob03yn0d0	STD	88
	d04inn00yn0a5	STD	85
	d04inn00ynue3	STD	84
	d04inn00yd0f7	STD	83
	d04gbf00nd0g0	STD	83
	d04inn00ydui0	STD	81
	d04xnb02yn0d0	STD	81
	d04xnk04nn0b5	STD	81
	d04xnb02yn0b5	STD	80
	d04xnb02nn0a5	STD	78
	d04cak01nn0b0	STD	78
	d04nan02yn0d5	STD	78
	d04inn00ynui5	STD	78
	d04nan03yn0d0	STD	76
	d04non02nn0b7	STD	74
	d04cak01yn0b0	STD	73
	d04inn00nn0a5	STD	72
	d04qfd02ndz00	STD	72
	d04non02yd0f7	STD	71
	d04mkn22nn0a5	STD	70
	d04xnk04nn0c0	STD	69
	d04nan02yn0b6	STD	69
	d04non02ln0b5	STD	69
	d04non02wn0b5	STD	66
	d04ann02yn0e3	STD	65
	d04xob03nd0c7	STD	62
	d04gbf00nd0e0	STD	61
	d04nan02nn0b6	STD	60
	d04xnb02wn0a5	STD	59
	d04non02yn0b7	STD	58
	d04non02wn0b7	STD	57
	d04non02yn0d5	STD	56
	d04ann02yn0b4	STD	55
	d04bfn00yd0i0	STD	54
	d04bfn00yn0f0	STD	53
	d04non02yn0f0	STD	53
	d04xnk04yn0e0	STD	53
	d04gbf00nd0c0	STD	53
	d04bfn00yd0k0	STD	51
	d04gbf00nd0h0	STD	51
	d04non02wn0b3	STD	50
	d04gbf00nd0f5	STD	50
	d04nan04yn0c0	STD	49
	d04con01nn0c0	STD	48
	d04non02yd0h5	STD	47
	d04orn02yn0b0	STD	47
	d04con02yn0b0	STD	47
	d04bfn12wn0c0	STD	47
	d04ann02ld0d3	STD	46
	d04nob02wn0b0	STD	46
	d04nob02yn0b0	STD	45
	d04non02nn0b5	STD	45
	d04gbf00nd0d0	STD	45
	d04cak01yn0b5	STD	44
	d04con03nn0b0	STD	44
	d04ann02yd0d3	STD	44
	d04nan04yn0d0	STD	44
	d04nan04yd0d7	STD	42
	d04bfn00yn0e0	STD	42
	d04non02yn0c5	STD	41
	d04gbf00nd0f0	STD	41
	d04xob02yn0b5	STD	40
	d04bar01nnz64	STD	40
	d04non02ld0c7	STD	39
	d04nan04nd0d7	STD	39
	d04can03yn0b0	STD	39
	d04bfn00nnud5	STD	38
	d04non02yd0f0	STD	38
	d04bfn00yn0a5	STD	38
	d04xnk04yn0a5	STD	38
	d04non02yn0b3	STD	38
	d04nob02nn0b0	STD	37
	d04nob02ln0b0	STD	37
	d04xob02yn0a5	STD	35
	d04nan02yd0c0	STD	35
	d04inn00nn0b5	STD	34
	d04can03nn0b5	STD	34
	d04nab02yn0b0	STD	34
	d04aon03yn0a5	STD	34
	d04ann04yd0d7	STD	34
	d04fky00yd0e0	STD	33
	d04fyj03nd0c0	STD	32
	d04ann04yd0c5	STD	32
	d04xnk04yn0b0	STD	31
	d04nab02yn0f0	STD	30
	d04xob03yn0a5	STD	30
	d04qin00nd0i0	STD	30
	d04non02nn0d5	STD	29
	d04non02yn0d0	STD	29
	d04xnb02yn0b4	STD	29
	d04nan02yd0f0	STD	29
	d04ann02wn0a5	STD	28
	d04cgc01nd0c0	STD	28
	d04xnb02nn0b5	STD	27
	d04nab02yn0c0	STD	27
	d04bfn00ynub5	STD	27
	d04con03yn0c0	STD	27
	d04bfn00yn0d0	STD	27
	d04nak24yn0c0	STD	27
	d04gbf00nd0e5	STD	27
	d04nab02yd0i0	STD	26
	d04fky00ld0a5	STD	26
	d04fyj43yd0g0	STD	26
	d04ann03yd0d3	STD	26
	d04xob02wn0a5	STD	26
	d04xnk04yn0d0	STD	25
	d04nab02nn0b0	STD	25
	d04xob03yn0b5	STD	24
	d04non02yn0e0	STD	24
	d04ann02wn0b5	STD	24
	d04ann03yn0a5	STD	24
	d04cgc01nd0j0	STD	24
	d04xnb02ln0a5	STD	23
	d04mkn22yn0d0	STD	23
	d04ann04yd0b7	STD	23
	d04nan04nn0b5	STD	23
	d04cgc01nd0g0	STD	23
	d04bfn00lnud5	STD	22
	d04nob02yn0f0	STD	22
	d04bfn00yn0c5	STD	22
	d04gbf00nd0d5	STD	22
	d04con01yn0c0	STD	21
	d04nan04ld0b7	STD	21
	d04xnb02yn0b0	STD	21
	d04nan02yd0b7	STD	21
	d04ann03yn0b5	STD	21
	d04inn00wn0b5	STD	20
	d04xob03yn0e0	STD	20
	d04qbf00nd0o0	STD	20
	d04qna02nd0c7	STD	20
	d04orn02yn0c0	STD	20
	d04nan03yd0e0	STD	20
	d04tih00lnz00	STD	20
	d04cgc01nd0e0	STD	20
	d04non02yd0i0	STD	19
	d04mkn22ln0b5	STD	18
	d04orn02yn0b5	STD	18
	d04nan02yn0f0	STD	18
	d04ann02yn0b6	STD	18
	d04cob13yn0c0	STD	17
	d04inn00ln0b5	STD	17
	d04mkn22yn0b0	STD	17
	d04con01ln0c0	STD	17
	d04mkn22yn0b5	STD	17
	d04ann03yn0c0	STD	17
	d04fky00yd0g0	STD	16
	d04orn02yn0f0	STD	16
	d04fyj43yd0b0	STD	16
	d04bfn00nduk0	STD	15
	d04nan02yd0e0	STD	15
	d04non02nn0d0	STD	15
	d04xnb02yn0g0	STD	15
	d04con02yn0c0	STD	15
	d04nab02yd0f5	STD	15
	d04cgc01nd0b0	STD	15
	d04xnk04nn0d0	STD	14
	d04nab02yn0d0	STD	14
	d04bfn00yd0c7	STD	14
	d04nab02yd0g0	STD	14
	d04con01wd0b5	STD	14
	d04bfn00nn0e0	STD	14
	d04can03yn0b7	STD	14
	d04gbf00nd0h5	STD	14
	d04xob02nn0a5	STD	13
	d04nob02ln0b5	STD	13
	d04inn00nnuc5	STD	13
	d04con01wn0c0	STD	13
	d04ann02yn0b0	STD	13
	d04nan02yd0h0	STD	13
	d04non02yd0g0	STD	13
	d04orn02yn0a5	STD	13
	d04ann02yd0b7	STD	13
	d04non02ln0c0	STD	13
	d04ann02yn0b3	STD	13
	d04bfn00ld0b0	STD	13
	d04nan02yd0i0	STD	12
	d04bfn00lduk0	STD	12
	d04orn02nn0b0	STD	12
	d04nan02yd0g0	STD	12
	d04cak01ln0b0	STD	12
	d04con03yd0d7	STD	12
	d04ann02ln0a5	STD	12
	d04xob02yn0b4	STD	12
	d04con01yd0b5	STD	12
	d04ann04yn0c0	STD	12
	d04ann02yd0k0	STD	12
	d04gbf00nd0j0	STD	12
	d04gbf00nd0g5	STD	12
	d04nan02ln0d0	STD	11
	d04xnb02ln0d0	STD	11
	d04xnb03yn0d0	STD	11
	d04mkn22yd0c7	STD	11
	d04orn02yd0c5	STD	11
	d04con03yn0d0	STD	11
	d04ann02nn0b4	STD	11
	d04bfn12wn0b5	STD	11
	d04xob02nn0b5	STD	10
	d04xnk04yd0e5	STD	10
	d04ltn80yd0e0	STD	10
	d04cak01nn0b5	STD	10
	d04cak01yd0c7	STD	10
	d04qin00nd0q0	STD	10
	d04qno02nd0c7	STD	10
	d04qno03nd0d0	STD	10
	d04qbf00nd0h0	STD	10
	d04qna03nd0d0	STD	10
	d04nan02yd0c3	STD	10
	d04nab02yd0d3	STD	10
	d04xob03yn0b0	STD	10
	d04non02yd0d0	STD	10
	d04bfn00yduh0	STD	10
	d04non02yd0c5	STD	10
	d04can03wd0c5	STD	10
	d04mkn22ln0a5	STD	10
	d04cob11yn0b0	STD	10
	d04nan02nn0d0	STD	9
	d04nan04yd0f0	STD	9
	d04con01nn0d0	STD	9
	d04xob03nn0a5	STD	9
	d04non02yn0f5	STD	9
	d04bfn00wn0a5	STD	9
	d04nan02yd0c7	STD	9
	d04cob13nn0b0	STD	9
	d04con01ld0c7	STD	9
	d04con01yn0d0	STD	9
	d04con02nn0b0	STD	9
	d04non02yn0e5	STD	9
	d04nan04yd0d0	STD	9
	d04ann02yd0f7	STD	9
	d04xnk04ln0a5	STD	9
	d04bfn00yn0b0	STD	9
	d04non02nn0b3	STD	9
	d04nan02ln0b6	STD	9
	d04nak24ln0c0	STD	9
	d04gbf00nd0b5	STD	9
	d04bfn00ld0b4	STD	9
	d04nob02yn0d0	STD	8
	d04xob03nn0d0	STD	8
	d04inn00wnuc5	STD	8
	d04xob03ld0c7	STD	8
	d04nan03yn0b5	STD	8
	d04bfn00wnud5	STD	8
	d04nob02yn0b5	STD	8
	d04xob02yn0b0	STD	8
	d04bfn00yd0o0	STD	8
	d04cak01yd0c5	STD	8
	d04xnb02yd0i0	STD	8
	d04ann02yn0e0	STD	8
	d04xnk04yd0f5	STD	8
	d04nab02yn0b5	STD	8
	d04nob02yd0i0	STD	8
	d04nan04yd0e0	STD	8
	d04can03yd0c5	STD	8
	d04xnk04ln0b5	STD	8
	d04xnb02nn0b4	STD	8
	d04ann02nn0c0	STD	8
	d04bfn00wd0a5	STD	8
	d04bfn00wd0b3	STD	8
	d04gbf00nd0c5	STD	8
	d04gbf00nd0i5	STD	8
	d04gbf00nd0i0	STD	8
	d04cak01yn0f0	STD	7
	d04cob13yn0b0	STD	7
	d04bfn00nn0f0	STD	7
	d04inn00nnud0	STD	7
	d04ann02yd0h7	STD	7
	d04can03yn0e3	STD	7
	d04nan04wd0b7	STD	7
	d04orn02yd0i0	STD	7
	d04xob02ln0a5	STD	7
	d04nob02nn0b5	STD	7
	d04ann02yn0d0	STD	7
	d04bfn00yn0c0	STD	7
	d04cab11yn0c0	STD	7
	d04can03yn0b4	STD	7
	d04bfn00yd0a5	STD	7
	d04can03yd0b5	STD	7
	d04mkn22wd0c7	STD	7
	d04ann02ln0b6	STD	7
	d04nan02wd0b7	STD	7
	d04orn02wn0a5	STD	7
	d04bfn12wn0a5	STD	7
	d04nab02ln0b0	STD	6
	d04mkn22nn0d0	STD	6
	d04inn00nnue3	STD	6
	d04con04yn0d0	STD	6
	d04xob02yn0e0	STD	6
	d04con02yn0d0	STD	6
	d04inn00nduq0	STD	6
	d04fyj43yd0c0	STD	6
	d04nab02nn0c0	STD	6
	d04rrb22wn0a5	STD	6
	d04orn02yd0f7	STD	6
	d04con01nd0c7	STD	6
	d04mkn22nn0b5	STD	6
	d04con01yd0c7	STD	6
	d04ann02yd0c5	STD	6
	d04inn00yn0d0	STD	6
	d04nan02yd0d0	STD	6
	d04cak01yn0d0	STD	6
	d04xnb02yn0c0	STD	6
	d04xob02yn0c0	STD	6
	d04orn02yd0d5	STD	6
	d04bfn00ld0b3	STD	6
	d04nan04nn0d0	STD	6
	d04bfn00nduo0	STD	6
	d04gbf00nd0b0	STD	6
	d04nak24nn0c0	STD	6
	d04nan02nn0d5	STD	5
	d04nan04yn0e0	STD	5
	d04nob02yd0g0	STD	5
	d04can03ld0c7	STD	5
	d04cab13yn0b0	STD	5
	d04aon11yn0b0	STD	5
	d04kak01yn0b0	STD	5
	d04cab13yn0c0	STD	5
	d04inn00yn0c5	STD	5
	d04bfn00yn0e3	STD	5
	d04bfn00nn0c0	STD	5
	d04oan01yn0a5	STD	5
	d04non02yd0c0	STD	5
	d04xnk04yn0f0	STD	5
	d04bfn00yd0b3	STD	5
	d04can03yn8b0	STD	5
	d04xnb02yn0b3	STD	5
	d04xnb03yn0e0	STD	5
	d04xnb03yd0g3	STD	5
	d04inn00yd0q0	STD	5
	d04cob13yn0d0	STD	5
	d04inn00yn0b3	STD	5
	d04can03yn0f0	STD	5
	d04non02ln0b3	STD	5
	d04bfn00nd0b3	STD	5
	d04nan02nd0b6	STD	5
	d04nan02ld0c3	STD	5
	d04nan02yd0b6	STD	5
	d04bfn00wduk0	STD	5
	d04fky00nd0b0	STD	5
	d04inn00yd0c7	STD	5
	d04cgc01nd0f0	STD	5
	d04bfn13wn0b5	STD	5
	d04cgc01nd0d0	STD	5
	d04bfn00yd0b4	STD	5
	d04bfn00nnub4	STD	5
	d04bfn00nd0c7	STD	4
	d04xob02yd0h0	STD	4
	d04xnb02nn0d0	STD	4
	d04can03nd0c7	STD	4
	d04xnb02ln0b5	STD	4
	d04mkn22nn0b0	STD	4
	d04nob02yd0f5	STD	4
	d04ann04nd0c5	STD	4
	d04fyj03nd0g0	STD	4
	d04nab02wn0b0	STD	4
	d04can03wd0c7	STD	4
	d04nob02yn0c0	STD	4
	d04cak01nn0c0	STD	4
	d04non02yd0f5	STD	4
	d04xnb03yd0c7	STD	4
	d04xob03yd0g5	STD	4
	d04cak01yn0c0	STD	4
	d04con01yd0c5	STD	4
	d04nan02yd0b5	STD	4
	d04con02nn0c0	STD	4
	d04cob13yd0b5	STD	4
	d04inn00ln0b3	STD	4
	d04con03yd0b5	STD	4
	d04bfn00yd0b5	STD	4
	d04cob13yn0f0	STD	4
	d04cob11nn0b0	STD	4
	d04xnk04nn0b0	STD	4
	d04ann02wn0b6	STD	4
	d04nan03yd0b7	STD	4
	d04mkn22ld0c7	STD	4
	d04inn00wn0c5	STD	4
	d04fky00yd0a5	STD	4
	d04bfn00nnue3	STD	4
	d04cob13nd0b5	STD	4
	d04bfn00nnuc0	STD	4
	d04bfn00nn0d0	STD	3
	d04con03nd0d7	STD	3
	d04bfn00wd0c7	STD	3
	d04xnb02wn0b5	STD	3
	d04bfn00nn0a5	STD	3
	d04can03nn0b0	STD	3
	d04nab02ld0d3	STD	3
	d04nan04nn0e0	STD	3
	d04bfn00ln0a5	STD	3
	d04bfn00ld0i0	STD	3
	d04non02nd0f0	STD	3
	d04xob03nn0b5	STD	3
	d04bfn00wnub5	STD	3
	d04non02nd0h5	STD	3
	d04orn02wn0b5	STD	3
	d04ltn80ld0c0	STD	3
	d04bfn00ln0f0	STD	3
	d04ann02wd0b7	STD	3
	d04aon11wn0b0	STD	3
	d04bfn00wd0i0	STD	3
	d04fyj03wd0c0	STD	3
	d04nan03yd0d7	STD	3
	d04cab11nn0b0	STD	3
	d04xnk04ln0c0	STD	3
	d04con02nn0d0	STD	3
	d04bfn00wn0f0	STD	3
	d04inn00yd0i0	STD	3
	d04bfn00yd0h0	STD	3
	d04nan03yd0d0	STD	3
	d04mbn22yn0a5	STD	3
	d04xnb02yn0b7	STD	3
	d04nan03ynuc0	STD	3
	d04ltn80yd0g0	STD	3
	d04inn00wd0f7	STD	3
	d04mkn22ln0d0	STD	3
	d04ann03yn0f0	STD	3
	d04con01nd0c5	STD	3
	d04nan03nd0e0	STD	3
	d04nan02wd0c0	STD	3
	d04nan02wd0c3	STD	3
	d04inn00yd0b5	STD	3
	d04inn00nd0f7	STD	3
	d04ann02nn0b3	STD	3
	d04ann02ln0b3	STD	3
	d04ann02nd0b7	STD	3
	d04ann02ln0c0	STD	3
	d04mkn22nd0c7	STD	3
	d04bfn00wnue3	STD	3
	d04non02ld0c5	STD	3
	d04non02wd0c5	STD	3
	d04inn00wnue3	STD	3
	d04nan04ln0b5	STD	3
	d04nan02nd0b7	STD	3
	d04nan04nn0c0	STD	3
	d04con03nd0c7	STD	3
	d04gbf10nd0f5	STD	3
	d04gbf00nd0l0	STD	3
	d04gbf10nd0d5	STD	3
	d04gbf10nd0g0	STD	3
	d04gbf00nd0j5	STD	3
	d04nan02wd0b5	STD	3
	d04bfn00ynuc0	STD	3
	d04nan02ld0b7	STD	3
	d04bfn00yd0c0	STD	3
	d04bfn00nnub5	STD	2
	d04inn00nnuf5	STD	2
	d04nan03yn0e0	STD	2
	d04nab02nd0g0	STD	2
	d04xob03ln0d0	STD	2
	d04can03nn0d0	STD	2
	d04nab02ld0f5	STD	2
	d04non02ld0f0	STD	2
	d04non02nn0f0	STD	2
	d04inn00nnuh5	STD	2
	d04oan01yn0b5	STD	2
	d04ann04ld0b7	STD	2
	d04fky00wd0a5	STD	2
	d04can03wn0b0	STD	2
	d04nob03yn0b0	STD	2
	d04inn00nduo7	STD	2
	d04ann02nd0f7	STD	2
	d04nan03yd0f5	STD	2
	d04nan03yn0f0	STD	2
	d04nak24wn0c0	STD	2
	d04cab13nn0b0	STD	2
	d04nan03nn0b5	STD	2
	d04orn02wn0b0	STD	2
	d04nan04ld0d7	STD	2
	d04rrb22wn0b5	STD	2
	d04kak01wn0b0	STD	2
	d04bfn00ld0c7	STD	2
	d04rrb22yn0a5	STD	2
	d04ann02nn0e3	STD	2
	d04cak01wd0b7	STD	2
	d04cak01nd0i5	STD	2
	d04con03nn0c0	STD	2
	d04aon03yd0b3	STD	2
	d04ltn80yd0a5	STD	2
	fdk73d84_asic_halo_hib	STD	2
	fdk73d84_asic_halo_hic	STD	2
	d04cob11nn0c0	STD	2
	d04kok01yn0b0	STD	2
	d04cak02nn0c0	STD	2
	d04bfn00ld0k0	STD	2
	d04xob03yn0g0	STD	2
	d04xob02yn0d0	STD	2
	d04inn00yd0c5	STD	2
	d04cak04yn0b0	STD	2
	d04non02yd0c7	STD	2
	d04mkn22yd0d5	STD	2
	d04con01yn0f0	STD	2
	d04bfn00yn0d5	STD	2
	d04nob02yd0d3	STD	2
	d04con01yd0c3	STD	2
	d04aon03yn0d0	STD	2
	d04kok01yn0f0	STD	2
	d04inn00ynub3	STD	2
	d04xob03yn0c0	STD	2
	d04mkn22wn0b5	STD	2
	d04can03nn0c0	STD	2
	d04can03nn0b7	STD	2
	d04can03yn0e0	STD	2
	d04con03ln0b0	STD	2
	d04non02nd0d0	STD	2
	d04inn00nd0q0	STD	2
	d04can03yn0b3	STD	2
	d04nan03nd0b7	STD	2
	d04nan02wd0b6	STD	2
	d04con01yd0d7	STD	2
	d04inn00wd0c5	STD	2
	d04bfn00nd0c5	STD	2
	d04nan03nnuc0	STD	2
	d04kak01nn0b0	STD	2
	d04cak01wn0b0	STD	2
	d04bfn00nn0c5	STD	2
	d04xnb02ln0b0	STD	2
	d04nab02nd0d3	STD	2
	d04bfn00wd0b5	STD	2
	d04ann02nd0d3	STD	2
	d04ann02wn0c0	STD	2
	d04non02nn0c5	STD	2
	d04inn00wdui0	STD	2
	d04xnb02yn0f0	STD	2
	d04nan04wn0b5	STD	2
	d04can03ln0b5	STD	2
	d04cab13yn0d0	STD	2
	d04bfn00wduh0	STD	2
	d04inn00wnud0	STD	2
	d04can03wn0b5	STD	2
	d04kok01wd0b0	STD	2
	d04can03ld0c5	STD	2
	d04nan04yn0e5	STD	2
	d04bfn00yn0b5	STD	2
	d04bfn00ld0h0	STD	2
	d04inn00wd0b5	STD	2
	d04gbf10nd0f0	STD	2
	d04inn00wn0f5	STD	2
	d04gbf10nd0d0	STD	2
	d04xnb02wn0d0	STD	2
	d04bfn00nn0b0	STD	2
	d04bfn00yd0b0	STD	2
	d04nan02ld0b5	STD	2
	d04inn00yn0i5	STD	2
	d04can03wn0b4	STD	2
	d04inn00wn0h5	STD	2
	d04inn00yd0b3	STD	2
	d04inn00yn0h5	STD	2
	d04bfn00wd0c5	STD	2
	d04xob02yn0b7	STD	2
	d04bfn00ynub4	STD	2
	d04bfn00wnub4	STD	2
	d04non03nn0b5	STD	1
	d04inn00ld0f7	STD	1
	d04cob13nn0d0	STD	1
	d04xnk04ln0d0	STD	1
	d04inn00ldui0	STD	1
	d04bfn00nd0i0	STD	1
	d04nab02wn0d0	STD	1
	d04can03wd0b3	STD	1
	d04con03wn0c0	STD	1
	d04nab02nn0d0	STD	1
	d04inn00lnud0	STD	1
	d04cob13nn0c0	STD	1
	d04cak01yd0i5	STD	1
	d04con04yn0f0	STD	1
	d04rrb22ln0b5	STD	1
	d04nab02nn0f0	STD	1
	d04nan03nn0d0	STD	1
	d04non02nn0f5	STD	1
	d04inn00wduq0	STD	1
	d04ann03nn0a5	STD	1
	d04ann04nd0d7	STD	1
	d04kok01wn0b0	STD	1
	d04nob02wd0d3	STD	1
	d04nob03yn0b5	STD	1
	d04nab02wn0c0	STD	1
	d04non04nn0b5	STD	1
	d04orn02wd0c5	STD	1
	d04nab03yd0f5	STD	1
	d04ltn80ld0e0	STD	1
	d04cak01nd0f5	STD	1
	d04con01ld0d7	STD	1
	d04ann02nn0d0	STD	1
	d04oan01ln0b5	STD	1
	d04kok01nn0b0	STD	1
	d04xob02ln0b5	STD	1
	d04mbn22yn0b0	STD	1
	d04cak02nn0b0	STD	1
	d04cak04nn0b0	STD	1
	d04cak01nn0f0	STD	1
	d04aon01yn0b5	STD	1
	d04cak01nd0c7	STD	1
	d04can16nn0b0	STD	1
	d04cab11yn0b0	STD	1
	d04xnb02yn0e0	STD	1
	d04cob11yn0c0	STD	1
	d04oan01nn0b0	STD	1
	d04xnb03yn0b5	STD	1
	d04aon03yn0b0	STD	1
	d04nab03yn0c0	STD	1
	d04oan01yn0b0	STD	1
	d04can16nn0b5	STD	1
	d04xok04nn0b5	STD	1
	d04nob03ln0b0	STD	1
	d04non03nn0f0	STD	1
	d04inn00yd0o7	STD	1
	d04bfn00ln0c0	STD	1
	d04aon01yn0d0	STD	1
	d04xob02yn0g0	STD	1
	d04xnb02yd0h0	STD	1
	d04xok04yn0c0	STD	1
	d04cak02yn0c0	STD	1
	d04aon01yn0a5	STD	1
	d04con03yd0c7	STD	1
	d04con03nn0d0	STD	1
	d04mbn22yn0d0	STD	1
	d04ann03yn0d0	STD	1
	d04orn04yn0c0	STD	1
	d04nak24yn0f0	STD	1
	d04nob03yn0d0	STD	1
	d04nan04yd0c7	STD	1
	d04inn00wn0d0	STD	1
	d04inn00ln0c5	STD	1
	d04ann03yd0f7	STD	1
	d04nan03yd0k0	STD	1
	d04con01nd0b5	STD	1
	d04xnb03yn0b0	STD	1
	d04aon11yd0f5	STD	1
	d04non02nd0i0	STD	1
	d04non02wd0h5	STD	1
	d04non02nd0g0	STD	1
	d04xob02yd0c7	STD	1
	d04mkn22ln0c0	STD	1
	d04mkn22ld0d5	STD	1
	d04orn02yn0d0	STD	1
	d04fyj03ld0g0	STD	1
	d04inn00nn0d0	STD	1
	d04can03nd0b0	STD	1
	d04inn00yn0e3	STD	1
	d04non03yd0g0	STD	1
	d04non02ld0d0	STD	1
	d04con01ld0c5	STD	1
	d04can03nn0b4	STD	1
	d04bfn00wn0c0	STD	1
	d04ann02yn0f0	STD	1
	d04cob11yn0f0	STD	1
	d04mkn22yn0c0	STD	1
	d04kok01yn0d0	STD	1
	d04xob02yn0f0	STD	1
	d04non02ld0f5	STD	1
	d04xnk04ln0b0	STD	1
	d04oan01wn0b0	STD	1
	d04cak01nd0d0	STD	1
	d04nob02nn0c0	STD	1
	d04non02wd0f0	STD	1
	d04oan01wn0a5	STD	1
	d04nan02wd0d0	STD	1
	d04oan01yn0c0	STD	1
	d04xob03nn0b0	STD	1
	d04nan02wn0d0	STD	1
	d04inn00wnub3	STD	1
	d04con10wn0b0	STD	1
	d04inn00ld0b5	STD	1
	d04nan02nd0c0	STD	1
	d04can03yd0b3	STD	1
	d04mbn22nn0d0	STD	1
	d04xnk04wn0b5	STD	1
	d04xnk04nn0e0	STD	1
	d04xob03ln0a5	STD	1
	d04xnk04ld0f5	STD	1
	d04xnk04nn0a5	STD	1
	d04xnk04ln0e0	STD	1
	d04ann02ln0b4	STD	1
	d04nab02wd0f5	STD	1
	d04mkn22wn0a5	STD	1
	d04con03nd0b5	STD	1
	d04mbn22nn0b4	STD	1
	d04aon11yd0d5	STD	1
	d04aon03wn0a5	STD	1
	d04can03nd0b5	STD	1
	d04non02nn0e0	STD	1
	d04orn04wn0c0	STD	1
	d04nan04ln0d0	STD	1
	d04fky00ld0b0	STD	1
	d04non02wd0c0	STD	1
	d04inn00ndui0	STD	1
	d04orn02nn0c0	STD	1
	d04orn02nn0a5	STD	1
	d04non02wn0c0	STD	1
	d04non02nd0c7	STD	1
	d04inn00lnuf5	STD	1
	d04nan02nd0d0	STD	1
	d04can03ln0c0	STD	1
	d04can03wd0b5	STD	1
	d04ann02nn0b0	STD	1
	d04nan02wd0e0	STD	1
	d04inn00nn0c5	STD	1
	d04ann04nd0b7	STD	1
	d04non04yn0c0	STD	1
	d04aon03ln0a5	STD	1
	d04orn02ln0a5	STD	1
	d04nak24ld0f7	STD	1
	d04nan03wd0d7	STD	1
	d04rrb22yn0b5	STD	1
	d04aon03yn0f0	STD	1
	d04inn00nd0c5	STD	1
	d04nab02wn0b5	STD	1
	d04cab13yn0f0	STD	1
	d04nan04yn0f0	STD	1
	d04nab03yd0i5	STD	1
	d04nan04yd0f5	STD	1
	d04nak23yn0d0	STD	1
	d04non02ln0d5	STD	1
	d04xnb03nd0c7	STD	1
	d04nan03ln0d0	STD	1
	d04cob11yd0d7	STD	1
	d04gbf30nd0b5	STD	1
	d04gbf30nd0e5	STD	1
	d04gbf10nd0h0	STD	1
	d04gbf20nd0l0	STD	1
	d04gbf10nd0c0	STD	1
	d04aon03nn0c0	STD	1
	d04bfn00yd0c5	STD	1
	d04ann02wn0b3	STD	1
	d04nan04ld0c7	STD	1
	d04bfn00ld0c0	STD	1
	d04aon03yn0b5	STD	1
	d04nab03yn0f0	STD	1
	d04ann03ln0b0	STD	1
	d04cob11yd0c7	STD	1
	d04cak04yn0d0	STD	1
	d04nab02nd0f5	STD	1
	d04bfn00ln0d0	STD	1
	d04bfn00wd0h0	STD	1
	d04inn00ln0d0	STD	1
	d04con02yd0c0	STD	1
	d04inn00ln0h5	STD	1
	d04ann04nn0c0	STD	1
	d04nan03yd0k5	STD	1
	d04non02wd0f7	STD	1
	d04xob02wn0d0	STD	1
	d04nan02nd0b5	STD	1
	d04can03ln0b0	STD	1
	d04can03wn0b7	STD	1
	d04con04yn0b5	STD	1
	d04con04yd0b7	STD	1
	d04inn00wn0b3	STD	1
	d04bfn00wn0b5	STD	1
	d04nan02nd0c3	STD	1
	d04xnb02nn0b3	STD	1
	d04nan03yn0c0	STD	1
	d04bfn00ld0o0	STD	1
	d04bfn00ld0c5	STD	1
	d04bfn00nn0b5	STD	1
	d04nan02nd0c7	STD	1
	d04bfn00nd0b4	STD	1
	d04bfn00lnuc0	STD	1
	d04non02ld0c0	STD	1
	d04nan04nd0i0	STD	1
	d04nak24nn0d0	STD	1
	=================================

Timing/Optimization Information:

Global Routing Information:
    layer m0, dir Hor, min width = 0.03, min space = 0.03 pitch = 0.06
    layer m1, dir Ver, min width = 0.04, min space = 0.03 pitch = 0.07
    layer m2, dir Hor, min width = 0.03, min space = 0.02 pitch = 0.05
    layer m3, dir Ver, min width = 0.03, min space = 0.02 pitch = 0.05
    layer m4, dir Hor, min width = 0.03, min space = 0.02 pitch = 0.06
    layer m5, dir Ver, min width = 0.03, min space = 0.02 pitch = 0.05
    layer m6, dir Hor, min width = 0.04, min space = 0.04 pitch = 0.08
    layer m7, dir Ver, min width = 0.06, min space = 0.06 pitch = 0.11
    layer m8, dir Hor, min width = 0.13, min space = 0.13 pitch = 0.25
    layer m9, dir Ver, min width = 0.54, min space = 0.54 pitch = 1.08
    layer tm1, dir Hor, min width = 5.50, min space = 5.50 pitch = 16.00
    layer c4, dir Ver, min width = 85.00, min space = 45.00 pitch = 130.30
     
    Average gCell capacity  4.50	 on layer (1)	 m0
    Average gCell capacity  4.27	 on layer (2)	 m1
    Average gCell capacity  5.32	 on layer (3)	 m2
    Average gCell capacity  6.65	 on layer (4)	 m3
    Average gCell capacity  5.75	 on layer (5)	 m4
    Average gCell capacity  6.64	 on layer (6)	 m5
    Average gCell capacity  3.75	 on layer (7)	 m6
    Average gCell capacity  3.08	 on layer (8)	 m7
    Average gCell capacity  0.87	 on layer (9)	 m8
    Average gCell capacity  0.12	 on layer (10)	 m9
    Average gCell capacity  0.00	 on layer (11)	 tm1
    Average gCell capacity  0.00	 on layer (12)	 c4
     
    Initial. Both Dirs: Overflow = 36058 Max = 5 GRCs = 32915 (2.85%)
    Initial. H routing: Overflow = 34356 Max = 5 (GRCs =  1) GRCs = 30796 (5.33%)
    Initial. V routing: Overflow =  1702 Max = 3 (GRCs =  4) GRCs =  2119 (0.37%)
     
    phase1. Both Dirs: Overflow = 31415 Max = 4 GRCs = 27168 (2.35%)
    phase1. H routing: Overflow = 30841 Max = 4 (GRCs =  1) GRCs = 26343 (4.56%)
    phase1. V routing: Overflow =   574 Max = 3 (GRCs =  1) GRCs =   825 (0.14%)
     
    phase2. Both Dirs: Overflow = 26922 Max = 3 GRCs = 19422 (1.68%)
    phase2. H routing: Overflow = 26369 Max = 3 (GRCs =  7) GRCs = 18791 (3.25%)
    phase2. V routing: Overflow =   552 Max = 2 (GRCs =  4) GRCs =   631 (0.11%)
     
    phase3. Both Dirs: Overflow = 25923 Max = 3 GRCs = 17694 (1.53%)
    phase3. H routing: Overflow = 25416 Max = 3 (GRCs =  7) GRCs = 17110 (2.96%)
    phase3. V routing: Overflow =   507 Max = 2 (GRCs =  4) GRCs =   584 (0.10%)
     
    Total Wire Length = 493255.57
    Layer m0 wire length = 2765.59
    Layer m1 wire length = 30101.86
    Layer m2 wire length = 146434.88
    Layer m3 wire length = 155683.39
    Layer m4 wire length = 73827.78
    Layer m5 wire length = 24537.30
    Layer m6 wire length = 23831.18
    Layer m7 wire length = 26143.33
    Layer m8 wire length = 9930.25
    Layer m9 wire length = 0.00
    Layer tm1 wire length = 0.00
    Layer c4 wire length = 0.00
    Total Number of Contacts = 348178
    Via VIA0AX count = 10043
    Via VIA1A count = 190408
    Via VIA2A count = 109046
    Via VIA3C_32 count = 18808
    Via VIA4A count = 9173
    Via VIA5B count = 5423
    Via VIA6A44 count = 4119
    Via VIA7F count = 1158
    Via VIA8A count = 0
    Via VIA9A count = 0
    Via TV1A count = 0
     
    Elapsed real time: 0:00:57
    Elapsed cpu time: sys = 0:00:00 usr = 0:01:03 total = 0:01:04
    Total Proc Memory(MB): 1245

Track Assignment Information:
    Number of wires with overlap after iteration 0 = 319696 of 546883

    Number of wires with overlap after iteration 1 = 199344 of 388553

    Total m0 wire length: 2216.1
    Total m1 wire length: 23639.4
    Total m2 wire length: 143102.8
    Total m3 wire length: 145898.2
    Total m4 wire length: 83496.9
    Total m5 wire length: 40750.0
    Total m6 wire length: 25514.5
    Total m7 wire length: 23400.5
    Total m8 wire length: 8719.9
    Total m9 wire length: 0.0
    Total tm1 wire length: 0.0
    Total c4 wire length: 0.0
    Total wire length: 496738.3

    Elapsed real time: 0:04:56
    Elapsed cpu time: sys = 0:00:00 usr = 0:04:18 total = 0:04:18
    Total Proc Memory(MB): 1391

Detailed Routing Information:
    

    ---------- Detail route ----------

     
    Iteration 0: DRC-SUMMARY:
    	@@@@@@@ TOTAL VIOLATIONS =	3188
     
    Iteration 1: DRC-SUMMARY:
    	@@@@@@@ TOTAL VIOLATIONS =	120
     
    Iteration 2: DRC-SUMMARY:
    	@@@@@@@ TOTAL VIOLATIONS =	6
     
    Iteration 3: DRC-SUMMARY:
    	@@@@@@@ TOTAL VIOLATIONS =	3
     
    Iteration 4: DRC-SUMMARY:
    	@@@@@@@ TOTAL VIOLATIONS =	2
     
    Iteration 5: DRC-SUMMARY:
    	@@@@@@@ TOTAL VIOLATIONS =	2
     
    Iteration 6: DRC-SUMMARY:
    	@@@@@@@ TOTAL VIOLATIONS =	2
     
    Iteration 7: DRC-SUMMARY:
    	@@@@@@@ TOTAL VIOLATIONS =	2
     
    Iteration 8: DRC-SUMMARY:
    	@@@@@@@ TOTAL VIOLATIONS =	1
     
    Iteration 9: DRC-SUMMARY:
    	@@@@@@@ TOTAL VIOLATIONS =	1
     
    Iteration 10: DRC-SUMMARY:
    	@@@@@@@ TOTAL VIOLATIONS =	1
    DR finished with 1 violations
     
    DRC-SUMMARY:
    	@@@@@@@ TOTAL VIOLATIONS =	1
    	Multiple pin connections : 1
    

    ---------- Chip finish: insert redundant vias ----------

    RedundantVia finished with 100 violations
     
    DRC-SUMMARY:
    	@@@@@@@ TOTAL VIOLATIONS =	100
    	Less than minimum length : 55
    	Less than minimum edge length : 7
    	Non-preferred direction route : 2
    	Illegal track route : 6
    	Multiple pin connections : 1
    	Internal-only types : 29
     
    Begin DRC fixing ...

     
    Iteration 1: DRC-SUMMARY:
    	@@@@@@@ TOTAL VIOLATIONS =	5
     
    Iteration 2: DRC-SUMMARY:
    	@@@@@@@ TOTAL VIOLATIONS =	1
     
    Elapsed real time: 0:03:39
    Elapsed cpu time: sys = 0:00:02 usr = 0:08:26 total = 0:08:28
    Total Proc Memory(MB): 1429
     
    Cumulative run time upto current stage: Elapsed = 0:03:39 CPU = 0:08:28
     
    DR finished with 0 open nets, of which 0 are frozen
    DR finished with 1 violations
     
    DRC-SUMMARY:
    	@@@@@@@ TOTAL VIOLATIONS =	1
    	Multiple pin connections : 1
    Total number of nets = 58995
    0 open nets, of which 0 are frozen
    Total number of excluded ports = 0 ports of 0 unplaced cells connected to 0 nets
                                     0 ports without pins of 0 cells connected to 0 nets
                                     0 ports of 0 cover cells connected to 0 non-pg nets
    Total number of DRCs = 1
    Total number of antenna violations = antenna checking not active
    Total number of voltage-area violations = no voltage-areas defined
    

     
    Elapsed real time: 0:00:04
    Elapsed cpu time: sys = 0:00:00 usr = 0:00:03 total = 0:00:03
    Total Proc Memory(MB): 1429
     
    Cumulative run time upto current stage: Elapsed = 0:03:43 CPU = 0:08:31
     
    Total Wire Length =                    563973 micron
    Total Number of Contacts =             518849
    Total Number of Wires =                398783
    Total Number of PtConns =              7335
    Total Number of Routed Wires =       398783
    Total Routed Wire Length =           563612 micron
    Total Number of Routed Contacts =       518849
    	Layer          m0 :       4959 micron
    	Layer          m1 :      18310 micron
    	Layer          m2 :     136249 micron
    	Layer          m3 :     158384 micron
    	Layer          m4 :      89769 micron
    	Layer          m5 :      37050 micron
    	Layer          m6 :      49996 micron
    	Layer          m7 :      56733 micron
    	Layer          m8 :      12522 micron
    	Layer          m9 :          0 micron
    	Layer         tm1 :          0 micron
    	Layer          c4 :          0 micron
    	Via         VIA7F :        191
    	Via      VIA7F_DA :        229
    	Via      VIA7F_DB :          1
    	Via      VIA7F_DC :       1692
    	Via       VIA6A44 :        307
    	Via    VIA6A44_DA :        123
    	Via    VIA6A44_DB :        322
    	Via    VIA6A44_DC :      26321
    	Via         VIA5B :          1
    	Via      VIA5B_DA :        214
    	Via      VIA5B_DB :          5
    	Via      VIA5B_DC :      23781
    	Via   VIA5B_44_DA :          1
    	Via   VIA5B_44_DC :        106
    	Via      VIA4A_32 :          3
    	Via   VIA4A_32_DA :        152
    	Via   VIA4A_32_DB :         12
    	Via   VIA4A_32_DC :      29519
    	Via      VIA4C_DC :        490
    	Via         VIA3S :          1
    	Via         VIA3O :          1
    	Via      VIA3C_32 :          2
    	Via      VIA3C_DB :          1
    	Via      VIA3C_DC :        914
    	Via   VIA3C_32_DC :      52696
    	Via         VIA2A :          3
    	Via         VIA2O :         51
    	Via      VIA2A_DB :       1632
    	Via      VIA2A_DC :     158078
    	Via      VIA2C_DA :          1
    	Via      VIA2C_DB :         98
    	Via      VIA2C_DC :       3604
    	Via         VIA1A :         73
    	Via         VIA1F :         61
    	Via      VIA1A_DA :       6400
    	Via      VIA1A_DB :       1430
    	Via      VIA1A_DC :     186503
    	Via        VIA0AX :      17251
    	Via        VIA0CX :       1015
    	Via         VIA0A :       5545
    	Via         VIA0B :         19
     
    Redundant via conversion report:
    --------------------------------

      Total optimized via conversion rate = 95.27% (494325 / 518849 vias)
     
        Layer v0         =  0.00% (0      / 23830   vias)
            Un-optimized = 100.00% (23830   vias)
        Layer v1         = 99.93% (194333 / 194467  vias)
            Weight 30    = 95.90% (186503  vias)
            Weight 10    =  4.03% (7830    vias)
            Un-optimized =  0.07% (134     vias)
        Layer v2         = 99.97% (163413 / 163467  vias)
            Weight 30    = 98.91% (161682  vias)
            Weight 10    =  1.06% (1731    vias)
            Un-optimized =  0.03% (54      vias)
        Layer v3         = 99.99% (53611  / 53615   vias)
            Weight 30    = 99.99% (53610   vias)
            Weight 10    =  0.00% (1       vias)
            Un-optimized =  0.01% (4       vias)
        Layer v4         = 99.99% (30173  / 30176   vias)
            Weight 30    = 99.45% (30009   vias)
            Weight 10    =  0.54% (164     vias)
            Un-optimized =  0.01% (3       vias)
        Layer v5         = 100.00% (24107  / 24108   vias)
            Weight 30    = 99.08% (23887   vias)
            Weight 10    =  0.91% (220     vias)
            Un-optimized =  0.00% (1       vias)
        Layer v6         = 98.87% (26766  / 27073   vias)
            Weight 30    = 97.22% (26321   vias)
            Weight 10    =  1.64% (445     vias)
            Un-optimized =  1.13% (307     vias)
        Layer v7         = 90.96% (1922   / 2113    vias)
            Weight 30    = 80.08% (1692    vias)
            Weight 10    = 10.88% (230     vias)
            Un-optimized =  9.04% (191     vias)
     
      Total double via conversion rate    =  0.00% (0 / 518849 vias)
     
        Layer v0         =  0.00% (0      / 23830   vias)
        Layer v1         =  0.00% (0      / 194467  vias)
        Layer v2         =  0.00% (0      / 163467  vias)
        Layer v3         =  0.00% (0      / 53615   vias)
        Layer v4         =  0.00% (0      / 30176   vias)
        Layer v5         =  0.00% (0      / 24108   vias)
        Layer v6         =  0.00% (0      / 27073   vias)
        Layer v7         =  0.00% (0      / 2113    vias)
     
      The optimized via conversion rate based on total routed via count = 95.27% (494325 / 518849 vias)
     
        Layer v0         =  0.00% (0      / 23830   vias)
            Un-optimized = 100.00% (23830   vias)
        Layer v1         = 99.93% (194333 / 194467  vias)
            Weight 30    = 95.90% (186503  vias)
            Weight 10    =  4.03% (7830    vias)
            Un-optimized =  0.07% (134     vias)
        Layer v2         = 99.97% (163413 / 163467  vias)
            Weight 30    = 98.91% (161682  vias)
            Weight 10    =  1.06% (1731    vias)
            Un-optimized =  0.03% (54      vias)
        Layer v3         = 99.99% (53611  / 53615   vias)
            Weight 30    = 99.99% (53610   vias)
            Weight 10    =  0.00% (1       vias)
            Un-optimized =  0.01% (4       vias)
        Layer v4         = 99.99% (30173  / 30176   vias)
            Weight 30    = 99.45% (30009   vias)
            Weight 10    =  0.54% (164     vias)
            Un-optimized =  0.01% (3       vias)
        Layer v5         = 100.00% (24107  / 24108   vias)
            Weight 30    = 99.08% (23887   vias)
            Weight 10    =  0.91% (220     vias)
            Un-optimized =  0.00% (1       vias)
        Layer v6         = 98.87% (26766  / 27073   vias)
            Weight 30    = 97.22% (26321   vias)
            Weight 10    =  1.64% (445     vias)
            Un-optimized =  1.13% (307     vias)
        Layer v7         = 90.96% (1922   / 2113    vias)
            Weight 30    = 80.08% (1692    vias)
            Weight 10    = 10.88% (230     vias)
            Un-optimized =  9.04% (191     vias)
     

DRC information: 
      Multiple pin connections: 214 
      Total error number: 214

Ring Wiring Statistics:

Stripe Wiring Statistics:
    metal3 Wire Length(count):             344613.64(1140)
    metal4 Wire Length(count):             109116.00(360)
    metal5 Wire Length(count):             172291.24(570)
    metal6 Wire Length(count):             109116.00(360)
    metal7 Wire Length(count):             114837.52(380)
    metal8 Wire Length(count):              54552.96(180)
    metal9 Wire Length(count):              28660.17(95)
    metal10 Wire Length(count):              27194.40(90)
  ==============================================
    Total Wire Length(count):              960381.93(3175)
    Number of via3 Contacts:         204660
    Number of via4 Contacts:         102600
    Number of via5 Contacts:         102600
    Number of via6 Contacts:          68400
    Number of via7 Contacts:          34200
    Number of via8 Contacts:           8550
    Number of via9 Contacts:           4275
  ==============================================
    Total Number of Contacts:    525285

User Wiring Statistics:
    poly Wire Length(count):                410.86(7119)
    metal1 Wire Length(count):              15120.13(14169)
    metal6 Wire Length(count):                585.20(380)
    metal7 Wire Length(count):                576.00(360)
    metal8 Wire Length(count):                572.28(380)
    metal9 Wire Length(count):                579.60(180)
  ==============================================
    Total Wire Length(count):               17844.06(22588)
    Number of via1 Contacts:         136979
    Number of via2 Contacts:         136979
  ==============================================
    Total Number of Contacts:    273958

PG follow-pin Wiring Statistics:

Signal Wiring Statistics:
    metal1 Wire Length(count):               4959.40(13317)
    metal2 Wire Length(count):              18309.55(64400)
    metal3 Wire Length(count):             136248.68(146971)
    metal4 Wire Length(count):             158384.12(103231)
    metal5 Wire Length(count):              89769.05(22743)
    metal6 Wire Length(count):              37049.66(9935)
    metal7 Wire Length(count):              49996.03(25793)
    metal8 Wire Length(count):              56732.86(18393)
    metal9 Wire Length(count):              12522.25(1385)
  ==============================================
    Total Wire Length(count):              563971.61(406168)

      Mask Name      Contact Code    Number Of Contacts    Percentage
        via1          VIA0AX(2)             17251	       72.4
        via1          VIA0CX(4)              1015	       4.26
        via1           VIA0A(8)              5545	       23.3
        via1           VIA0B(9)                19	     0.0797
        via2           VIA1A(5)                73	     0.0375
        via2           VIA1F(6)                61	     0.0314
        via2        VIA1A_DA(276)              6400	       3.29
        via2        VIA1A_DB(277)              1430	      0.735
        via2        VIA1A_DC(278)            186503	       95.9
        via3           VIA2A(18)                 3	    0.00184
        via3           VIA2O(76)                51	     0.0312
        via3        VIA2A_DB(280)              1632	      0.998
        via3        VIA2A_DC(281)            158078	       96.7
        via3        VIA2C_DA(282)                 1	   0.000612
        via3        VIA2C_DB(283)                98	       0.06
        via3        VIA2C_DC(284)              3604	        2.2
        via4           VIA3S(81)                 1	    0.00187
        via4           VIA3O(87)                 1	    0.00187
        via4        VIA3C_32(89)                 2	    0.00373
        via4        VIA3C_DB(286)                 1	    0.00187
        via4        VIA3C_DC(287)               914	        1.7
        via4     VIA3C_32_DC(290)             52696	       98.3
        via5        VIA4A_32(173)                 3	    0.00994
        via5     VIA4A_32_DA(291)               152	      0.504
        via5     VIA4A_32_DB(292)                12	     0.0398
        via5     VIA4A_32_DC(293)             29519	       97.8
        via5        VIA4C_DC(296)               490	       1.62
        via6           VIA5B(37)                 1	    0.00415
        via6        VIA5B_DA(313)               214	      0.888
        via6        VIA5B_DB(314)                 5	     0.0207
        via6        VIA5B_DC(315)             23781	       98.6
        via6     VIA5B_44_DA(316)                 1	    0.00415
        via6     VIA5B_44_DC(318)               106	       0.44
        via7         VIA6A44(44)               307	       1.13
        via7      VIA6A44_DA(297)               123	      0.454
        via7      VIA6A44_DB(298)               322	       1.19
        via7      VIA6A44_DC(299)             26321	       97.2
        via8           VIA7F(91)               191	       9.04
        via8        VIA7F_DA(319)               229	       10.8
        via8        VIA7F_DB(320)                 1	     0.0473
        via8        VIA7F_DC(326)              1692	       80.1
  ==============================================
    Total Number of Contacts:    518849

  Horizontal/Vertical Wire Distribution:
    Layer      Hor. Wire (% of Hor.)     Ver. Wire (% of Ver.)
    metal1          4959.40 ( 1.69%)             0.00 ( 0.00%)
    metal2             0.00 ( 0.00%)         18309.55 ( 6.77%)
    metal3        136248.68 (46.42%)             0.00 ( 0.00%)
    metal4             0.00 ( 0.00%)        158384.12 (58.56%)
    metal5         89769.05 (30.59%)             0.00 ( 0.00%)
    metal6             0.00 ( 0.00%)         37049.66 (13.70%)
    metal7         49996.03 (17.03%)             0.00 ( 0.00%)
    metal8             0.00 ( 0.00%)         56732.86 (20.98%)
    metal9         12522.25 ( 4.27%)             0.00 ( 0.00%)
  ==============================================================
    Total         293495.42                 270476.19
1
