
Prining logic levels per start/end point

Startpoint, Endpoint, # of logic cells, slack
=============================================
scan_enable, flag_ded_alu, 5, -329.539
scan_enable, flag_ded0, 5, -328.679
Warning: No cell objects matched '-of_objects collection' (SEL-004)
test_tm, fifo0/clk_gate_data_mem_reg_27__latch/te, 7, -344.357
Warning: No cell objects matched '-of_objects collection' (SEL-004)
en_wr_alu, fifo2/clk_gate_data_mem_reg_6__5_latch/en, 9, -343.014
Warning: No cell objects matched '-of_objects collection' (SEL-004)
en_wr_alu, fifo2/clk_gate_data_mem_reg_17__4_latch/en, 8, -342.272
Warning: No cell objects matched '-of_objects collection' (SEL-004)
scan_enable, fifo0/data_mem_reg_28__51_/ss, 12, -341.108
Warning: No cell objects matched '-of_objects collection' (SEL-004)
scan_enable, fifo0/data_mem_reg_28__49_/ss, 12, -340.826
Warning: No cell objects matched '-of_objects collection' (SEL-004)
test_tm, fifo0/clk_gate_data_mem_reg_22__0_latch/te, 7, -340.775
Warning: No cell objects matched '-of_objects collection' (SEL-004)
test_tm, fifo0/clk_gate_data_mem_reg_4__0_latch/te, 7, -339.319
Warning: No cell objects matched '-of_objects collection' (SEL-004)
en_wr_alu, fifo2/clk_gate_data_mem_reg_1__0_latch/en, 9, -339.058
Warning: No cell objects matched '-of_objects collection' (SEL-004)
test_tm, fifo0/clk_gate_data_mem_reg_1__0_latch/te, 7, -338.529
Warning: No cell objects matched '-of_objects collection' (SEL-004)
scan_enable, fifo0/data_mem_reg_30__46_/ss, 12, -336.042
Warning: No cell objects matched '-of_objects collection' (SEL-004)
scan_enable, fifo0/data_mem_reg_30__50_/ss, 12, -334.778
Warning: No cell objects matched '-of_objects collection' (SEL-004)
en_wr_alu, fifo2/clk_gate_data_mem_reg_28__4_latch/en, 8, -332.892
Warning: No cell objects matched '-of_objects collection' (SEL-004)
en_wr_alu, fifo2/clk_gate_data_mem_reg_23__latch/en, 8, -332.219
Warning: No cell objects matched '-of_objects collection' (SEL-004)
scan_enable, fifo0/data_mem_reg_19__30_/ss, 12, -331.672
Warning: No cell objects matched '-of_objects collection' (SEL-004)
scan_enable, fifo0/data_mem_reg_19__32_/ss, 12, -331.431
Warning: No cell objects matched '-of_objects collection' (SEL-004)
scan_enable, fifo0/data_mem_reg_9__31_/ss, 12, -331.101
Warning: No cell objects matched '-of_objects collection' (SEL-004)
scan_enable, fifo0/data_mem_reg_9__30_/ss, 12, -330.503
Warning: No cell objects matched '-of_objects collection' (SEL-004)
en_wr_alu, fifo2/clk_gate_data_mem_reg_18__3_latch/en, 8, -330.329
Warning: No cell objects matched '-of_objects collection' (SEL-004)
en_wr_alu, fifo2/clk_gate_data_mem_reg_30__7_latch/en, 8, -329.722
Warning: No cell objects matched '-of_objects collection' (SEL-004)
scan_enable, fifo0/data_mem_reg_26__53_/ss, 12, -328.685
Warning: No cell objects matched '-of_objects collection' (SEL-004)
en_wr_alu, fifo2/clk_gate_data_mem_reg_18__2_latch/en, 8, -327.7
Warning: No cell objects matched '-of_objects collection' (SEL-004)
din0[29], gen_ecc_in0_ecc_reg_1_/d, 7, -327.66
Warning: No cell objects matched '-of_objects collection' (SEL-004)
scan_enable, fifo0/data_mem_reg_9__51_/ss, 12, -326.947
Warning: No cell objects matched '-of_objects collection' (SEL-004)
en_wr_alu, fifo2/clk_gate_data_mem_reg_5__latch/en, 10, -326.872
Warning: No cell objects matched '-of_objects collection' (SEL-004)
scan_enable, fifo0/data_mem_reg_29__50_/ss, 12, -326.556
Warning: No cell objects matched '-of_objects collection' (SEL-004)
LOCKUP1/clkb, test_so14, 1, -253.209
Warning: No cell objects matched '-of_objects collection' (SEL-004)
fifo1/LOCKUP1/clkb, test_so6, 2, -251.174
Warning: No cell objects matched '-of_objects collection' (SEL-004)
LOCKUP6/clkb, test_so19, 1, -250.096
Warning: No cell objects matched '-of_objects collection' (SEL-004)
fifo2/LOCKUP4/clkb, test_so12, 1, -248.784
Warning: No cell objects matched '-of_objects collection' (SEL-004)
LOCKUP5/clkb, test_so18, 1, -246.484
Warning: No cell objects matched '-of_objects collection' (SEL-004)
fifo2/LOCKUP3/clkb, test_so11, 1, -246.483
Warning: No cell objects matched '-of_objects collection' (SEL-004)
fifo2/LOCKUP2/clkb, test_so10, 1, -246.206
Warning: No cell objects matched '-of_objects collection' (SEL-004)
LOCKUP4/clkb, test_so17, 0, -245.677
Warning: No cell objects matched '-of_objects collection' (SEL-004)
fifo0/LOCKUP/clkb, test_so3, 2, -243.646
Warning: No cell objects matched '-of_objects collection' (SEL-004)
fifo2/LOCKUP/clkb, test_so8, 1, -240.473
Warning: No cell objects matched '-of_objects collection' (SEL-004)
fifo2/LOCKUP5/clkb, test_so13, 2, -238.941
Warning: No cell objects matched '-of_objects collection' (SEL-004)
check_ecc_alu0/LOCKUP/clkb, flag_ded_alu, 2, -238.235
Warning: No cell objects matched '-of_objects collection' (SEL-004)
fifo2/LOCKUP1/clkb, test_so9, 1, -228.756
Warning: No cell objects matched '-of_objects collection' (SEL-004)
LOCKUP/clkb, flag_ded0, 4, -223.743
Warning: No cell objects matched '-of_objects collection' (SEL-004)
fifo0/LOCKUP1/clkb, test_so4, 1, -223.073
Warning: No cell objects matched '-of_objects collection' (SEL-004)
fifo1/LOCKUP/clkb, test_so5, 0, -217.07
Warning: No cell objects matched '-of_objects collection' (SEL-004)
LOCKUP2/clkb, test_so15, 0, -214.469
Warning: No cell objects matched '-of_objects collection' (SEL-004)
fifo1/LOCKUP2/clkb, test_so7, 0, -212.714
Warning: No cell objects matched '-of_objects collection' (SEL-004)
LOCKUP3/clkb, test_so16, 0, -212.69
Warning: No cell objects matched '-of_objects collection' (SEL-004)
check_ecc_alu0/secded_alu0_data_rxc_reg_94_/clk, dout[94], 1, -29.2738
Warning: No cell objects matched '-of_objects collection' (SEL-004)
check_ecc_alu0/secded_alu0_data_rxc_reg_15_/clk, dout[15], 0, -24.912
Warning: No cell objects matched '-of_objects collection' (SEL-004)
check_ecc_alu0/secded_alu0_data_rxc_reg_103_/clk, dout[103], 1, -24.1446
Warning: No cell objects matched '-of_objects collection' (SEL-004)
check_ecc_alu0/secded_alu0_data_rxc_reg_90_/clk, dout[90], 1, -23.6456
Warning: No cell objects matched '-of_objects collection' (SEL-004)
check_ecc_alu0/secded_alu0_data_rxc_reg_8_/clk, dout[8], 0, -23.3816
Warning: No cell objects matched '-of_objects collection' (SEL-004)
check_ecc_alu0/secded_alu0_data_rxc_reg_3_/clk, dout[3], 0, -22.6613
Warning: No cell objects matched '-of_objects collection' (SEL-004)
Warning: No cell objects matched '-of_objects collection' (SEL-004)
fifo2/data_rd_reg_128_/clk, check_ecc_alu0/secded_alu0_data_tmp_reg_93_/d, 19, -74.3191
Warning: No cell objects matched '-of_objects collection' (SEL-004)
Warning: No cell objects matched '-of_objects collection' (SEL-004)
fifo2/data_rd_reg_128_/clk, check_ecc_alu0/secded_alu0_data_tmp_reg_91_/d, 16, -73.6393
Warning: No cell objects matched '-of_objects collection' (SEL-004)
Warning: No cell objects matched '-of_objects collection' (SEL-004)
fifo2/data_rd_reg_128_/clk, check_ecc_alu0/secded_alu0_data_tmp_reg_81_/d, 19, -73.2947
Warning: No cell objects matched '-of_objects collection' (SEL-004)
Warning: No cell objects matched '-of_objects collection' (SEL-004)
fifo2/data_rd_reg_128_/clk, check_ecc_alu0/secded_alu0_data_tmp_reg_80_/d, 19, -71.7744
Warning: No cell objects matched '-of_objects collection' (SEL-004)
Warning: No cell objects matched '-of_objects collection' (SEL-004)
fifo2/data_rd_reg_128_/clk, check_ecc_alu0/secded_alu0_data_tmp_reg_64_/d, 17, -71.5063
Warning: No cell objects matched '-of_objects collection' (SEL-004)
Warning: No cell objects matched '-of_objects collection' (SEL-004)
fifo2/data_rd_reg_128_/clk, check_ecc_alu0/secded_alu0_data_tmp_reg_59_/d, 13, -71.2809
Warning: No cell objects matched '-of_objects collection' (SEL-004)
Warning: No cell objects matched '-of_objects collection' (SEL-004)
fifo2/data_rd_reg_128_/clk, check_ecc_alu0/secded_alu0_data_tmp_reg_57_/d, 14, -70.4828
Warning: No cell objects matched '-of_objects collection' (SEL-004)
Warning: No cell objects matched '-of_objects collection' (SEL-004)
fifo2/data_rd_reg_128_/clk, check_ecc_alu0/secded_alu0_data_tmp_reg_82_/d, 16, -69.9072
Warning: No cell objects matched '-of_objects collection' (SEL-004)
Warning: No cell objects matched '-of_objects collection' (SEL-004)
fifo2/data_rd_reg_128_/clk, check_ecc_alu0/secded_alu0_data_tmp_reg_65_/d, 19, -69.702
Warning: No cell objects matched '-of_objects collection' (SEL-004)
Warning: No cell objects matched '-of_objects collection' (SEL-004)
fifo2/data_rd_reg_128_/clk, check_ecc_alu0/secded_alu0_data_tmp_reg_122_/d, 15, -69.3458
Warning: No cell objects matched '-of_objects collection' (SEL-004)
Warning: No cell objects matched '-of_objects collection' (SEL-004)
fifo2/data_rd_reg_128_/clk, check_ecc_alu0/secded_alu0_data_tmp_reg_79_/d, 19, -69.0655
Warning: No cell objects matched '-of_objects collection' (SEL-004)
Warning: No cell objects matched '-of_objects collection' (SEL-004)
fifo2/data_rd_reg_128_/clk, check_ecc_alu0/secded_alu0_data_tmp_reg_75_/d, 16, -69.0577
Warning: No cell objects matched '-of_objects collection' (SEL-004)
Warning: No cell objects matched '-of_objects collection' (SEL-004)
fifo2/data_rd_reg_128_/clk, check_ecc_alu0/secded_alu0_data_tmp_reg_88_/d, 19, -69.042
Warning: No cell objects matched '-of_objects collection' (SEL-004)
Warning: No cell objects matched '-of_objects collection' (SEL-004)
fifo2/data_rd_reg_128_/clk, check_ecc_alu0/secded_alu0_data_tmp_reg_62_/d, 14, -69.0347
Warning: No cell objects matched '-of_objects collection' (SEL-004)
Warning: No cell objects matched '-of_objects collection' (SEL-004)
fifo2/data_rd_reg_128_/clk, check_ecc_alu0/secded_alu0_data_tmp_reg_74_/d, 19, -68.7178
Warning: No cell objects matched '-of_objects collection' (SEL-004)
Warning: No cell objects matched '-of_objects collection' (SEL-004)
fifo2/data_rd_reg_128_/clk, check_ecc_alu0/secded_alu0_data_tmp_reg_90_/d, 12, -68.715
Warning: No cell objects matched '-of_objects collection' (SEL-004)
Warning: No cell objects matched '-of_objects collection' (SEL-004)
fifo2/data_rd_reg_128_/clk, check_ecc_alu0/secded_alu0_data_tmp_reg_58_/d, 14, -68.3418
Warning: No cell objects matched '-of_objects collection' (SEL-004)
Warning: No cell objects matched '-of_objects collection' (SEL-004)
fifo2/data_rd_reg_128_/clk, check_ecc_alu0/secded_alu0_data_tmp_reg_73_/d, 19, -67.9116
Warning: No cell objects matched '-of_objects collection' (SEL-004)
Warning: No cell objects matched '-of_objects collection' (SEL-004)
fifo2/data_rd_reg_128_/clk, check_ecc_alu0/secded_alu0_data_tmp_reg_94_/d, 16, -67.9005
Warning: No cell objects matched '-of_objects collection' (SEL-004)
Warning: No cell objects matched '-of_objects collection' (SEL-004)
fifo2/data_rd_reg_128_/clk, check_ecc_alu0/secded_alu0_data_tmp_reg_121_/d, 15, -67.5896
Warning: No cell objects matched '-of_objects collection' (SEL-004)
Warning: No cell objects matched '-of_objects collection' (SEL-004)
fifo2/data_rd_reg_128_/clk, check_ecc_alu0/secded_alu0_data_tmp_reg_68_/d, 18, -67.252
Warning: No cell objects matched '-of_objects collection' (SEL-004)
Warning: No cell objects matched '-of_objects collection' (SEL-004)
fifo2/data_rd_reg_128_/clk, check_ecc_alu0/secded_alu0_data_tmp_reg_123_/d, 15, -67.21
Warning: No cell objects matched '-of_objects collection' (SEL-004)
Warning: No cell objects matched '-of_objects collection' (SEL-004)
fifo2/data_rd_reg_128_/clk, check_ecc_alu0/secded_alu0_data_tmp_reg_61_/d, 14, -67.0795
Warning: No cell objects matched '-of_objects collection' (SEL-004)
Warning: No cell objects matched '-of_objects collection' (SEL-004)
fifo2/data_rd_reg_128_/clk, check_ecc_alu0/secded_alu0_data_tmp_reg_55_/d, 14, -67.0161
Warning: No cell objects matched '-of_objects collection' (SEL-004)
Warning: No cell objects matched '-of_objects collection' (SEL-004)
fifo2/data_rd_reg_128_/clk, check_ecc_alu0/secded_alu0_data_tmp_reg_66_/d, 16, -66.9675
Warning: No cell objects matched '-of_objects collection' (SEL-004)
Warning: No cell objects matched '-of_objects collection' (SEL-004)
fifo2/addr_wr_reg_2_/clk, fifo2/clk_gate_data_mem_reg_30__7_latch/en, 6, 4.45776
Warning: No cell objects matched '-of_objects collection' (SEL-004)
Warning: No cell objects matched '-of_objects collection' (SEL-004)
fifo0/addr_wr_reg_0_/clk, fifo0/clk_gate_data_mem_reg_0__0_latch/en, 4, 5.98901
Warning: No cell objects matched '-of_objects collection' (SEL-004)
Warning: No cell objects matched '-of_objects collection' (SEL-004)
fifo0/addr_wr_reg_1_/clk, fifo0/clk_gate_data_mem_reg_21__0_latch/en, 3, 9.00867
Warning: No cell objects matched '-of_objects collection' (SEL-004)
Warning: No cell objects matched '-of_objects collection' (SEL-004)
fifo1/addr_wr_reg_1_/clk, fifo1/clk_gate_data_mem_reg_15__3_latch/en, 5, 12.6243
Warning: No cell objects matched '-of_objects collection' (SEL-004)
Warning: No cell objects matched '-of_objects collection' (SEL-004)
fifo2/addr_wr_reg_2_/clk, fifo2/clk_gate_data_mem_reg_30__latch/en, 6, 14.0323
Warning: No cell objects matched '-of_objects collection' (SEL-004)
Warning: No cell objects matched '-of_objects collection' (SEL-004)
fifo1/addr_wr_reg_1_/clk, fifo1/clk_gate_data_mem_reg_22__0_latch/en, 6, 15.1357
Warning: No cell objects matched '-of_objects collection' (SEL-004)
Warning: No cell objects matched '-of_objects collection' (SEL-004)
fifo1/addr_wr_reg_1_/clk, fifo1/clk_gate_data_mem_reg_15__latch/en, 5, 15.4722
Warning: No cell objects matched '-of_objects collection' (SEL-004)
Warning: No cell objects matched '-of_objects collection' (SEL-004)
fifo2/addr_wr_reg_2_/clk, fifo2/clk_gate_data_mem_reg_30__6_latch/en, 6, 15.8661
Warning: No cell objects matched '-of_objects collection' (SEL-004)
Warning: No cell objects matched '-of_objects collection' (SEL-004)
fifo1/addr_wr_reg_1_/clk, fifo1/clk_gate_data_mem_reg_15__0_latch/en, 5, 17.6984
Warning: No cell objects matched '-of_objects collection' (SEL-004)
Warning: No cell objects matched '-of_objects collection' (SEL-004)
fifo1/cnt_data_reg_3_/clk, fifo1/clk_gate_data_rd_reg_1_latch/en, 3, 19.1763
Warning: No cell objects matched '-of_objects collection' (SEL-004)
Warning: No cell objects matched '-of_objects collection' (SEL-004)
fifo2/addr_wr_reg_2_/clk, fifo2/clk_gate_data_mem_reg_28__4_latch/en, 5, 19.3041
Warning: No cell objects matched '-of_objects collection' (SEL-004)
Warning: No cell objects matched '-of_objects collection' (SEL-004)
fifo1/addr_wr_reg_1_/clk, fifo1/clk_gate_data_mem_reg_9__0_latch/en, 3, 19.5383
Warning: No cell objects matched '-of_objects collection' (SEL-004)
Warning: No cell objects matched '-of_objects collection' (SEL-004)
fifo0/addr_wr_reg_4_/clk, fifo0/clk_gate_data_mem_reg_22__0_latch/en, 4, 20.5004
Warning: No cell objects matched '-of_objects collection' (SEL-004)
Warning: No cell objects matched '-of_objects collection' (SEL-004)
fifo1/cnt_data_reg_3_/clk, fifo1/clk_gate_data_rd_reg_latch/en, 3, 20.7283
Warning: No cell objects matched '-of_objects collection' (SEL-004)
Warning: No cell objects matched '-of_objects collection' (SEL-004)
fifo0/addr_wr_reg_1_/clk, fifo0/clk_gate_data_mem_reg_7__0_latch/en, 5, 26.54
Warning: No cell objects matched '-of_objects collection' (SEL-004)
Warning: No cell objects matched '-of_objects collection' (SEL-004)
fifo1/addr_wr_reg_0_/clk, fifo1/clk_gate_data_mem_reg_24__2_latch/en, 4, 26.7075
Warning: No cell objects matched '-of_objects collection' (SEL-004)
Warning: No cell objects matched '-of_objects collection' (SEL-004)
fifo2/addr_wr_reg_0_/clk, fifo2/clk_gate_data_mem_reg_1__0_latch/en, 4, 27.043
Warning: No cell objects matched '-of_objects collection' (SEL-004)
Warning: No cell objects matched '-of_objects collection' (SEL-004)
fifo1/addr_wr_reg_0_/clk, fifo1/clk_gate_data_mem_reg_24__3_latch/en, 4, 27.4411
Warning: No cell objects matched '-of_objects collection' (SEL-004)
Warning: No cell objects matched '-of_objects collection' (SEL-004)
fifo2/addr_wr_reg_2_/clk, fifo2/clk_gate_data_mem_reg_12__latch/en, 6, 30.4196
Warning: No cell objects matched '-of_objects collection' (SEL-004)
Warning: No cell objects matched '-of_objects collection' (SEL-004)
fifo1/addr_wr_reg_1_/clk, fifo1/clk_gate_data_mem_reg_15__1_latch/en, 5, 31.7183
Warning: No cell objects matched '-of_objects collection' (SEL-004)
Warning: No cell objects matched '-of_objects collection' (SEL-004)
fifo2/addr_wr_reg_2_/clk, fifo2/clk_gate_data_mem_reg_30__0_latch/en, 6, 31.8214
Warning: No cell objects matched '-of_objects collection' (SEL-004)
Warning: No cell objects matched '-of_objects collection' (SEL-004)
fifo0/addr_wr_reg_1_/clk, fifo0/clk_gate_data_mem_reg_29__0_latch/en, 4, 34.9776
Warning: No cell objects matched '-of_objects collection' (SEL-004)
Warning: No cell objects matched '-of_objects collection' (SEL-004)
fifo1/addr_wr_reg_1_/clk, fifo1/clk_gate_data_mem_reg_15__2_latch/en, 5, 35.1337
Warning: No cell objects matched '-of_objects collection' (SEL-004)
Warning: No cell objects matched '-of_objects collection' (SEL-004)
fifo1/cnt_data_reg_5_/clk, fifo1/clk_gate_data_mem_reg_31__0_latch/en, 8, 36.2586
Warning: No cell objects matched '-of_objects collection' (SEL-004)
Warning: No cell objects matched '-of_objects collection' (SEL-004)
fifo1/cnt_data_reg_3_/clk, fifo1/clk_gate_data_rd_reg_0_latch/en, 3, 36.2927
