
IC Validator (R) Hierarchical Design Verification, SUSE.64 Release J-2014.06.SP2.HF1.4045 2014/09/29

  (C) Copyright 1996-2014.
  Synopsys, Inc.  All rights reserved.

Called as: icv -i /nfs/ch/disks/icf_fdk_regression001/nightly_adf_kit_build_regr/builds_regr/nightly/1273/dot3/synopsys/2015-03-31/runs/d04/fdkex_SCAN/apr/fdkex_icv/fdkex.mwnofill.oas -c fdkex -f OASIS -dp8 -turbo -I /p/fdk/fdk73/builds/pdk733_r1.7/fill/icv/flexfill -I /p/fdk/fdk73/builds/pdk733_r1.7/fill/icv/PXL/ -I /nfs/ch/disks/icf_fdk_regression001/nightly_adf_kit_build_regr/builds_regr/nightly/1273/dot3/synopsys/2015-03-31/runs/d04/fdkex_SCAN/apr/fdkex_icv/d04 /p/fdk/fdk73/builds/pdk733_r1.7/fill/icv/flexfill/mfill_streamlined.rs




Using /usr/bin/ssh as remote shell program


Using user-specified ICV_INCLUDES setting as:
"/p/foundry/eda/em64t_SLES11/icvalidator/J-2014.06-SP2-1/include"

Parsing runset "/p/fdk/fdk73/builds/pdk733_r1.7/fill/icv/flexfill/mfill_streamlined.rs"

Disabling runset caching because ICV_DISABLE_RUNSET_CACHE is set.

/p/fdk/fdk73/shelf/repo/fill/icv/3.1.6/14/PXL/include/core_utils/IO.rh:172: warning: setting net_id to 'false' since no connect_sequence is specified
Parsing finished
Runset Compile Time=0:10:25 User=580.68 Sys=4.43 Mem=7038.020


ICV_Master (R), SUSE.64 Release J-2014.06.SP2.HF1.4116 2014/09/29

  (C) Copyright 1996-2014.
  Synopsys, Inc.  All rights reserved.


Called as: icv -i /nfs/ch/disks/icf_fdk_regression001/nightly_adf_kit_build_regr/builds_regr/nightly/1273/dot3/synopsys/2015-03-31/runs/d04/fdkex_SCAN/apr/fdkex_icv/fdkex.mwnofill.oas -c fdkex -f OASIS -dp8 -turbo -I /p/fdk/fdk73/builds/pdk733_r1.7/fill/icv/flexfill -I /p/fdk/fdk73/builds/pdk733_r1.7/fill/icv/PXL/ -I /nfs/ch/disks/icf_fdk_regression001/nightly_adf_kit_build_regr/builds_regr/nightly/1273/dot3/synopsys/2015-03-31/runs/d04/fdkex_SCAN/apr/fdkex_icv/d04 /p/fdk/fdk73/builds/pdk733_r1.7/fill/icv/flexfill/mfill_streamlined.rs
 

Using user-specified ICV_INCLUDES setting as:
"/p/foundry/eda/em64t_SLES11/icvalidator/J-2014.06-SP2-1/include"

Virtual Machine Init Time=0:00:01 User=1.30 Sys=0.38 Mem=7038.020


Checked out necessary DP licenses.
Selecting "chlr16420" as Primary host

System Startup Time=0:00:02 User=0.00 Sys=0.90 Mem=7038.020


Command execution begins.  Details recorded in the summary and log files:
    /nfs/ch/disks/icf_fdk_regression001/nightly_adf_kit_build_regr/builds_regr/nightly/1273/dot3/synopsys/2015-03-31/runs/d04/fdkex_SCAN/apr/fdkex_icv/icv_fill/run_details/fdkex.sum
    /nfs/ch/disks/icf_fdk_regression001/nightly_adf_kit_build_regr/builds_regr/nightly/1273/dot3/synopsys/2015-03-31/runs/d04/fdkex_SCAN/apr/fdkex_icv/icv_fill/run_details/mfill_streamlined.dp.log

Running ...
  ICV_Engine run is   1% complete.    Elapsed Time=0:02:30
  ICV_Engine run is   2% complete.    Elapsed Time=0:02:30
  ICV_Engine run is   3% complete.    Elapsed Time=0:02:31
  ICV_Engine run is   4% complete.    Elapsed Time=0:02:31
  ICV_Engine run is   5% complete.    Elapsed Time=0:02:42
  ICV_Engine run is  10% complete.    Elapsed Time=0:08:32
  ICV_Engine run is  15% complete.    Elapsed Time=0:17:18
  ICV_Engine run is  20% complete.    Elapsed Time=0:22:03
  ICV_Engine run is  25% complete.    Elapsed Time=0:26:07
  ICV_Engine run is  30% complete.    Elapsed Time=0:32:01
  ICV_Engine run is  35% complete.    Elapsed Time=0:35:57
  ICV_Engine run is  40% complete.    Elapsed Time=0:43:04
  ICV_Engine run is  45% complete.    Elapsed Time=0:50:52
  ICV_Engine run is  50% complete.    Elapsed Time=0:56:42
  ICV_Engine run is  55% complete.    Elapsed Time=1:06:59
  ICV_Engine run is  60% complete.    Elapsed Time=1:21:55
  ICV_Engine run is  62% complete.    Elapsed Time=1:36:55
  ICV_Engine run is  65% complete.    Elapsed Time=1:44:00
  ICV_Engine run is  68% complete.    Elapsed Time=1:59:01
  ICV_Engine run is  70% complete.    Elapsed Time=2:12:01
  ICV_Engine run is  71% complete.    Elapsed Time=2:27:01
  ICV_Engine run is  73% complete.    Elapsed Time=2:42:01
  ICV_Engine run is  74% complete.    Elapsed Time=2:57:01
  ICV_Engine run is  75% complete.    Elapsed Time=3:01:37
  ICV_Engine run is  80% complete.    Elapsed Time=3:09:10
  ICV_Engine run is  85% complete.    Elapsed Time=3:12:05
  ICV_Engine run is  90% complete.    Elapsed Time=3:15:03
  ICV_Engine run is  95% complete.    Elapsed Time=3:17:51
  ICV_Engine run is 100% complete.    Elapsed Time=3:31:48

Completing error storage...
  Overall error storage time: User=0.02 Sys=0.08 Mem=10.053

Generating fdkex.LAYOUT_ERRORS...
  Generation Time=0:00:00  User=0.01 Sys=0.00 Mem=10.085

Generating fdkex.TOP_LAYOUT_ERRORS...
  Generation Time=0:00:00  User=0.00 Sys=0.00 Mem=10.085

   Check Time=0:00:00  User=0.00 Sys=0.01 Mem=1068.228

-------------

IC Validator Run: Time=3:42:22

IC Validator Peak Machine Memory Report
chlr16420    : Peak = 16457(Mb)

Overall Disk Usage Disk=5381.020
Overall Design Hierarchy Mem=68.996
Overall engine Time=3:42:34 Highest command Mem=7834.297 

Overall Master Mem=12854.355
IC Validator is done.
