
IC Validator (R) Hierarchical Design Verification, SUSE.64 Release J-2014.06.SP2.HF1.4045 2014/09/29

  (C) Copyright 1996-2014.
  Synopsys, Inc.  All rights reserved.

Called as: /p/foundry/eda/em64t_SLES11/icvalidator/J-2014.06-SP2-1/bin/EM64T_SUSE64/icv -i ../../apr/outputs/fdkex.apr.oas -c fdkex -vue -D _drPROCESS=_drdotThree -D _drSECTION_LEVEL=_drYES -I . -I /p/fdk/fdk73/builds/pdk733_r1.7/runsets/icv/PXL -f OASIS -rd /tmp/spalutla/adf_nightly_regr/2015-03-31/drc_drcd_run_details_18936 /p/fdk/fdk73/builds/pdk733_r1.7/runsets/icv/drcd.rs




Using /usr/bin/ssh as remote shell program


Using user-specified ICV_INCLUDES setting as:
"/p/foundry/eda/em64t_SLES11/icvalidator/J-2014.06-SP2-1/include"

Parsing runset "/p/fdk/fdk73/builds/pdk733_r1.7/runsets/icv/drcd.rs"

Disabling runset caching because ICV_DISABLE_RUNSET_CACHE is set.
p12723_dr.rs:108: warning: The macro is redefined
         #define _drALLOW_ULV _drYES
    from /p/fdk/fdk73/builds/pdk733_r1.7/runsets/icv/drcd.rs: 36:    	#include <p12723_dr.rs>
    previously macro "_drALLOW_ULV" defined as: #define _drALLOW_ULV _drNO 	/* /p/fdk/fdk73/shelf/repo/runsets/icv/1273_v1.0.1f1p1/2/PXL/p12723_dr.rs:29	*/
dr_cell_lists:2962: warning: Undefined symbol "_drTC_FULL_DIE" (in non-evaluated sub-expression)
    #if( defined(_drTC_FULL_DIE) && _drTC_FULL_DIE == _drYES)
    from /p/fdk/fdk73/builds/pdk733_r1.7/runsets/icv/drcd.rs: 38:    	#include <dr_cell_lists>
p12723_options.rs:11: warning: Undefined symbol "_drCOLLAT" (in non-evaluated sub-expression)
         #if (defined(_drCOLLAT) && _drCOLLAT == _drYES)
    from /p/fdk/fdk73/builds/pdk733_r1.7/runsets/icv/drcd.rs: 41:    	#include <p12723_options.rs>
p12723_UserTextOptions.rs:9: warning: Undefined symbol "_drHV_ONLY_LIST_TEXT" (in non-evaluated sub-expression)
         #if (_drTRCVIEW == _drHV && _drHV_ONLY_LIST_TEXT == _drYES)
    from /p/fdk/fdk73/shelf/repo/runsets/icv/1273_v1.0.1f1p1/2/PXL/p12723_options.rs: 149:         #include <p12723_UserTextOptions.rs>
    from /p/fdk/fdk73/builds/pdk733_r1.7/runsets/icv/drcd.rs: 41:    	#include <p12723_options.rs>
p12723_NW.rs:162: warning: Undefined symbol "_drNWELLTAP" (in non-evaluated sub-expression)
    #if (!defined(_drNWELLTAP) || _drNWELLTAP == _drYES)
    from /p/fdk/fdk73/builds/pdk733_r1.7/runsets/icv/drcd.rs: 53:    			#include <p12723_NW.rs>
p12723_NW.rs:261: warning: Undefined symbol "_drSUBTAP" (in non-evaluated sub-expression)
    #if (!defined(_drSUBTAP) || _drSUBTAP == _drYES)
    from /p/fdk/fdk73/builds/pdk733_r1.7/runsets/icv/drcd.rs: 53:    			#include <p12723_NW.rs>
p12723_PL1.rs:918: warning: Undefined symbol "_drDISPLAY_PCT_LOOP" (in non-evaluated sub-expression)
      #if (defined(_drDISPLAY_PCT_LOOP) && _drDISPLAY_PCT_LOOP == _drYES)
    from /p/fdk/fdk73/builds/pdk733_r1.7/runsets/icv/drcd.rs: 58:    			#include <p12723_PL1.rs>
p12723_PL1.rs:1042: warning: Undefined symbol "NO" (in non-evaluated sub-expression)
     #if ((_drPROCESS == 4) || (_drTSDR == NO))
    from /p/fdk/fdk73/builds/pdk733_r1.7/runsets/icv/drcd.rs: 58:    			#include <p12723_PL1.rs>
p12723_DC.rs:644: warning: Undefined symbol "_drDC_WAIVE" (in non-evaluated sub-expression)
       #if (!defined(_drDC_WAIVE) || _drDC_WAIVE == _drYES)
    from /p/fdk/fdk73/builds/pdk733_r1.7/runsets/icv/drcd.rs: 62:    			#include <p12723_DC.rs>
p12723_MXBC_common.rs:373: warning: Undefined symbol "_drFrameSDR" (in non-evaluated sub-expression)
    #if (mid == 3 && _drFrameSDR == _drYES && _drPROCESSNAME == 12723)
    from /p/fdk/fdk73/shelf/repo/runsets/icv/1273_v1.0.1f1p1/2/PXL/p12723_M2.rs: 27:    #include <p12723_MXBC_common.rs>
    from /p/fdk/fdk73/builds/pdk733_r1.7/runsets/icv/drcd.rs: 71:    			#include <p12723_M2.rs>
p12723_MXBC_common.rs:459: warning: Undefined symbol "_drSTRAM_WAIVER" (in non-evaluated sub-expression)
    #if (mid == 3 && _drSTRAM_WAIVER == _drYES && _drPROCESSNAME == 1273)
    from /p/fdk/fdk73/shelf/repo/runsets/icv/1273_v1.0.1f1p1/2/PXL/p12723_M2.rs: 27:    #include <p12723_MXBC_common.rs>
    from /p/fdk/fdk73/builds/pdk733_r1.7/runsets/icv/drcd.rs: 71:    			#include <p12723_M2.rs>
p12723_MXBC_common.rs:529: warning: Undefined symbol "_drSTRAM_WAIVER" (in non-evaluated sub-expression)
    #if (mid == 3 && _drSTRAM_WAIVER == _drYES && _drPROCESSNAME == 1273)
    from /p/fdk/fdk73/shelf/repo/runsets/icv/1273_v1.0.1f1p1/2/PXL/p12723_M2.rs: 27:    #include <p12723_MXBC_common.rs>
    from /p/fdk/fdk73/builds/pdk733_r1.7/runsets/icv/drcd.rs: 71:    			#include <p12723_M2.rs>
1273/p1273dx_MXBC_via_common.rs:143: warning: Undefined symbol "_drSTRAM_WAIVER" (in non-evaluated sub-expression)
    #if (vid ==3 && _drSTRAM_WAIVER == _drYES)
    from /p/fdk/fdk73/shelf/repo/runsets/icv/1273_v1.0.1f1p1/2/PXL/1273/p1273dx_V2.rs: 149:    #include <1273/p1273dx_MXBC_via_common.rs>
    from /p/fdk/fdk73/shelf/repo/runsets/icv/1273_v1.0.1f1p1/2/PXL/p12723_V2.rs: 12:      #include <1273/p1273dx_V2.rs>
    from /p/fdk/fdk73/builds/pdk733_r1.7/runsets/icv/drcd.rs: 72:    			#include <p12723_V2.rs>
p12723_MXBC_common.rs:373: warning: Undefined symbol "_drFrameSDR" (in non-evaluated sub-expression)
    #if (mid == 3 && _drFrameSDR == _drYES && _drPROCESSNAME == 12723)
    from /p/fdk/fdk73/shelf/repo/runsets/icv/1273_v1.0.1f1p1/2/PXL/1273/p1273dx_M4.rs: 26:    #include <p12723_MXBC_common.rs>
    from /p/fdk/fdk73/shelf/repo/runsets/icv/1273_v1.0.1f1p1/2/PXL/p12723_M4.rs: 14:      #include <1273/p1273dx_M4.rs>
    from /p/fdk/fdk73/builds/pdk733_r1.7/runsets/icv/drcd.rs: 75:    			#include <p12723_M4.rs>
p12723_MXBC_common.rs:459: warning: Undefined symbol "_drSTRAM_WAIVER" (in non-evaluated sub-expression)
    #if (mid == 3 && _drSTRAM_WAIVER == _drYES && _drPROCESSNAME == 1273)
    from /p/fdk/fdk73/shelf/repo/runsets/icv/1273_v1.0.1f1p1/2/PXL/1273/p1273dx_M4.rs: 26:    #include <p12723_MXBC_common.rs>
    from /p/fdk/fdk73/shelf/repo/runsets/icv/1273_v1.0.1f1p1/2/PXL/p12723_M4.rs: 14:      #include <1273/p1273dx_M4.rs>
    from /p/fdk/fdk73/builds/pdk733_r1.7/runsets/icv/drcd.rs: 75:    			#include <p12723_M4.rs>
p12723_MXBC_common.rs:529: warning: Undefined symbol "_drSTRAM_WAIVER" (in non-evaluated sub-expression)
    #if (mid == 3 && _drSTRAM_WAIVER == _drYES && _drPROCESSNAME == 1273)
    from /p/fdk/fdk73/shelf/repo/runsets/icv/1273_v1.0.1f1p1/2/PXL/1273/p1273dx_M4.rs: 26:    #include <p12723_MXBC_common.rs>
    from /p/fdk/fdk73/shelf/repo/runsets/icv/1273_v1.0.1f1p1/2/PXL/p12723_M4.rs: 14:      #include <1273/p1273dx_M4.rs>
    from /p/fdk/fdk73/builds/pdk733_r1.7/runsets/icv/drcd.rs: 75:    			#include <p12723_M4.rs>
1273/p1273dx_MXBC_via_common.rs:143: warning: Undefined symbol "_drSTRAM_WAIVER" (in non-evaluated sub-expression)
    #if (vid ==3 && _drSTRAM_WAIVER == _drYES)
    from /p/fdk/fdk73/shelf/repo/runsets/icv/1273_v1.0.1f1p1/2/PXL/1273/p1273dx_V4.rs: 84:    #include <1273/p1273dx_MXBC_via_common.rs>
    from /p/fdk/fdk73/shelf/repo/runsets/icv/1273_v1.0.1f1p1/2/PXL/p12723_V4.rs: 13:        #include <1273/p1273dx_V4.rs>
    from /p/fdk/fdk73/builds/pdk733_r1.7/runsets/icv/drcd.rs: 76:    			#include <p12723_V4.rs>
p12723_MXBC_common.rs:373: warning: Undefined symbol "_drFrameSDR" (in non-evaluated sub-expression)
    #if (mid == 3 && _drFrameSDR == _drYES && _drPROCESSNAME == 12723)
    from /p/fdk/fdk73/shelf/repo/runsets/icv/1273_v1.0.1f1p1/2/PXL/1273/p1273dx_M5.rs: 26:    #include <p12723_MXBC_common.rs>
    from /p/fdk/fdk73/shelf/repo/runsets/icv/1273_v1.0.1f1p1/2/PXL/p12723_M5.rs: 16:    	#include <1273/p1273dx_M5.rs>
    from /p/fdk/fdk73/builds/pdk733_r1.7/runsets/icv/drcd.rs: 77:    			#include <p12723_M5.rs>
p12723_MXBC_common.rs:459: warning: Undefined symbol "_drSTRAM_WAIVER" (in non-evaluated sub-expression)
    #if (mid == 3 && _drSTRAM_WAIVER == _drYES && _drPROCESSNAME == 1273)
    from /p/fdk/fdk73/shelf/repo/runsets/icv/1273_v1.0.1f1p1/2/PXL/1273/p1273dx_M5.rs: 26:    #include <p12723_MXBC_common.rs>
    from /p/fdk/fdk73/shelf/repo/runsets/icv/1273_v1.0.1f1p1/2/PXL/p12723_M5.rs: 16:    	#include <1273/p1273dx_M5.rs>
    from /p/fdk/fdk73/builds/pdk733_r1.7/runsets/icv/drcd.rs: 77:    			#include <p12723_M5.rs>
p12723_MXBC_common.rs:529: warning: Undefined symbol "_drSTRAM_WAIVER" (in non-evaluated sub-expression)
    #if (mid == 3 && _drSTRAM_WAIVER == _drYES && _drPROCESSNAME == 1273)
    from /p/fdk/fdk73/shelf/repo/runsets/icv/1273_v1.0.1f1p1/2/PXL/1273/p1273dx_M5.rs: 26:    #include <p12723_MXBC_common.rs>
    from /p/fdk/fdk73/shelf/repo/runsets/icv/1273_v1.0.1f1p1/2/PXL/p12723_M5.rs: 16:    	#include <1273/p1273dx_M5.rs>
    from /p/fdk/fdk73/builds/pdk733_r1.7/runsets/icv/drcd.rs: 77:    			#include <p12723_M5.rs>
p12723_DIC.rs:304: warning: Undefined symbol "_drDIC_EXISTENCE_CHECK" (in non-evaluated sub-expression)
    #if (!defined(_drDIC_EXISTENCE_CHECK) || _drDIC_EXISTENCE_CHECK == _drYES)
    from /p/fdk/fdk73/builds/pdk733_r1.7/runsets/icv/drcd.rs: 107:    			#include <p12723_DIC.rs>
p12723_DIC.rs:916: warning: Undefined symbol "_drDIC_DEBUG" (in non-evaluated sub-expression)
    #if (defined(_drDIC_DEBUG) && _drDIC_DEBUG == _drYES)
    from /p/fdk/fdk73/builds/pdk733_r1.7/runsets/icv/drcd.rs: 107:    			#include <p12723_DIC.rs>


/p/fdk/fdk73/shelf/repo/runsets/icv/1273_v1.0.1f1p1/2/PXL/p12723_M1.rs:207: warning: external1(relational contains POINT_TOUCH with edge input).  This setting is not applicable, and will be ignored.
/p/fdk/fdk73/shelf/repo/runsets/icv/1273_v1.0.1f1p1/2/PXL/p12723_functions.rs:1908: warning: external2(relational contains POINT_TOUCH with edge input).  This setting is not applicable, and will be ignored.
/p/fdk/fdk73/shelf/repo/runsets/icv/1273_v1.0.1f1p1/2/PXL/p12723_functions.rs:1908: warning: external2(relational contains POINT_TOUCH with edge input).  This setting is not applicable, and will be ignored.
/p/fdk/fdk73/shelf/repo/runsets/icv/1273_v1.0.1f1p1/2/PXL/p12723_functions.rs:1908: warning: external2(relational contains POINT_TOUCH with edge input).  This setting is not applicable, and will be ignored.
/p/fdk/fdk73/shelf/repo/runsets/icv/1273_v1.0.1f1p1/2/PXL/p12723_MX80pitch.rs:93: warning: external2(relational contains POINT_TOUCH with edge input).  This setting is not applicable, and will be ignored.
/p/fdk/fdk73/shelf/repo/runsets/icv/1273_v1.0.1f1p1/2/PXL/p12723_functions.rs:1938: warning: external2(relational contains POINT_TOUCH with edge input).  This setting is not applicable, and will be ignored.
/p/fdk/fdk73/shelf/repo/runsets/icv/1273_v1.0.1f1p1/2/PXL/p12723_functions.rs:1864: warning: external2(relational contains POINT_TOUCH with edge input).  This setting is not applicable, and will be ignored.
/p/fdk/fdk73/shelf/repo/runsets/icv/1273_v1.0.1f1p1/2/PXL/p12723_functions.rs:1938: warning: external2(relational contains POINT_TOUCH with edge input).  This setting is not applicable, and will be ignored.
/p/fdk/fdk73/shelf/repo/runsets/icv/1273_v1.0.1f1p1/2/PXL/p12723_functions.rs:1938: warning: external2(relational contains POINT_TOUCH with edge input).  This setting is not applicable, and will be ignored.
/p/fdk/fdk73/shelf/repo/runsets/icv/1273_v1.0.1f1p1/2/PXL/p12723_functions.rs:1938: warning: external2(relational contains POINT_TOUCH with edge input).  This setting is not applicable, and will be ignored.
/p/fdk/fdk73/shelf/repo/runsets/icv/1273_v1.0.1f1p1/2/PXL/p12723_functions.rs:1938: warning: external2(relational contains POINT_TOUCH with edge input).  This setting is not applicable, and will be ignored.
/p/fdk/fdk73/shelf/repo/runsets/icv/1273_v1.0.1f1p1/2/PXL/p12723_functions.rs:1938: warning: external2(relational contains POINT_TOUCH with edge input).  This setting is not applicable, and will be ignored.
/p/fdk/fdk73/shelf/repo/runsets/icv/1273_v1.0.1f1p1/2/PXL/p12723_functions.rs:1938: warning: external2(relational contains POINT_TOUCH with edge input).  This setting is not applicable, and will be ignored.
/p/fdk/fdk73/shelf/repo/runsets/icv/1273_v1.0.1f1p1/2/PXL/p12723_functions.rs:1938: warning: external2(relational contains POINT_TOUCH with edge input).  This setting is not applicable, and will be ignored.
/p/fdk/fdk73/shelf/repo/runsets/icv/1273_v1.0.1f1p1/2/PXL/p12723_functions.rs:1772: warning: external1(relational contains POINT_TOUCH with edge input).  This setting is not applicable, and will be ignored.
/p/fdk/fdk73/shelf/repo/runsets/icv/1273_v1.0.1f1p1/2/PXL/p12723_functions.rs:1864: warning: external2(relational contains POINT_TOUCH with edge input).  This setting is not applicable, and will be ignored.
/p/fdk/fdk73/shelf/repo/runsets/icv/1273_v1.0.1f1p1/2/PXL/p12723_functions.rs:1864: warning: external2(relational contains POINT_TOUCH with edge input).  This setting is not applicable, and will be ignored.
/p/fdk/fdk73/shelf/repo/runsets/icv/1273_v1.0.1f1p1/2/PXL/p12723_functions.rs:1864: warning: external2(relational contains POINT_TOUCH with edge input).  This setting is not applicable, and will be ignored.
/p/fdk/fdk73/shelf/repo/runsets/icv/1273_v1.0.1f1p1/2/PXL/p12723_functions.rs:1772: warning: external1(relational contains POINT_TOUCH with edge input).  This setting is not applicable, and will be ignored.
/p/fdk/fdk73/shelf/repo/runsets/icv/1273_v1.0.1f1p1/2/PXL/p12723_functions.rs:1864: warning: external2(relational contains POINT_TOUCH with edge input).  This setting is not applicable, and will be ignored.
/p/fdk/fdk73/shelf/repo/runsets/icv/1273_v1.0.1f1p1/2/PXL/p12723_functions.rs:1864: warning: external2(relational contains POINT_TOUCH with edge input).  This setting is not applicable, and will be ignored.
/p/fdk/fdk73/shelf/repo/runsets/icv/1273_v1.0.1f1p1/2/PXL/p12723_functions.rs:1772: warning: external1(relational contains POINT_TOUCH with edge input).  This setting is not applicable, and will be ignored.
/p/fdk/fdk73/shelf/repo/runsets/icv/1273_v1.0.1f1p1/2/PXL/p12723_functions.rs:1864: warning: external2(relational contains POINT_TOUCH with edge input).  This setting is not applicable, and will be ignored.
/p/fdk/fdk73/shelf/repo/runsets/icv/1273_v1.0.1f1p1/2/PXL/p12723_functions.rs:1772: warning: external1(relational contains POINT_TOUCH with edge input).  This setting is not applicable, and will be ignored.
/p/fdk/fdk73/shelf/repo/runsets/icv/1273_v1.0.1f1p1/2/PXL/p12723_functions.rs:1908: warning: external2(relational contains POINT_TOUCH with edge input).  This setting is not applicable, and will be ignored.
/p/fdk/fdk73/shelf/repo/runsets/icv/1273_v1.0.1f1p1/2/PXL/p12723_functions.rs:1908: warning: external2(relational contains POINT_TOUCH with edge input).  This setting is not applicable, and will be ignored.
/p/fdk/fdk73/shelf/repo/runsets/icv/1273_v1.0.1f1p1/2/PXL/p12723_functions.rs:1772: warning: external1(relational contains POINT_TOUCH with edge input).  This setting is not applicable, and will be ignored.
/p/fdk/fdk73/shelf/repo/runsets/icv/1273_v1.0.1f1p1/2/PXL/p12723_functions.rs:1772: warning: external1(relational contains POINT_TOUCH with edge input).  This setting is not applicable, and will be ignored.
/p/fdk/fdk73/shelf/repo/runsets/icv/1273_v1.0.1f1p1/2/PXL/p12723_functions.rs:1772: warning: external1(relational contains POINT_TOUCH with edge input).  This setting is not applicable, and will be ignored.
/p/fdk/fdk73/shelf/repo/runsets/icv/1273_v1.0.1f1p1/2/PXL/p12723_functions.rs:1864: warning: external2(relational contains POINT_TOUCH with edge input).  This setting is not applicable, and will be ignored.
/p/fdk/fdk73/shelf/repo/runsets/icv/1273_v1.0.1f1p1/2/PXL/p12723_functions.rs:1864: warning: external2(relational contains POINT_TOUCH with edge input).  This setting is not applicable, and will be ignored.
/p/fdk/fdk73/shelf/repo/runsets/icv/1273_v1.0.1f1p1/2/PXL/p12723_functions.rs:1772: warning: external1(relational contains POINT_TOUCH with edge input).  This setting is not applicable, and will be ignored.
/p/fdk/fdk73/shelf/repo/runsets/icv/1273_v1.0.1f1p1/2/PXL/p12723_functions.rs:1772: warning: external1(relational contains POINT_TOUCH with edge input).  This setting is not applicable, and will be ignored.
/p/fdk/fdk73/shelf/repo/runsets/icv/1273_v1.0.1f1p1/2/PXL/p12723_functions.rs:1772: warning: external1(relational contains POINT_TOUCH with edge input).  This setting is not applicable, and will be ignored.
/p/fdk/fdk73/shelf/repo/runsets/icv/1273_v1.0.1f1p1/2/PXL/p12723_functions.rs:1772: warning: external1(relational contains POINT_TOUCH with edge input).  This setting is not applicable, and will be ignored.
/p/fdk/fdk73/shelf/repo/runsets/icv/1273_v1.0.1f1p1/2/PXL/p12723_functions.rs:1938: warning: external2(relational contains POINT_TOUCH with edge input).  This setting is not applicable, and will be ignored.
/p/fdk/fdk73/shelf/repo/runsets/icv/1273_v1.0.1f1p1/2/PXL/p12723_functions.rs:1938: warning: external2(relational contains POINT_TOUCH with edge input).  This setting is not applicable, and will be ignored.
/p/fdk/fdk73/shelf/repo/runsets/icv/1273_v1.0.1f1p1/2/PXL/p12723_functions.rs:1908: warning: external2(relational contains POINT_TOUCH with edge input).  This setting is not applicable, and will be ignored.
/p/fdk/fdk73/shelf/repo/runsets/icv/1273_v1.0.1f1p1/2/PXL/p12723_functions.rs:1908: warning: external2(relational contains POINT_TOUCH with edge input).  This setting is not applicable, and will be ignored.
/p/fdk/fdk73/shelf/repo/runsets/icv/1273_v1.0.1f1p1/2/PXL/p12723_functions.rs:1772: warning: external1(relational contains POINT_TOUCH with edge input).  This setting is not applicable, and will be ignored.
/p/fdk/fdk73/shelf/repo/runsets/icv/1273_v1.0.1f1p1/2/PXL/p12723_functions.rs:1772: warning: external1(relational contains POINT_TOUCH with edge input).  This setting is not applicable, and will be ignored.
/p/fdk/fdk73/shelf/repo/runsets/icv/1273_v1.0.1f1p1/2/PXL/p12723_functions.rs:1772: warning: external1(relational contains POINT_TOUCH with edge input).  This setting is not applicable, and will be ignored.
/p/fdk/fdk73/shelf/repo/runsets/icv/1273_v1.0.1f1p1/2/PXL/p12723_functions.rs:1864: warning: external2(relational contains POINT_TOUCH with edge input).  This setting is not applicable, and will be ignored.
/p/fdk/fdk73/shelf/repo/runsets/icv/1273_v1.0.1f1p1/2/PXL/p12723_functions.rs:1864: warning: external2(relational contains POINT_TOUCH with edge input).  This setting is not applicable, and will be ignored.
/p/fdk/fdk73/shelf/repo/runsets/icv/1273_v1.0.1f1p1/2/PXL/p12723_functions.rs:1908: warning: external2(relational contains POINT_TOUCH with edge input).  This setting is not applicable, and will be ignored.
/p/fdk/fdk73/shelf/repo/runsets/icv/1273_v1.0.1f1p1/2/PXL/p12723_functions.rs:1908: warning: external2(relational contains POINT_TOUCH with edge input).  This setting is not applicable, and will be ignored.
/p/fdk/fdk73/shelf/repo/runsets/icv/1273_v1.0.1f1p1/2/PXL/p12723_functions.rs:1772: warning: external1(relational contains POINT_TOUCH with edge input).  This setting is not applicable, and will be ignored.
/p/fdk/fdk73/shelf/repo/runsets/icv/1273_v1.0.1f1p1/2/PXL/p12723_functions.rs:1772: warning: external1(relational contains POINT_TOUCH with edge input).  This setting is not applicable, and will be ignored.
/p/fdk/fdk73/shelf/repo/runsets/icv/1273_v1.0.1f1p1/2/PXL/p12723_functions.rs:1772: warning: external1(relational contains POINT_TOUCH with edge input).  This setting is not applicable, and will be ignored.
/p/fdk/fdk73/shelf/repo/runsets/icv/1273_v1.0.1f1p1/2/PXL/p12723_functions.rs:1772: warning: external1(relational contains POINT_TOUCH with edge input).  This setting is not applicable, and will be ignored.
/p/fdk/fdk73/shelf/repo/runsets/icv/1273_v1.0.1f1p1/2/PXL/p12723_functions.rs:1772: warning: external1(relational contains POINT_TOUCH with edge input).  This setting is not applicable, and will be ignored.
/p/fdk/fdk73/shelf/repo/runsets/icv/1273_v1.0.1f1p1/2/PXL/p12723_functions.rs:1864: warning: external2(relational contains POINT_TOUCH with edge input).  This setting is not applicable, and will be ignored.
/p/fdk/fdk73/shelf/repo/runsets/icv/1273_v1.0.1f1p1/2/PXL/p12723_functions.rs:1864: warning: external2(relational contains POINT_TOUCH with edge input).  This setting is not applicable, and will be ignored.
/p/fdk/fdk73/shelf/repo/runsets/icv/1273_v1.0.1f1p1/2/PXL/p12723_functions.rs:1864: warning: external2(relational contains POINT_TOUCH with edge input).  This setting is not applicable, and will be ignored.
/p/fdk/fdk73/shelf/repo/runsets/icv/1273_v1.0.1f1p1/2/PXL/p12723_functions.rs:1864: warning: external2(relational contains POINT_TOUCH with edge input).  This setting is not applicable, and will be ignored.
Parsing finished
Runset Compile Time=0:02:22 User=135.21 Sys=4.18 Mem=6953.129


ICV_Master (R), SUSE.64 Release J-2014.06.SP2.HF1.4116 2014/09/29

  (C) Copyright 1996-2014.
  Synopsys, Inc.  All rights reserved.


Called as: /p/foundry/eda/em64t_SLES11/icvalidator/J-2014.06-SP2-1/bin/EM64T_SUSE64/icv -i ../../apr/outputs/fdkex.apr.oas -c fdkex -vue -D _drPROCESS=_drdotThree -D _drSECTION_LEVEL=_drYES -I . -I /p/fdk/fdk73/builds/pdk733_r1.7/runsets/icv/PXL -f OASIS -rd /tmp/spalutla/adf_nightly_regr/2015-03-31/drc_drcd_run_details_18936 /p/fdk/fdk73/builds/pdk733_r1.7/runsets/icv/drcd.rs
 

Using user-specified ICV_INCLUDES setting as:
"/p/foundry/eda/em64t_SLES11/icvalidator/J-2014.06-SP2-1/include"

Virtual Machine Init Time=0:00:01 User=0.83 Sys=0.19 Mem=6953.129


Checked out necessary DP licenses.
Selecting "chlr16420" as Primary host

System Startup Time=0:00:02 User=0.00 Sys=1.22 Mem=6953.129


Command execution begins.  Details recorded in the summary and log files:
    /tmp/spalutla/adf_nightly_regr/2015-03-31/drc_drcd_run_details_18936/fdkex.sum
    /tmp/spalutla/adf_nightly_regr/2015-03-31/drc_drcd_run_details_18936/drcd.dp.log

Running ...
  ICV_Engine run is   1% complete.    Elapsed Time=0:00:50
  ICV_Engine run is   2% complete.    Elapsed Time=0:00:50
  ICV_Engine run is   3% complete.    Elapsed Time=0:00:50
  ICV_Engine run is   4% complete.    Elapsed Time=0:00:54
  ICV_Engine run is   5% complete.    Elapsed Time=0:01:27
  ICV_Engine run is  10% complete.    Elapsed Time=0:03:41
  ICV_Engine run is  15% complete.    Elapsed Time=0:05:16
  ICV_Engine run is  20% complete.    Elapsed Time=0:05:19
  ICV_Engine run is  25% complete.    Elapsed Time=0:05:49
  ICV_Engine run is  30% complete.    Elapsed Time=0:17:39
  ICV_Engine run is  35% complete.    Elapsed Time=0:19:08
  ICV_Engine run is  40% complete.    Elapsed Time=0:20:08
  ICV_Engine run is  45% complete.    Elapsed Time=0:21:09
  ICV_Engine run is  50% complete.    Elapsed Time=0:23:10
  ICV_Engine run is  55% complete.    Elapsed Time=0:24:40
  ICV_Engine run is  60% complete.    Elapsed Time=0:25:55
  ICV_Engine run is  65% complete.    Elapsed Time=0:26:56
  ICV_Engine run is  70% complete.    Elapsed Time=0:27:15
  ICV_Engine run is  75% complete.    Elapsed Time=0:27:29
  ICV_Engine run is  80% complete.    Elapsed Time=0:29:08
  ICV_Engine run is  85% complete.    Elapsed Time=0:29:56
  ICV_Engine run is  90% complete.    Elapsed Time=0:30:07
  ICV_Engine run is  95% complete.    Elapsed Time=0:30:13
  ICV_Engine run is 100% complete.    Elapsed Time=0:30:48

Completing error storage...
  Overall error storage time: User=0.21 Sys=0.06 Mem=10.287

Generating fdkex.LAYOUT_ERRORS...
  Generation Time=0:00:00  User=0.14 Sys=0.02 Mem=10.287

Generating fdkex.TOP_LAYOUT_ERRORS...
  Generation Time=0:00:01  User=0.15 Sys=0.00 Mem=10.318

   Check Time=0:00:01  User=0.01 Sys=0.00 Mem=285.096

-------------

IC Validator Run: Time=0:33:14

IC Validator Peak Machine Memory Report
chlr16420    : Peak = 2840(Mb)

Overall Disk Usage Disk=922.680
Overall Design Hierarchy Mem=4.473
Overall engine Time=0:33:14 Highest command Mem=2839.601 

Overall Master Mem=6953.832
IC Validator is done.
