PYDB_Server(R) , SUSE.64 Release J-2014.06.SP2.HF1.4016 2014/09/22

  (C) Copyright 2007-2014.
  Synopsys, Inc.  All rights reserved.

Listening for connections on port 7255
PYDB_Server Started on host chlr16420, Tue 03/31/2015 10:33:14
Client chlr16420(21160) connected (1 total client)
Verified current licenses.
Client chlr16420(4525) connected (2 total clients)
Client chlr16420(4520) connected (3 total clients)
Client chlr16420(4525) disconnected (2 clients remain)
Client chlr16420(4525) connected (3 total clients)
Begin error insertion: /p/fdk/fdk73/shelf/repo/runsets/icv/1273_v1.0.1f1p1/2/PXL/p12723_DENfunctions.rs:68:copy
Error insertion complete: /p/fdk/fdk73/shelf/repo/runsets/icv/1273_v1.0.1f1p1/2/PXL/p12723_DENfunctions.rs:68:copy
  Error Insertion Time=0:00:00  User=0.00 Sys=0.00 Mem=9.804 MySQL=33.446 Unpooled=0.019
Begin error insertion: /p/fdk/fdk73/shelf/repo/runsets/icv/1273_v1.0.1f1p1/2/PXL/p12723_DENfunctions.rs:68:copy
Error insertion complete: /p/fdk/fdk73/shelf/repo/runsets/icv/1273_v1.0.1f1p1/2/PXL/p12723_DENfunctions.rs:68:copy
  Error Insertion Time=0:00:00  User=0.00 Sys=0.00 Mem=9.835 MySQL=32.565 Unpooled=0.019
Begin error insertion: /p/fdk/fdk73/shelf/repo/runsets/icv/1273_v1.0.1f1p1/2/PXL/p12723_DENfunctions.rs:68:copy
Error insertion complete: /p/fdk/fdk73/shelf/repo/runsets/icv/1273_v1.0.1f1p1/2/PXL/p12723_DENfunctions.rs:68:copy
  Error Insertion Time=0:00:00  User=0.00 Sys=0.00 Mem=9.819 MySQL=32.565 Unpooled=0.019
Begin error insertion: /p/fdk/fdk73/shelf/repo/runsets/icv/1273_v1.0.1f1p1/2/PXL/p12723_DENfunctions.rs:68:copy
Error insertion complete: /p/fdk/fdk73/shelf/repo/runsets/icv/1273_v1.0.1f1p1/2/PXL/p12723_DENfunctions.rs:68:copy
  Error Insertion Time=0:00:00  User=0.00 Sys=0.00 Mem=9.804 MySQL=32.565 Unpooled=0.023
Begin error insertion: /p/fdk/fdk73/shelf/repo/runsets/icv/1273_v1.0.1f1p1/2/PXL/p12723_DENfunctions.rs:1845:density
Error insertion complete: /p/fdk/fdk73/shelf/repo/runsets/icv/1273_v1.0.1f1p1/2/PXL/p12723_DENfunctions.rs:1845:density
  Error Insertion Time=0:00:01  User=0.00 Sys=0.01 Mem=9.897 MySQL=33.555 Unpooled=0.027
Begin error insertion: /p/fdk/fdk73/shelf/repo/runsets/icv/1273_v1.0.1f1p1/2/PXL/p12723_DENfunctions.rs:1845:density
Error insertion complete: /p/fdk/fdk73/shelf/repo/runsets/icv/1273_v1.0.1f1p1/2/PXL/p12723_DENfunctions.rs:1845:density
  Error Insertion Time=0:00:00  User=0.01 Sys=0.00 Mem=10.022 MySQL=32.678 Unpooled=0.027
Begin error insertion: /p/fdk/fdk73/shelf/repo/runsets/icv/1273_v1.0.1f1p1/2/PXL/p12723_DENfunctions.rs:1845:density
Error insertion complete: /p/fdk/fdk73/shelf/repo/runsets/icv/1273_v1.0.1f1p1/2/PXL/p12723_DENfunctions.rs:1845:density
  Error Insertion Time=0:00:00  User=0.01 Sys=0.00 Mem=10.077 MySQL=32.678 Unpooled=0.027
Begin error insertion: /p/fdk/fdk73/shelf/repo/runsets/icv/1273_v1.0.1f1p1/2/PXL/p12723_DENfunctions.rs:1845:density
Error insertion complete: /p/fdk/fdk73/shelf/repo/runsets/icv/1273_v1.0.1f1p1/2/PXL/p12723_DENfunctions.rs:1845:density
  Error Insertion Time=0:00:00  User=0.02 Sys=0.00 Mem=10.100 MySQL=32.678 Unpooled=0.027
Begin error insertion: /p/fdk/fdk73/shelf/repo/runsets/icv/1273_v1.0.1f1p1/2/PXL/p12723_DENfunctions.rs:1845:density
Error insertion complete: /p/fdk/fdk73/shelf/repo/runsets/icv/1273_v1.0.1f1p1/2/PXL/p12723_DENfunctions.rs:1845:density
  Error Insertion Time=0:00:00  User=0.01 Sys=0.00 Mem=10.100 MySQL=32.678 Unpooled=0.027
Begin error insertion: /p/fdk/fdk73/shelf/repo/runsets/icv/1273_v1.0.1f1p1/2/PXL/p12723_DENfunctions.rs:1845:density
Error insertion complete: /p/fdk/fdk73/shelf/repo/runsets/icv/1273_v1.0.1f1p1/2/PXL/p12723_DENfunctions.rs:1845:density
  Error Insertion Time=0:00:00  User=0.01 Sys=0.00 Mem=10.100 MySQL=32.678 Unpooled=0.027
Begin error insertion: /p/fdk/fdk73/shelf/repo/runsets/icv/1273_v1.0.1f1p1/2/PXL/p12723_DENfunctions.rs:1845:density
Error insertion complete: /p/fdk/fdk73/shelf/repo/runsets/icv/1273_v1.0.1f1p1/2/PXL/p12723_DENfunctions.rs:1845:density
  Error Insertion Time=0:00:00  User=0.02 Sys=0.00 Mem=10.100 MySQL=32.678 Unpooled=0.027
Begin error insertion: /p/fdk/fdk73/shelf/repo/runsets/icv/1273_v1.0.1f1p1/2/PXL/p12723_DENfunctions.rs:1845:density
Error insertion complete: /p/fdk/fdk73/shelf/repo/runsets/icv/1273_v1.0.1f1p1/2/PXL/p12723_DENfunctions.rs:1845:density
  Error Insertion Time=0:00:00  User=0.01 Sys=0.01 Mem=10.100 MySQL=32.678 Unpooled=0.027
Begin error insertion: /p/fdk/fdk73/shelf/repo/runsets/icv/1273_v1.0.1f1p1/2/PXL/p12723_DENfunctions.rs:1845:density
Error insertion complete: /p/fdk/fdk73/shelf/repo/runsets/icv/1273_v1.0.1f1p1/2/PXL/p12723_DENfunctions.rs:1845:density
  Error Insertion Time=0:00:00  User=0.01 Sys=0.01 Mem=10.100 MySQL=32.678 Unpooled=0.027
Client chlr16420(4525) disconnected (2 clients remain)
Client chlr16420(4520) disconnected (1 client remains)
 Total error insertion Time=0:01:11  User=0.10 Sys=0.04 Mem=10.100 MySQL=33.555 Unpooled=0.027
  Total Commands: 13
  Total Errors: 756
  Avg Time/Cmd: Wall=0 User=0.01 Sys=0.00 Mem=9.989 MySQL Mem=0.025
Shutdown requested by client chlr16420(21160)
0 clients remain connected
Overall server Time=0:01:54  User=0.22 Sys=0.09 Mem=11.317 MySQL=34.301 Unpooled=0.027
