#@ # 
#@ # Running icc_shell Version J-2014.09-SP1 for suse64 -- Oct 14, 2014
#@ # Date:   Tue Mar 31 04:52:47 2015
#@ # Run by: spalutla@chlr16420
#@ 

"[source /nfs/ch/disks/icf_fdk_regression001/nightly_adf_kit_build_regr/builds_regr/nightly/1273/dot3/synopsys/2015-03-31/runs/d04/fdkex_SCAN/apr/route_verify_zrt_route_51074.tcl]"
#@ # -- Starting source /nfs/ch/disks/icf_fdk_regression001/nightly_adf_kit_build_regr/builds_regr/nightly/1273/dot3/synopsys/2015-03-31/runs/d04/fdkex_SCAN/apr/route_verify_zrt_route_51074.tcl

#@ set SNPS_ROUTE_AS_CHILD_START_TIME [clock seconds]
#@ set phys_hier_attr_mode DC_ATTR
#@ suppress_message {OPT-1201 OPT-200 PSYN-025 PSYN-040 PWR-18 UIAT-4 }
#@ set_message_info -id PWR-876 -limit 0
#@ set_message_info -id PWR-877 -limit 0
#@ set_message_info -id PGRT-030 -limit 0
#@ set_message_info -id PSYN-059 -limit 0
#@ set_message_info -id DDEFR-038 -limit 0
#@ set_message_info -id TIM-112 -limit 0
#@ set_message_info -id RCEX-202 -limit 0
#@ set_message_info -id CTS-083 -limit 0
#@ set_message_info -id RCEX-013 -limit 0
#@ set_message_info -id PSYN-850 -limit 0
#@ set_message_info -id HDUEDIT-104 -limit 0
#@ set_message_info -id MWUI-031 -limit 0
#@ set_message_info -id TFCHK-066 -limit 0
#@ set_message_info -id RCEX-011 -limit 0
#@ set_message_info -id CTS-382 -limit 0
#@ set_message_info -id OBS-004 -limit 0
#@ set_message_info -id CTS-383 -limit 0
#@ set_message_info -id PSYN-605 -limit 0
#@ set_message_info -id APL-026 -limit 0
#@ set_message_info -id RCEX-015 -limit 0
#@ set_message_info -id APL-027 -limit 0
#@ set_message_info -id RCEX-208 -limit 0
#@ set_message_info -id PSYN-025 -limit 0
#@ set_message_info -id MWDC-285 -limit 0
#@ set_message_info -id PSYN-024 -limit 0
#@ set_message_info -id RCEX-018 -limit 0
#@ set_message_info -id ATTR-3 -limit 0
#@ set_message_info -id RCEX-019 -limit 0
#@ set_message_info -id UID-401 -limit 0
#@ set_message_info -id RT-115 -limit 0
#@ set_message_info -id PSYN-1098 -limit 0
#@ set_message_info -id MWLIBP-311 -limit 0
#@ set_message_info -id CTS-205 -limit 0
#@ set_message_info -id PSYN-308 -limit 0
#@ set_message_info -id ZRT-083 -limit 0
#@ set_message_info -id OPT-1029 -limit 0
#@ set_message_info -id CTS-287 -limit 0
#@ set_message_info -id PSYN-864 -limit 0
#@ set_message_info -id MWUI-225 -limit 0
#@ set_message_info -id PSYN-069 -limit 10
#@ set_message_info -id CTS-375 -limit 0
#@ set_message_info -id MWUI-003 -limit 0
#@ set_message_info -id TFCHK-050 -limit 0
#@ set_message_info -id RCEX-023 -limit 0
#@ set_message_info -id UID-85 -limit 0
#@ set_message_info -id RCEX-020 -limit 0
#@ set_message_info -id DPI-015 -limit 0
#@ set_message_info -id TFCHK-092 -limit 0
#@ set_message_info -id ROPT-031 -limit 0
#@ set_message_info -id RCEX-060 -limit 0
#@ set_message_info -id MWDC-255 -limit 0
#@ set_message_info -id TFCHK-014 -limit 0
#@ set_message_info -id PSYN-105 -limit 0
#@ set_message_info -id CTS-099 -limit 0
#@ set_message_info -id DDEFR-054 -limit 0
#@ set_message_info -id UID-83 -limit 0
#@ set_message_info -id SEL-004 -limit 0
#@ set_message_info -id ROPT-034 -limit 0
#@ set_message_info -id CTS-209 -limit 0
#@ set_message_info -id MWDC-217 -limit 0
#@ set_message_info -id HFS-802 -limit 0
#@ set_message_info -id PSYN-1097 -limit 0
#@ set_message_info -id CTS-1000 -limit 0
#@ set_message_info -id DDEFW-004 -limit 10
#@ set_message_info -id FPHSM-1800 -limit 0
#@ set_message_info -id MWDC-119 -limit 0
#@ set_message_info -id PSYN-878 -limit 0
#@ set_message_info -id MWDC-118 -limit 0
#@ set_message_info -id TFCHK-049 -limit 0
#@ set_message_info -id TIM-134 -limit 0
#@ set_message_info -id TIM-176 -limit 0
#@ set_message_info -id VFP-425 -limit 0
#@ set_message_info -id MWLIBP-301 -limit 0
#@ set_message_info -id ZRT-032 -limit 10
#@ set_message_info -id TIM-177 -limit 0
#@ set_message_info -id MWLIBP-300 -limit 0
#@ set_message_info -id PWR-536 -limit 0
#@ set_message_info -id CTS-366 -limit 0
#@ set_message_info -id DDB-100 -limit 10
#@ set_message_info -id PSYN-039 -limit 0
#@ set_message_info -id MW-349 -limit 0
#@ set_message_info -id RCEX-141 -limit 0
#@ set_message_info -id ZRT-520 -limit 0
#@ set_message_info -id ROPT-021 -limit 0
#@ set_message_info -id CTS-152 -limit 0
#@ set_message_info -id MWUI-239 -limit 0
#@ set_message_info -id ROPT-020 -limit 0
#@ set_message_info -id UIG-5 -limit 0
#@ set_message_info -id MWSTRM-023 -limit 0
#@ set_message_info -id TFCHK-084 -limit 0
#@ set_message_info -id PSYN-503 -limit 0
#@ set_message_info -id APL-082 -limit 0
#@ set_message_info -id TLUP-031 -limit 0
#@ set_message_info -id AXU-0010 -limit 0
#@ set_message_info -id DDEFR-005 -limit 0
#@ set_message_info -id MW-337 -limit 0
#@ set_message_info -id MW-336 -limit 0
#@ set_message_info -id DDEFR-040 -limit 0
#@ set_message_info -id TFCHK-110 -limit 0
#@ set_message_info -id RCEX-039 -limit 0
#@ set_message_info -id PSYN-040 -limit 0
#@ set_message_info -id CTS-614 -limit 0
#@ set_message_info -id DDEFW-014 -limit 0
#@ set_message_info -id TFCHK-111 -limit 0
#@ set_message_info -id CTS-1121 -limit 0
#@ set_message_info -id DDEFW-016 -limit 0
#@ set_message_info -id UID-1006 -limit 0
#@ set_message_info -id CTS-531 -limit 0
#@ set_message_info -id CTS-530 -limit 0
#@ set_message_info -id MWUI-203 -limit 0
#@ set_message_info -id MWSTRM-035 -limit 0
#@ set_message_info -id ZRT-021 -limit 0
#@ set_message_info -id ZRT-516 -limit 0
#@ set_message_info -id ZRT-026 -limit 0
#@ set_message_info -id TIM-180 -limit 0
#@ set_message_info -id RCEX-043 -limit 0
#@ set_message_info -id MW-339 -limit 0
#@ set_message_info -id RCEX-042 -limit 0
#@ set_message_info -id RCEX-041 -limit 0
#@ set_message_info -id RT-066 -limit 0
#@ set_message_info -id OPT-1505 -limit 0
#@ set_message_info -id CTS-103 -limit 0
#@ set_message_info -id RCEX-040 -limit 0
#@ set_message_info -id RCEX-047 -limit 0
#@ set_message_info -id RT-064 -limit 0
#@ set_message_info -id RCEX-007 -limit 0
#@ set_message_info -id FPHSM-1829 -limit 0
#@ set_message_info -id OPT-200 -limit 0
#@ set_message_info -id TIM-270 -limit 0
#@ set_message_info -id PSYN-054 -limit 0
#@ set_message_info -id RCEX-044 -limit 0
#@ set_message_info -id MWUI-127 -limit 0
#@ set_message_info -id CTS-589 -limit 0
#@ set_message_info -id CTS-1115 -limit 0
#@ set_message_info -id TLUP-004 -limit 0
#@ set_message_info -id CTS-1153 -limit 0
#@ set_message_info -id RCEX-008 -limit 0
#@ set_message_info -id TLUP-005 -limit 0
#@ set_message_info -id UID-1019 -limit 0
#@ set_message_info -id MWLIBP-324 -limit 0
#@ set_message_info -id PSYN-224 -limit 0
#@ set_message_info -id TIM-024 -limit 0
#@ set_message_info -id TIM-025 -limit 0
#@ set_message_info -id MWNL-111 -limit 0
#@ set_message_info -id PWR-24 -limit 0
#@ set search_path "./scripts                              /p/fdkgt/adf_qa/nightly_adf_kit_build_regr/builds_regr/nightly/1273/dot3/synopsys/2015-03-31/kit/afdk73_kit_s//asicflows/synopsys/apr/dot3/d04                              /p/fdkgt/adf_qa/nightly_adf_kit_build_regr/builds_regr/nightly/1273/dot3/synopsys/2015-03-31/kit/afdk73_kit_s//asicflows/synopsys/apr                              /p/fdkgt/adf_qa/nightly_adf_kit_build_regr/builds_regr/nightly/1273/dot3/synopsys/2015-03-31/kit/afdk73_kit_s//asicflows/synopsys/common/dot3/d04                              /p/fdkgt/adf_qa/nightly_adf_kit_build_regr/builds_regr/nightly/1273/dot3/synopsys/2015-03-31/kit/afdk73_kit_s//asicflows/synopsys/common . /p/foundry/eda/em64t_SLES11/iccompiler/J-2014.09-SP1/libraries/syn /p/foundry/eda/em64t_SLES11/iccompiler/J-2014.09-SP1/minpower/syn /p/foundry/eda/em64t_SLES11/iccompiler/J-2014.09-SP1/dw/syn_ver /p/foundry/eda/em64t_SLES11/iccompiler/J-2014.09-SP1/dw/sim_ver /p/fdk/fdk73/builds/stdcells/stdcell733_d.0.0/ccs/ln /p/fdk/fdk73/builds/stdcells/stdcell733_d.0.0/ccs/nn /p/fdk/fdk73/builds/stdcells/stdcell733_d.0.0/ccs/wn /p/fdk/fdk73/builds/stdcells/stdcell733_d.0.0/ccs/yn /p/fdk/fdk73/builds/stdcells/stdcell733_d.0.0/lib/ln /p/fdk/fdk73/builds/stdcells/stdcell733_d.0.0/lib/nn /p/fdk/fdk73/builds/stdcells/stdcell733_d.0.0/lib/wn /p/fdk/fdk73/builds/stdcells/stdcell733_d.0.0/lib/yn /p/fdk/fdk73/builds/stdcells/stdcell733_d.0.0_misc/lib/ln /p/fdk/fdk73/builds/stdcells/stdcell733_d.0.0_misc/lib/nn /p/fdk/fdk73/builds/stdcells/stdcell733_d.0.0_misc/lib/wn /p/fdk/fdk73/builds/stdcells/stdcell733_d.0.0_misc/lib/yn"
#@ set physical_library ""
#@ set target_library "d04_ln_p1273_3x1r6u1_psss_0.75v_-10c_ccst.ldb d04_wn_p1273_3x1r6u1_psss_0.75v_-10c_ccst.ldb d04_nn_p1273_3x1r6u1_psss_0.75v_-10c_ccst.ldb d04_yn_p1273_3x1r6u1_psss_0.75v_-10c_ccst.ldb d04_ln_misc_p1273_3x1r6u1_psss_0.75v_-10c_nldm.ldb d04_nn_misc_p1273_3x1r6u1_psss_0.75v_-10c_nldm.ldb d04_wn_misc_p1273_3x1r6u1_psss_0.75v_-10c_nldm.ldb d04_yn_misc_p1273_3x1r6u1_psss_0.75v_-10c_nldm.ldb"
#@ set link_library "* d04_ln_p1273_3x1r6u1_psss_0.75v_-10c_ccst.ldb d04_wn_p1273_3x1r6u1_psss_0.75v_-10c_ccst.ldb d04_nn_p1273_3x1r6u1_psss_0.75v_-10c_ccst.ldb d04_yn_p1273_3x1r6u1_psss_0.75v_-10c_ccst.ldb d04_ln_misc_p1273_3x1r6u1_psss_0.75v_-10c_nldm.ldb d04_nn_misc_p1273_3x1r6u1_psss_0.75v_-10c_nldm.ldb d04_wn_misc_p1273_3x1r6u1_psss_0.75v_-10c_nldm.ldb d04_yn_misc_p1273_3x1r6u1_psss_0.75v_-10c_nldm.ldb dw_foundation.sldb"
#@ set mw_reference_library "/p/fdk/fdk73/builds/stdcells/stdcell733_d.0.0_misc/fram/ln/d04_ln_misc /p/fdk/fdk73/builds/stdcells/stdcell733_d.0.0_misc/fram/ln/d04_ln_misc_tapcore2h /p/fdk/fdk73/builds/stdcells/stdcell733_d.0.0_misc/fram/nn/d04_nn_misc /p/fdk/fdk73/builds/stdcells/stdcell733_d.0.0_misc/fram/nn/d04_nn_misc_tapcore2h /p/fdk/fdk73/builds/stdcells/stdcell733_d.0.0_misc/fram/wn/d04_wn_misc /p/fdk/fdk73/builds/stdcells/stdcell733_d.0.0_misc/fram/wn/d04_wn_misc_tapcore2h /p/fdk/fdk73/builds/stdcells/stdcell733_d.0.0_misc/fram/yn/d04_yn_misc /p/fdk/fdk73/builds/stdcells/stdcell733_d.0.0_misc/fram/yn/d04_yn_misc_tapcore2h /p/fdk/fdk73/builds/stdcells/stdcell733_d.0.0//fram/ln/d04_ln /p/fdk/fdk73/builds/stdcells/stdcell733_d.0.0//fram/nn/d04_nn /p/fdk/fdk73/builds/stdcells/stdcell733_d.0.0//fram/wn/d04_wn /p/fdk/fdk73/builds/stdcells/stdcell733_d.0.0//fram/yn/d04_yn /p/fdk/fdk73/builds/halo733_r1.7/fram/intel73halo_d04"
#@ set enable_set_units FALSE 
#@ open_mw_lib /nfs/ch/disks/icf_fdk_regression001/nightly_adf_kit_build_regr/builds_regr/nightly/1273/dot3/synopsys/2015-03-31/runs/d04/fdkex_SCAN/apr/fdkex_51074_LIB
#@ open_working_copy_mw_cel fdkex -version 1
#@ set_separate_process_options -routing false
#@ set routeopt_xtalk_reduction_tns true
#@ set_route_zrt_common_options -connect_tie_off true
#@ set_route_zrt_common_options -ignore_var_spacing_to_blockage false
#@ set_route_zrt_common_options -ignore_var_spacing_to_pg true
#@ set_route_zrt_common_options -mark_clock_nets_minor_change true
#@ set_route_zrt_common_options -net_max_layer_mode hard
#@ set_route_zrt_common_options -global_max_layer_mode hard
#@ set_route_zrt_common_options -net_min_layer_mode soft
#@ set_route_zrt_common_options -global_min_layer_mode allow_pin_connection
#@ set_route_zrt_common_options -post_detail_route_redundant_via_insertion medium
#@ set_route_zrt_common_options -read_user_metal_blockage_layer true
#@ set_route_zrt_common_options -reroute_clock_shapes false
#@ set_route_zrt_common_options -reroute_user_shapes false
#@ set_route_zrt_common_options -reshield_modified_nets reshield
#@ set_route_zrt_common_options -rotate_default_vias false
#@ set_route_zrt_common_options -clock_topology normal
#@ set_route_zrt_common_options -single_connection_to_pins all_pins
#@ set_route_zrt_common_options -verbose_level 1
#@ set_route_zrt_global_options -crosstalk_driven true
#@ set_route_zrt_global_options -effort medium
#@ set_route_zrt_global_options -macro_corner_track_utilization 95
#@ set_route_zrt_global_options -timing_driven true
#@ set_route_zrt_track_options -crosstalk_driven true
#@ set_route_zrt_track_options -timing_driven true
#@ set_route_zrt_detail_options -antenna false
#@ set_route_zrt_detail_options -drc_convergence_effort_level medium
#@ set_route_zrt_detail_options -ignore_drc {{same_net_metal_space false} }
#@ set_route_zrt_detail_options -optimize_wire_via_effort_level medium
#@ set_route_zrt_detail_options -save_after_iterations {1 }
#@ set_route_zrt_detail_options -save_cell_prefix fdkex_INIT_RT
#@ set_route_zrt_detail_options -timing_driven true
#@ define_zrt_redundant_vias -from_via { VIA1A VIA1A VIA1A VIA2A VIA2A VIA2A VIA2C VIA2C VIA2C VIA3C VIA3C VIA3C VIA3C_32 VIA3C_32 VIA3C_32 VIA4A_32 VIA4A_32 VIA4A_32 VIA4C VIA4C VIA4C VIA5B VIA5B VIA5B VIA5B_44 VIA5B_44 VIA5B_44 VIA6A44 VIA6A44 VIA6A44 VIA7F VIA7F VIA7F} -to_via { VIA1A_DA VIA1A_DB VIA1A_DC VIA2A_DA VIA2A_DB VIA2A_DC VIA2C_DA VIA2C_DB VIA2C_DC VIA3C_DA VIA3C_DB VIA3C_DC VIA3C_32_DA VIA3C_32_DB VIA3C_32_DC VIA4A_32_DA VIA4A_32_DB VIA4A_32_DC VIA4C_DA VIA4C_DB VIA4C_DC VIA5B_DA VIA5B_DB VIA5B_DC VIA5B_44_DA VIA5B_44_DB VIA5B_44_DC VIA6A44_DA VIA6A44_DB VIA6A44_DC VIA7F_DA VIA7F_DB VIA7F_DC} -to_via_x_size { 1 1 1 1 1 1 1 1 1 1 1 1 1 1 1 1 1 1 1 1 1 1 1 1 1 1 1 1 1 1 1 1 1} -to_via_y_size { 1 1 1 1 1 1 1 1 1 1 1 1 1 1 1 1 1 1 1 1 1 1 1 1 1 1 1 1 1 1 1 1 1} -to_via_weights { 10 10 30 10 10 30 10 10 30 10 10 30 10 10 30 10 10 30 10 10 30 10 10 30 10 10 30 10 10 30 10 10 30}
#@ set neco_file_name /tmp/neco_4uWAx5
#@ set_host_options  -max_cores 4
#@ verify_zrt_route  -antenna true -check_from_frozen_shapes true
#@ pass_working_copy_mw_cel_back
#@ set SNPS_ROUTE_AS_CHILD_END_TIME [clock seconds]
#@ set SNPS_CPUTIME [cputime -self -child]
#@ set SNPS_ELAPSED_TIME [expr $SNPS_ROUTE_AS_CHILD_END_TIME - $SNPS_ROUTE_AS_CHILD_START_TIME]
#@ set SNPS_CPUTIME_hr [expr $SNPS_CPUTIME/3600.0]
#@ set SNPS_ELAPSED_TIME_hr [expr $SNPS_ELAPSED_TIME/3600.0]
#@ set SNPS_MEMORY_Mb [expr [mem]/1024]
#@ set SNPS_CPU_MEM_LOG_FORMAT "%-30s CPU: %6d s (%5.2f hr) ELAPSE: %6d s (%5.2f hr) MEM-PEAK: %5lu Mb "
#@ set SNPS_CPU_MEM_LOG_OUT [format $SNPS_CPU_MEM_LOG_FORMAT "CHILD_PROC: Router" $SNPS_CPUTIME $SNPS_CPUTIME_hr $SNPS_ELAPSED_TIME $SNPS_ELAPSED_TIME_hr $SNPS_MEMORY_Mb ]
#@ set fileId [open proc_end_51074 w 0600]
#@ puts $fileId "/nfs/ch/disks/icf_fdk_regression001/nightly_adf_kit_build_regr/builds_regr/nightly/1273/dot3/synopsys/2015-03-31/runs/d04/fdkex_SCAN/apr/route_verify_zrt_route_51074.tcl $SNPS_CPU_MEM_LOG_OUT"
#@ close $fileId
#@ quit
