PYDB_Server(R) , SUSE.64 Release J-2014.06.SP2.HF1.4016 2014/09/22

  (C) Copyright 2007-2014.
  Synopsys, Inc.  All rights reserved.

NFS filesystem detected
Listening for connections on port 8831
PYDB_Server Started on host chlr16420, Tue 03/31/2015 06:22:44
Client chlr16420(46635) connected (1 total client)
Verified current licenses.
Client chlr16420(64121) connected (2 total clients)
Client chlr16420(64117) connected (3 total clients)
Client chlr16420(64116) connected (4 total clients)
Client chlr16420(64122) connected (5 total clients)
Client chlr16420(64125) connected (6 total clients)
Client chlr16420(64112) connected (7 total clients)
Client chlr16420(64123) connected (8 total clients)
Client chlr16420(64126) connected (9 total clients)
Client chlr16420(64112) disconnected (8 clients remain)
Client chlr16420(64116) disconnected (7 clients remain)
Client chlr16420(64123) disconnected (6 clients remain)
Client chlr16420(64121) disconnected (5 clients remain)
Client chlr16420(64112) connected (6 total clients)
Client chlr16420(64123) connected (7 total clients)
Client chlr16420(64116) connected (8 total clients)
Client chlr16420(64121) connected (9 total clients)
Client chlr16420(64126) disconnected (8 clients remain)
Client chlr16420(64126) connected (9 total clients)
Client chlr16420(64122) disconnected (8 clients remain)
Client chlr16420(64122) connected (9 total clients)
Client chlr16420(64117) disconnected (8 clients remain)
Client chlr16420(64117) connected (9 total clients)
Client chlr16420(64125) disconnected (8 clients remain)
Client chlr16420(64125) connected (9 total clients)
Begin error insertion: assign_text:bad_text_net_prefix_and_digits
Error insertion complete: assign_text:bad_text_net_prefix_and_digits
  Error Insertion Time=0:00:02  User=0.01 Sys=0.02 Mem=10.053 MySQL=33.448 Unpooled=0.021
Begin error insertion: assign_text:bad_text_net_prefix_and_digits
Error insertion complete: assign_text:bad_text_net_prefix_and_digits
  Error Insertion Time=0:00:00  User=0.00 Sys=0.00 Mem=10.022 MySQL=32.558 Unpooled=0.018
Begin error insertion: assign_text:bad_text_net_prefix_and_digits
Error insertion complete: assign_text:bad_text_net_prefix_and_digits
  Error Insertion Time=0:00:00  User=0.00 Sys=0.00 Mem=9.960 MySQL=32.558 Unpooled=0.018
Begin error insertion: assign_text:bad_text_net_prefix_and_digits
Error insertion complete: assign_text:bad_text_net_prefix_and_digits
  Error Insertion Time=0:00:00  User=0.00 Sys=0.00 Mem=9.897 MySQL=32.582 Unpooled=0.017
Client chlr16420(64112) disconnected (8 clients remain)
Client chlr16420(64112) connected (9 total clients)
Begin error insertion: /p/fdk/fdk73/builds/pdk733_r1.7/fill/icv/flexfill/details/flow.rs:691:not
Error insertion complete: /p/fdk/fdk73/builds/pdk733_r1.7/fill/icv/flexfill/details/flow.rs:691:not
  Error Insertion Time=0:00:03  User=0.00 Sys=0.03 Mem=9.913 MySQL=33.563 Unpooled=0.021
Begin error insertion: /p/fdk/fdk73/builds/pdk733_r1.7/fill/icv/flexfill/details/flow.rs:691:not
Error insertion complete: /p/fdk/fdk73/builds/pdk733_r1.7/fill/icv/flexfill/details/flow.rs:691:not
  Error Insertion Time=0:00:00  User=0.00 Sys=0.00 Mem=9.882 MySQL=32.636 Unpooled=0.021
Begin error insertion: /p/fdk/fdk73/builds/pdk733_r1.7/fill/icv/flexfill/details/flow.rs:691:not
Error insertion complete: /p/fdk/fdk73/builds/pdk733_r1.7/fill/icv/flexfill/details/flow.rs:691:not
  Error Insertion Time=0:00:00  User=0.00 Sys=0.00 Mem=9.882 MySQL=32.636 Unpooled=0.021
Begin error insertion: /p/fdk/fdk73/builds/pdk733_r1.7/fill/icv/flexfill/details/flow.rs:691:not
Error insertion complete: /p/fdk/fdk73/builds/pdk733_r1.7/fill/icv/flexfill/details/flow.rs:691:not
  Error Insertion Time=0:00:00  User=0.00 Sys=0.00 Mem=9.882 MySQL=32.636 Unpooled=0.021
Begin error insertion: /p/fdk/fdk73/builds/pdk733_r1.7/fill/icv/flexfill/details/flow.rs:691:not
Error insertion complete: /p/fdk/fdk73/builds/pdk733_r1.7/fill/icv/flexfill/details/flow.rs:691:not
  Error Insertion Time=0:00:00  User=0.00 Sys=0.00 Mem=9.882 MySQL=32.636 Unpooled=0.021
Begin error insertion: /p/fdk/fdk73/builds/pdk733_r1.7/fill/icv/flexfill/details/flow.rs:691:not
Error insertion complete: /p/fdk/fdk73/builds/pdk733_r1.7/fill/icv/flexfill/details/flow.rs:691:not
  Error Insertion Time=0:00:00  User=0.00 Sys=0.00 Mem=9.882 MySQL=32.636 Unpooled=0.021
Begin error insertion: /p/fdk/fdk73/builds/pdk733_r1.7/fill/icv/flexfill/details/flow.rs:732:not
Error insertion complete: /p/fdk/fdk73/builds/pdk733_r1.7/fill/icv/flexfill/details/flow.rs:732:not
  Error Insertion Time=0:00:00  User=0.00 Sys=0.00 Mem=9.882 MySQL=32.636 Unpooled=0.021
Begin error insertion: /p/fdk/fdk73/builds/pdk733_r1.7/fill/icv/flexfill/details/flow.rs:732:not
Error insertion complete: /p/fdk/fdk73/builds/pdk733_r1.7/fill/icv/flexfill/details/flow.rs:732:not
  Error Insertion Time=0:00:00  User=0.00 Sys=0.00 Mem=9.882 MySQL=32.636 Unpooled=0.021
Begin error insertion: /p/fdk/fdk73/builds/pdk733_r1.7/fill/icv/flexfill/details/flow.rs:691:not
Error insertion complete: /p/fdk/fdk73/builds/pdk733_r1.7/fill/icv/flexfill/details/flow.rs:691:not
  Error Insertion Time=0:00:00  User=0.00 Sys=0.01 Mem=9.882 MySQL=32.636 Unpooled=0.021
Begin error insertion: /p/fdk/fdk73/builds/pdk733_r1.7/fill/icv/flexfill/details/flow.rs:691:not
Error insertion complete: /p/fdk/fdk73/builds/pdk733_r1.7/fill/icv/flexfill/details/flow.rs:691:not
  Error Insertion Time=0:00:00  User=0.00 Sys=0.00 Mem=9.882 MySQL=32.636 Unpooled=0.025
Begin error insertion: /p/fdk/fdk73/builds/pdk733_r1.7/fill/icv/flexfill/v0pax_dfmg.rs:76:copy
Error insertion complete: /p/fdk/fdk73/builds/pdk733_r1.7/fill/icv/flexfill/v0pax_dfmg.rs:76:copy
  Error Insertion Time=0:00:00  User=0.00 Sys=0.02 Mem=9.897 MySQL=33.600 Unpooled=0.029
Client chlr16420(64112) disconnected (8 clients remain)
Client chlr16420(64125) disconnected (7 clients remain)
Client chlr16420(64121) disconnected (6 clients remain)
Client chlr16420(64116) disconnected (5 clients remain)
Client chlr16420(64122) disconnected (4 clients remain)
Client chlr16420(64123) disconnected (3 clients remain)
Client chlr16420(64126) disconnected (2 clients remain)
Client chlr16420(64117) disconnected (1 client remains)
 Total error insertion Time=3:29:23  User=0.02 Sys=0.08 Mem=10.053 MySQL=33.600 Unpooled=0.029
  Total Commands: 15
  Total Errors: 618
  Avg Time/Cmd: Wall=0 User=0.00 Sys=0.01 Mem=9.912 MySQL Mem=0.021
Shutdown requested by client chlr16420(46635)
0 clients remain connected
Overall server Time=3:31:47  User=0.06 Sys=0.20 Mem=10.085 MySQL=33.600 Unpooled=0.039
