
Design          Type    Object                  New Name
--------------------------------------------------------------------------------
Information: Updating database...
Information: Updating top database 'fdkex.CEL;1'. (MWDC-255)
...... Found Power Switch Cell d04pws00ld0b0 with output port gtdout
...... Found Power Switch Cell d04pws00ld8b0 with output port gtdout
...... Found Power Switch Cell d04pws00lq8b0 with output port gtdout
...... Found Power Switch Cell d04pws10ld8b0 with output port gtdout
...... Found Power Switch Cell d04pws10lq8b0 with output port gtdout
...... Found Power Switch Cell d04pws10lqtb0 with output port gtdout
...... Found Power Switch Cell d04pws00nd0b0 with output port gtdout
...... Found Power Switch Cell d04pws00nd8b0 with output port gtdout
...... Found Power Switch Cell d04pws00nq8b0 with output port gtdout
...... Found Power Switch Cell d04pws10nd8b0 with output port gtdout
...... Found Power Switch Cell d04pws10nq8b0 with output port gtdout
...... Found Power Switch Cell d04pws10nqtb0 with output port gtdout
...... Found Power Switch Cell d04pws00wd0b0 with output port gtdout
...... Found Power Switch Cell d04pws00wd8b0 with output port gtdout
...... Found Power Switch Cell d04pws00wq8b0 with output port gtdout
...... Found Power Switch Cell d04pws10wd8b0 with output port gtdout
...... Found Power Switch Cell d04pws10wq8b0 with output port gtdout
...... Found Power Switch Cell d04pws10wqtb0 with output port gtdout
...... Found Power Switch Cell d04pws00yd0b0 with output port gtdout
...... Found Power Switch Cell d04pws00yd8b0 with output port gtdout
...... Found Power Switch Cell d04pws00yq8b0 with output port gtdout
...... Found Power Switch Cell d04pws10yd8b0 with output port gtdout
...... Found Power Switch Cell d04pws10yq8b0 with output port gtdout
...... Found Power Switch Cell d04pws10yqtb0 with output port gtdout
1

Design          Type    Object                  New Name
--------------------------------------------------------------------------------
Information: Updating database...
Information: Updating top database 'fdkex.CEL;1'. (MWDC-255)
...... Found Power Switch Cell d04pws00ld0b0 with output port gtdout
...... Found Power Switch Cell d04pws00ld8b0 with output port gtdout
...... Found Power Switch Cell d04pws00lq8b0 with output port gtdout
...... Found Power Switch Cell d04pws10ld8b0 with output port gtdout
...... Found Power Switch Cell d04pws10lq8b0 with output port gtdout
...... Found Power Switch Cell d04pws10lqtb0 with output port gtdout
...... Found Power Switch Cell d04pws00nd0b0 with output port gtdout
...... Found Power Switch Cell d04pws00nd8b0 with output port gtdout
...... Found Power Switch Cell d04pws00nq8b0 with output port gtdout
...... Found Power Switch Cell d04pws10nd8b0 with output port gtdout
...... Found Power Switch Cell d04pws10nq8b0 with output port gtdout
...... Found Power Switch Cell d04pws10nqtb0 with output port gtdout
...... Found Power Switch Cell d04pws00wd0b0 with output port gtdout
...... Found Power Switch Cell d04pws00wd8b0 with output port gtdout
...... Found Power Switch Cell d04pws00wq8b0 with output port gtdout
...... Found Power Switch Cell d04pws10wd8b0 with output port gtdout
...... Found Power Switch Cell d04pws10wq8b0 with output port gtdout
...... Found Power Switch Cell d04pws10wqtb0 with output port gtdout
...... Found Power Switch Cell d04pws00yd0b0 with output port gtdout
...... Found Power Switch Cell d04pws00yd8b0 with output port gtdout
...... Found Power Switch Cell d04pws00yq8b0 with output port gtdout
...... Found Power Switch Cell d04pws10yd8b0 with output port gtdout
...... Found Power Switch Cell d04pws10yq8b0 with output port gtdout
...... Found Power Switch Cell d04pws10yqtb0 with output port gtdout
1
