Information: linking reference library : /nfs/site/disks/icf_fdk_aocvm001/fdklib/fdk73_build/stdcell733_d.0.0_misc/fram/ln/d04_ln_misc. (PSYN-878)
Information: linking reference library : /nfs/site/disks/icf_fdk_aocvm001/fdklib/fdk73_build/stdcell733_d.0.0_misc/fram/ln/d04_ln_misc_tapcore2h. (PSYN-878)
Information: linking reference library : /nfs/site/disks/icf_fdk_aocvm001/fdklib/fdk73_build/stdcell733_d.0.0_misc/fram/nn/d04_nn_misc. (PSYN-878)
Information: linking reference library : /nfs/site/disks/icf_fdk_aocvm001/fdklib/fdk73_build/stdcell733_d.0.0_misc/fram/nn/d04_nn_misc_tapcore2h. (PSYN-878)
Information: linking reference library : /nfs/site/disks/icf_fdk_aocvm001/fdklib/fdk73_build/stdcell733_d.0.0_misc/fram/wn/d04_wn_misc. (PSYN-878)
Information: linking reference library : /nfs/site/disks/icf_fdk_aocvm001/fdklib/fdk73_build/stdcell733_d.0.0_misc/fram/wn/d04_wn_misc_tapcore2h. (PSYN-878)
Information: linking reference library : /nfs/site/disks/icf_fdk_aocvm001/fdklib/fdk73_build/stdcell733_d.0.0_misc/fram/yn/d04_yn_misc. (PSYN-878)
Information: linking reference library : /nfs/site/disks/icf_fdk_aocvm001/fdklib/fdk73_build/stdcell733_d.0.0_misc/fram/yn/d04_yn_misc_tapcore2h. (PSYN-878)
Information: linking reference library : /nfs/site/disks/icf_fdk_aocvm001/fdklib/fdk73_build/stdcell733_d.0.0//fram/ln/d04_ln. (PSYN-878)
Information: linking reference library : /nfs/site/disks/icf_fdk_aocvm001/fdklib/fdk73_build/stdcell733_d.0.0//fram/nn/d04_nn. (PSYN-878)
Information: linking reference library : /nfs/site/disks/icf_fdk_aocvm001/fdklib/fdk73_build/stdcell733_d.0.0//fram/wn/d04_wn. (PSYN-878)
Information: linking reference library : /nfs/site/disks/icf_fdk_aocvm001/fdklib/fdk73_build/stdcell733_d.0.0//fram/yn/d04_yn. (PSYN-878)
Information: linking reference library : /nfs/ch/disks/ch_ciaf_disk032/fdk73/shelf/repo/halo/dot3/fram/1.6/7/intel73halo_d04. (PSYN-878)
Warning: The 'vcc' cell in the 'd04_ln_misc_p1273_3x1r6u1_psss_0.75v_-10c_nldm' technology library is being 
	marked as "dont_use". (PSYN-039)
Warning: The 'vcc' cell in the 'd04_ln_misc_p1273_3x1r6u1_psss_0.75v_-10c_nldm' technology library does not 
	have corresponding physical cell description. (PSYN-024)
Warning: The 'vss' cell in the 'd04_ln_misc_p1273_3x1r6u1_psss_0.75v_-10c_nldm' technology library is being 
	marked as "dont_use". (PSYN-039)
Warning: The 'vss' cell in the 'd04_ln_misc_p1273_3x1r6u1_psss_0.75v_-10c_nldm' technology library does not 
	have corresponding physical cell description. (PSYN-024)
Warning: The 'vcc' cell in the 'd04_nn_misc_p1273_3x1r6u1_psss_0.75v_-10c_nldm' technology library is being 
	marked as "dont_use". (PSYN-039)
Warning: The 'vcc' cell in the 'd04_nn_misc_p1273_3x1r6u1_psss_0.75v_-10c_nldm' technology library does not 
	have corresponding physical cell description. (PSYN-024)
Warning: The 'vss' cell in the 'd04_nn_misc_p1273_3x1r6u1_psss_0.75v_-10c_nldm' technology library is being 
	marked as "dont_use". (PSYN-039)
Warning: The 'vss' cell in the 'd04_nn_misc_p1273_3x1r6u1_psss_0.75v_-10c_nldm' technology library does not 
	have corresponding physical cell description. (PSYN-024)
Warning: The 'vcc' cell in the 'd04_wn_misc_p1273_3x1r6u1_psss_0.75v_-10c_nldm' technology library is being 
	marked as "dont_use". (PSYN-039)
Warning: The 'vcc' cell in the 'd04_wn_misc_p1273_3x1r6u1_psss_0.75v_-10c_nldm' technology library does not 
	have corresponding physical cell description. (PSYN-024)
Warning: The 'vss' cell in the 'd04_wn_misc_p1273_3x1r6u1_psss_0.75v_-10c_nldm' technology library is being 
	marked as "dont_use". (PSYN-039)
Warning: The 'vss' cell in the 'd04_wn_misc_p1273_3x1r6u1_psss_0.75v_-10c_nldm' technology library does not 
	have corresponding physical cell description. (PSYN-024)
Warning: The 'vcc' cell in the 'd04_yn_misc_p1273_3x1r6u1_psss_0.75v_-10c_nldm' technology library is being 
	marked as "dont_use". (PSYN-039)
Warning: The 'vcc' cell in the 'd04_yn_misc_p1273_3x1r6u1_psss_0.75v_-10c_nldm' technology library does not 
	have corresponding physical cell description. (PSYN-024)
Warning: The 'vss' cell in the 'd04_yn_misc_p1273_3x1r6u1_psss_0.75v_-10c_nldm' technology library is being 
	marked as "dont_use". (PSYN-039)
Warning: The 'vss' cell in the 'd04_yn_misc_p1273_3x1r6u1_psss_0.75v_-10c_nldm' technology library does not 
	have corresponding physical cell description. (PSYN-024)
Information: Loading local_link_library attribute {d04_ln_p1273_3x1r6u1_psss_0.75v_-10c_ccst.ldb, d04_wn_p1273_3x1r6u1_psss_0.75v_-10c_ccst.ldb, d04_nn_p1273_3x1r6u1_psss_0.75v_-10c_ccst.ldb, d04_yn_p1273_3x1r6u1_psss_0.75v_-10c_ccst.ldb, d04_ln_misc_p1273_3x1r6u1_psss_0.75v_-10c_nldm.ldb, d04_nn_misc_p1273_3x1r6u1_psss_0.75v_-10c_nldm.ldb, d04_wn_misc_p1273_3x1r6u1_psss_0.75v_-10c_nldm.ldb, d04_yn_misc_p1273_3x1r6u1_psss_0.75v_-10c_nldm.ldb}. (MWDC-290)

  Linking design 'fdkex'
  Using the following designs and libraries:
  --------------------------------------------------------------------------
  * (5 designs)               fdkex.CEL, etc
  d04_ln_p1273_3x1r6u1_psss_0.75v_-10c_ccst (library)
                              /p/fdk/fdk73/builds/stdcells/stdcell733_d.0.0/ccs/ln/d04_ln_p1273_3x1r6u1_psss_0.75v_-10c_ccst.ldb
  d04_wn_p1273_3x1r6u1_psss_0.75v_-10c_ccst (library)
                              /p/fdk/fdk73/builds/stdcells/stdcell733_d.0.0/ccs/wn/d04_wn_p1273_3x1r6u1_psss_0.75v_-10c_ccst.ldb
  d04_nn_p1273_3x1r6u1_psss_0.75v_-10c_ccst (library)
                              /p/fdk/fdk73/builds/stdcells/stdcell733_d.0.0/ccs/nn/d04_nn_p1273_3x1r6u1_psss_0.75v_-10c_ccst.ldb
  d04_yn_p1273_3x1r6u1_psss_0.75v_-10c_ccst (library)
                              /p/fdk/fdk73/builds/stdcells/stdcell733_d.0.0/ccs/yn/d04_yn_p1273_3x1r6u1_psss_0.75v_-10c_ccst.ldb
  d04_ln_misc_p1273_3x1r6u1_psss_0.75v_-10c_nldm (library)
                              /p/fdk/fdk73/builds/stdcells/stdcell733_d.0.0_misc/lib/ln/d04_ln_misc_p1273_3x1r6u1_psss_0.75v_-10c_nldm.ldb
  d04_nn_misc_p1273_3x1r6u1_psss_0.75v_-10c_nldm (library)
                              /p/fdk/fdk73/builds/stdcells/stdcell733_d.0.0_misc/lib/nn/d04_nn_misc_p1273_3x1r6u1_psss_0.75v_-10c_nldm.ldb
  d04_wn_misc_p1273_3x1r6u1_psss_0.75v_-10c_nldm (library)
                              /p/fdk/fdk73/builds/stdcells/stdcell733_d.0.0_misc/lib/wn/d04_wn_misc_p1273_3x1r6u1_psss_0.75v_-10c_nldm.ldb
  d04_yn_misc_p1273_3x1r6u1_psss_0.75v_-10c_nldm (library)
                              /p/fdk/fdk73/builds/stdcells/stdcell733_d.0.0_misc/lib/yn/d04_yn_misc_p1273_3x1r6u1_psss_0.75v_-10c_nldm.ldb
  dw_foundation.sldb (library)
                              /p/foundry/eda/em64t_SLES11/iccompiler/J-2014.09-SP1/libraries/syn/dw_foundation.sldb

Information: The design has horizontal rows, and Y-symmetry has been used for sites. (MWDC-217)
Information: The design has horizontal rows, and Y-symmetry has been used for sites. (MWDC-217)
Information: The design has horizontal rows, and Y-symmetry has been used for sites. (MWDC-217)
Floorplan loading succeeded.

Design          Type    Object                  New Name
--------------------------------------------------------------------------------
fdkex           net     n3472                   test_so3
fdkex           net     n3243                   test_so6
fdkex           net     n1293                   test_so16
fdkex           net     n3474                   test_so13
Information: Updating database...
Information: Updating top database 'fdkex.CEL;1'. (MWDC-255)
...... Found Power Switch Cell d04pws00ld0b0 with output port gtdout
...... Found Power Switch Cell d04pws00ld8b0 with output port gtdout
...... Found Power Switch Cell d04pws00lq8b0 with output port gtdout
...... Found Power Switch Cell d04pws10ld8b0 with output port gtdout
...... Found Power Switch Cell d04pws10lq8b0 with output port gtdout
...... Found Power Switch Cell d04pws10lqtb0 with output port gtdout
...... Found Power Switch Cell d04pws00nd0b0 with output port gtdout
...... Found Power Switch Cell d04pws00nd8b0 with output port gtdout
...... Found Power Switch Cell d04pws00nq8b0 with output port gtdout
...... Found Power Switch Cell d04pws10nd8b0 with output port gtdout
...... Found Power Switch Cell d04pws10nq8b0 with output port gtdout
...... Found Power Switch Cell d04pws10nqtb0 with output port gtdout
...... Found Power Switch Cell d04pws00wd0b0 with output port gtdout
...... Found Power Switch Cell d04pws00wd8b0 with output port gtdout
...... Found Power Switch Cell d04pws00wq8b0 with output port gtdout
...... Found Power Switch Cell d04pws10wd8b0 with output port gtdout
...... Found Power Switch Cell d04pws10wq8b0 with output port gtdout
...... Found Power Switch Cell d04pws10wqtb0 with output port gtdout
...... Found Power Switch Cell d04pws00yd0b0 with output port gtdout
...... Found Power Switch Cell d04pws00yd8b0 with output port gtdout
...... Found Power Switch Cell d04pws00yq8b0 with output port gtdout
...... Found Power Switch Cell d04pws10yd8b0 with output port gtdout
...... Found Power Switch Cell d04pws10yq8b0 with output port gtdout
...... Found Power Switch Cell d04pws10yqtb0 with output port gtdout
1

Design          Type    Object                  New Name
--------------------------------------------------------------------------------
Information: Updating database...
Information: Updating top database 'fdkex.CEL;1'. (MWDC-255)
...... Found Power Switch Cell d04pws00ld0b0 with output port gtdout
...... Found Power Switch Cell d04pws00ld8b0 with output port gtdout
...... Found Power Switch Cell d04pws00lq8b0 with output port gtdout
...... Found Power Switch Cell d04pws10ld8b0 with output port gtdout
...... Found Power Switch Cell d04pws10lq8b0 with output port gtdout
...... Found Power Switch Cell d04pws10lqtb0 with output port gtdout
...... Found Power Switch Cell d04pws00nd0b0 with output port gtdout
...... Found Power Switch Cell d04pws00nd8b0 with output port gtdout
...... Found Power Switch Cell d04pws00nq8b0 with output port gtdout
...... Found Power Switch Cell d04pws10nd8b0 with output port gtdout
...... Found Power Switch Cell d04pws10nq8b0 with output port gtdout
...... Found Power Switch Cell d04pws10nqtb0 with output port gtdout
...... Found Power Switch Cell d04pws00wd0b0 with output port gtdout
...... Found Power Switch Cell d04pws00wd8b0 with output port gtdout
...... Found Power Switch Cell d04pws00wq8b0 with output port gtdout
...... Found Power Switch Cell d04pws10wd8b0 with output port gtdout
...... Found Power Switch Cell d04pws10wq8b0 with output port gtdout
...... Found Power Switch Cell d04pws10wqtb0 with output port gtdout
...... Found Power Switch Cell d04pws00yd0b0 with output port gtdout
...... Found Power Switch Cell d04pws00yd8b0 with output port gtdout
...... Found Power Switch Cell d04pws00yq8b0 with output port gtdout
...... Found Power Switch Cell d04pws10yd8b0 with output port gtdout
...... Found Power Switch Cell d04pws10yq8b0 with output port gtdout
...... Found Power Switch Cell d04pws10yqtb0 with output port gtdout
1
