
Prining logic levels per start/end point

Startpoint, Endpoint, # of logic cells, slack
=============================================
scan_enable, flag_ded_alu, 5, -329.539
scan_enable, flag_ded0, 5, -328.679
Warning: No cell objects matched '-of_objects collection' (SEL-004)
test_tm, fifo0/clk_gate_data_mem_reg_27__latch/te, 7, -344.361
Warning: No cell objects matched '-of_objects collection' (SEL-004)
en_wr_alu, fifo2/clk_gate_data_mem_reg_6__5_latch/en, 9, -343.019
Warning: No cell objects matched '-of_objects collection' (SEL-004)
en_wr_alu, fifo2/clk_gate_data_mem_reg_17__4_latch/en, 8, -342.276
Warning: No cell objects matched '-of_objects collection' (SEL-004)
scan_enable, fifo0/data_mem_reg_28__51_/ss, 12, -341.112
Warning: No cell objects matched '-of_objects collection' (SEL-004)
scan_enable, fifo0/data_mem_reg_28__49_/ss, 12, -340.829
Warning: No cell objects matched '-of_objects collection' (SEL-004)
test_tm, fifo0/clk_gate_data_mem_reg_22__0_latch/te, 7, -340.778
Warning: No cell objects matched '-of_objects collection' (SEL-004)
test_tm, fifo0/clk_gate_data_mem_reg_4__0_latch/te, 7, -339.323
Warning: No cell objects matched '-of_objects collection' (SEL-004)
en_wr_alu, fifo2/clk_gate_data_mem_reg_1__0_latch/en, 9, -339.063
Warning: No cell objects matched '-of_objects collection' (SEL-004)
test_tm, fifo0/clk_gate_data_mem_reg_1__0_latch/te, 7, -338.532
Warning: No cell objects matched '-of_objects collection' (SEL-004)
scan_enable, fifo0/data_mem_reg_30__46_/ss, 12, -336.045
Warning: No cell objects matched '-of_objects collection' (SEL-004)
scan_enable, fifo0/data_mem_reg_30__50_/ss, 12, -334.781
Warning: No cell objects matched '-of_objects collection' (SEL-004)
en_wr_alu, fifo2/clk_gate_data_mem_reg_28__4_latch/en, 8, -332.896
Warning: No cell objects matched '-of_objects collection' (SEL-004)
en_wr_alu, fifo2/clk_gate_data_mem_reg_23__latch/en, 8, -332.224
Warning: No cell objects matched '-of_objects collection' (SEL-004)
scan_enable, fifo0/data_mem_reg_19__30_/ss, 12, -331.674
Warning: No cell objects matched '-of_objects collection' (SEL-004)
scan_enable, fifo0/data_mem_reg_19__32_/ss, 12, -331.434
Warning: No cell objects matched '-of_objects collection' (SEL-004)
scan_enable, fifo0/data_mem_reg_9__31_/ss, 12, -331.104
Warning: No cell objects matched '-of_objects collection' (SEL-004)
scan_enable, fifo0/data_mem_reg_9__30_/ss, 12, -330.506
Warning: No cell objects matched '-of_objects collection' (SEL-004)
en_wr_alu, fifo2/clk_gate_data_mem_reg_18__3_latch/en, 8, -330.333
Warning: No cell objects matched '-of_objects collection' (SEL-004)
en_wr_alu, fifo2/clk_gate_data_mem_reg_30__7_latch/en, 8, -329.725
Warning: No cell objects matched '-of_objects collection' (SEL-004)
scan_enable, fifo0/data_mem_reg_26__53_/ss, 12, -328.688
Warning: No cell objects matched '-of_objects collection' (SEL-004)
en_wr_alu, fifo2/clk_gate_data_mem_reg_18__2_latch/en, 8, -327.704
Warning: No cell objects matched '-of_objects collection' (SEL-004)
din0[29], gen_ecc_in0_ecc_reg_1_/d, 7, -327.664
Warning: No cell objects matched '-of_objects collection' (SEL-004)
scan_enable, fifo0/data_mem_reg_9__51_/ss, 12, -326.949
Warning: No cell objects matched '-of_objects collection' (SEL-004)
en_wr_alu, fifo2/clk_gate_data_mem_reg_5__latch/en, 10, -326.876
Warning: No cell objects matched '-of_objects collection' (SEL-004)
scan_enable, fifo0/data_mem_reg_29__50_/ss, 12, -326.559
Warning: No cell objects matched '-of_objects collection' (SEL-004)
LOCKUP1/clkb, test_so14, 1, -253.206
Warning: No cell objects matched '-of_objects collection' (SEL-004)
fifo1/LOCKUP1/clkb, test_so6, 2, -251.167
Warning: No cell objects matched '-of_objects collection' (SEL-004)
LOCKUP6/clkb, test_so19, 1, -250.091
Warning: No cell objects matched '-of_objects collection' (SEL-004)
fifo2/LOCKUP4/clkb, test_so12, 1, -248.776
Warning: No cell objects matched '-of_objects collection' (SEL-004)
LOCKUP5/clkb, test_so18, 1, -246.481
Warning: No cell objects matched '-of_objects collection' (SEL-004)
fifo2/LOCKUP3/clkb, test_so11, 1, -246.476
Warning: No cell objects matched '-of_objects collection' (SEL-004)
fifo2/LOCKUP2/clkb, test_so10, 1, -246.199
Warning: No cell objects matched '-of_objects collection' (SEL-004)
LOCKUP4/clkb, test_so17, 0, -245.671
Warning: No cell objects matched '-of_objects collection' (SEL-004)
fifo0/LOCKUP/clkb, test_so3, 2, -243.64
Warning: No cell objects matched '-of_objects collection' (SEL-004)
fifo2/LOCKUP/clkb, test_so8, 1, -240.464
Warning: No cell objects matched '-of_objects collection' (SEL-004)
fifo2/LOCKUP5/clkb, test_so13, 2, -238.933
Warning: No cell objects matched '-of_objects collection' (SEL-004)
check_ecc_alu0/LOCKUP/clkb, flag_ded_alu, 2, -238.23
Warning: No cell objects matched '-of_objects collection' (SEL-004)
fifo2/LOCKUP1/clkb, test_so9, 1, -228.748
Warning: No cell objects matched '-of_objects collection' (SEL-004)
LOCKUP/clkb, flag_ded0, 4, -223.74
Warning: No cell objects matched '-of_objects collection' (SEL-004)
fifo0/LOCKUP1/clkb, test_so4, 1, -223.067
Warning: No cell objects matched '-of_objects collection' (SEL-004)
fifo1/LOCKUP/clkb, test_so5, 0, -217.065
Warning: No cell objects matched '-of_objects collection' (SEL-004)
LOCKUP2/clkb, test_so15, 0, -214.465
Warning: No cell objects matched '-of_objects collection' (SEL-004)
fifo1/LOCKUP2/clkb, test_so7, 0, -212.709
Warning: No cell objects matched '-of_objects collection' (SEL-004)
LOCKUP3/clkb, test_so16, 0, -212.685
Warning: No cell objects matched '-of_objects collection' (SEL-004)
check_ecc_alu0/secded_alu0_data_rxc_reg_94_/clk, dout[94], 1, -29.2682
Warning: No cell objects matched '-of_objects collection' (SEL-004)
check_ecc_alu0/secded_alu0_data_rxc_reg_15_/clk, dout[15], 0, -24.907
Warning: No cell objects matched '-of_objects collection' (SEL-004)
check_ecc_alu0/secded_alu0_data_rxc_reg_103_/clk, dout[103], 1, -24.1392
Warning: No cell objects matched '-of_objects collection' (SEL-004)
check_ecc_alu0/secded_alu0_data_rxc_reg_90_/clk, dout[90], 1, -23.6399
Warning: No cell objects matched '-of_objects collection' (SEL-004)
check_ecc_alu0/secded_alu0_data_rxc_reg_8_/clk, dout[8], 0, -23.3766
Warning: No cell objects matched '-of_objects collection' (SEL-004)
check_ecc_alu0/secded_alu0_data_rxc_reg_3_/clk, dout[3], 0, -22.6562
Warning: No cell objects matched '-of_objects collection' (SEL-004)
Warning: No cell objects matched '-of_objects collection' (SEL-004)
fifo2/data_rd_reg_128_/clk, check_ecc_alu0/secded_alu0_data_tmp_reg_93_/d, 19, -74.3171
Warning: No cell objects matched '-of_objects collection' (SEL-004)
Warning: No cell objects matched '-of_objects collection' (SEL-004)
fifo2/data_rd_reg_128_/clk, check_ecc_alu0/secded_alu0_data_tmp_reg_91_/d, 16, -73.6374
Warning: No cell objects matched '-of_objects collection' (SEL-004)
Warning: No cell objects matched '-of_objects collection' (SEL-004)
fifo2/data_rd_reg_128_/clk, check_ecc_alu0/secded_alu0_data_tmp_reg_81_/d, 19, -73.2928
Warning: No cell objects matched '-of_objects collection' (SEL-004)
Warning: No cell objects matched '-of_objects collection' (SEL-004)
fifo2/data_rd_reg_128_/clk, check_ecc_alu0/secded_alu0_data_tmp_reg_80_/d, 19, -71.7725
Warning: No cell objects matched '-of_objects collection' (SEL-004)
Warning: No cell objects matched '-of_objects collection' (SEL-004)
fifo2/data_rd_reg_128_/clk, check_ecc_alu0/secded_alu0_data_tmp_reg_64_/d, 17, -71.5045
Warning: No cell objects matched '-of_objects collection' (SEL-004)
Warning: No cell objects matched '-of_objects collection' (SEL-004)
fifo2/data_rd_reg_128_/clk, check_ecc_alu0/secded_alu0_data_tmp_reg_59_/d, 13, -71.2783
Warning: No cell objects matched '-of_objects collection' (SEL-004)
Warning: No cell objects matched '-of_objects collection' (SEL-004)
fifo2/data_rd_reg_128_/clk, check_ecc_alu0/secded_alu0_data_tmp_reg_57_/d, 14, -70.481
Warning: No cell objects matched '-of_objects collection' (SEL-004)
Warning: No cell objects matched '-of_objects collection' (SEL-004)
fifo2/data_rd_reg_128_/clk, check_ecc_alu0/secded_alu0_data_tmp_reg_82_/d, 16, -69.9054
Warning: No cell objects matched '-of_objects collection' (SEL-004)
Warning: No cell objects matched '-of_objects collection' (SEL-004)
fifo2/data_rd_reg_128_/clk, check_ecc_alu0/secded_alu0_data_tmp_reg_65_/d, 19, -69.7001
Warning: No cell objects matched '-of_objects collection' (SEL-004)
Warning: No cell objects matched '-of_objects collection' (SEL-004)
fifo2/data_rd_reg_128_/clk, check_ecc_alu0/secded_alu0_data_tmp_reg_122_/d, 15, -69.3454
Warning: No cell objects matched '-of_objects collection' (SEL-004)
Warning: No cell objects matched '-of_objects collection' (SEL-004)
fifo2/data_rd_reg_128_/clk, check_ecc_alu0/secded_alu0_data_tmp_reg_79_/d, 19, -69.0637
Warning: No cell objects matched '-of_objects collection' (SEL-004)
Warning: No cell objects matched '-of_objects collection' (SEL-004)
fifo2/data_rd_reg_128_/clk, check_ecc_alu0/secded_alu0_data_tmp_reg_75_/d, 16, -69.0559
Warning: No cell objects matched '-of_objects collection' (SEL-004)
Warning: No cell objects matched '-of_objects collection' (SEL-004)
fifo2/data_rd_reg_128_/clk, check_ecc_alu0/secded_alu0_data_tmp_reg_88_/d, 19, -69.0402
Warning: No cell objects matched '-of_objects collection' (SEL-004)
Warning: No cell objects matched '-of_objects collection' (SEL-004)
fifo2/data_rd_reg_128_/clk, check_ecc_alu0/secded_alu0_data_tmp_reg_62_/d, 14, -69.0328
Warning: No cell objects matched '-of_objects collection' (SEL-004)
Warning: No cell objects matched '-of_objects collection' (SEL-004)
fifo2/data_rd_reg_128_/clk, check_ecc_alu0/secded_alu0_data_tmp_reg_74_/d, 19, -68.7159
Warning: No cell objects matched '-of_objects collection' (SEL-004)
Warning: No cell objects matched '-of_objects collection' (SEL-004)
fifo2/data_rd_reg_128_/clk, check_ecc_alu0/secded_alu0_data_tmp_reg_90_/d, 12, -68.7131
Warning: No cell objects matched '-of_objects collection' (SEL-004)
Warning: No cell objects matched '-of_objects collection' (SEL-004)
fifo2/data_rd_reg_128_/clk, check_ecc_alu0/secded_alu0_data_tmp_reg_58_/d, 14, -68.3399
Warning: No cell objects matched '-of_objects collection' (SEL-004)
Warning: No cell objects matched '-of_objects collection' (SEL-004)
fifo2/data_rd_reg_128_/clk, check_ecc_alu0/secded_alu0_data_tmp_reg_73_/d, 19, -67.9098
Warning: No cell objects matched '-of_objects collection' (SEL-004)
Warning: No cell objects matched '-of_objects collection' (SEL-004)
fifo2/data_rd_reg_128_/clk, check_ecc_alu0/secded_alu0_data_tmp_reg_94_/d, 16, -67.8986
Warning: No cell objects matched '-of_objects collection' (SEL-004)
Warning: No cell objects matched '-of_objects collection' (SEL-004)
fifo2/data_rd_reg_128_/clk, check_ecc_alu0/secded_alu0_data_tmp_reg_121_/d, 15, -67.5893
Warning: No cell objects matched '-of_objects collection' (SEL-004)
Warning: No cell objects matched '-of_objects collection' (SEL-004)
fifo2/data_rd_reg_128_/clk, check_ecc_alu0/secded_alu0_data_tmp_reg_68_/d, 18, -67.2502
Warning: No cell objects matched '-of_objects collection' (SEL-004)
Warning: No cell objects matched '-of_objects collection' (SEL-004)
fifo2/data_rd_reg_128_/clk, check_ecc_alu0/secded_alu0_data_tmp_reg_123_/d, 15, -67.2097
Warning: No cell objects matched '-of_objects collection' (SEL-004)
Warning: No cell objects matched '-of_objects collection' (SEL-004)
fifo2/data_rd_reg_128_/clk, check_ecc_alu0/secded_alu0_data_tmp_reg_61_/d, 14, -67.0776
Warning: No cell objects matched '-of_objects collection' (SEL-004)
Warning: No cell objects matched '-of_objects collection' (SEL-004)
fifo2/data_rd_reg_128_/clk, check_ecc_alu0/secded_alu0_data_tmp_reg_55_/d, 14, -67.0142
Warning: No cell objects matched '-of_objects collection' (SEL-004)
Warning: No cell objects matched '-of_objects collection' (SEL-004)
fifo2/data_rd_reg_128_/clk, check_ecc_alu0/secded_alu0_data_tmp_reg_66_/d, 16, -66.9656
Warning: No cell objects matched '-of_objects collection' (SEL-004)
Warning: No cell objects matched '-of_objects collection' (SEL-004)
fifo2/addr_wr_reg_2_/clk, fifo2/clk_gate_data_mem_reg_30__7_latch/en, 6, 4.45966
Warning: No cell objects matched '-of_objects collection' (SEL-004)
Warning: No cell objects matched '-of_objects collection' (SEL-004)
fifo0/addr_wr_reg_0_/clk, fifo0/clk_gate_data_mem_reg_0__0_latch/en, 4, 5.98926
Warning: No cell objects matched '-of_objects collection' (SEL-004)
Warning: No cell objects matched '-of_objects collection' (SEL-004)
fifo0/addr_wr_reg_1_/clk, fifo0/clk_gate_data_mem_reg_21__0_latch/en, 3, 9.00977
Warning: No cell objects matched '-of_objects collection' (SEL-004)
Warning: No cell objects matched '-of_objects collection' (SEL-004)
fifo1/addr_wr_reg_1_/clk, fifo1/clk_gate_data_mem_reg_15__3_latch/en, 5, 12.6249
Warning: No cell objects matched '-of_objects collection' (SEL-004)
Warning: No cell objects matched '-of_objects collection' (SEL-004)
fifo2/addr_wr_reg_2_/clk, fifo2/clk_gate_data_mem_reg_30__latch/en, 6, 14.0341
Warning: No cell objects matched '-of_objects collection' (SEL-004)
Warning: No cell objects matched '-of_objects collection' (SEL-004)
fifo1/addr_wr_reg_1_/clk, fifo1/clk_gate_data_mem_reg_22__0_latch/en, 6, 15.1378
Warning: No cell objects matched '-of_objects collection' (SEL-004)
Warning: No cell objects matched '-of_objects collection' (SEL-004)
fifo1/addr_wr_reg_1_/clk, fifo1/clk_gate_data_mem_reg_15__latch/en, 5, 15.4732
Warning: No cell objects matched '-of_objects collection' (SEL-004)
Warning: No cell objects matched '-of_objects collection' (SEL-004)
fifo2/addr_wr_reg_2_/clk, fifo2/clk_gate_data_mem_reg_30__6_latch/en, 6, 15.8677
Warning: No cell objects matched '-of_objects collection' (SEL-004)
Warning: No cell objects matched '-of_objects collection' (SEL-004)
fifo1/addr_wr_reg_1_/clk, fifo1/clk_gate_data_mem_reg_15__0_latch/en, 5, 17.6996
Warning: No cell objects matched '-of_objects collection' (SEL-004)
Warning: No cell objects matched '-of_objects collection' (SEL-004)
fifo1/cnt_data_reg_3_/clk, fifo1/clk_gate_data_rd_reg_1_latch/en, 3, 19.1773
Warning: No cell objects matched '-of_objects collection' (SEL-004)
Warning: No cell objects matched '-of_objects collection' (SEL-004)
fifo2/addr_wr_reg_2_/clk, fifo2/clk_gate_data_mem_reg_28__4_latch/en, 5, 19.3047
Warning: No cell objects matched '-of_objects collection' (SEL-004)
Warning: No cell objects matched '-of_objects collection' (SEL-004)
fifo1/addr_wr_reg_1_/clk, fifo1/clk_gate_data_mem_reg_9__0_latch/en, 3, 19.54
Warning: No cell objects matched '-of_objects collection' (SEL-004)
Warning: No cell objects matched '-of_objects collection' (SEL-004)
fifo0/addr_wr_reg_4_/clk, fifo0/clk_gate_data_mem_reg_22__0_latch/en, 4, 20.5021
Warning: No cell objects matched '-of_objects collection' (SEL-004)
Warning: No cell objects matched '-of_objects collection' (SEL-004)
fifo1/cnt_data_reg_3_/clk, fifo1/clk_gate_data_rd_reg_latch/en, 3, 20.7297
Warning: No cell objects matched '-of_objects collection' (SEL-004)
Warning: No cell objects matched '-of_objects collection' (SEL-004)
fifo0/addr_wr_reg_1_/clk, fifo0/clk_gate_data_mem_reg_7__0_latch/en, 5, 26.5413
Warning: No cell objects matched '-of_objects collection' (SEL-004)
Warning: No cell objects matched '-of_objects collection' (SEL-004)
fifo1/addr_wr_reg_0_/clk, fifo1/clk_gate_data_mem_reg_24__2_latch/en, 4, 26.7091
Warning: No cell objects matched '-of_objects collection' (SEL-004)
Warning: No cell objects matched '-of_objects collection' (SEL-004)
fifo2/addr_wr_reg_0_/clk, fifo2/clk_gate_data_mem_reg_1__0_latch/en, 4, 27.043
Warning: No cell objects matched '-of_objects collection' (SEL-004)
Warning: No cell objects matched '-of_objects collection' (SEL-004)
fifo1/addr_wr_reg_0_/clk, fifo1/clk_gate_data_mem_reg_24__3_latch/en, 4, 27.4427
Warning: No cell objects matched '-of_objects collection' (SEL-004)
Warning: No cell objects matched '-of_objects collection' (SEL-004)
fifo2/addr_wr_reg_2_/clk, fifo2/clk_gate_data_mem_reg_12__latch/en, 6, 30.4206
Warning: No cell objects matched '-of_objects collection' (SEL-004)
Warning: No cell objects matched '-of_objects collection' (SEL-004)
fifo1/addr_wr_reg_1_/clk, fifo1/clk_gate_data_mem_reg_15__1_latch/en, 5, 31.7193
Warning: No cell objects matched '-of_objects collection' (SEL-004)
Warning: No cell objects matched '-of_objects collection' (SEL-004)
fifo2/addr_wr_reg_2_/clk, fifo2/clk_gate_data_mem_reg_30__0_latch/en, 6, 31.8231
Warning: No cell objects matched '-of_objects collection' (SEL-004)
Warning: No cell objects matched '-of_objects collection' (SEL-004)
fifo0/addr_wr_reg_1_/clk, fifo0/clk_gate_data_mem_reg_29__0_latch/en, 4, 34.978
Warning: No cell objects matched '-of_objects collection' (SEL-004)
Warning: No cell objects matched '-of_objects collection' (SEL-004)
fifo1/addr_wr_reg_1_/clk, fifo1/clk_gate_data_mem_reg_15__2_latch/en, 5, 35.1346
Warning: No cell objects matched '-of_objects collection' (SEL-004)
Warning: No cell objects matched '-of_objects collection' (SEL-004)
fifo1/cnt_data_reg_5_/clk, fifo1/clk_gate_data_mem_reg_31__0_latch/en, 8, 36.2616
Warning: No cell objects matched '-of_objects collection' (SEL-004)
Warning: No cell objects matched '-of_objects collection' (SEL-004)
fifo1/cnt_data_reg_3_/clk, fifo1/clk_gate_data_rd_reg_0_latch/en, 3, 36.294
