Create error cell fdkex_fill_lvs.err ...

-- LVS START : --
** Total SHORT Nets are 0.

-- LVS END : --
Elapsed =    0:00:21, CPU =    0:00:19

-- LVS START : --
Total area error in layer 0 is 0.  Elapsed =    0:00:04, CPU =    0:00:03
Total area error in layer 1 is 0.  Elapsed =    0:00:05, CPU =    0:00:04
Total area error in layer 2 is 0.  Elapsed =    0:00:07, CPU =    0:00:06
Total area error in layer 3 is 0.  Elapsed =    0:00:09, CPU =    0:00:08
Total area error in layer 4 is 0.  Elapsed =    0:00:09, CPU =    0:00:09
Total area error in layer 5 is 0.  Elapsed =    0:00:10, CPU =    0:00:09
Total area error in layer 6 is 0.  Elapsed =    0:00:10, CPU =    0:00:09
Total area error in layer 7 is 0.  Elapsed =    0:00:10, CPU =    0:00:09
Total area error in layer 8 is 0.  Elapsed =    0:00:10, CPU =    0:00:09
Total area error in layer 9 is 0.  Elapsed =    0:00:10, CPU =    0:00:09
Total area error in layer 10 is 0.  Elapsed =    0:00:10, CPU =    0:00:09
Total area error in layer 11 is 0.  Elapsed =    0:00:10, CPU =    0:00:09
Total area error in layer 12 is 0.  Elapsed =    0:00:10, CPU =    0:00:09
Total area error in layer 13 is 0.  Elapsed =    0:00:10, CPU =    0:00:09
Total area error in layer 14 is 0.  Elapsed =    0:00:10, CPU =    0:00:09
Total area error in layer 15 is 0.  Elapsed =    0:00:10, CPU =    0:00:09
** Total Floating ports are 0.
ERROR : There are more errors than default Max Error Number 200.
** Total Floating Nets are 200.
** Total OPEN Nets are 0.
** Total Electrical Equivalent Error are 0.
** Total Must Joint Error are 0.

-- LVS END : --
Elapsed =    0:00:12, CPU =    0:00:11
Update error cell ...
1
