Information: Updating graph... (UID-83)
Warning: Design 'fdkex' contains 1 high-fanout nets. A fanout number of 1000 will be used for delay calculations involving these nets. (TIM-134)
Information: Input delay ('rise') on clock port 'clk' will be added to the clock's propagated skew. (TIM-112)
Information: Input delay ('fall') on clock port 'clk' will be added to the clock's propagated skew. (TIM-112)
 
****************************************
Report : clock tree
Design : fdkex
Version: J-2014.09-SP1
Date   : Tue Mar 31 03:11:45 2015
****************************************

Information: Float pin scale factor for the 'max' operating condition of scenario 'default' is set to 1.000 (CTS-375)

============ Global Skew Report ================

Clock Tree Name                : "clk"
Clock Period                   : 500.00000      
Clock Tree root pin            : "clk"
Number of Levels               : 9
Number of Sinks                : 13948
Number of CT Buffers           : 534
Number of CTS added gates      : 0
Number of Preexisting Gates    : 856
Number of Preexisting Buf/Inv  : 0
Total Number of Clock Cells    : 1390
Total Area of CT Buffers       : 275.83633      
Total Area of CT cells         : 1268.46582     
Max Global Skew                : 51.88477  
Number of MaxTran Violators    : 372
Number of MaxCap Violators     : 0
Number of MaxFanout Violators  : 0


Operating Condition               worst
Clock global Skew                 51.885
Longest path delay                368.167
Shortest path delay               316.282

The longest path delay end pin: fifo2/data_mem_reg_24__2_/clk
The shortest path delay end pin: LOCKUP4/clkb

The longest Path:
Pin                                         Cap       Fanout    Trans     Incr      Arri
----------------------------------------------------------------------------------------------------
clk                                         0.000            1  0.000     0.000     0.000     r
clk                                         2.196            1  44.914    20.006    20.006    r
cts_d04gbf00nd0h0_BC/clk                    2.196            1  44.920    0.368     20.374    r
cts_d04gbf00nd0h0_BC/clkout                 10.351           2  14.922    36.738    57.112    r
cts_d04gbf00nd0j0_G2B6I1/clk                10.351           1  16.075    3.217     60.329    r
cts_d04gbf00nd0j0_G2B6I1/clkout             20.736           1  26.919    33.594    93.924    r
cts_d04gbf00nd0h0_G2B5I4/clk                20.736           1  35.474    13.946    107.870   r
cts_d04gbf00nd0h0_G2B5I4/clkout             22.025           3  31.114    39.768    147.638   r
cts_d04gbf00nd0l0_G2B4I3/clk                22.025           1  37.634    10.385    158.023   r
cts_d04gbf00nd0l0_G2B4I3/clkout             20.370           5  29.387    40.713    198.736   r
fifo2/cts_d04gbf00nd0j0_G2B3I27/clk         20.370           1  32.531    6.058     204.793   r
fifo2/cts_d04gbf00nd0j0_G2B3I27/clkout      18.086           8  25.920    37.487    242.280   r
fifo2/cts_d04gbf00nd0h0_G2B2I61/clk         18.086           1  29.160    5.750     248.030   r
fifo2/cts_d04gbf00nd0h0_G2B2I61/clkout      21.989           4  39.418    48.645    296.675   r
fifo2/clk_gate_data_mem_reg_24__latch/clk   21.989           1  43.917    6.885     303.559   r
fifo2/clk_gate_data_mem_reg_24__latch/clkout
                                            34.175          16  30.240    47.906    351.466   r
fifo2/data_mem_reg_24__2_/clk               34.175           0  46.388    16.701    368.167   r
[clock delay]                                                                       368.167
----------------------------------------------------------------------------------------------------

The Shortest Path:
Pin                                         Cap       Fanout    Trans     Incr      Arri
----------------------------------------------------------------------------------------------------
clk                                         0.000            1  0.000     0.000     0.000     f
clk                                         2.196            1  12.906    8.073     8.073     f
cts_d04gbf00nd0h0_BC/clk                    2.196            1  12.924    0.340     8.413     f
cts_d04gbf00nd0h0_BC/clkout                 10.351           2  12.061    28.288    36.701    f
cts_d04gbf00nd0j0_G2B6I2/clk                10.351           1  13.205    3.392     40.093    f
cts_d04gbf00nd0j0_G2B6I2/clkout             17.908           3  15.096    32.612    72.705    f
cts_d04gbf00nd0l0_G2B5I2/clk                17.908           1  19.066    5.393     78.098    f
cts_d04gbf00nd0l0_G2B5I2/clkout             15.191           3  20.767    40.618    118.716   f
cts_d04gbf00nd0h0_G2B4I7/clk                15.191           1  22.521    4.538     123.254   f
cts_d04gbf00nd0h0_G2B4I7/clkout             22.707           5  23.441    38.166    161.420   f
cts_d04gbf00nd0g0_G2B3I3/clk                22.707           1  27.949    7.125     168.544   f
cts_d04gbf00nd0g0_G2B3I3/clkout             14.563           6  14.514    38.685    207.229   f
init_mask_alu0_clk_gate_seed7_reg_9_latch/clk
                                            14.563           1  16.277    3.669     210.898   f
init_mask_alu0_clk_gate_seed7_reg_9_latch/clkout
                                            19.540           3  23.501    37.333    248.231   f
cts_d04gbf00nd0h0_G3B1I1/clk                19.540           1  26.786    5.796     254.027   f
cts_d04gbf00nd0h0_G3B1I1/clkout             8.068            1  23.547    57.456    311.483   f
LOCKUP4/clkb                                8.068            0  24.593    4.799     316.282   f
[clock delay]                                                                       316.282
----------------------------------------------------------------------------------------------------

1
 
****************************************
Report : clock timing
        -type transition
        -launch
        -nworst 100
        -setup
Design : fdkex
Version: J-2014.09-SP1
Date   : Tue Mar 31 03:12:01 2015
****************************************

  Clock: clk
                                     --- Latency ---
  Clock Pin                    Source    Network   Total     Trans
----------------------------------------------------------------------------
  fifo1/data_mem_reg_22__15_/clk
                               0.00      339.38    339.38    44.14     wrp-+
  fifo1/data_mem_reg_22__16_/clk
                               0.00      339.62    339.62    44.14     wrp-+
  fifo1/data_mem_reg_22__17_/clk
                               0.00      339.68    339.68    44.14     wrp-+
  fifo1/data_mem_reg_22__18_/clk
                               0.00      339.24    339.24    44.14     wrp-+
  fifo1/data_mem_reg_22__19_/clk
                               0.00      339.53    339.53    44.14     wrp-+
  fifo1/data_mem_reg_22__20_/clk
                               0.00      339.57    339.57    44.14     wrp-+
  fifo1/data_mem_reg_22__26_/clk
                               0.00      339.30    339.30    44.14     wrp-+
  fifo1/data_mem_reg_22__28_/clk
                               0.00      339.64    339.64    44.14     wrp-+
  fifo0/data_mem_reg_4__15_/clk
                               0.00      342.42    342.42    43.32     wrp-+
  fifo0/data_mem_reg_4__16_/clk
                               0.00      342.89    342.89    43.32     wrp-+
  fifo0/data_mem_reg_4__17_/clk
                               0.00      342.81    342.81    43.32     wrp-+
  fifo0/data_mem_reg_4__18_/clk
                               0.00      342.84    342.84    43.32     wrp-+
  fifo0/data_mem_reg_4__20_/clk
                               0.00      343.11    343.11    43.32     wrp-+
  fifo0/data_mem_reg_4__25_/clk
                               0.00      343.14    343.14    43.32     wrp-+
  fifo0/data_mem_reg_21__15_/clk
                               0.00      348.83    348.83    43.15     wrp-+
  fifo0/data_mem_reg_21__16_/clk
                               0.00      349.36    349.36    43.15     wrp-+
  fifo0/data_mem_reg_21__17_/clk
                               0.00      349.25    349.25    43.15     wrp-+
  fifo0/data_mem_reg_21__18_/clk
                               0.00      349.12    349.12    43.15     wrp-+
  fifo0/data_mem_reg_21__19_/clk
                               0.00      349.57    349.57    43.15     wrp-+
  fifo0/data_mem_reg_21__20_/clk
                               0.00      348.66    348.66    43.15     wrp-+
  fifo0/data_mem_reg_21__21_/clk
                               0.00      349.62    349.62    43.15     wrp-+
  fifo0/data_mem_reg_21__25_/clk
                               0.00      349.55    349.55    43.15     wrp-+
  fifo1/data_mem_reg_14__15_/clk
                               0.00      351.75    351.75    43.01     wrp-+
  fifo1/data_mem_reg_14__16_/clk
                               0.00      351.80    351.80    43.01     wrp-+
  fifo1/data_mem_reg_14__17_/clk
                               0.00      352.25    352.25    43.01     wrp-+
  fifo1/data_mem_reg_14__18_/clk
                               0.00      351.77    351.77    43.01     wrp-+
  fifo1/data_mem_reg_14__19_/clk
                               0.00      351.66    351.66    43.01     wrp-+
  fifo1/data_mem_reg_14__20_/clk
                               0.00      351.63    351.63    43.01     wrp-+
  fifo1/data_mem_reg_22__21_/clk
                               0.00      342.44    342.44    42.91     wrp-+
  fifo1/data_mem_reg_22__22_/clk
                               0.00      342.34    342.34    42.91     wrp-+
  fifo1/data_mem_reg_22__23_/clk
                               0.00      342.50    342.50    42.91     wrp-+
  fifo1/data_mem_reg_22__24_/clk
                               0.00      342.56    342.56    42.91     wrp-+
  fifo1/data_mem_reg_22__25_/clk
                               0.00      342.35    342.35    42.91     wrp-+
  fifo1/data_mem_reg_22__27_/clk
                               0.00      342.69    342.69    42.91     wrp-+
  fifo1/data_mem_reg_22__29_/clk
                               0.00      342.76    342.76    42.91     wrp-+
  fifo0/data_mem_reg_0__15_/clk
                               0.00      345.91    345.91    42.86     wrp-+
  fifo0/data_mem_reg_0__16_/clk
                               0.00      345.91    345.91    42.86     wrp-+
  fifo0/data_mem_reg_0__19_/clk
                               0.00      345.39    345.39    42.86     wrp-+
  fifo0/data_mem_reg_0__20_/clk
                               0.00      345.74    345.74    42.86     wrp-+
  fifo0/data_mem_reg_0__21_/clk
                               0.00      345.99    345.99    42.86     wrp-+
  fifo0/data_mem_reg_0__22_/clk
                               0.00      346.70    346.70    42.86     wrp-+
  fifo0/data_mem_reg_0__23_/clk
                               0.00      346.19    346.19    42.86     wrp-+
  fifo0/data_mem_reg_0__24_/clk
                               0.00      346.59    346.59    42.86     wrp-+
  fifo0/data_mem_reg_0__25_/clk
                               0.00      345.49    345.49    42.86     wrp-+
  fifo1/data_mem_reg_9__15_/clk
                               0.00      341.59    341.59    42.30     wrp-+
  fifo1/data_mem_reg_9__16_/clk
                               0.00      342.14    342.14    42.30     wrp-+
  fifo1/data_mem_reg_9__17_/clk
                               0.00      341.99    341.99    42.30     wrp-+
  fifo1/data_mem_reg_9__18_/clk
                               0.00      341.92    341.92    42.30     wrp-+
  fifo1/data_mem_reg_9__19_/clk
                               0.00      342.07    342.07    42.30     wrp-+
  fifo1/data_mem_reg_9__20_/clk
                               0.00      342.29    342.29    42.30     wrp-+
  fifo0/data_mem_reg_7__15_/clk
                               0.00      342.90    342.90    42.15     wrp-+
  fifo0/data_mem_reg_7__16_/clk
                               0.00      342.40    342.40    42.15     wrp-+
  fifo0/data_mem_reg_7__17_/clk
                               0.00      344.02    344.02    42.15     wrp-+
  fifo0/data_mem_reg_7__18_/clk
                               0.00      343.92    343.92    42.15     wrp-+
  fifo0/data_mem_reg_7__19_/clk
                               0.00      342.00    342.00    42.15     wrp-+
  fifo0/data_mem_reg_7__20_/clk
                               0.00      342.85    342.85    42.15     wrp-+
  fifo0/data_mem_reg_7__21_/clk
                               0.00      342.58    342.58    42.15     wrp-+
  fifo0/data_mem_reg_7__22_/clk
                               0.00      342.80    342.80    42.15     wrp-+
  fifo0/data_mem_reg_7__23_/clk
                               0.00      342.73    342.73    42.15     wrp-+
  fifo0/data_mem_reg_7__24_/clk
                               0.00      342.76    342.76    42.15     wrp-+
  fifo0/data_mem_reg_7__25_/clk
                               0.00      341.83    341.83    42.15     wrp-+
  fifo2/data_mem_reg_23__0_/clk
                               0.00      354.84    354.84    42.12     wrp-+
  fifo2/data_mem_reg_23__1_/clk
                               0.00      354.60    354.60    42.12     wrp-+
  fifo2/data_mem_reg_23__2_/clk
                               0.00      354.81    354.81    42.12     wrp-+
  fifo2/data_mem_reg_23__3_/clk
                               0.00      354.58    354.58    42.12     wrp-+
  fifo2/data_mem_reg_23__4_/clk
                               0.00      354.90    354.90    42.12     wrp-+
  fifo2/data_mem_reg_23__5_/clk
                               0.00      355.43    355.43    42.12     wrp-+
  fifo2/data_mem_reg_23__6_/clk
                               0.00      355.39    355.39    42.12     wrp-+
  fifo2/data_mem_reg_23__7_/clk
                               0.00      354.96    354.96    42.12     wrp-+
  fifo2/data_mem_reg_23__8_/clk
                               0.00      355.00    355.00    42.12     wrp-+
  fifo2/data_mem_reg_23__9_/clk
                               0.00      354.59    354.59    42.12     wrp-+
  fifo2/data_mem_reg_23__10_/clk
                               0.00      355.40    355.40    42.12     wrp-+
  fifo2/data_mem_reg_23__11_/clk
                               0.00      355.25    355.25    42.12     wrp-+
  fifo2/data_mem_reg_23__12_/clk
                               0.00      354.71    354.71    42.12     wrp-+
  fifo2/data_mem_reg_23__13_/clk
                               0.00      354.45    354.45    42.12     wrp-+
  fifo2/data_mem_reg_23__14_/clk
                               0.00      354.55    354.55    42.12     wrp-+
  fifo2/data_mem_reg_23__15_/clk
                               0.00      354.73    354.73    42.12     wrp-+
  fifo0/data_mem_reg_21__22_/clk
                               0.00      351.11    351.11    41.86     wrp-+
  fifo0/data_mem_reg_21__23_/clk
                               0.00      351.32    351.32    41.86     wrp-+
  fifo0/data_mem_reg_21__24_/clk
                               0.00      351.27    351.27    41.86     wrp-+
  fifo0/data_mem_reg_21__26_/clk
                               0.00      351.50    351.50    41.86     wrp-+
  fifo0/data_mem_reg_21__27_/clk
                               0.00      351.13    351.13    41.86     wrp-+
  fifo0/data_mem_reg_21__28_/clk
                               0.00      351.34    351.34    41.86     wrp-+
  fifo0/data_mem_reg_21__29_/clk
                               0.00      351.06    351.06    41.86     wrp-+
  fifo1/data_mem_reg_27__58_/clk
                               0.00      360.76    360.76    41.79     wrp-+
  fifo1/data_mem_reg_27__59_/clk
                               0.00      360.76    360.76    41.79     wrp-+
  fifo1/data_mem_reg_27__60_/clk
                               0.00      360.38    360.38    41.79     wrp-+
  fifo1/data_mem_reg_27__61_/clk
                               0.00      360.69    360.69    41.79     wrp-+
  fifo1/data_mem_reg_27__62_/clk
                               0.00      360.45    360.45    41.79     wrp-+
  fifo1/data_mem_reg_27__63_/clk
                               0.00      360.28    360.28    41.79     wrp-+
  fifo1/data_mem_reg_27__64_/clk
                               0.00      359.84    359.84    41.79     wrp-+
  fifo1/data_mem_reg_27__65_/clk
                               0.00      359.20    359.20    41.79     wrp-+
  fifo1/data_mem_reg_27__66_/clk
                               0.00      360.47    360.47    41.79     wrp-+
  fifo1/data_mem_reg_27__67_/clk
                               0.00      359.87    359.87    41.79     wrp-+
  fifo1/data_mem_reg_27__68_/clk
                               0.00      360.54    360.54    41.79     wrp-+
  fifo1/data_mem_reg_27__69_/clk
                               0.00      360.52    360.52    41.79     wrp-+
  fifo1/data_mem_reg_27__70_/clk
                               0.00      360.44    360.44    41.79     wrp-+
  fifo1/data_mem_reg_27__71_/clk
                               0.00      360.21    360.21    41.79     wrp-+
  fifo0/data_mem_reg_22__15_/clk
                               0.00      340.02    340.02    41.40     wrp-+
  fifo0/data_mem_reg_22__16_/clk
                               0.00      338.37    338.37    41.40     wrp-+
----------------------------------------------------------------------------

1
 
****************************************
Report : clock timing
        -type latency
        -launch
        -nworst 100
        -setup
Design : fdkex
Version: J-2014.09-SP1
Date   : Tue Mar 31 03:12:01 2015
****************************************

  Clock: clk
                                               --- Latency ---
  Clock Pin                    Trans     Source    Network   Total
----------------------------------------------------------------------------
  fifo2/data_mem_reg_24__2_/clk
                               30.24     0.00      368.17    368.17    wrp-+
  fifo2/data_mem_reg_24__1_/clk
                               30.24     0.00      368.16    368.16    wrp-+
  fifo2/data_mem_reg_24__0_/clk
                               30.24     0.00      368.04    368.04    wrp-+
  fifo1/data_mem_reg_12__4_/clk
                               23.78     0.00      367.63    367.63    wrp-+
  fifo1/data_mem_reg_12__6_/clk
                               23.78     0.00      367.54    367.54    wrp-+
  fifo1/data_mem_reg_12__12_/clk
                               23.78     0.00      367.49    367.49    wrp-+
  fifo1/data_mem_reg_12__2_/clk
                               23.78     0.00      367.38    367.38    wrp-+
  fifo1/data_mem_reg_12__1_/clk
                               23.78     0.00      367.38    367.38    wrp-+
  fifo1/data_mem_reg_12__3_/clk
                               23.78     0.00      367.33    367.33    wrp-+
  fifo1/data_mem_reg_15__22_/clk
                               35.00     0.00      367.23    367.23    wrp-+
  fifo1/data_mem_reg_15__21_/clk
                               35.00     0.00      367.19    367.19    wrp-+
  fifo1/data_mem_reg_15__23_/clk
                               35.00     0.00      367.18    367.18    wrp-+
  fifo1/data_mem_reg_12__0_/clk
                               23.78     0.00      367.16    367.16    wrp-+
  fifo2/data_mem_reg_24__4_/clk
                               30.24     0.00      367.14    367.14    wrp-+
  fifo2/data_mem_reg_24__7_/clk
                               30.24     0.00      367.14    367.14    wrp-+
  fifo1/data_mem_reg_15__25_/clk
                               35.00     0.00      366.99    366.99    wrp-+
  fifo1/data_mem_reg_12__5_/clk
                               23.78     0.00      366.98    366.98    wrp-+
  fifo1/data_mem_reg_11__4_/clk
                               35.95     0.00      366.93    366.93    wrp-+
  fifo1/data_mem_reg_11__6_/clk
                               35.95     0.00      366.90    366.90    wrp-+
  fifo1/data_mem_reg_11__3_/clk
                               35.95     0.00      366.64    366.64    wrp-+
  fifo1/data_mem_reg_12__9_/clk
                               23.78     0.00      366.53    366.53    wrp-+
  fifo0/data_rd_reg_57_/clk    22.94     0.00      366.52    366.52    wrp-+
  fifo2/data_mem_reg_24__3_/clk
                               30.24     0.00      366.52    366.52    wrp-+
  fifo0/data_rd_reg_51_/clk    22.94     0.00      366.50    366.50    wrp-+
  fifo2/data_mem_reg_22__123_/clk
                               34.17     0.00      366.47    366.47    wrp-+
  fifo2/data_mem_reg_22__127_/clk
                               34.17     0.00      366.45    366.45    wrp-+
  fifo0/data_rd_reg_56_/clk    22.94     0.00      366.43    366.43    wrp-+
  fifo2/data_mem_reg_4__6_/clk 37.59     0.00      366.37    366.37    wrp-+
  fifo2/data_mem_reg_4__3_/clk 37.59     0.00      366.36    366.36    wrp-+
  fifo2/data_mem_reg_4__9_/clk 37.59     0.00      366.35    366.35    wrp-+
  fifo2/data_mem_reg_4__11_/clk
                               37.59     0.00      366.32    366.32    wrp-+
  fifo1/data_mem_reg_12__10_/clk
                               23.78     0.00      366.27    366.27    wrp-+
  fifo1/data_mem_reg_11__5_/clk
                               35.95     0.00      366.25    366.25    wrp-+
  fifo2/data_mem_reg_22__124_/clk
                               34.17     0.00      366.25    366.25    wrp-+
  fifo1/data_mem_reg_15__24_/clk
                               35.00     0.00      366.16    366.16    wrp-+
  fifo2/data_mem_reg_4__10_/clk
                               37.59     0.00      366.15    366.15    wrp-+
  fifo2/data_mem_reg_22__128_/clk
                               34.17     0.00      366.02    366.02    wrp-+
  fifo2/data_mem_reg_22__134_/clk
                               34.17     0.00      365.96    365.96    wrp-+
  fifo1/data_mem_reg_11__10_/clk
                               35.95     0.00      365.95    365.95    wrp-+
  fifo2/data_mem_reg_22__122_/clk
                               34.17     0.00      365.95    365.95    wrp-+
  fifo0/data_rd_reg_49_/clk    22.94     0.00      365.94    365.94    wrp-+
  fifo2/data_mem_reg_22__133_/clk
                               34.17     0.00      365.94    365.94    wrp-+
  fifo2/data_mem_reg_4__8_/clk 37.59     0.00      365.92    365.92    wrp-+
  fifo0/data_mem_reg_2__6_/clk 32.23     0.00      365.91    365.91    wrp-+
  fifo0/data_mem_reg_2__10_/clk
                               32.23     0.00      365.91    365.91    wrp-+
  fifo2/data_mem_reg_22__126_/clk
                               34.17     0.00      365.87    365.87    wrp-+
  fifo0/data_mem_reg_2__5_/clk 32.23     0.00      365.86    365.86    wrp-+
  fifo2/data_mem_reg_22__135_/clk
                               34.17     0.00      365.86    365.86    wrp-+
  fifo2/data_mem_reg_3__9_/clk 31.09     0.00      365.83    365.83    wrp-+
  fifo2/data_mem_reg_4__2_/clk 37.59     0.00      365.83    365.83    wrp-+
  fifo2/data_mem_reg_22__136_/clk
                               34.17     0.00      365.82    365.82    wrp-+
  fifo1/data_mem_reg_11__9_/clk
                               35.95     0.00      365.80    365.80    wrp-+
  fifo2/data_mem_reg_22__125_/clk
                               34.17     0.00      365.79    365.79    wrp-+
  fifo1/data_mem_reg_5__23_/clk
                               24.54     0.00      365.78    365.78    wrp-+
  fifo2/data_mem_reg_3__10_/clk
                               31.09     0.00      365.78    365.78    wrp-+
  fifo2/data_mem_reg_3__8_/clk 31.09     0.00      365.78    365.78    wrp-+
  fifo2/data_mem_reg_11__117_/clk
                               34.40     0.00      365.77    365.77    wrp-+
  fifo2/data_mem_reg_22__131_/clk
                               34.17     0.00      365.74    365.74    wrp-+
  fifo1/data_mem_reg_12__8_/clk
                               23.78     0.00      365.74    365.74    wrp-+
  fifo0/data_mem_reg_2__4_/clk 32.23     0.00      365.71    365.71    wrp-+
  fifo2/data_mem_reg_22__130_/clk
                               34.17     0.00      365.69    365.69    wrp-+
  fifo0/data_mem_reg_2__3_/clk 32.23     0.00      365.64    365.64    wrp-+
  fifo1/data_mem_reg_0__3_/clk 33.66     0.00      365.63    365.63    wrp-+
  fifo1/data_mem_reg_5__21_/clk
                               24.54     0.00      365.59    365.59    wrp-+
  fifo2/data_mem_reg_11__118_/clk
                               34.40     0.00      365.57    365.57    wrp-+
  fifo1/data_mem_reg_0__6_/clk 33.66     0.00      365.56    365.56    wrp-+
  fifo0/data_rd_reg_53_/clk    22.94     0.00      365.55    365.55    wrp-+
  fifo0/data_rd_reg_54_/clk    22.94     0.00      365.53    365.53    wrp-+
  fifo2/data_mem_reg_24__9_/clk
                               30.24     0.00      365.53    365.53    wrp-+
  fifo0/data_rd_reg_55_/clk    22.94     0.00      365.52    365.52    wrp-+
  fifo1/data_mem_reg_7__4_/clk 30.78     0.00      365.51    365.51    wrp-+
  fifo1/data_mem_reg_0__4_/clk 33.66     0.00      365.50    365.50    wrp-+
  fifo1/data_mem_reg_7__6_/clk 30.78     0.00      365.46    365.46    wrp-+
  fifo2/data_mem_reg_22__132_/clk
                               34.17     0.00      365.44    365.44    wrp-+
  fifo2/data_mem_reg_18__74_/clk
                               34.92     0.00      365.44    365.44    wrp-+
  fifo0/data_mem_reg_12__23_/clk
                               29.53     0.00      365.43    365.43    wrp-+
  fifo2/data_mem_reg_4__1_/clk 37.59     0.00      365.39    365.39    wrp-+
  fifo1/data_mem_reg_5__22_/clk
                               24.54     0.00      365.39    365.39    wrp-+
  fifo2/data_mem_reg_18__71_/clk
                               34.92     0.00      365.38    365.38    wrp-+
  fifo0/data_mem_reg_12__24_/clk
                               29.53     0.00      365.37    365.37    wrp-+
  fifo1/data_mem_reg_0__0_/clk 33.66     0.00      365.37    365.37    wrp-+
  fifo1/data_mem_reg_0__5_/clk 33.66     0.00      365.37    365.37    wrp-+
  fifo0/data_rd_reg_50_/clk    22.94     0.00      365.35    365.35    wrp-+
  fifo1/data_mem_reg_7__3_/clk 30.78     0.00      365.34    365.34    wrp-+
  fifo2/data_mem_reg_3__11_/clk
                               31.09     0.00      365.33    365.33    wrp-+
  fifo2/data_mem_reg_22__129_/clk
                               34.17     0.00      365.33    365.33    wrp-+
  fifo2/data_mem_reg_11__121_/clk
                               34.40     0.00      365.32    365.32    wrp-+
  fifo2/data_mem_reg_18__68_/clk
                               34.92     0.00      365.29    365.29    wrp-+
  fifo1/data_mem_reg_20__21_/clk
                               33.01     0.00      365.25    365.25    wrp-+
  fifo1/data_mem_reg_20__23_/clk
                               33.01     0.00      365.24    365.24    wrp-+
  fifo1/data_mem_reg_15__27_/clk
                               35.00     0.00      365.23    365.23    wrp-+
  fifo2/data_rd_reg_51_/clk    35.52     0.00      365.22    365.22    wrp-+
  fifo1/data_mem_reg_0__1_/clk 33.66     0.00      365.22    365.22    wrp-+
  fifo2/data_mem_reg_20__119_/clk
                               34.89     0.00      365.21    365.21    wrp-+
  fifo2/data_mem_reg_18__69_/clk
                               34.92     0.00      365.20    365.20    wrp-+
  fifo2/data_mem_reg_4__0_/clk 37.59     0.00      365.20    365.20    wrp-+
  fifo2/data_mem_reg_20__121_/clk
                               34.89     0.00      365.18    365.18    wrp-+
  fifo2/data_mem_reg_20__118_/clk
                               34.89     0.00      365.16    365.16    wrp-+
  fifo2/data_mem_reg_20__117_/clk
                               34.89     0.00      365.15    365.15    wrp-+
  fifo1/data_mem_reg_7__0_/clk 30.78     0.00      365.14    365.14    wrp-+
----------------------------------------------------------------------------

1
