 
****************************************
Report : design
        -physical
Design : fdkex
Version: J-2014.09-SP1
Date   : Tue Mar 31 02:14:39 2015
****************************************

	Parasitic source    : LPE
	Parasitic mode      : RealRC
	Extraction mode     : MIN_MAX
	Extraction derating : -40/-10/-10
****************************** P&R Summary ********************************
Date : Tue Mar 31 02:14:39 2015
Machine Host Name: chlr16420
Working Directory: /nfs/ch/disks/icf_fdk_regression001/nightly_adf_kit_build_regr/builds_regr/nightly/1273/dot3/synopsys/2015-03-31/runs/d04/fdkex_SCAN/apr
Library Name:      fdkex_51074_LIB
Cell Name:         fdkex.CEL;1
Design Statistics:
    Number of Module Cells:        39257
    Number of Pins:                246732
    Number of IO Pins:             1039
    Number of Nets:                38158
    Average Pins Per Net (Signal): 4.34519

Chip Utilization:
    Total Std Cell Area:           22638.80
    Core Size:     width 302.40, height 303.24; area 91699.78
    Chip Size:     width 302.40, height 303.24; area 91699.78
    Std cells utilization:         24.69% 
    Cell/Core Ratio:               24.69%
    Cell/Chip Ratio:               24.69%
    Number of Cell Rows:            1900

Master Instantiation:
	MasterName	Type	InstCount
	=================================
	d04fyj03yd0b0	STD	10311
	d04can03nn0a5	STD	2163
	d04fyj03yd0c0	STD	1672
	d04bfn00yduk0	STD	1543
	d04tap02ldz05	STD	1134
	d04bfn00yduo0	STD	863
	d04nan02ln0b5	STD	860
	d04cgc01wd0b0	STD	856
	d04inn00wn0a5	STD	845
	fdk73d84_asic_halo_hvn	STD	756
	d04can03ln0a5	STD	708
	d04fyj03ld0b0	STD	696
	d04nan02yn0c0	STD	665
	d04can03wn0a5	STD	652
	d04nan02yn0b5	STD	564
	d04nan02nn0c0	STD	529
	d04bfn00ynud5	STD	379
	d04nan02ln0c0	STD	374
	d04nan02wn0c0	STD	369
	d04fyj03ld0c0	STD	296
	d04can03yn0a5	STD	287
	d04nan04nd0b7	STD	282
	d04xnk04yn0b5	STD	248
	d04xob03yd0c7	STD	241
	d04fyj03nd0b0	STD	239
	d04xnb02yn0a5	STD	227
	d04fyj03yd0g0	STD	226
	d04inn00ynuh5	STD	222
	d04can03yn0d0	STD	219
	d04ann02ln0b5	STD	212
	d04non02yn0b5	STD	211
	d04fky00yd0b0	STD	194
	fdk73d84_asic_halo_hhb	STD	178
	fdk73d84_asic_halo_hhc	STD	178
	d04nan04yn0b5	STD	172
	d04xnk04yn0c0	STD	169
	d04ann02yn0a5	STD	166
	d04nan02nn0b5	STD	162
	d04gnc01lnz00	STD	160
	d04inn00yduq0	STD	157
	d04inn00yn0b5	STD	154
	d04nan02wn0b6	STD	146
	d04non02ln0b7	STD	142
	d04non02nn0c0	STD	140
	d04con03yn0b0	STD	138
	d04can03yn0b5	STD	132
	d04inn00yduo7	STD	129
	d04ann02nn0b5	STD	128
	d04ann02nn0a5	STD	126
	d04ann02yn0b5	STD	122
	d04fyj03wd0b0	STD	120
	d04xnk04nn0c0	STD	117
	d04xnb02nn0a5	STD	113
	d04inn00ynuf5	STD	113
	d04bfn00ynue3	STD	112
	d04inn00ln0a5	STD	110
	d04nan04yd0b7	STD	110
	d04nan02wn0b5	STD	109
	d04inn00ynuc5	STD	108
	d04can03yn0c0	STD	106
	d04inn00ynud0	STD	104
	d04mkn22yn0a5	STD	101
	d04xnk04nn0b5	STD	97
	d04xob03yn0d0	STD	91
	d04nan02yn0d0	STD	87
	d04inn00nn0a5	STD	86
	d04inn00yd0f7	STD	86
	d04ann02yn0c0	STD	85
	d04xnb02yn0b5	STD	82
	d04xob03nd0c7	STD	81
	d04non02nn0b7	STD	81
	d04cak01nn0b0	STD	80
	d04non02yd0f7	STD	79
	d04nan03yn0d0	STD	77
	d04nan02yn0d5	STD	73
	d04qfd02ndz00	STD	72
	d04non02wn0b5	STD	70
	d04mkn22nn0a5	STD	69
	d04non02yn0c0	STD	68
	d04ann02yn0e3	STD	66
	d04inn00ynui5	STD	65
	d04bfn00nnud5	STD	64
	d04xnb02wn0a5	STD	64
	d04non02ln0b5	STD	64
	d04inn00ynue3	STD	63
	d04inn00ydui0	STD	63
	d04inn00yn0a5	STD	62
	d04cak01yn0b0	STD	62
	d04xnb02yn0d0	STD	61
	d04non02wn0b3	STD	60
	d04ann02ld0d3	STD	59
	d04non02ld0c7	STD	58
	d04non02wn0b7	STD	58
	d04non02yd0h5	STD	56
	d04non02yn0b7	STD	53
	d04bfn00yn0f0	STD	53
	d04non02yn0d5	STD	53
	d04con01nn0c0	STD	51
	d04nan02yn0b6	STD	51
	d04nan04yn0c0	STD	49
	d04ann02yn0b4	STD	48
	d04cak01yn0b5	STD	47
	d04nob02wn0b0	STD	46
	d04bfn00nduk0	STD	45
	d04con02yn0b0	STD	45
	d04xnk04yn0e0	STD	44
	d04nan04yd0d7	STD	43
	d04ann02yd0d3	STD	43
	d04nan02nn0b6	STD	43
	d04non02nn0d5	STD	42
	d04nan04nd0d7	STD	42
	d04con03nn0b0	STD	42
	d04orn02yn0b0	STD	42
	d04nob02yn0b0	STD	41
	d04non02nn0b5	STD	41
	d04bar01nnz64	STD	40
	d04xob02yn0b5	STD	39
	d04non02yn0f0	STD	39
	d04nob02nn0b0	STD	38
	d04nan04yn0d0	STD	38
	d04xob02yn0a5	STD	37
	d04nob02ln0b0	STD	37
	d04xnb02nn0b5	STD	36
	d04non02yd0f0	STD	36
	d04nan02yd0c0	STD	36
	d04ann04yd0d7	STD	35
	d04ann04yd0c5	STD	34
	d04can03nn0b5	STD	34
	d04aon03yn0a5	STD	34
	d04inn00wn0b5	STD	33
	d04fky00yd0e0	STD	33
	d04inn00nn0b5	STD	32
	d04fyj03nd0c0	STD	32
	d04nan02yd0f0	STD	32
	d04nab02yn0f0	STD	31
	d04xob03yn0a5	STD	31
	d04qin00nd0i0	STD	30
	d04can03yn0b0	STD	30
	d04xnk04yn0d0	STD	29
	d04bfn00wnud5	STD	29
	d04ann02wn0a5	STD	29
	d04xob03yn0b5	STD	28
	d04xnb02ln0a5	STD	28
	d04non02yn0e0	STD	28
	d04nab02nn0b0	STD	28
	d04ann02wn0b5	STD	28
	d04nab02yn0c0	STD	27
	d04fky00ld0a5	STD	26
	d04fyj43yd0g0	STD	26
	d04nab02yn0b0	STD	26
	d04xob02wn0a5	STD	26
	d04mkn22yn0d0	STD	26
	d04non02yn0b3	STD	26
	d04ann03yd0d3	STD	25
	d04ann03yn0a5	STD	25
	d04non02yn0c5	STD	25
	d04nan02yd0e0	STD	24
	d04non02nn0d0	STD	24
	d04non02yn0d0	STD	24
	d04nab02yd0i0	STD	24
	d04nan04ld0b7	STD	24
	d04nan04nn0b5	STD	24
	d04con03yn0c0	STD	23
	d04xnb02yn0b0	STD	23
	d04xnb02yn0b4	STD	22
	d04nan03yd0e0	STD	22
	d04nab02yd0g0	STD	21
	d04nab02yd0f5	STD	21
	d04orn02yn0f0	STD	21
	d04ann03yn0b5	STD	21
	d04xnk04nn0d0	STD	20
	d04xnb02yn0g0	STD	20
	d04nob02yn0f0	STD	20
	d04bfn00yn0e0	STD	20
	d04qbf00nd0o0	STD	20
	d04qna02nd0c7	STD	20
	d04orn02yn0c0	STD	20
	d04ann04yd0b7	STD	20
	d04tih00lnz00	STD	20
	d04bfn00lnud5	STD	19
	d04mkn22ln0b5	STD	19
	d04inn00ln0b5	STD	18
	d04bfn00lduk0	STD	18
	d04bfn00yd0i0	STD	18
	d04bfn00yn0d0	STD	18
	d04con01wd0b5	STD	18
	d04con01ln0c0	STD	18
	d04bfn00nn0e0	STD	18
	d04xnk04yn0b0	STD	18
	d04con03nn0d0	STD	18
	d04nan02ln0d0	STD	17
	d04mkn22yn0b5	STD	17
	d04ann02yn0b6	STD	17
	d04non02yd0i0	STD	17
	d04ann03yn0c0	STD	17
	d04nan02nn0d5	STD	16
	d04nob02ln0b5	STD	16
	d04bfn00yd0k0	STD	16
	d04xnb02ln0d0	STD	16
	d04mkn22yn0b0	STD	16
	d04fky00yd0g0	STD	16
	d04fyj43yd0b0	STD	16
	d04inn00nnuc5	STD	15
	d04xob03yn0e0	STD	15
	d04con03yd0d7	STD	15
	d04orn02yn0b5	STD	15
	d04nan02yd0b7	STD	15
	d04non02ln0c0	STD	15
	d04cob13yn0c0	STD	14
	d04xob03nn0a5	STD	14
	d04non02yn0f5	STD	14
	d04nan02yd0g0	STD	14
	d04nob02nn0b5	STD	14
	d04con01ld0c7	STD	14
	d04ann02ln0a5	STD	14
	d04nan02yd0h0	STD	14
	d04nak24yn0c0	STD	14
	d04ann02yd0k0	STD	14
	d04xob02nn0a5	STD	13
	d04nan02nn0d0	STD	13
	d04xob03ld0c7	STD	13
	d04inn00nnud0	STD	13
	d04cak01nn0b5	STD	13
	d04con01wn0c0	STD	13
	d04ann02yn0b0	STD	13
	d04nan02yd0c3	STD	13
	d04mkn22ln0a5	STD	13
	d04xob02nn0b5	STD	12
	d04xob03nn0d0	STD	12
	d04con01yn0c0	STD	12
	d04orn02nn0b0	STD	12
	d04con01nd0c7	STD	12
	d04xob02yn0b4	STD	12
	d04ann02yd0b7	STD	12
	d04ann04yn0c0	STD	12
	d04inn00wnuc5	STD	11
	d04bfn00ld0k0	STD	11
	d04mkn22yd0c7	STD	11
	d04nan02yn0f0	STD	11
	d04non02yd0g0	STD	11
	d04orn02yn0a5	STD	11
	d04xnk04ln0a5	STD	11
	d04con03yn0d0	STD	11
	d04xnk04yd0e5	STD	10
	d04nan02yd0i0	STD	10
	d04bfn00nd0k0	STD	10
	d04nan04yd0f0	STD	10
	d04bfn00yd0c7	STD	10
	d04con02yn0c0	STD	10
	d04ltn80yd0e0	STD	10
	d04cob13nn0b0	STD	10
	d04cak01yd0c7	STD	10
	d04con02nn0b0	STD	10
	d04qin00nd0q0	STD	10
	d04qno02nd0c7	STD	10
	d04qno03nd0d0	STD	10
	d04qbf00nd0h0	STD	10
	d04qna03nd0d0	STD	10
	d04xnb03yn0d0	STD	10
	d04bfn00yd0o0	STD	10
	d04orn02yd0c5	STD	10
	d04ann02yd0f7	STD	10
	d04can03yd0c5	STD	10
	d04can03wd0c5	STD	10
	d04nan02ln0b6	STD	10
	d04con03nd0d7	STD	9
	d04con01nn0d0	STD	9
	d04nan04wd0b7	STD	9
	d04cak01ln0b0	STD	9
	d04nab02nn0c0	STD	9
	d04non02yn0e5	STD	9
	d04non02yd0d0	STD	9
	d04xnk04ln0b5	STD	9
	d04ann02nn0b4	STD	9
	d04bfn00wd0a5	STD	9
	d04xnb02nn0d0	STD	8
	d04bfn00ynub5	STD	8
	d04cak01yn0f0	STD	8
	d04xnb02ln0b5	STD	8
	d04bfn00nn0f0	STD	8
	d04nan04yn0e0	STD	8
	d04con04yn0d0	STD	8
	d04orn02yd0i0	STD	8
	d04bfn00yn0c0	STD	8
	d04cak01yd0c5	STD	8
	d04nan02yd0d0	STD	8
	d04xob03yn0b0	STD	8
	d04nan04yd0d0	STD	8
	d04can03yn0b7	STD	8
	d04con02nn0c0	STD	8
	d04mkn22wd0c7	STD	8
	d04non02nn0b3	STD	8
	d04ann02ln0b6	STD	8
	d04xnb02nn0b4	STD	8
	d04ann02nn0c0	STD	8
	d04cob11yn0b0	STD	8
	d04xob02yd0h0	STD	7
	d04inn00ld0f7	STD	7
	d04nab02yn0d0	STD	7
	d04mkn22nn0d0	STD	7
	d04non02nd0h5	STD	7
	d04xob02ln0a5	STD	7
	d04con02nn0d0	STD	7
	d04nob02yn0b5	STD	7
	d04xnk04wn0e0	STD	7
	d04xob02yn0b0	STD	7
	d04con01yd0b5	STD	7
	d04mkn22yd0d5	STD	7
	d04xnk04yd0f5	STD	7
	d04cab11yn0c0	STD	7
	d04xnk04yn0f0	STD	7
	d04nab02yn0b5	STD	7
	d04inn00yd0q0	STD	7
	d04cob13yn0d0	STD	7
	d04nan02wd0b7	STD	7
	d04orn02wn0a5	STD	7
	d04nan04nn0d0	STD	7
	d04nab02ln0b0	STD	6
	d04xob03ln0d0	STD	6
	d04inn00nnue3	STD	6
	d04ann02yd0h7	STD	6
	d04inn00nduq0	STD	6
	d04nan02yd0c7	STD	6
	d04fyj43yd0c0	STD	6
	d04rrb22wn0a5	STD	6
	d04cab13yn0b0	STD	6
	d04mkn22nn0b5	STD	6
	d04con01yn0d0	STD	6
	d04bfn00yd0h0	STD	6
	d04xnb02yn0c0	STD	6
	d04nob02yd0i0	STD	6
	d04can03yn0b4	STD	6
	d04nan04yd0e0	STD	6
	d04xob02yn0c0	STD	6
	d04can03yd0b5	STD	6
	d04ann02wn0b6	STD	6
	d04nan02nd0b6	STD	6
	d04bfn00wnue3	STD	6
	d04con03nd0c7	STD	6
	d04bfn00nd0c7	STD	5
	d04nob02yd0g0	STD	5
	d04cob13nn0c0	STD	5
	d04con02yn0d0	STD	5
	d04can03yn0e3	STD	5
	d04inn00nduo7	STD	5
	d04ann04nd0c5	STD	5
	d04nan03yd0d7	STD	5
	d04orn02yd0f7	STD	5
	d04nan03yn0b5	STD	5
	d04aon11yn0b0	STD	5
	d04ann02yd0c5	STD	5
	d04cak01nn0c0	STD	5
	d04bfn00nn0c0	STD	5
	d04oan01yn0a5	STD	5
	d04xnb03yd0c7	STD	5
	d04xob03yd0g5	STD	5
	d04xnb02yd0i0	STD	5
	d04con01yd0c5	STD	5
	d04nab02yd0d3	STD	5
	d04xnb03yn0e0	STD	5
	d04inn00wd0f7	STD	5
	d04can03yn0f0	STD	5
	d04non02ln0b3	STD	5
	d04cob11nn0b0	STD	5
	d04bfn00wduk0	STD	5
	d04fky00nd0b0	STD	5
	d04inn00nnuf5	STD	4
	d04cob13yn0b0	STD	4
	d04can03nd0c7	STD	4
	d04nan04nn0e0	STD	4
	d04non02nn0f0	STD	4
	d04con03wn0c0	STD	4
	d04mkn22nn0b0	STD	4
	d04non02nd0f0	STD	4
	d04xob03nn0b5	STD	4
	d04xob02yn0e0	STD	4
	d04nob02yd0f5	STD	4
	d04fyj03nd0g0	STD	4
	d04can03ld0c7	STD	4
	d04ann02wd0b7	STD	4
	d04nab02wn0b0	STD	4
	d04kak01yn0b0	STD	4
	d04ann02yn0d0	STD	4
	d04non02yd0f5	STD	4
	d04cak01yn0d0	STD	4
	d04xnk04yn0a5	STD	4
	d04nan03yd0d0	STD	4
	d04xnb03yd0g3	STD	4
	d04mkn22wn0b5	STD	4
	d04mkn22ln0d0	STD	4
	d04con01nd0c5	STD	4
	d04nan02wd0c3	STD	4
	d04inn00yd0b5	STD	4
	d04inn00nd0f7	STD	4
	d04inn00wd0c5	STD	4
	d04nan02yd0b6	STD	4
	d04mkn22ld0c7	STD	4
	d04inn00ndui0	STD	4
	d04nan04nn0c0	STD	4
	d04cab13yn0d0	STD	4
	d04fky00yd0a5	STD	4
	d04bfn00ld0h0	STD	4
	d04cob13nd0b5	STD	4
	d04bfn00nn0d0	STD	3
	d04bfn00wd0c7	STD	3
	d04nan03yn0e0	STD	3
	d04xnb02wn0b5	STD	3
	d04nab02ld0d3	STD	3
	d04bfn00ld0i0	STD	3
	d04bfn00nd0i0	STD	3
	d04non02ld0f0	STD	3
	d04inn00nnuh5	STD	3
	d04bfn00wnub5	STD	3
	d04ann02nd0f7	STD	3
	d04nan03yn0f0	STD	3
	d04orn02wn0b5	STD	3
	d04ltn80ld0c0	STD	3
	d04orn02wn0b0	STD	3
	d04bfn00ln0f0	STD	3
	d04non02nd0f7	STD	3
	d04aon11wn0b0	STD	3
	d04bfn00wd0i0	STD	3
	d04fyj03wd0c0	STD	3
	d04nob02yn0c0	STD	3
	d04con01ld0d7	STD	3
	d04cab11nn0b0	STD	3
	d04ann02nn0e3	STD	3
	d04xnk04ln0c0	STD	3
	d04cak01nn0d0	STD	3
	d04bfn00wn0f0	STD	3
	d04con03nn0c0	STD	3
	d04inn00yd0i0	STD	3
	d04inn00yn0c5	STD	3
	d04bfn00yn0e3	STD	3
	d04cak01yn0c0	STD	3
	d04cak04yn0b0	STD	3
	d04ann02yn0e0	STD	3
	d04non02yd0c7	STD	3
	d04mbn22yn0a5	STD	3
	d04con01yn0f0	STD	3
	d04ltn80yd0g0	STD	3
	d04non02yd0c5	STD	3
	d04inn00yn0b3	STD	3
	d04orn02yd0d5	STD	3
	d04cob13yn0f0	STD	3
	d04ann03yn0f0	STD	3
	d04non02nd0d0	STD	3
	d04inn00nd0q0	STD	3
	d04nan03nd0e0	STD	3
	d04nan02wd0c0	STD	3
	d04xnk04nn0b0	STD	3
	d04xnk04ln0b0	STD	3
	d04ann02ln0b3	STD	3
	d04ann02nd0b7	STD	3
	d04ann02ln0c0	STD	3
	d04ann02nd0d3	STD	3
	d04bfn00wd0b3	STD	3
	d04non02nn0c5	STD	3
	d04mkn22nd0c7	STD	3
	d04xnk04ln0e0	STD	3
	d04inn00wdui0	STD	3
	d04non02ld0c5	STD	3
	d04non02wd0c5	STD	3
	d04inn00wnue3	STD	3
	d04nob02wd0g0	STD	3
	d04orn02nn0c0	STD	3
	d04nan04ln0b5	STD	3
	d04can03ln0b5	STD	3
	d04nan02nd0b7	STD	3
	d04bfn00nnub5	STD	2
	d04nob02yn0d0	STD	2
	d04bfn00nn0a5	STD	2
	d04cob13nn0d0	STD	2
	d04can03nn0b0	STD	2
	d04can03nn0d0	STD	2
	d04xnk04ln0d0	STD	2
	d04bfn00ln0a5	STD	2
	d04nab02nn0d0	STD	2
	d04nab02ln0c0	STD	2
	d04oan01yn0b5	STD	2
	d04inn00lnud0	STD	2
	d04bfn00wn0a5	STD	2
	d04ann04ld0b7	STD	2
	d04fky00wd0a5	STD	2
	d04can03wn0b0	STD	2
	d04inn00lnuc5	STD	2
	d04nob03yn0b0	STD	2
	d04nan02nd0e0	STD	2
	d04nab02nn0f0	STD	2
	d04nan03yd0f5	STD	2
	d04nan03wd0b7	STD	2
	d04nak24wn0c0	STD	2
	d04cab13nn0b0	STD	2
	d04nan04ld0d7	STD	2
	d04rrb22wn0b5	STD	2
	d04kok01wn0b0	STD	2
	d04kak01wn0b0	STD	2
	d04nab03yd0f5	STD	2
	d04rrb22yn0a5	STD	2
	d04cak01wd0b7	STD	2
	d04cak01nd0i5	STD	2
	d04cak01nn0f0	STD	2
	d04aon03yd0b3	STD	2
	d04ltn80yd0a5	STD	2
	fdk73d84_asic_halo_hib	STD	2
	fdk73d84_asic_halo_hic	STD	2
	d04cob11nn0c0	STD	2
	d04cab13yn0c0	STD	2
	d04kok01yn0b0	STD	2
	d04cak02nn0c0	STD	2
	d04bfn00wd0k0	STD	2
	d04xob02yn0g0	STD	2
	d04inn00yd0c5	STD	2
	d04xnb02yn0b7	STD	2
	d04nob02yd0d3	STD	2
	d04nan03ynuc0	STD	2
	d04aon03yn0d0	STD	2
	d04nan02yd0b5	STD	2
	d04can03yn8b0	STD	2
	d04kok01yn0f0	STD	2
	d04inn00ynub3	STD	2
	d04cob13yd0b5	STD	2
	d04xob03yn0c0	STD	2
	d04can03nn0c0	STD	2
	d04con03yd0b5	STD	2
	d04can03nn0b7	STD	2
	d04can03yn0e0	STD	2
	d04bfn00yd0b5	STD	2
	d04con03ln0b0	STD	2
	d04mkn22yn0c0	STD	2
	d04nan03nd0b7	STD	2
	d04nan02wd0b6	STD	2
	d04bfn00ld0b3	STD	2
	d04nan03nnuc0	STD	2
	d04kak01nn0b0	STD	2
	d04cak01wn0b0	STD	2
	d04ann02yn0b3	STD	2
	d04xnb02ln0b0	STD	2
	d04nab02nd0d3	STD	2
	d04xob03nn0b0	STD	2
	d04bfn00wd0b5	STD	2
	d04xnb02nn0b0	STD	2
	d04ann02wn0c0	STD	2
	d04xnk04nn0e0	STD	2
	d04xnk04ld0f5	STD	2
	d04nan03yd0b7	STD	2
	d04can03nd0b5	STD	2
	d04nan04wn0b5	STD	2
	d04bfn00wduh0	STD	2
	d04inn00wnud0	STD	2
	d04can03wn0b5	STD	2
	d04bfn00yn0b5	STD	2
	d04inn00yd0c7	STD	2
	d04inn00wd0b5	STD	2
	d04cob11yd0d7	STD	2
	d04non03nn0b5	STD	1
	d04xnb02nn0e0	STD	1
	d04bfn00yn0a5	STD	1
	d04nab02nd0g0	STD	1
	d04inn00ldui0	STD	1
	d04nab02nd0i0	STD	1
	d04nab02ld0f5	STD	1
	d04nab02wn0d0	STD	1
	d04can03wd0b3	STD	1
	d04inn00wd0c7	STD	1
	d04xob03ln0e0	STD	1
	d04cak01yd0i5	STD	1
	d04con04yn0f0	STD	1
	d04rrb22ln0b5	STD	1
	d04nan02nd0g0	STD	1
	d04aon03nn0d0	STD	1
	d04nan03nn0d0	STD	1
	d04nan03nn0b5	STD	1
	d04inn00wduq0	STD	1
	d04ann03nn0a5	STD	1
	d04ann04nd0d7	STD	1
	d04aon03nn0b0	STD	1
	d04can03wd0c7	STD	1
	d04nob02wd0d3	STD	1
	d04nob03yn0b5	STD	1
	d04nab02wn0c0	STD	1
	d04non04nn0b5	STD	1
	d04orn02wd0c5	STD	1
	d04bfn00ld0c7	STD	1
	d04ltn80ld0e0	STD	1
	d04cak01nd0f5	STD	1
	d04ann02nn0d0	STD	1
	d04xob03wn0d0	STD	1
	d04oan01ln0b5	STD	1
	d04xob02ln0b5	STD	1
	d04xnb03ln0e0	STD	1
	d04mbn22yn0b0	STD	1
	d04nab02ln0d0	STD	1
	d04cak01yd0f5	STD	1
	d04cob11ln0c0	STD	1
	d04con01nd0f5	STD	1
	d04cak04nn0b0	STD	1
	d04aon01yn0b5	STD	1
	d04cak01nd0c7	STD	1
	d04con01yd0c7	STD	1
	d04can16nn0b0	STD	1
	d04cab11yn0b0	STD	1
	d04cob11yn0c0	STD	1
	d04oan01nn0b0	STD	1
	d04xnb03yn0b5	STD	1
	d04aon03yn0b0	STD	1
	d04nab03yn0c0	STD	1
	d04oan01yn0b0	STD	1
	d04can16nn0b5	STD	1
	d04xok04nn0b5	STD	1
	d04nob03ln0b0	STD	1
	d04non03nn0f0	STD	1
	d04inn00yd0o7	STD	1
	d04inn00yn0d0	STD	1
	d04bfn00ln0c0	STD	1
	d04aon01yn0d0	STD	1
	d04xob03yn0g0	STD	1
	d04xnb02yd0h0	STD	1
	d04xok04yn0c0	STD	1
	d04kak01yn0b5	STD	1
	d04cak02yn0c0	STD	1
	d04aon01yn0a5	STD	1
	d04cak02yd0c0	STD	1
	d04con03yd0c7	STD	1
	d04bfn00yn0d5	STD	1
	d04mbn22yn0d0	STD	1
	d04ann03yn0d0	STD	1
	d04orn04yn0c0	STD	1
	d04bfn00yd0a5	STD	1
	d04bfn00yd0b3	STD	1
	d04nak24yn0f0	STD	1
	d04nob03yn0d0	STD	1
	d04nan04yd0c7	STD	1
	d04inn00ln0c5	STD	1
	d04ann03yd0f7	STD	1
	d04nan03yd0k0	STD	1
	d04con01nd0b5	STD	1
	d04xnb03yn0b0	STD	1
	d04bfn00yduh0	STD	1
	d04non02wd0h5	STD	1
	d04non02nd0g0	STD	1
	d04can03yd0c7	STD	1
	d04xob02yd0c7	STD	1
	d04mkn22ln0c0	STD	1
	d04cob13ln0c0	STD	1
	d04mkn22ld0d5	STD	1
	d04orn02yn0d0	STD	1
	d04fyj03ld0g0	STD	1
	d04non03yd0g0	STD	1
	d04non02ld0d0	STD	1
	d04con01ld0c5	STD	1
	d04kok01yd0b0	STD	1
	d04non02nn0e5	STD	1
	d04bfn00wn0c0	STD	1
	d04ann02yn0f0	STD	1
	d04cob11yn0f0	STD	1
	d04kok01yn0d0	STD	1
	d04can03yn0b3	STD	1
	d04bfn00wduo0	STD	1
	d04con01yd0d7	STD	1
	d04xob02yn0f0	STD	1
	d04bfn00nd0c5	STD	1
	d04non02ld0f5	STD	1
	d04oan01wn0b0	STD	1
	d04ann02nn0b3	STD	1
	d04bfn00nn0c5	STD	1
	d04cak01nd0d0	STD	1
	d04nob02nn0c0	STD	1
	d04non02wd0f0	STD	1
	d04cak01wd0c7	STD	1
	d04xob02nn0b4	STD	1
	d04oan01wn0a5	STD	1
	d04nan02wd0d0	STD	1
	d04oan01yn0c0	STD	1
	d04nan02wn0d0	STD	1
	d04nan02ld0c3	STD	1
	d04inn00wd0b3	STD	1
	d04inn00wnub3	STD	1
	d04con10wn0b0	STD	1
	d04inn00ld0b5	STD	1
	d04nan02nd0c0	STD	1
	d04can03yd0b3	STD	1
	d04mbn22nn0d0	STD	1
	d04xnk04wn0b5	STD	1
	d04xob03ln0a5	STD	1
	d04xnk04nn0a5	STD	1
	d04inn00wd0o7	STD	1
	d04ann02ln0b4	STD	1
	d04nab02wd0f5	STD	1
	d04xnb02yn0f0	STD	1
	d04mkn22wn0a5	STD	1
	d04con03nd0b5	STD	1
	d04mbn22nn0b4	STD	1
	d04aon11yd0d5	STD	1
	d04inn00nd0b5	STD	1
	d04cak01yd0b7	STD	1
	d04aon03wn0a5	STD	1
	d04non02nn0e0	STD	1
	d04orn04wn0c0	STD	1
	d04nak24ln0c0	STD	1
	d04nan04ln0d0	STD	1
	d04fky00ld0b0	STD	1
	d04nan02wn0d5	STD	1
	d04nan04ln0c0	STD	1
	d04non02wd0c0	STD	1
	d04nob02ld0i0	STD	1
	d04nob02ld0g0	STD	1
	d04nan04wn0d0	STD	1
	d04orn02nn0a5	STD	1
	d04non02wn0c0	STD	1
	d04non02nd0c7	STD	1
	d04inn00lnuf5	STD	1
	d04orn02nn0f0	STD	1
	d04can03ln0c0	STD	1
	d04can03wd0b5	STD	1
	d04ann02nn0b0	STD	1
	d04nan02wd0e0	STD	1
	d04inn00nn0c5	STD	1
	d04ann04nd0b7	STD	1
	d04non04yn0c0	STD	1
	d04aon03ln0a5	STD	1
	d04orn02ln0a5	STD	1
	d04nak24ld0f7	STD	1
	d04nan03wd0d7	STD	1
	d04rrb22yn0b5	STD	1
	d04aon03yn0f0	STD	1
	d04inn00nd0c5	STD	1
	d04kok01wd0b0	STD	1
	d04nab02wn0b5	STD	1
	d04can03ld0c5	STD	1
	d04nan04yn0e5	STD	1
	d04aon11yd0h0	STD	1
	d04cab13yn0f0	STD	1
	d04bfn00nduo0	STD	1
	d04nan04yn0f0	STD	1
	d04nab03yd0i5	STD	1
	d04nan04yd0f5	STD	1
	d04nak23yn0d0	STD	1
	d04bfn00nnue3	STD	1
	d04non02ln0d5	STD	1
	d04xnb03nd0c7	STD	1
	d04nan03ln0d0	STD	1
	=================================

Timing/Optimization Information:

Global Routing Information:

Track Assignment Information:
    Number of wires with overlap after iteration 0 = 151147 of 503991

    Number of wires with overlap after iteration 1 = 48401 of 360395

    Total m0 wire length: 5.0
    Total m1 wire length: 2987.9
    Total m2 wire length: 181554.7
    Total m3 wire length: 241969.9
    Total m4 wire length: 104176.9
    Total m5 wire length: 18925.2
    Total m6 wire length: 3547.1
    Total m7 wire length: 224.2
    Total m8 wire length: 0.0
    Total m9 wire length: 0.0
    Total tm1 wire length: 0.0
    Total c4 wire length: 0.0
    Total wire length: 553390.9

    Elapsed real time: 0:01:06
    Elapsed cpu time: sys = 0:00:00 usr = 0:01:05 total = 0:01:05
    Total Proc Memory(MB): 1205

Detailed Routing Information:

DRC information: 
      Total error number: 0

Ring Wiring Statistics:

Stripe Wiring Statistics:
    metal3 Wire Length(count):             344613.64(1140)
    metal4 Wire Length(count):             109116.00(360)
    metal5 Wire Length(count):             172291.24(570)
    metal6 Wire Length(count):             109116.00(360)
    metal7 Wire Length(count):             114837.52(380)
    metal8 Wire Length(count):              54552.96(180)
    metal9 Wire Length(count):              28660.17(95)
    metal10 Wire Length(count):              27194.40(90)
  ==============================================
    Total Wire Length(count):              960381.93(3175)
    Number of via3 Contacts:         204660
    Number of via4 Contacts:         102600
    Number of via5 Contacts:         102600
    Number of via6 Contacts:          68400
    Number of via7 Contacts:          34200
    Number of via8 Contacts:           8550
    Number of via9 Contacts:           4275
  ==============================================
    Total Number of Contacts:    525285

User Wiring Statistics:
    metal6 Wire Length(count):                585.20(380)
    metal7 Wire Length(count):                576.00(360)
    metal8 Wire Length(count):                572.28(380)
    metal9 Wire Length(count):                579.60(180)
  ==============================================
    Total Wire Length(count):                2313.08(1300)

PG follow-pin Wiring Statistics:

Signal Wiring Statistics:
      Mask Name      Contact Code    Number Of Contacts    Percentage

  Horizontal/Vertical Wire Distribution:
    Layer      Hor. Wire (% of Hor.)     Ver. Wire (% of Ver.)
  ==============================================================
    Total              0.00                      0.00
1
