Create error cell fdkex_post_route_lvs.err ...

-- LVS START : --
** Total SHORT Nets are 0.

-- LVS END : --
Elapsed =    0:00:38, CPU =    0:00:21

-- LVS START : --
Total area error in layer 0 is 0.  Elapsed =    0:00:18, CPU =    0:00:03
Total area error in layer 1 is 0.  Elapsed =    0:00:19, CPU =    0:00:04
Total area error in layer 2 is 0.  Elapsed =    0:00:21, CPU =    0:00:07
Total area error in layer 3 is 0.  Elapsed =    0:00:23, CPU =    0:00:08
Total area error in layer 4 is 0.  Elapsed =    0:00:25, CPU =    0:00:09
Total area error in layer 5 is 0.  Elapsed =    0:00:25, CPU =    0:00:10
Total area error in layer 6 is 0.  Elapsed =    0:00:25, CPU =    0:00:10
Total area error in layer 7 is 0.  Elapsed =    0:00:25, CPU =    0:00:10
Total area error in layer 8 is 0.  Elapsed =    0:00:25, CPU =    0:00:10
Total area error in layer 9 is 0.  Elapsed =    0:00:25, CPU =    0:00:10
Total area error in layer 10 is 0.  Elapsed =    0:00:25, CPU =    0:00:10
Total area error in layer 11 is 0.  Elapsed =    0:00:25, CPU =    0:00:10
Total area error in layer 12 is 0.  Elapsed =    0:00:25, CPU =    0:00:10
Total area error in layer 13 is 0.  Elapsed =    0:00:25, CPU =    0:00:10
Total area error in layer 14 is 0.  Elapsed =    0:00:25, CPU =    0:00:10
Total area error in layer 15 is 0.  Elapsed =    0:00:25, CPU =    0:00:10
** Total Floating ports are 0.
ERROR : There are more errors than default Max Error Number 200.
** Total Floating Nets are 200.
** Total OPEN Nets are 0.
** Total Electrical Equivalent Error are 0.
** Total Must Joint Error are 0.

-- LVS END : --
Elapsed =    0:00:27, CPU =    0:00:12
Update error cell ...
1
