 
****************************************
Report : design
        -physical
Design : fdkex
Version: J-2014.09-SP1
Date   : Tue Mar 31 03:12:05 2015
****************************************

	Parasitic source    : LPE
	Parasitic mode      : RealRVirtualC
	Extraction mode     : MIN_MAX
	Extraction derating : -40/-10/-10
****************************** P&R Summary ********************************
Date : Tue Mar 31 03:12:05 2015
Machine Host Name: chlr16420
Working Directory: /nfs/ch/disks/icf_fdk_regression001/nightly_adf_kit_build_regr/builds_regr/nightly/1273/dot3/synopsys/2015-03-31/runs/d04/fdkex_SCAN/apr
Library Name:      fdkex_51074_LIB
Cell Name:         fdkex.CEL;1
Design Statistics:
    Number of Module Cells:        53897
    Number of Pins:                305292
    Number of IO Pins:             1039
    Number of Nets:                52798
    Average Pins Per Net (Signal): 3.46943

Chip Utilization:
    Total Std Cell Area:           26181.30
    Core Size:     width 302.40, height 303.24; area 91699.78
    Chip Size:     width 302.40, height 303.24; area 91699.78
    Std cells utilization:         28.55% 
    Cell/Core Ratio:               28.55%
    Cell/Chip Ratio:               28.55%
    Number of Cell Rows:            1900

Master Instantiation:
	MasterName	Type	InstCount
	=================================
	d04fyj03yd0b0	STD	10311
	d04bfn11wn0a5	STD	8680
	d04bfn12wn0b0	STD	2985
	d04can03nn0a5	STD	2107
	d04fyj03yd0c0	STD	1672
	d04bfn00yduk0	STD	1541
	d04tap02ldz05	STD	1134
	d04bfn13wn0c0	STD	1065
	d04bfn00yduo0	STD	863
	d04nan02ln0b5	STD	848
	d04inn00wn0a5	STD	845
	fdk73d84_asic_halo_hvn	STD	756
	d04can03ln0a5	STD	710
	d04fyj03ld0b0	STD	696
	d04can03wn0a5	STD	696
	d04nan02yn0c0	STD	682
	d04cgc01nd0h0	STD	620
	d04nan02yn0b5	STD	575
	d04bfn13wn0b0	STD	528
	d04nan02nn0c0	STD	515
	d04bfn00ynud5	STD	379
	d04nan02ln0c0	STD	367
	d04nan02wn0c0	STD	357
	d04fyj03ld0c0	STD	296
	d04can03yn0a5	STD	294
	d04nan04nd0b7	STD	282
	d04xnk04yn0b5	STD	248
	d04xob03yd0c7	STD	241
	d04fyj03nd0b0	STD	239
	d04xnb02yn0a5	STD	227
	d04fyj03yd0g0	STD	226
	d04inn00ynuh5	STD	222
	d04bfn11wn0b5	STD	220
	d04non02yn0b5	STD	212
	d04ann02ln0b5	STD	211
	d04can03yn0d0	STD	206
	d04bfn11wn0c0	STD	205
	d04fky00yd0b0	STD	194
	d04bfn13wn0a5	STD	194
	fdk73d84_asic_halo_hhb	STD	178
	fdk73d84_asic_halo_hhc	STD	178
	d04xnk04yn0c0	STD	169
	d04nan04yn0b5	STD	169
	d04nan02nn0b5	STD	167
	d04gnc01lnz00	STD	160
	d04ann02yn0a5	STD	159
	d04inn00yduq0	STD	157
	d04inn00yn0b5	STD	154
	d04bfn11wn0b0	STD	152
	d04nan02wn0b6	STD	145
	d04non02ln0b7	STD	142
	d04non02nn0c0	STD	140
	d04con03yn0b0	STD	138
	d04can03yn0b5	STD	138
	d04inn00yduo7	STD	129
	d04ann02yn0b5	STD	127
	d04ann02nn0b5	STD	126
	d04ann02nn0a5	STD	121
	d04fyj03wd0b0	STD	120
	d04xnk04nn0c0	STD	117
	d04nan02wn0b5	STD	116
	d04cgc01nd0i0	STD	116
	d04xnb02nn0a5	STD	113
	d04inn00ynuf5	STD	113
	d04nan04yd0b7	STD	112
	d04bfn00ynue3	STD	112
	d04inn00ln0a5	STD	110
	d04inn00ynuc5	STD	108
	d04can03yn0c0	STD	107
	d04inn00ynud0	STD	104
	d04mkn22yn0a5	STD	101
	d04xnk04nn0b5	STD	97
	d04nan02yn0d0	STD	95
	d04xob03yn0d0	STD	91
	d04ann02yn0c0	STD	89
	d04inn00yd0f7	STD	87
	d04inn00nn0a5	STD	86
	d04gbf00nd0g0	STD	83
	d04xnb02yn0b5	STD	82
	d04xob03nd0c7	STD	81
	d04non02nn0b7	STD	81
	d04cak01nn0b0	STD	80
	d04non02yd0f7	STD	79
	d04nan03yn0d0	STD	77
	d04nan02yn0d5	STD	73
	d04qfd02ndz00	STD	72
	d04non02wn0b5	STD	70
	d04mkn22nn0a5	STD	69
	d04non02yn0c0	STD	69
	d04ann02yn0e3	STD	66
	d04inn00ynui5	STD	65
	d04bfn00nnud5	STD	64
	d04non02ln0b5	STD	64
	d04inn00ynue3	STD	63
	d04inn00ydui0	STD	63
	d04inn00yn0a5	STD	62
	d04cak01yn0b0	STD	62
	d04xnb02wn0a5	STD	61
	d04gbf00nd0e0	STD	61
	d04non02wn0b3	STD	60
	d04xnb02yn0d0	STD	60
	d04nan02yn0b6	STD	59
	d04non02wn0b7	STD	58
	d04ann02ld0d3	STD	58
	d04non02ld0c7	STD	57
	d04non02yd0h5	STD	56
	d04non02yn0b7	STD	54
	d04bfn00yn0f0	STD	53
	d04non02yn0d5	STD	53
	d04gbf00nd0c0	STD	53
	d04con01nn0c0	STD	51
	d04ann02yn0b4	STD	51
	d04gbf00nd0h0	STD	51
	d04gbf00nd0f5	STD	50
	d04nan04yn0c0	STD	49
	d04bfn12wn0c0	STD	48
	d04cak01yn0b5	STD	47
	d04nob02wn0b0	STD	46
	d04bfn00nduk0	STD	45
	d04con02yn0b0	STD	45
	d04xnk04yn0e0	STD	45
	d04gbf00nd0d0	STD	45
	d04ann02yd0d3	STD	44
	d04nan04yd0d7	STD	43
	d04non02nn0d5	STD	42
	d04nan04nd0d7	STD	42
	d04con03nn0b0	STD	42
	d04orn02yn0b0	STD	42
	d04nob02yn0b0	STD	42
	d04non02nn0b5	STD	41
	d04gbf00nd0f0	STD	41
	d04bar01nnz64	STD	40
	d04nan02nn0b6	STD	40
	d04xob02yn0b5	STD	39
	d04non02yn0f0	STD	39
	d04nan04yn0d0	STD	38
	d04xob02yn0a5	STD	37
	d04nob02nn0b0	STD	37
	d04nob02ln0b0	STD	37
	d04xnb02nn0b5	STD	36
	d04non02yd0f0	STD	36
	d04can03yn0b0	STD	35
	d04ann04yd0d7	STD	35
	d04ann04yd0c5	STD	34
	d04can03nn0b5	STD	34
	d04aon03yn0a5	STD	34
	d04nan02yd0c0	STD	33
	d04fky00yd0e0	STD	33
	d04xob03yn0a5	STD	32
	d04inn00wn0b5	STD	32
	d04inn00nn0b5	STD	32
	d04fyj03nd0c0	STD	32
	d04nan02yd0f0	STD	32
	d04nab02yn0f0	STD	31
	d04qin00nd0i0	STD	30
	d04bfn00wnud5	STD	29
	d04ann02wn0a5	STD	29
	d04xob03yn0b5	STD	28
	d04xnb02ln0a5	STD	28
	d04xnk04yn0d0	STD	28
	d04non02yn0e0	STD	28
	d04nab02nn0b0	STD	28
	d04cgc01nd0c0	STD	28
	d04nab02yn0c0	STD	27
	d04ann02wn0b5	STD	27
	d04non02yn0b3	STD	27
	d04gbf00nd0e5	STD	27
	d04fky00ld0a5	STD	26
	d04fyj43yd0g0	STD	26
	d04nab02yn0b0	STD	26
	d04xob02wn0a5	STD	26
	d04mkn22yn0d0	STD	26
	d04ann03yd0d3	STD	25
	d04ann03yn0a5	STD	25
	d04nan02yd0e0	STD	24
	d04non02yn0d0	STD	24
	d04nab02yd0i0	STD	24
	d04nan04ld0b7	STD	24
	d04xnb02yn0b0	STD	24
	d04non02yn0c5	STD	24
	d04nan04nn0b5	STD	24
	d04cgc01nd0j0	STD	24
	d04non02nn0d0	STD	23
	d04con03yn0c0	STD	23
	d04cgc01nd0g0	STD	23
	d04xnb02yn0b4	STD	22
	d04nan03yd0e0	STD	22
	d04gbf00nd0d5	STD	22
	d04nab02yd0g0	STD	21
	d04nab02yd0f5	STD	21
	d04orn02yn0f0	STD	21
	d04ann03yn0b5	STD	21
	d04xnk04nn0d0	STD	20
	d04xnb02yn0g0	STD	20
	d04nob02yn0f0	STD	20
	d04bfn00yn0e0	STD	20
	d04qbf00nd0o0	STD	20
	d04qna02nd0c7	STD	20
	d04orn02yn0c0	STD	20
	d04ann04yd0b7	STD	20
	d04tih00lnz00	STD	20
	d04cgc01nd0e0	STD	20
	d04bfn00lnud5	STD	19
	d04mkn22ln0b5	STD	19
	d04inn00ln0b5	STD	18
	d04bfn00lduk0	STD	18
	d04bfn00yd0i0	STD	18
	d04bfn00yn0d0	STD	18
	d04con01wd0b5	STD	18
	d04con01ln0c0	STD	18
	d04bfn00nn0e0	STD	18
	d04xnk04yn0b0	STD	18
	d04con03nn0d0	STD	18
	d04ann02yn0b6	STD	18
	d04mkn22yn0b5	STD	17
	d04non02yd0i0	STD	17
	d04ann03yn0c0	STD	17
	d04nan02nn0d5	STD	16
	d04nob02ln0b5	STD	16
	d04nan02ln0d0	STD	16
	d04bfn00yd0k0	STD	16
	d04xnb02ln0d0	STD	16
	d04mkn22yn0b0	STD	16
	d04fky00yd0g0	STD	16
	d04nak24yn0c0	STD	16
	d04fyj43yd0b0	STD	16
	d04inn00nnuc5	STD	15
	d04xob03yn0e0	STD	15
	d04con03yd0d7	STD	15
	d04orn02yn0b5	STD	15
	d04non02ln0c0	STD	15
	d04cgc01nd0b0	STD	15
	d04cob13yn0c0	STD	14
	d04xob03nn0a5	STD	14
	d04non02yn0f5	STD	14
	d04nan02yd0g0	STD	14
	d04nob02nn0b5	STD	14
	d04con01ld0c7	STD	14
	d04nan02yd0h0	STD	14
	d04ann02yd0k0	STD	14
	d04gbf00nd0h5	STD	14
	d04bfn12wn0b5	STD	14
	d04xob02nn0a5	STD	13
	d04nan02nn0d0	STD	13
	d04xob03ld0c7	STD	13
	d04inn00nnud0	STD	13
	d04cak01nn0b5	STD	13
	d04con01wn0c0	STD	13
	d04ann02ln0a5	STD	13
	d04ann02yn0b0	STD	13
	d04nan02yd0c3	STD	13
	d04nan02yd0b7	STD	13
	d04mkn22ln0a5	STD	13
	d04xob02nn0b5	STD	12
	d04con01yn0c0	STD	12
	d04orn02nn0b0	STD	12
	d04con01nd0c7	STD	12
	d04xob02yn0b4	STD	12
	d04ann04yn0c0	STD	12
	d04gbf00nd0j0	STD	12
	d04gbf00nd0g5	STD	12
	d04xob03nn0d0	STD	11
	d04inn00wnuc5	STD	11
	d04bfn00ld0k0	STD	11
	d04mkn22yd0c7	STD	11
	d04nan02yn0f0	STD	11
	d04non02yd0g0	STD	11
	d04orn02yn0a5	STD	11
	d04ann02yd0b7	STD	11
	d04xnk04ln0a5	STD	11
	d04con03yn0d0	STD	11
	d04ann02nn0b4	STD	11
	d04xnk04yd0e5	STD	10
	d04nan02yd0i0	STD	10
	d04bfn00nd0k0	STD	10
	d04nan04yd0f0	STD	10
	d04bfn00yd0c7	STD	10
	d04con02yn0c0	STD	10
	d04ltn80yd0e0	STD	10
	d04cob13nn0b0	STD	10
	d04cak01yd0c7	STD	10
	d04con02nn0b0	STD	10
	d04qin00nd0q0	STD	10
	d04qno02nd0c7	STD	10
	d04qno03nd0d0	STD	10
	d04qbf00nd0h0	STD	10
	d04qna03nd0d0	STD	10
	d04xnb03yn0d0	STD	10
	d04bfn00yd0o0	STD	10
	d04orn02yd0c5	STD	10
	d04ann02yd0f7	STD	10
	d04can03wd0c5	STD	10
	d04con03nd0d7	STD	9
	d04con01nn0d0	STD	9
	d04nan04wd0b7	STD	9
	d04cak01ln0b0	STD	9
	d04nab02nn0c0	STD	9
	d04non02yn0e5	STD	9
	d04non02yd0d0	STD	9
	d04nan02ln0b6	STD	9
	d04xnk04ln0b5	STD	9
	d04bfn00wd0a5	STD	9
	d04gbf00nd0b5	STD	9
	d04xnb02nn0d0	STD	8
	d04bfn00ynub5	STD	8
	d04cak01yn0f0	STD	8
	d04xnb02ln0b5	STD	8
	d04bfn00nn0f0	STD	8
	d04con04yn0d0	STD	8
	d04orn02yd0i0	STD	8
	d04bfn00yn0c0	STD	8
	d04cak01yd0c5	STD	8
	d04nan02yd0d0	STD	8
	d04xob03yn0b0	STD	8
	d04nan04yd0d0	STD	8
	d04can03yn0b7	STD	8
	d04con02nn0c0	STD	8
	d04mkn22wd0c7	STD	8
	d04non02nn0b3	STD	8
	d04can03yd0c5	STD	8
	d04xnb02nn0b4	STD	8
	d04ann02nn0c0	STD	8
	d04cob11yn0b0	STD	8
	d04gbf00nd0c5	STD	8
	d04gbf00nd0i5	STD	8
	d04bfn13wn0b5	STD	8
	d04gbf00nd0i0	STD	8
	d04xob02yd0h0	STD	7
	d04inn00ld0f7	STD	7
	d04nan04yn0e0	STD	7
	d04nab02yn0d0	STD	7
	d04mkn22nn0d0	STD	7
	d04non02nd0h5	STD	7
	d04ann02yd0h7	STD	7
	d04can03yn0e3	STD	7
	d04xob02ln0a5	STD	7
	d04con02nn0d0	STD	7
	d04nob02yn0b5	STD	7
	d04xnk04wn0e0	STD	7
	d04xob02yn0b0	STD	7
	d04con01yd0b5	STD	7
	d04mkn22yd0d5	STD	7
	d04xnk04yd0f5	STD	7
	d04cab11yn0c0	STD	7
	d04xnk04yn0f0	STD	7
	d04nab02yn0b5	STD	7
	d04can03yn0b4	STD	7
	d04inn00yd0q0	STD	7
	d04cob13yn0d0	STD	7
	d04ann02ln0b6	STD	7
	d04nan02wd0b7	STD	7
	d04orn02wn0a5	STD	7
	d04nan04nn0d0	STD	7
	d04bfn12wn0a5	STD	7
	d04nab02ln0b0	STD	6
	d04xob03ln0d0	STD	6
	d04inn00nnue3	STD	6
	d04inn00nduq0	STD	6
	d04nan02yd0c7	STD	6
	d04fyj43yd0c0	STD	6
	d04rrb22wn0a5	STD	6
	d04cab13yn0b0	STD	6
	d04mkn22nn0b5	STD	6
	d04con01yn0d0	STD	6
	d04bfn00yd0h0	STD	6
	d04xnb02yd0i0	STD	6
	d04xnb02yn0c0	STD	6
	d04nob02yd0i0	STD	6
	d04nan04yd0e0	STD	6
	d04xob02yn0c0	STD	6
	d04can03yd0b5	STD	6
	d04ann02wn0b6	STD	6
	d04nan02nd0b6	STD	6
	d04bfn00wnue3	STD	6
	d04con03nd0c7	STD	6
	d04gbf00nd0b0	STD	6
	d04bfn00nd0c7	STD	5
	d04nob02yd0g0	STD	5
	d04cob13nn0c0	STD	5
	d04con02yn0d0	STD	5
	d04inn00nduo7	STD	5
	d04ann04nd0c5	STD	5
	d04nan03yd0d7	STD	5
	d04orn02yd0f7	STD	5
	d04nan03yn0b5	STD	5
	d04aon11yn0b0	STD	5
	d04ann02yd0c5	STD	5
	d04cak01nn0c0	STD	5
	d04bfn00nn0c0	STD	5
	d04oan01yn0a5	STD	5
	d04xnb03yd0c7	STD	5
	d04xob03yd0g5	STD	5
	d04con01yd0c5	STD	5
	d04nab02yd0d3	STD	5
	d04can03yn8b0	STD	5
	d04xnb03yn0e0	STD	5
	d04inn00wd0f7	STD	5
	d04can03yn0f0	STD	5
	d04non02ln0b3	STD	5
	d04cob11nn0b0	STD	5
	d04bfn00wduk0	STD	5
	d04fky00nd0b0	STD	5
	d04cgc01nd0f0	STD	5
	d04cgc01nd0d0	STD	5
	d04inn00nnuf5	STD	4
	d04cob13yn0b0	STD	4
	d04can03nd0c7	STD	4
	d04nan04nn0e0	STD	4
	d04non02nn0f0	STD	4
	d04con03wn0c0	STD	4
	d04mkn22nn0b0	STD	4
	d04non02nd0f0	STD	4
	d04xob03nn0b5	STD	4
	d04xob02yn0e0	STD	4
	d04nob02yd0f5	STD	4
	d04fyj03nd0g0	STD	4
	d04can03ld0c7	STD	4
	d04ann02wd0b7	STD	4
	d04nab02wn0b0	STD	4
	d04kak01yn0b0	STD	4
	d04ann02yn0d0	STD	4
	d04non02yd0f5	STD	4
	d04cak01yn0d0	STD	4
	d04xnk04yn0a5	STD	4
	d04nan03yd0d0	STD	4
	d04xnb03yd0g3	STD	4
	d04mkn22wn0b5	STD	4
	d04mkn22ln0d0	STD	4
	d04con01nd0c5	STD	4
	d04nan02wd0c3	STD	4
	d04inn00yd0b5	STD	4
	d04inn00nd0f7	STD	4
	d04inn00wd0c5	STD	4
	d04ann02yn0b3	STD	4
	d04nan02yd0b6	STD	4
	d04mkn22ld0c7	STD	4
	d04inn00ndui0	STD	4
	d04nan04nn0c0	STD	4
	d04cab13yn0d0	STD	4
	d04fky00yd0a5	STD	4
	d04bfn00ld0h0	STD	4
	d04cob13nd0b5	STD	4
	d04bfn00nn0d0	STD	3
	d04bfn00wd0c7	STD	3
	d04nan03yn0e0	STD	3
	d04xnb02wn0b5	STD	3
	d04can03nn0b0	STD	3
	d04nab02ld0d3	STD	3
	d04bfn00ld0i0	STD	3
	d04bfn00nd0i0	STD	3
	d04non02ld0f0	STD	3
	d04inn00nnuh5	STD	3
	d04bfn00wnub5	STD	3
	d04ann02nd0f7	STD	3
	d04nan03yn0f0	STD	3
	d04orn02wn0b5	STD	3
	d04ltn80ld0c0	STD	3
	d04orn02wn0b0	STD	3
	d04bfn00ln0f0	STD	3
	d04non02nd0f7	STD	3
	d04aon11wn0b0	STD	3
	d04bfn00wd0i0	STD	3
	d04fyj03wd0c0	STD	3
	d04nob02yn0c0	STD	3
	d04con01ld0d7	STD	3
	d04cab11nn0b0	STD	3
	d04ann02nn0e3	STD	3
	d04xnk04ln0c0	STD	3
	d04cak01nn0d0	STD	3
	d04bfn00wn0f0	STD	3
	d04con03nn0c0	STD	3
	d04aon03yd0b3	STD	3
	d04inn00yd0i0	STD	3
	d04inn00yn0c5	STD	3
	d04bfn00yn0e3	STD	3
	d04cak01yn0c0	STD	3
	d04cak04yn0b0	STD	3
	d04ann02yn0e0	STD	3
	d04mbn22yn0a5	STD	3
	d04con01yn0f0	STD	3
	d04ltn80yd0g0	STD	3
	d04non02yd0c5	STD	3
	d04inn00yn0b3	STD	3
	d04orn02yd0d5	STD	3
	d04cob13yn0f0	STD	3
	d04ann03yn0f0	STD	3
	d04non02nd0d0	STD	3
	d04inn00nd0q0	STD	3
	d04nan03nd0e0	STD	3
	d04nan02wd0c0	STD	3
	d04xnk04nn0b0	STD	3
	d04xnk04ln0b0	STD	3
	d04ann02ln0b3	STD	3
	d04ann02nd0b7	STD	3
	d04ann02ln0c0	STD	3
	d04ann02nd0d3	STD	3
	d04bfn00wd0b3	STD	3
	d04non02nn0c5	STD	3
	d04mkn22nd0c7	STD	3
	d04xnk04ln0e0	STD	3
	d04inn00wdui0	STD	3
	d04non02ld0c5	STD	3
	d04non02wd0c5	STD	3
	d04inn00wnue3	STD	3
	d04nob02wd0g0	STD	3
	d04orn02nn0c0	STD	3
	d04nan04ln0b5	STD	3
	d04can03ln0b5	STD	3
	d04nan02nd0b7	STD	3
	d04gbf10nd0f5	STD	3
	d04gbf00nd0l0	STD	3
	d04gbf10nd0d5	STD	3
	d04gbf10nd0g0	STD	3
	d04gbf00nd0j5	STD	3
	d04bfn00nnub5	STD	2
	d04nob02yn0d0	STD	2
	d04bfn00nn0a5	STD	2
	d04cob13nn0d0	STD	2
	d04can03nn0d0	STD	2
	d04xnk04ln0d0	STD	2
	d04bfn00ln0a5	STD	2
	d04nab02nn0d0	STD	2
	d04nab02ln0c0	STD	2
	d04oan01yn0b5	STD	2
	d04inn00lnud0	STD	2
	d04bfn00wn0a5	STD	2
	d04ann04ld0b7	STD	2
	d04fky00wd0a5	STD	2
	d04can03wn0b0	STD	2
	d04inn00lnuc5	STD	2
	d04nob03yn0b0	STD	2
	d04nan02nd0e0	STD	2
	d04nab02nn0f0	STD	2
	d04nan03yd0f5	STD	2
	d04nan03wd0b7	STD	2
	d04nak24wn0c0	STD	2
	d04cab13nn0b0	STD	2
	d04nan04ld0d7	STD	2
	d04rrb22wn0b5	STD	2
	d04kok01wn0b0	STD	2
	d04kak01wn0b0	STD	2
	d04nab03yd0f5	STD	2
	d04rrb22yn0a5	STD	2
	d04cak01wd0b7	STD	2
	d04cak01nd0i5	STD	2
	d04cak01nn0f0	STD	2
	d04ltn80yd0a5	STD	2
	fdk73d84_asic_halo_hib	STD	2
	fdk73d84_asic_halo_hic	STD	2
	d04cob11nn0c0	STD	2
	d04cab13yn0c0	STD	2
	d04kok01yn0b0	STD	2
	d04cak02nn0c0	STD	2
	d04bfn00wd0k0	STD	2
	d04xob02yn0g0	STD	2
	d04inn00yd0c5	STD	2
	d04non02yd0c7	STD	2
	d04xnb02yn0b7	STD	2
	d04nob02yd0d3	STD	2
	d04nan03ynuc0	STD	2
	d04aon03yn0d0	STD	2
	d04nan02yd0b5	STD	2
	d04kok01yn0f0	STD	2
	d04inn00ynub3	STD	2
	d04cob13yd0b5	STD	2
	d04xob03yn0c0	STD	2
	d04bfn00yduh0	STD	2
	d04can03nn0c0	STD	2
	d04con03yd0b5	STD	2
	d04can03nn0b7	STD	2
	d04can03yn0e0	STD	2
	d04bfn00yd0b5	STD	2
	d04con03ln0b0	STD	2
	d04mkn22yn0c0	STD	2
	d04can03yn0b3	STD	2
	d04nan03nd0b7	STD	2
	d04nan02wd0b6	STD	2
	d04bfn00ld0b3	STD	2
	d04nan03nnuc0	STD	2
	d04kak01nn0b0	STD	2
	d04cak01wn0b0	STD	2
	d04xnb02ln0b0	STD	2
	d04nab02nd0d3	STD	2
	d04xob03nn0b0	STD	2
	d04bfn00wd0b5	STD	2
	d04xnb02nn0b0	STD	2
	d04ann02wn0c0	STD	2
	d04xnk04nn0e0	STD	2
	d04xnk04ld0f5	STD	2
	d04nan03yd0b7	STD	2
	d04nan04wn0b5	STD	2
	d04bfn00wduh0	STD	2
	d04inn00wnud0	STD	2
	d04can03wn0b5	STD	2
	d04bfn00yn0b5	STD	2
	d04inn00yd0c7	STD	2
	d04inn00wd0b5	STD	2
	d04cob11yd0d7	STD	2
	d04gbf10nd0f0	STD	2
	d04gbf10nd0d0	STD	2
	d04xnb02wn0d0	STD	2
	d04non03nn0b5	STD	1
	d04xnb02nn0e0	STD	1
	d04bfn00yn0a5	STD	1
	d04nab02nd0g0	STD	1
	d04inn00ldui0	STD	1
	d04nab02nd0i0	STD	1
	d04nab02ld0f5	STD	1
	d04nab02wn0d0	STD	1
	d04can03wd0b3	STD	1
	d04inn00wd0c7	STD	1
	d04xob03ln0e0	STD	1
	d04cak01yd0i5	STD	1
	d04con04yn0f0	STD	1
	d04rrb22ln0b5	STD	1
	d04nan02nd0g0	STD	1
	d04nan03nn0d0	STD	1
	d04nan03nn0b5	STD	1
	d04inn00wduq0	STD	1
	d04ann03nn0a5	STD	1
	d04ann04nd0d7	STD	1
	d04can03wd0c7	STD	1
	d04nob02wd0d3	STD	1
	d04nob03yn0b5	STD	1
	d04nab02wn0c0	STD	1
	d04non04nn0b5	STD	1
	d04orn02wd0c5	STD	1
	d04bfn00ld0c7	STD	1
	d04ltn80ld0e0	STD	1
	d04cak01nd0f5	STD	1
	d04ann02nn0d0	STD	1
	d04xob03wn0d0	STD	1
	d04oan01ln0b5	STD	1
	d04xob02ln0b5	STD	1
	d04xnb03ln0e0	STD	1
	d04mbn22yn0b0	STD	1
	d04nab02ln0d0	STD	1
	d04cak01yd0f5	STD	1
	d04cob11ln0c0	STD	1
	d04con01nd0f5	STD	1
	d04cak04nn0b0	STD	1
	d04aon01yn0b5	STD	1
	d04cak01nd0c7	STD	1
	d04con01yd0c7	STD	1
	d04can16nn0b0	STD	1
	d04cab11yn0b0	STD	1
	d04cob11yn0c0	STD	1
	d04oan01nn0b0	STD	1
	d04xnb03yn0b5	STD	1
	d04aon03yn0b0	STD	1
	d04nab03yn0c0	STD	1
	d04oan01yn0b0	STD	1
	d04can16nn0b5	STD	1
	d04xok04nn0b5	STD	1
	d04nob03ln0b0	STD	1
	d04non03nn0f0	STD	1
	d04inn00yd0o7	STD	1
	d04inn00yn0d0	STD	1
	d04bfn00ln0c0	STD	1
	d04aon01yn0d0	STD	1
	d04xob03yn0g0	STD	1
	d04xnb02yd0h0	STD	1
	d04xok04yn0c0	STD	1
	d04kak01yn0b5	STD	1
	d04cak02yn0c0	STD	1
	d04aon01yn0a5	STD	1
	d04cak02yd0c0	STD	1
	d04con03yd0c7	STD	1
	d04bfn00yn0d5	STD	1
	d04mbn22yn0d0	STD	1
	d04ann03yn0d0	STD	1
	d04orn04yn0c0	STD	1
	d04bfn00yd0a5	STD	1
	d04bfn00yd0b3	STD	1
	d04nak24yn0f0	STD	1
	d04nob03yn0d0	STD	1
	d04nan04yd0c7	STD	1
	d04inn00ln0c5	STD	1
	d04ann03yd0f7	STD	1
	d04nan03yd0k0	STD	1
	d04con01nd0b5	STD	1
	d04xnb03yn0b0	STD	1
	d04non02wd0h5	STD	1
	d04non02nd0g0	STD	1
	d04xob02yd0c7	STD	1
	d04mkn22ln0c0	STD	1
	d04cob13ln0c0	STD	1
	d04mkn22ld0d5	STD	1
	d04orn02yn0d0	STD	1
	d04fyj03ld0g0	STD	1
	d04non03yd0g0	STD	1
	d04non02ld0d0	STD	1
	d04con01ld0c5	STD	1
	d04kok01yd0b0	STD	1
	d04non02nn0e5	STD	1
	d04bfn00wn0c0	STD	1
	d04ann02yn0f0	STD	1
	d04cob11yn0f0	STD	1
	d04kok01yn0d0	STD	1
	d04bfn00wduo0	STD	1
	d04con01yd0d7	STD	1
	d04xob02yn0f0	STD	1
	d04bfn00nd0c5	STD	1
	d04non02ld0f5	STD	1
	d04oan01wn0b0	STD	1
	d04ann02nn0b3	STD	1
	d04bfn00nn0c5	STD	1
	d04cak01nd0d0	STD	1
	d04nob02nn0c0	STD	1
	d04non02wd0f0	STD	1
	d04cak01wd0c7	STD	1
	d04xob02nn0b4	STD	1
	d04oan01wn0a5	STD	1
	d04nan02wd0d0	STD	1
	d04oan01yn0c0	STD	1
	d04nan02wn0d0	STD	1
	d04nan02ld0c3	STD	1
	d04inn00wd0b3	STD	1
	d04inn00wnub3	STD	1
	d04con10wn0b0	STD	1
	d04inn00ld0b5	STD	1
	d04nan02nd0c0	STD	1
	d04can03yd0b3	STD	1
	d04mbn22nn0d0	STD	1
	d04xnk04wn0b5	STD	1
	d04xob03ln0a5	STD	1
	d04xnk04nn0a5	STD	1
	d04inn00wd0o7	STD	1
	d04ann02ln0b4	STD	1
	d04nab02wd0f5	STD	1
	d04xnb02yn0f0	STD	1
	d04mkn22wn0a5	STD	1
	d04con03nd0b5	STD	1
	d04mbn22nn0b4	STD	1
	d04aon11yd0d5	STD	1
	d04inn00nd0b5	STD	1
	d04cak01yd0b7	STD	1
	d04aon03wn0a5	STD	1
	d04can03nd0b5	STD	1
	d04non02nn0e0	STD	1
	d04orn04wn0c0	STD	1
	d04nak24ln0c0	STD	1
	d04nan04ln0d0	STD	1
	d04fky00ld0b0	STD	1
	d04nan02wn0d5	STD	1
	d04nan04ln0c0	STD	1
	d04non02wd0c0	STD	1
	d04nob02ld0i0	STD	1
	d04nob02ld0g0	STD	1
	d04nan04wn0d0	STD	1
	d04orn02nn0a5	STD	1
	d04non02wn0c0	STD	1
	d04non02nd0c7	STD	1
	d04inn00lnuf5	STD	1
	d04orn02nn0f0	STD	1
	d04can03ln0c0	STD	1
	d04can03wd0b5	STD	1
	d04ann02nn0b0	STD	1
	d04nan02wd0e0	STD	1
	d04inn00nn0c5	STD	1
	d04ann04nd0b7	STD	1
	d04non04yn0c0	STD	1
	d04aon03ln0a5	STD	1
	d04orn02ln0a5	STD	1
	d04nak24ld0f7	STD	1
	d04nan03wd0d7	STD	1
	d04rrb22yn0b5	STD	1
	d04aon03yn0f0	STD	1
	d04inn00nd0c5	STD	1
	d04kok01wd0b0	STD	1
	d04nab02wn0b5	STD	1
	d04can03ld0c5	STD	1
	d04nan04yn0e5	STD	1
	d04aon11yd0h0	STD	1
	d04cab13yn0f0	STD	1
	d04bfn00nduo0	STD	1
	d04nan04yn0f0	STD	1
	d04nab03yd0i5	STD	1
	d04nan04yd0f5	STD	1
	d04nak23yn0d0	STD	1
	d04bfn00nnue3	STD	1
	d04non02ln0d5	STD	1
	d04xnb03nd0c7	STD	1
	d04nan03ln0d0	STD	1
	d04gbf30nd0b5	STD	1
	d04gbf30nd0e5	STD	1
	d04gbf10nd0h0	STD	1
	d04gbf20nd0l0	STD	1
	d04gbf10nd0c0	STD	1
	d04aon03nn0c0	STD	1
	d04bfn00yd0c5	STD	1
	d04ann02wn0b3	STD	1
	=================================

Timing/Optimization Information:

Global Routing Information:
    layer m0, dir Hor, min width = 0.03, min space = 0.03 pitch = 0.06
    layer m1, dir Ver, min width = 0.04, min space = 0.03 pitch = 0.07
    layer m2, dir Hor, min width = 0.03, min space = 0.02 pitch = 0.05
    layer m3, dir Ver, min width = 0.03, min space = 0.02 pitch = 0.05
    layer m4, dir Hor, min width = 0.03, min space = 0.02 pitch = 0.06
    layer m5, dir Ver, min width = 0.03, min space = 0.02 pitch = 0.05
    layer m6, dir Hor, min width = 0.04, min space = 0.04 pitch = 0.08
    layer m7, dir Ver, min width = 0.06, min space = 0.06 pitch = 0.11
    layer m8, dir Hor, min width = 0.13, min space = 0.13 pitch = 0.25
    layer m9, dir Ver, min width = 0.54, min space = 0.54 pitch = 1.08
    layer tm1, dir Hor, min width = 5.50, min space = 5.50 pitch = 16.00
    layer c4, dir Ver, min width = 85.00, min space = 45.00 pitch = 130.30
     
    Average gCell capacity  4.54	 on layer (1)	 m0
    Average gCell capacity  4.20	 on layer (2)	 m1
    Average gCell capacity  5.32	 on layer (3)	 m2
    Average gCell capacity  6.65	 on layer (4)	 m3
    Average gCell capacity  5.75	 on layer (5)	 m4
    Average gCell capacity  6.64	 on layer (6)	 m5
    Average gCell capacity  3.75	 on layer (7)	 m6
    Average gCell capacity  3.08	 on layer (8)	 m7
    Average gCell capacity  0.87	 on layer (9)	 m8
    Average gCell capacity  0.12	 on layer (10)	 m9
    Average gCell capacity  0.00	 on layer (11)	 tm1
    Average gCell capacity  0.00	 on layer (12)	 c4
     
    Initial. Both Dirs: Overflow = 23459 Max = 2 GRCs = 12557 (1.09%)
    Initial. H routing: Overflow = 23241 Max = 2 (GRCs = 10899) GRCs = 12342 (2.14%)
    Initial. V routing: Overflow =   218 Max = 2 (GRCs =  3) GRCs =   215 (0.04%)
     
    phase1. Both Dirs: Overflow = 23459 Max = 2 GRCs = 12557 (1.09%)
    phase1. H routing: Overflow = 23241 Max = 2 (GRCs = 10899) GRCs = 12342 (2.14%)
    phase1. V routing: Overflow =   218 Max = 2 (GRCs =  3) GRCs =   215 (0.04%)
     
    phase2. Both Dirs: Overflow = 24138 Max = 5 GRCs = 12775 (1.11%)
    phase2. H routing: Overflow = 23743 Max = 5 (GRCs = 96) GRCs = 12427 (2.15%)
    phase2. V routing: Overflow =   395 Max = 3 (GRCs =  5) GRCs =   348 (0.06%)
     
    Total Wire Length = 34.27
    Layer m0 wire length = 0.00
    Layer m1 wire length = 1.33
    Layer m2 wire length = 7.72
    Layer m3 wire length = 6.21
    Layer m4 wire length = 0.35
    Layer m5 wire length = 0.29
    Layer m6 wire length = 7.67
    Layer m7 wire length = 10.70
    Layer m8 wire length = 0.00
    Layer m9 wire length = 0.00
    Layer tm1 wire length = 0.00
    Layer c4 wire length = 0.00
    Total Number of Contacts = 278
    Via VIA0AX count = 14
    Via VIA1A count = 94
    Via VIA2A count = 49
    Via VIA3C_32 count = 32
    Via VIA4A count = 29
    Via VIA5B count = 27
    Via VIA6A44 count = 33
    Via VIA7F count = 0
    Via VIA8A count = 0
    Via VIA9A count = 0
    Via TV1A count = 0
     
    Elapsed real time: 0:00:09
    Elapsed cpu time: sys = 0:00:00 usr = 0:00:06 total = 0:00:06
    Total Proc Memory(MB): 1173

Track Assignment Information:
    Number of wires with overlap after iteration 0 = 254 of 671

    Number of wires with overlap after iteration 1 = 52 of 342

    Total m0 wire length: 0.5
    Total m1 wire length: 3.8
    Total m2 wire length: 27.0
    Total m3 wire length: 3.9
    Total m4 wire length: 0.4
    Total m5 wire length: 0.2
    Total m6 wire length: 6.7
    Total m7 wire length: 9.5
    Total m8 wire length: 0.0
    Total m9 wire length: 0.0
    Total tm1 wire length: 0.0
    Total c4 wire length: 0.0
    Total wire length: 51.9

    Elapsed real time: 0:04:09
    Elapsed cpu time: sys = 0:00:00 usr = 0:02:10 total = 0:02:11
    Total Proc Memory(MB): 1237

Detailed Routing Information:
    

    ---------- Detail route ----------

     
    Iteration 0: DRC-SUMMARY:
    	@@@@@@@ TOTAL VIOLATIONS =	26
     
    Iteration 1: DRC-SUMMARY:
    	@@@@@@@ TOTAL VIOLATIONS =	0
    DR finished with 0 violations
     
    DRC-SUMMARY:
    	@@@@@@@ TOTAL VIOLATIONS =	0
    

    ---------- Chip finish: insert redundant vias ----------

    RedundantVia finished with 58 violations
     
    DRC-SUMMARY:
    	@@@@@@@ TOTAL VIOLATIONS =	58
    	Less than minimum length : 50
    	Internal-only types : 8
     
    Begin DRC fixing ...

     
    Iteration 1: DRC-SUMMARY:
    	@@@@@@@ TOTAL VIOLATIONS =	1
     
    Iteration 2: DRC-SUMMARY:
    	@@@@@@@ TOTAL VIOLATIONS =	0
     
    Elapsed real time: 0:00:35
    Elapsed cpu time: sys = 0:00:00 usr = 0:00:55 total = 0:00:56
    Total Proc Memory(MB): 1282
     
    Cumulative run time upto current stage: Elapsed = 0:00:35 CPU = 0:00:56
     
    DR finished with 0 open nets, of which 0 are frozen
    DR finished with 0 violations
     
    DRC-SUMMARY:
    	@@@@@@@ TOTAL VIOLATIONS =	0
    Total number of nets = 52798
    0 open nets, of which 0 are frozen
    Total number of excluded ports = 0 ports of 0 unplaced cells connected to 0 nets
                                     0 ports without pins of 0 cells connected to 0 nets
                                     0 ports of 0 cover cells connected to 0 non-pg nets
    Total number of DRCs = 0
    Total number of antenna violations = antenna checking not active
    Total number of voltage-area violations = no voltage-areas defined
    

     
    Elapsed real time: 0:00:00
    Elapsed cpu time: sys = 0:00:00 usr = 0:00:00 total = 0:00:00
    Total Proc Memory(MB): 1282
     
    Cumulative run time upto current stage: Elapsed = 0:00:35 CPU = 0:00:56
     
    Total Wire Length =                    66830 micron
    Total Number of Contacts =             94759
    Total Number of Wires =                42212
    Total Number of PtConns =              5569
    Total Number of Routed Wires =       42212
    Total Routed Wire Length =           66500 micron
    Total Number of Routed Contacts =       94759
    	Layer          m0 :          5 micron
    	Layer          m1 :          8 micron
    	Layer          m2 :         47 micron
    	Layer          m3 :       1160 micron
    	Layer          m4 :        318 micron
    	Layer          m5 :        299 micron
    	Layer          m6 :      26103 micron
    	Layer          m7 :      34374 micron
    	Layer          m8 :       4516 micron
    	Layer          m9 :          0 micron
    	Layer         tm1 :          0 micron
    	Layer          c4 :          0 micron
    	Via         VIA7F :        170
    	Via      VIA7F_DA :        229
    	Via      VIA7F_DB :          1
    	Via      VIA7F_DC :        848
    	Via       VIA6A44 :        246
    	Via    VIA6A44_DA :        130
    	Via    VIA6A44_DB :        236
    	Via    VIA6A44_DC :      22100
    	Via      VIA5B_DA :        112
    	Via      VIA5B_DC :      17148
    	Via   VIA5B_44_DC :          2
    	Via   VIA4A_32_DA :        167
    	Via   VIA4A_32_DC :      16745
    	Via      VIA4C_DC :          2
    	Via      VIA3C_DC :          2
    	Via   VIA3C_32_DC :      16732
    	Via      VIA2A_DB :          1
    	Via      VIA2A_DC :      16729
    	Via      VIA2C_DC :          2
    	Via      VIA1A_DA :          6
    	Via      VIA1A_DB :         58
    	Via      VIA1A_DC :       3035
    	Via        VIA0AX :         25
    	Via        VIA0CX :          1
    	Via         VIA0A :         32
     
    Redundant via conversion report:
    --------------------------------

      Total optimized via conversion rate = 99.50% (94285 / 94759 vias)
     
        Layer v0         =  0.00% (0      / 58      vias)
            Un-optimized = 100.00% (58      vias)
        Layer v1         = 100.00% (3099   / 3099    vias)
            Weight 30    = 97.93% (3035    vias)
            Weight 10    =  2.07% (64      vias)
            Un-optimized =  0.00% (0       vias)
        Layer v2         = 100.00% (16732  / 16732   vias)
            Weight 30    = 99.99% (16731   vias)
            Weight 10    =  0.01% (1       vias)
            Un-optimized =  0.00% (0       vias)
        Layer v3         = 100.00% (16734  / 16734   vias)
            Weight 30    = 100.00% (16734   vias)
            Un-optimized =  0.00% (0       vias)
        Layer v4         = 100.00% (16914  / 16914   vias)
            Weight 30    = 99.01% (16747   vias)
            Weight 10    =  0.99% (167     vias)
            Un-optimized =  0.00% (0       vias)
        Layer v5         = 100.00% (17262  / 17262   vias)
            Weight 30    = 99.35% (17150   vias)
            Weight 10    =  0.65% (112     vias)
            Un-optimized =  0.00% (0       vias)
        Layer v6         = 98.92% (22466  / 22712   vias)
            Weight 30    = 97.31% (22100   vias)
            Weight 10    =  1.61% (366     vias)
            Un-optimized =  1.08% (246     vias)
        Layer v7         = 86.38% (1078   / 1248    vias)
            Weight 30    = 67.95% (848     vias)
            Weight 10    = 18.43% (230     vias)
            Un-optimized = 13.62% (170     vias)
     
      Total double via conversion rate    =  0.00% (0 / 94759 vias)
     
        Layer v0         =  0.00% (0      / 58      vias)
        Layer v1         =  0.00% (0      / 3099    vias)
        Layer v2         =  0.00% (0      / 16732   vias)
        Layer v3         =  0.00% (0      / 16734   vias)
        Layer v4         =  0.00% (0      / 16914   vias)
        Layer v5         =  0.00% (0      / 17262   vias)
        Layer v6         =  0.00% (0      / 22712   vias)
        Layer v7         =  0.00% (0      / 1248    vias)
     
      The optimized via conversion rate based on total routed via count = 99.50% (94285 / 94759 vias)
     
        Layer v0         =  0.00% (0      / 58      vias)
            Un-optimized = 100.00% (58      vias)
        Layer v1         = 100.00% (3099   / 3099    vias)
            Weight 30    = 97.93% (3035    vias)
            Weight 10    =  2.07% (64      vias)
            Un-optimized =  0.00% (0       vias)
        Layer v2         = 100.00% (16732  / 16732   vias)
            Weight 30    = 99.99% (16731   vias)
            Weight 10    =  0.01% (1       vias)
            Un-optimized =  0.00% (0       vias)
        Layer v3         = 100.00% (16734  / 16734   vias)
            Weight 30    = 100.00% (16734   vias)
            Un-optimized =  0.00% (0       vias)
        Layer v4         = 100.00% (16914  / 16914   vias)
            Weight 30    = 99.01% (16747   vias)
            Weight 10    =  0.99% (167     vias)
            Un-optimized =  0.00% (0       vias)
        Layer v5         = 100.00% (17262  / 17262   vias)
            Weight 30    = 99.35% (17150   vias)
            Weight 10    =  0.65% (112     vias)
            Un-optimized =  0.00% (0       vias)
        Layer v6         = 98.92% (22466  / 22712   vias)
            Weight 30    = 97.31% (22100   vias)
            Weight 10    =  1.61% (366     vias)
            Un-optimized =  1.08% (246     vias)
        Layer v7         = 86.38% (1078   / 1248    vias)
            Weight 30    = 67.95% (848     vias)
            Weight 10    = 18.43% (230     vias)
            Un-optimized = 13.62% (170     vias)
     

DRC information: 
      Total error number: 0

Ring Wiring Statistics:

Stripe Wiring Statistics:
    metal3 Wire Length(count):             344613.64(1140)
    metal4 Wire Length(count):             109116.00(360)
    metal5 Wire Length(count):             172291.24(570)
    metal6 Wire Length(count):             109116.00(360)
    metal7 Wire Length(count):             114837.52(380)
    metal8 Wire Length(count):              54552.96(180)
    metal9 Wire Length(count):              28660.17(95)
    metal10 Wire Length(count):              27194.40(90)
  ==============================================
    Total Wire Length(count):              960381.93(3175)
    Number of via3 Contacts:         204660
    Number of via4 Contacts:         102600
    Number of via5 Contacts:         102600
    Number of via6 Contacts:          68400
    Number of via7 Contacts:          34200
    Number of via8 Contacts:           8550
    Number of via9 Contacts:           4275
  ==============================================
    Total Number of Contacts:    525285

User Wiring Statistics:
    metal6 Wire Length(count):                585.20(380)
    metal7 Wire Length(count):                576.00(360)
    metal8 Wire Length(count):                572.28(380)
    metal9 Wire Length(count):                579.60(180)
  ==============================================
    Total Wire Length(count):                2313.08(1300)

PG follow-pin Wiring Statistics:

Signal Wiring Statistics:
    metal1 Wire Length(count):                  5.39(19)
    metal2 Wire Length(count):                  8.48(90)
    metal3 Wire Length(count):                 47.44(299)
    metal4 Wire Length(count):               1160.17(8494)
    metal5 Wire Length(count):                317.68(465)
    metal6 Wire Length(count):                298.60(1569)
    metal7 Wire Length(count):              26102.72(20234)
    metal8 Wire Length(count):              34373.78(15625)
    metal9 Wire Length(count):               4515.55(986)
  ==============================================
    Total Wire Length(count):               66829.83(47781)

      Mask Name      Contact Code    Number Of Contacts    Percentage
        via1          VIA0AX(2)                25	       43.1
        via1          VIA0CX(4)                 1	       1.72
        via1           VIA0A(8)                32	       55.2
        via2        VIA1A_DA(276)                 6	      0.194
        via2        VIA1A_DB(277)                58	       1.87
        via2        VIA1A_DC(278)              3035	       97.9
        via3        VIA2A_DB(280)                 1	    0.00598
        via3        VIA2A_DC(281)             16729	        100
        via3        VIA2C_DC(284)                 2	      0.012
        via4        VIA3C_DC(287)                 2	      0.012
        via4     VIA3C_32_DC(290)             16732	        100
        via5     VIA4A_32_DA(291)               167	      0.987
        via5     VIA4A_32_DC(293)             16745	         99
        via5        VIA4C_DC(296)                 2	     0.0118
        via6        VIA5B_DA(313)               112	      0.649
        via6        VIA5B_DC(315)             17148	       99.3
        via6     VIA5B_44_DC(318)                 2	     0.0116
        via7         VIA6A44(44)               246	       1.08
        via7      VIA6A44_DA(297)               130	      0.572
        via7      VIA6A44_DB(298)               236	       1.04
        via7      VIA6A44_DC(299)             22100	       97.3
        via8           VIA7F(91)               170	       13.6
        via8        VIA7F_DA(319)               229	       18.3
        via8        VIA7F_DB(320)                 1	     0.0801
        via8        VIA7F_DC(326)               848	       67.9
  ==============================================
    Total Number of Contacts:    94759

  Horizontal/Vertical Wire Distribution:
    Layer      Hor. Wire (% of Hor.)     Ver. Wire (% of Ver.)
    metal1             5.39 ( 0.02%)             0.00 ( 0.00%)
    metal2             0.00 ( 0.00%)             8.48 ( 0.02%)
    metal3            47.44 ( 0.15%)             0.00 ( 0.00%)
    metal4             0.00 ( 0.00%)          1160.17 ( 3.24%)
    metal5           317.68 ( 1.03%)             0.00 ( 0.00%)
    metal6             0.00 ( 0.00%)           298.60 ( 0.83%)
    metal7         26102.72 (84.23%)             0.00 ( 0.00%)
    metal8             0.00 ( 0.00%)         34373.78 (95.91%)
    metal9          4515.55 (14.57%)             0.00 ( 0.00%)
  ==============================================================
    Total          30988.79                  35841.04
1
