
Design          Type    Object                  New Name
--------------------------------------------------------------------------------
fdkex           cell    d04tih00wnz00!U233      d04tih00wnz00_U233
fdkex           cell    d04tih00wnz00!U234      d04tih00wnz00_U234
fdkex           cell    d04tih00wnz00!U235      d04tih00wnz00_U235
fdkex           cell    d04tih00wnz00!U236      d04tih00wnz00_U236
fdkex           cell    d04tih00wnz00!U237      d04tih00wnz00_U237
fdkex           cell    d04tih00wnz00!U238      d04tih00wnz00_U238
fdkex           cell    d04tih00wnz00!U239      d04tih00wnz00_U239
fdkex           cell    d04tih00wnz00!U240      d04tih00wnz00_U240
fdkex           cell    d04tih00wnz00!U241      d04tih00wnz00_U241
fdkex           cell    d04tih00wnz00!U242      d04tih00wnz00_U242
fdkex           cell    d04tih00wnz00!U243      d04tih00wnz00_U243
fdkex           cell    d04tih00wnz00!U244      d04tih00wnz00_U244
fdkex           cell    d04tih00wnz00!U245      d04tih00wnz00_U245
fdkex           cell    d04tih00wnz00!U246      d04tih00wnz00_U246
fdkex           cell    d04tih00wnz00!U247      d04tih00wnz00_U247
fdkex           cell    d04tih00wnz00!U248      d04tih00wnz00_U248
fdkex           cell    d04tih00wnz00!U249      d04tih00wnz00_U249
fdkex           cell    d04tih00wnz00!U250      d04tih00wnz00_U250
fdkex           cell    d04tih00wnz00!U251      d04tih00wnz00_U251
fdkex           cell    d04tih00wnz00!U252      d04tih00wnz00_U252
fdkex           cell    d04tih00wnz00!U253      d04tih00wnz00_U253
fdkex           cell    d04tih00wnz00!U254      d04tih00wnz00_U254
fdkex           cell    d04tih00wnz00!U255      d04tih00wnz00_U255
fdkex           cell    d04tih00wnz00!U256      d04tih00wnz00_U256
fdkex           cell    d04tih00wnz00!U257      d04tih00wnz00_U257
fdkex           cell    d04tih00wnz00!U258      d04tih00wnz00_U258
fdkex           cell    d04tih00wnz00!U259      d04tih00wnz00_U259
fdkex           cell    d04tih00wnz00!U260      d04tih00wnz00_U260
fdkex           cell    d04tih00wnz00!U261      d04tih00wnz00_U261
fdkex           cell    d04tih00wnz00!U262      d04tih00wnz00_U262
fdkex           cell    d04tih00wnz00!U263      d04tih00wnz00_U263
fdkex           cell    d04tih00wnz00!U264      d04tih00wnz00_U264
fdkex           cell    d04tih00wnz00!U265      d04tih00wnz00_U265
fdkex           cell    d04tih00wnz00!U266      d04tih00wnz00_U266
fdkex           cell    d04tih00wnz00!U267      d04tih00wnz00_U267
fdkex           cell    d04tih00wnz00!U268      d04tih00wnz00_U268
fdkex           cell    d04tih00wnz00!U140      d04tih00wnz00_U140
fdkex           cell    d04tih00wnz00!U141      d04tih00wnz00_U141
fdkex           cell    d04tih00wnz00!U142      d04tih00wnz00_U142
fdkex           cell    d04tih00wnz00!U143      d04tih00wnz00_U143
fdkex           cell    d04tih00wnz00!U144      d04tih00wnz00_U144
fdkex           cell    d04tih00wnz00!U145      d04tih00wnz00_U145
fdkex           cell    d04tih00wnz00!U146      d04tih00wnz00_U146
fdkex           cell    d04tih00wnz00!U147      d04tih00wnz00_U147
fdkex           cell    d04tih00wnz00!U148      d04tih00wnz00_U148
fdkex           cell    d04tih00wnz00!U149      d04tih00wnz00_U149
fdkex           cell    d04tih00wnz00!U150      d04tih00wnz00_U150
fdkex           cell    d04tih00wnz00!U151      d04tih00wnz00_U151
fdkex           cell    d04tih00wnz00!U152      d04tih00wnz00_U152
fdkex           cell    d04tih00wnz00!U153      d04tih00wnz00_U153
fdkex           cell    d04tih00wnz00!U154      d04tih00wnz00_U154
fdkex           cell    d04tih00wnz00!U155      d04tih00wnz00_U155
fdkex           cell    d04tih00wnz00!U156      d04tih00wnz00_U156
fdkex           cell    d04tih00wnz00!U157      d04tih00wnz00_U157
fdkex           cell    d04tih00wnz00!U158      d04tih00wnz00_U158
fdkex           cell    d04tih00wnz00!U159      d04tih00wnz00_U159
fdkex           cell    d04tih00wnz00!U160      d04tih00wnz00_U160
fdkex           cell    d04tih00wnz00!U161      d04tih00wnz00_U161
fdkex           cell    d04tih00wnz00!U162      d04tih00wnz00_U162
fdkex           cell    d04tih00wnz00!U163      d04tih00wnz00_U163
fdkex           cell    d04tih00wnz00!U164      d04tih00wnz00_U164
fdkex           cell    d04tih00wnz00!U165      d04tih00wnz00_U165
fdkex           cell    d04tih00wnz00!U166      d04tih00wnz00_U166
fdkex           cell    d04tih00wnz00!U167      d04tih00wnz00_U167
fdkex           cell    d04tih00wnz00!U168      d04tih00wnz00_U168
fdkex           cell    d04tih00wnz00!U169      d04tih00wnz00_U169
fdkex           cell    d04tih00wnz00!U170      d04tih00wnz00_U170
fdkex           cell    d04tih00wnz00!U171      d04tih00wnz00_U171
fdkex           cell    d04tih00wnz00!U172      d04tih00wnz00_U172
fdkex           cell    d04tih00wnz00!U173      d04tih00wnz00_U173
fdkex           cell    d04tih00wnz00!U174      d04tih00wnz00_U174
fdkex           cell    d04tih00wnz00!U175      d04tih00wnz00_U175
fdkex           cell    d04tih00wnz00!U176      d04tih00wnz00_U176
fdkex           cell    d04tih00wnz00!U177      d04tih00wnz00_U177
fdkex           cell    d04tih00wnz00!U178      d04tih00wnz00_U178
fdkex           cell    d04tih00wnz00!U179      d04tih00wnz00_U179
fdkex           cell    d04tih00wnz00!U180      d04tih00wnz00_U180
fdkex           cell    d04tih00wnz00!U181      d04tih00wnz00_U181
fdkex           cell    d04tih00wnz00!U182      d04tih00wnz00_U182
fdkex           cell    d04tih00wnz00!U183      d04tih00wnz00_U183
fdkex           cell    d04tih00wnz00!U184      d04tih00wnz00_U184
fdkex           cell    d04tih00wnz00!U185      d04tih00wnz00_U185
fdkex           cell    d04tih00wnz00!U186      d04tih00wnz00_U186
fdkex           cell    d04tih00wnz00!U187      d04tih00wnz00_U187
fdkex           cell    d04tih00wnz00!U188      d04tih00wnz00_U188
fdkex           cell    d04tih00wnz00!U189      d04tih00wnz00_U189
fdkex           cell    d04tih00wnz00!U190      d04tih00wnz00_U190
fdkex           cell    d04tih00wnz00!U191      d04tih00wnz00_U191
fdkex           cell    d04tih00wnz00!U192      d04tih00wnz00_U192
fdkex           cell    d04tih00wnz00!U193      d04tih00wnz00_U193
fdkex           cell    d04tih00wnz00!U194      d04tih00wnz00_U194
fdkex           cell    d04tih00wnz00!U195      d04tih00wnz00_U195
fdkex           cell    d04tih00wnz00!U196      d04tih00wnz00_U196
fdkex           cell    d04tih00wnz00!U197      d04tih00wnz00_U197
fdkex           cell    d04tih00wnz00!U198      d04tih00wnz00_U198
fdkex           cell    d04tih00wnz00!U199      d04tih00wnz00_U199
fdkex           cell    d04tih00wnz00!U200      d04tih00wnz00_U200
fdkex           cell    d04tih00wnz00!U201      d04tih00wnz00_U201
fdkex           cell    d04tih00wnz00!U202      d04tih00wnz00_U202
fdkex           cell    d04tih00wnz00!U203      d04tih00wnz00_U203
fdkex           cell    d04tih00wnz00!U204      d04tih00wnz00_U204
fdkex           cell    d04tih00wnz00!U205      d04tih00wnz00_U205
fdkex           cell    d04tih00wnz00!U206      d04tih00wnz00_U206
fdkex           cell    d04tih00wnz00!U207      d04tih00wnz00_U207
fdkex           cell    d04tih00wnz00!U208      d04tih00wnz00_U208
fdkex           cell    d04tih00wnz00!U209      d04tih00wnz00_U209
fdkex           cell    d04tih00wnz00!U210      d04tih00wnz00_U210
fdkex           cell    d04tih00wnz00!U211      d04tih00wnz00_U211
fdkex           cell    d04tih00wnz00!U212      d04tih00wnz00_U212
fdkex           cell    d04tih00wnz00!U213      d04tih00wnz00_U213
fdkex           cell    d04tih00wnz00!U214      d04tih00wnz00_U214
fdkex           cell    d04tih00wnz00!U215      d04tih00wnz00_U215
fdkex           cell    d04tih00wnz00!U216      d04tih00wnz00_U216
fdkex           cell    d04tih00wnz00!U217      d04tih00wnz00_U217
fdkex           cell    d04tih00wnz00!U218      d04tih00wnz00_U218
fdkex           cell    d04tih00wnz00!U219      d04tih00wnz00_U219
fdkex           cell    d04tih00wnz00!U220      d04tih00wnz00_U220
fdkex           cell    d04tih00wnz00!U221      d04tih00wnz00_U221
fdkex           cell    d04tih00wnz00!U222      d04tih00wnz00_U222
fdkex           cell    d04tih00wnz00!U223      d04tih00wnz00_U223
fdkex           cell    d04tih00wnz00!U224      d04tih00wnz00_U224
fdkex           cell    d04tih00wnz00!U225      d04tih00wnz00_U225
fdkex           cell    d04tih00wnz00!U226      d04tih00wnz00_U226
fdkex           cell    d04tih00wnz00!U227      d04tih00wnz00_U227
fdkex           cell    d04tih00wnz00!U228      d04tih00wnz00_U228
fdkex           cell    d04tih00wnz00!U229      d04tih00wnz00_U229
fdkex           cell    d04tih00wnz00!U230      d04tih00wnz00_U230
fdkex           cell    d04tih00wnz00!U231      d04tih00wnz00_U231
fdkex           cell    d04tih00wnz00!U232      d04tih00wnz00_U232
fdkex           cell    d04tih00wnz00!U47       d04tih00wnz00_U47
fdkex           cell    d04tih00wnz00!U48       d04tih00wnz00_U48
fdkex           cell    d04tih00wnz00!U49       d04tih00wnz00_U49
fdkex           cell    d04tih00wnz00!U50       d04tih00wnz00_U50
fdkex           cell    d04tih00wnz00!U51       d04tih00wnz00_U51
fdkex           cell    d04tih00wnz00!U52       d04tih00wnz00_U52
fdkex           cell    d04tih00wnz00!U53       d04tih00wnz00_U53
fdkex           cell    d04tih00wnz00!U54       d04tih00wnz00_U54
fdkex           cell    d04tih00wnz00!U55       d04tih00wnz00_U55
fdkex           cell    d04tih00wnz00!U56       d04tih00wnz00_U56
fdkex           cell    d04tih00wnz00!U57       d04tih00wnz00_U57
fdkex           cell    d04tih00wnz00!U58       d04tih00wnz00_U58
fdkex           cell    d04tih00wnz00!U59       d04tih00wnz00_U59
fdkex           cell    d04tih00wnz00!U60       d04tih00wnz00_U60
fdkex           cell    d04tih00wnz00!U61       d04tih00wnz00_U61
fdkex           cell    d04tih00wnz00!U62       d04tih00wnz00_U62
fdkex           cell    d04tih00wnz00!U63       d04tih00wnz00_U63
fdkex           cell    d04tih00wnz00!U64       d04tih00wnz00_U64
fdkex           cell    d04tih00wnz00!U65       d04tih00wnz00_U65
fdkex           cell    d04tih00wnz00!U66       d04tih00wnz00_U66
fdkex           cell    d04tih00wnz00!U67       d04tih00wnz00_U67
fdkex           cell    d04tih00wnz00!U68       d04tih00wnz00_U68
fdkex           cell    d04tih00wnz00!U69       d04tih00wnz00_U69
fdkex           cell    d04tih00wnz00!U70       d04tih00wnz00_U70
fdkex           cell    d04tih00wnz00!U71       d04tih00wnz00_U71
fdkex           cell    d04tih00wnz00!U72       d04tih00wnz00_U72
fdkex           cell    d04tih00wnz00!U73       d04tih00wnz00_U73
fdkex           cell    d04tih00wnz00!U74       d04tih00wnz00_U74
fdkex           cell    d04tih00wnz00!U75       d04tih00wnz00_U75
fdkex           cell    d04tih00wnz00!U76       d04tih00wnz00_U76
fdkex           cell    d04tih00wnz00!U77       d04tih00wnz00_U77
fdkex           cell    d04tih00wnz00!U78       d04tih00wnz00_U78
fdkex           cell    d04tih00wnz00!U79       d04tih00wnz00_U79
fdkex           cell    d04tih00wnz00!U80       d04tih00wnz00_U80
fdkex           cell    d04tih00wnz00!U81       d04tih00wnz00_U81
fdkex           cell    d04tih00wnz00!U82       d04tih00wnz00_U82
fdkex           cell    d04tih00wnz00!U83       d04tih00wnz00_U83
fdkex           cell    d04tih00wnz00!U84       d04tih00wnz00_U84
fdkex           cell    d04tih00wnz00!U85       d04tih00wnz00_U85
fdkex           cell    d04tih00wnz00!U86       d04tih00wnz00_U86
fdkex           cell    d04tih00wnz00!U87       d04tih00wnz00_U87
fdkex           cell    d04tih00wnz00!U88       d04tih00wnz00_U88
fdkex           cell    d04tih00wnz00!U89       d04tih00wnz00_U89
fdkex           cell    d04tih00wnz00!U90       d04tih00wnz00_U90
fdkex           cell    d04tih00wnz00!U91       d04tih00wnz00_U91
fdkex           cell    d04tih00wnz00!U92       d04tih00wnz00_U92
fdkex           cell    d04tih00wnz00!U93       d04tih00wnz00_U93
fdkex           cell    d04tih00wnz00!U94       d04tih00wnz00_U94
fdkex           cell    d04tih00wnz00!U95       d04tih00wnz00_U95
fdkex           cell    d04tih00wnz00!U96       d04tih00wnz00_U96
fdkex           cell    d04tih00wnz00!U97       d04tih00wnz00_U97
fdkex           cell    d04tih00wnz00!U98       d04tih00wnz00_U98
fdkex           cell    d04tih00wnz00!U99       d04tih00wnz00_U99
fdkex           cell    d04tih00wnz00!U100      d04tih00wnz00_U100
fdkex           cell    d04tih00wnz00!U101      d04tih00wnz00_U101
fdkex           cell    d04tih00wnz00!U102      d04tih00wnz00_U102
fdkex           cell    d04tih00wnz00!U103      d04tih00wnz00_U103
fdkex           cell    d04tih00wnz00!U104      d04tih00wnz00_U104
fdkex           cell    d04tih00wnz00!U105      d04tih00wnz00_U105
fdkex           cell    d04tih00wnz00!U106      d04tih00wnz00_U106
fdkex           cell    d04tih00wnz00!U107      d04tih00wnz00_U107
fdkex           cell    d04tih00wnz00!U108      d04tih00wnz00_U108
fdkex           cell    d04tih00wnz00!U109      d04tih00wnz00_U109
fdkex           cell    d04tih00wnz00!U110      d04tih00wnz00_U110
fdkex           cell    d04tih00wnz00!U111      d04tih00wnz00_U111
fdkex           cell    d04tih00wnz00!U112      d04tih00wnz00_U112
fdkex           cell    d04tih00wnz00!U113      d04tih00wnz00_U113
fdkex           cell    d04tih00wnz00!U114      d04tih00wnz00_U114
fdkex           cell    d04tih00wnz00!U115      d04tih00wnz00_U115
fdkex           cell    d04tih00wnz00!U116      d04tih00wnz00_U116
fdkex           cell    d04tih00wnz00!U117      d04tih00wnz00_U117
fdkex           cell    d04tih00wnz00!U118      d04tih00wnz00_U118
fdkex           cell    d04tih00wnz00!U119      d04tih00wnz00_U119
fdkex           cell    d04tih00wnz00!U120      d04tih00wnz00_U120
fdkex           cell    d04tih00wnz00!U121      d04tih00wnz00_U121
fdkex           cell    d04tih00wnz00!U122      d04tih00wnz00_U122
fdkex           cell    d04tih00wnz00!U123      d04tih00wnz00_U123
fdkex           cell    d04tih00wnz00!U124      d04tih00wnz00_U124
fdkex           cell    d04tih00wnz00!U125      d04tih00wnz00_U125
fdkex           cell    d04tih00wnz00!U126      d04tih00wnz00_U126
fdkex           cell    d04tih00wnz00!U127      d04tih00wnz00_U127
fdkex           cell    d04tih00wnz00!U128      d04tih00wnz00_U128
fdkex           cell    d04tih00wnz00!U129      d04tih00wnz00_U129
fdkex           cell    d04tih00wnz00!U130      d04tih00wnz00_U130
fdkex           cell    d04tih00wnz00!U131      d04tih00wnz00_U131
fdkex           cell    d04tih00wnz00!U132      d04tih00wnz00_U132
fdkex           cell    d04tih00wnz00!U133      d04tih00wnz00_U133
fdkex           cell    d04tih00wnz00!U134      d04tih00wnz00_U134
fdkex           cell    d04tih00wnz00!U135      d04tih00wnz00_U135
fdkex           cell    d04tih00wnz00!U136      d04tih00wnz00_U136
fdkex           cell    d04tih00wnz00!U137      d04tih00wnz00_U137
fdkex           cell    d04tih00wnz00!U138      d04tih00wnz00_U138
fdkex           cell    d04tih00wnz00!U139      d04tih00wnz00_U139
fdkex           cell    d04tih00wnz00!U0        d04tih00wnz00_U0
fdkex           cell    d04tih00wnz00!U1        d04tih00wnz00_U1
fdkex           cell    d04tih00wnz00!U2        d04tih00wnz00_U2
fdkex           cell    d04tih00wnz00!U3        d04tih00wnz00_U3
fdkex           cell    d04tih00wnz00!U4        d04tih00wnz00_U4
fdkex           cell    d04tih00wnz00!U5        d04tih00wnz00_U5
fdkex           cell    d04tih00wnz00!U6        d04tih00wnz00_U6
fdkex           cell    d04tih00wnz00!U7        d04tih00wnz00_U7
fdkex           cell    d04tih00wnz00!U8        d04tih00wnz00_U8
fdkex           cell    d04tih00wnz00!U9        d04tih00wnz00_U9
fdkex           cell    d04tih00wnz00!U10       d04tih00wnz00_U10
fdkex           cell    d04tih00wnz00!U11       d04tih00wnz00_U11
fdkex           cell    d04tih00wnz00!U12       d04tih00wnz00_U12
fdkex           cell    d04tih00wnz00!U13       d04tih00wnz00_U13
fdkex           cell    d04tih00wnz00!U14       d04tih00wnz00_U14
fdkex           cell    d04tih00wnz00!U15       d04tih00wnz00_U15
fdkex           cell    d04tih00wnz00!U16       d04tih00wnz00_U16
fdkex           cell    d04tih00wnz00!U17       d04tih00wnz00_U17
fdkex           cell    d04tih00wnz00!U18       d04tih00wnz00_U18
fdkex           cell    d04tih00wnz00!U19       d04tih00wnz00_U19
fdkex           cell    d04tih00wnz00!U20       d04tih00wnz00_U20
fdkex           cell    d04tih00wnz00!U21       d04tih00wnz00_U21
fdkex           cell    d04tih00wnz00!U22       d04tih00wnz00_U22
fdkex           cell    d04tih00wnz00!U23       d04tih00wnz00_U23
fdkex           cell    d04tih00wnz00!U24       d04tih00wnz00_U24
fdkex           cell    d04tih00wnz00!U25       d04tih00wnz00_U25
fdkex           cell    d04tih00wnz00!U26       d04tih00wnz00_U26
fdkex           cell    d04tih00wnz00!U27       d04tih00wnz00_U27
fdkex           cell    d04tih00wnz00!U28       d04tih00wnz00_U28
fdkex           cell    d04tih00wnz00!U29       d04tih00wnz00_U29
fdkex           cell    d04tih00wnz00!U30       d04tih00wnz00_U30
fdkex           cell    d04tih00wnz00!U31       d04tih00wnz00_U31
fdkex           cell    d04tih00wnz00!U32       d04tih00wnz00_U32
fdkex           cell    d04tih00wnz00!U33       d04tih00wnz00_U33
fdkex           cell    d04tih00wnz00!U34       d04tih00wnz00_U34
fdkex           cell    d04tih00wnz00!U35       d04tih00wnz00_U35
fdkex           cell    d04tih00wnz00!U36       d04tih00wnz00_U36
fdkex           cell    d04tih00wnz00!U37       d04tih00wnz00_U37
fdkex           cell    d04tih00wnz00!U38       d04tih00wnz00_U38
fdkex           cell    d04tih00wnz00!U39       d04tih00wnz00_U39
fdkex           cell    d04tih00wnz00!U40       d04tih00wnz00_U40
fdkex           cell    d04tih00wnz00!U41       d04tih00wnz00_U41
fdkex           cell    d04tih00wnz00!U42       d04tih00wnz00_U42
fdkex           cell    d04tih00wnz00!U43       d04tih00wnz00_U43
fdkex           cell    d04tih00wnz00!U44       d04tih00wnz00_U44
fdkex           cell    d04tih00wnz00!U45       d04tih00wnz00_U45
fdkex           cell    d04tih00wnz00!U46       d04tih00wnz00_U46
fdkex           net     d04tih00wnz00!U242_net  d04tih00wnz00_U242_net
fdkex           net     d04tih00wnz00!U243_net  d04tih00wnz00_U243_net
fdkex           net     d04tih00wnz00!U244_net  d04tih00wnz00_U244_net
fdkex           net     d04tih00wnz00!U245_net  d04tih00wnz00_U245_net
fdkex           net     d04tih00wnz00!U246_net  d04tih00wnz00_U246_net
fdkex           net     d04tih00wnz00!U247_net  d04tih00wnz00_U247_net
fdkex           net     d04tih00wnz00!U248_net  d04tih00wnz00_U248_net
fdkex           net     d04tih00wnz00!U249_net  d04tih00wnz00_U249_net
fdkex           net     d04tih00wnz00!U250_net  d04tih00wnz00_U250_net
fdkex           net     d04tih00wnz00!U251_net  d04tih00wnz00_U251_net
fdkex           net     d04tih00wnz00!U252_net  d04tih00wnz00_U252_net
fdkex           net     d04tih00wnz00!U253_net  d04tih00wnz00_U253_net
fdkex           net     d04tih00wnz00!U254_net  d04tih00wnz00_U254_net
fdkex           net     d04tih00wnz00!U255_net  d04tih00wnz00_U255_net
fdkex           net     d04tih00wnz00!U256_net  d04tih00wnz00_U256_net
fdkex           net     d04tih00wnz00!U257_net  d04tih00wnz00_U257_net
fdkex           net     d04tih00wnz00!U258_net  d04tih00wnz00_U258_net
fdkex           net     d04tih00wnz00!U259_net  d04tih00wnz00_U259_net
fdkex           net     d04tih00wnz00!U260_net  d04tih00wnz00_U260_net
fdkex           net     d04tih00wnz00!U261_net  d04tih00wnz00_U261_net
fdkex           net     d04tih00wnz00!U262_net  d04tih00wnz00_U262_net
fdkex           net     d04tih00wnz00!U263_net  d04tih00wnz00_U263_net
fdkex           net     d04tih00wnz00!U264_net  d04tih00wnz00_U264_net
fdkex           net     d04tih00wnz00!U265_net  d04tih00wnz00_U265_net
fdkex           net     d04tih00wnz00!U266_net  d04tih00wnz00_U266_net
fdkex           net     d04tih00wnz00!U267_net  d04tih00wnz00_U267_net
fdkex           net     d04tih00wnz00!U268_net  d04tih00wnz00_U268_net
fdkex           net     d04tih00wnz00!U202_net  d04tih00wnz00_U202_net
fdkex           net     d04tih00wnz00!U203_net  d04tih00wnz00_U203_net
fdkex           net     d04tih00wnz00!U204_net  d04tih00wnz00_U204_net
fdkex           net     d04tih00wnz00!U205_net  d04tih00wnz00_U205_net
fdkex           net     d04tih00wnz00!U206_net  d04tih00wnz00_U206_net
fdkex           net     d04tih00wnz00!U207_net  d04tih00wnz00_U207_net
fdkex           net     d04tih00wnz00!U208_net  d04tih00wnz00_U208_net
fdkex           net     d04tih00wnz00!U209_net  d04tih00wnz00_U209_net
fdkex           net     d04tih00wnz00!U210_net  d04tih00wnz00_U210_net
fdkex           net     d04tih00wnz00!U211_net  d04tih00wnz00_U211_net
fdkex           net     d04tih00wnz00!U212_net  d04tih00wnz00_U212_net
fdkex           net     d04tih00wnz00!U213_net  d04tih00wnz00_U213_net
fdkex           net     d04tih00wnz00!U214_net  d04tih00wnz00_U214_net
fdkex           net     d04tih00wnz00!U215_net  d04tih00wnz00_U215_net
fdkex           net     d04tih00wnz00!U216_net  d04tih00wnz00_U216_net
fdkex           net     d04tih00wnz00!U217_net  d04tih00wnz00_U217_net
fdkex           net     d04tih00wnz00!U218_net  d04tih00wnz00_U218_net
fdkex           net     d04tih00wnz00!U219_net  d04tih00wnz00_U219_net
fdkex           net     d04tih00wnz00!U220_net  d04tih00wnz00_U220_net
fdkex           net     d04tih00wnz00!U221_net  d04tih00wnz00_U221_net
fdkex           net     d04tih00wnz00!U222_net  d04tih00wnz00_U222_net
fdkex           net     d04tih00wnz00!U223_net  d04tih00wnz00_U223_net
fdkex           net     d04tih00wnz00!U224_net  d04tih00wnz00_U224_net
fdkex           net     d04tih00wnz00!U225_net  d04tih00wnz00_U225_net
fdkex           net     d04tih00wnz00!U226_net  d04tih00wnz00_U226_net
fdkex           net     d04tih00wnz00!U227_net  d04tih00wnz00_U227_net
fdkex           net     d04tih00wnz00!U228_net  d04tih00wnz00_U228_net
fdkex           net     d04tih00wnz00!U229_net  d04tih00wnz00_U229_net
fdkex           net     d04tih00wnz00!U230_net  d04tih00wnz00_U230_net
fdkex           net     d04tih00wnz00!U231_net  d04tih00wnz00_U231_net
fdkex           net     d04tih00wnz00!U232_net  d04tih00wnz00_U232_net
fdkex           net     d04tih00wnz00!U233_net  d04tih00wnz00_U233_net
fdkex           net     d04tih00wnz00!U234_net  d04tih00wnz00_U234_net
fdkex           net     d04tih00wnz00!U235_net  d04tih00wnz00_U235_net
fdkex           net     d04tih00wnz00!U236_net  d04tih00wnz00_U236_net
fdkex           net     d04tih00wnz00!U237_net  d04tih00wnz00_U237_net
fdkex           net     d04tih00wnz00!U238_net  d04tih00wnz00_U238_net
fdkex           net     d04tih00wnz00!U239_net  d04tih00wnz00_U239_net
fdkex           net     d04tih00wnz00!U240_net  d04tih00wnz00_U240_net
fdkex           net     d04tih00wnz00!U241_net  d04tih00wnz00_U241_net
fdkex           net     d04tih00wnz00!U162_net  d04tih00wnz00_U162_net
fdkex           net     d04tih00wnz00!U163_net  d04tih00wnz00_U163_net
fdkex           net     d04tih00wnz00!U164_net  d04tih00wnz00_U164_net
fdkex           net     d04tih00wnz00!U165_net  d04tih00wnz00_U165_net
fdkex           net     d04tih00wnz00!U166_net  d04tih00wnz00_U166_net
fdkex           net     d04tih00wnz00!U167_net  d04tih00wnz00_U167_net
fdkex           net     d04tih00wnz00!U168_net  d04tih00wnz00_U168_net
fdkex           net     d04tih00wnz00!U169_net  d04tih00wnz00_U169_net
fdkex           net     d04tih00wnz00!U170_net  d04tih00wnz00_U170_net
fdkex           net     d04tih00wnz00!U171_net  d04tih00wnz00_U171_net
fdkex           net     d04tih00wnz00!U172_net  d04tih00wnz00_U172_net
fdkex           net     d04tih00wnz00!U173_net  d04tih00wnz00_U173_net
fdkex           net     d04tih00wnz00!U174_net  d04tih00wnz00_U174_net
fdkex           net     d04tih00wnz00!U175_net  d04tih00wnz00_U175_net
fdkex           net     d04tih00wnz00!U176_net  d04tih00wnz00_U176_net
fdkex           net     d04tih00wnz00!U177_net  d04tih00wnz00_U177_net
fdkex           net     d04tih00wnz00!U178_net  d04tih00wnz00_U178_net
fdkex           net     d04tih00wnz00!U179_net  d04tih00wnz00_U179_net
fdkex           net     d04tih00wnz00!U180_net  d04tih00wnz00_U180_net
fdkex           net     d04tih00wnz00!U181_net  d04tih00wnz00_U181_net
fdkex           net     d04tih00wnz00!U182_net  d04tih00wnz00_U182_net
fdkex           net     d04tih00wnz00!U183_net  d04tih00wnz00_U183_net
fdkex           net     d04tih00wnz00!U184_net  d04tih00wnz00_U184_net
fdkex           net     d04tih00wnz00!U185_net  d04tih00wnz00_U185_net
fdkex           net     d04tih00wnz00!U186_net  d04tih00wnz00_U186_net
fdkex           net     d04tih00wnz00!U187_net  d04tih00wnz00_U187_net
fdkex           net     d04tih00wnz00!U188_net  d04tih00wnz00_U188_net
fdkex           net     d04tih00wnz00!U189_net  d04tih00wnz00_U189_net
fdkex           net     d04tih00wnz00!U190_net  d04tih00wnz00_U190_net
fdkex           net     d04tih00wnz00!U191_net  d04tih00wnz00_U191_net
fdkex           net     d04tih00wnz00!U192_net  d04tih00wnz00_U192_net
fdkex           net     d04tih00wnz00!U193_net  d04tih00wnz00_U193_net
fdkex           net     d04tih00wnz00!U194_net  d04tih00wnz00_U194_net
fdkex           net     d04tih00wnz00!U195_net  d04tih00wnz00_U195_net
fdkex           net     d04tih00wnz00!U196_net  d04tih00wnz00_U196_net
fdkex           net     d04tih00wnz00!U197_net  d04tih00wnz00_U197_net
fdkex           net     d04tih00wnz00!U198_net  d04tih00wnz00_U198_net
fdkex           net     d04tih00wnz00!U199_net  d04tih00wnz00_U199_net
fdkex           net     d04tih00wnz00!U200_net  d04tih00wnz00_U200_net
fdkex           net     d04tih00wnz00!U201_net  d04tih00wnz00_U201_net
fdkex           net     d04tih00wnz00!U0_net    d04tih00wnz00_U0_net
fdkex           net     d04tih00wnz00!U1_net    d04tih00wnz00_U1_net
fdkex           net     d04tih00wnz00!U2_net    d04tih00wnz00_U2_net
fdkex           net     d04tih00wnz00!U3_net    d04tih00wnz00_U3_net
fdkex           net     d04tih00wnz00!U4_net    d04tih00wnz00_U4_net
fdkex           net     d04tih00wnz00!U5_net    d04tih00wnz00_U5_net
fdkex           net     d04tih00wnz00!U6_net    d04tih00wnz00_U6_net
fdkex           net     d04tih00wnz00!U7_net    d04tih00wnz00_U7_net
fdkex           net     d04tih00wnz00!U8_net    d04tih00wnz00_U8_net
fdkex           net     d04tih00wnz00!U9_net    d04tih00wnz00_U9_net
fdkex           net     d04tih00wnz00!U10_net   d04tih00wnz00_U10_net
fdkex           net     d04tih00wnz00!U11_net   d04tih00wnz00_U11_net
fdkex           net     d04tih00wnz00!U12_net   d04tih00wnz00_U12_net
fdkex           net     d04tih00wnz00!U13_net   d04tih00wnz00_U13_net
fdkex           net     d04tih00wnz00!U14_net   d04tih00wnz00_U14_net
fdkex           net     d04tih00wnz00!U15_net   d04tih00wnz00_U15_net
fdkex           net     d04tih00wnz00!U16_net   d04tih00wnz00_U16_net
fdkex           net     d04tih00wnz00!U17_net   d04tih00wnz00_U17_net
fdkex           net     d04tih00wnz00!U18_net   d04tih00wnz00_U18_net
fdkex           net     d04tih00wnz00!U19_net   d04tih00wnz00_U19_net
fdkex           net     d04tih00wnz00!U20_net   d04tih00wnz00_U20_net
fdkex           net     d04tih00wnz00!U21_net   d04tih00wnz00_U21_net
fdkex           net     d04tih00wnz00!U22_net   d04tih00wnz00_U22_net
fdkex           net     d04tih00wnz00!U23_net   d04tih00wnz00_U23_net
fdkex           net     d04tih00wnz00!U24_net   d04tih00wnz00_U24_net
fdkex           net     d04tih00wnz00!U25_net   d04tih00wnz00_U25_net
fdkex           net     d04tih00wnz00!U26_net   d04tih00wnz00_U26_net
fdkex           net     d04tih00wnz00!U27_net   d04tih00wnz00_U27_net
fdkex           net     d04tih00wnz00!U28_net   d04tih00wnz00_U28_net
fdkex           net     d04tih00wnz00!U29_net   d04tih00wnz00_U29_net
fdkex           net     d04tih00wnz00!U30_net   d04tih00wnz00_U30_net
fdkex           net     d04tih00wnz00!U31_net   d04tih00wnz00_U31_net
fdkex           net     d04tih00wnz00!U32_net   d04tih00wnz00_U32_net
fdkex           net     d04tih00wnz00!U33_net   d04tih00wnz00_U33_net
fdkex           net     d04tih00wnz00!U34_net   d04tih00wnz00_U34_net
fdkex           net     d04tih00wnz00!U35_net   d04tih00wnz00_U35_net
fdkex           net     d04tih00wnz00!U36_net   d04tih00wnz00_U36_net
fdkex           net     d04tih00wnz00!U37_net   d04tih00wnz00_U37_net
fdkex           net     d04tih00wnz00!U38_net   d04tih00wnz00_U38_net
fdkex           net     d04tih00wnz00!U39_net   d04tih00wnz00_U39_net
fdkex           net     d04tih00wnz00!U40_net   d04tih00wnz00_U40_net
fdkex           net     d04tih00wnz00!U41_net   d04tih00wnz00_U41_net
fdkex           net     d04tih00wnz00!U42_net   d04tih00wnz00_U42_net
fdkex           net     d04tih00wnz00!U43_net   d04tih00wnz00_U43_net
fdkex           net     d04tih00wnz00!U44_net   d04tih00wnz00_U44_net
fdkex           net     d04tih00wnz00!U45_net   d04tih00wnz00_U45_net
fdkex           net     d04tih00wnz00!U46_net   d04tih00wnz00_U46_net
fdkex           net     d04tih00wnz00!U47_net   d04tih00wnz00_U47_net
fdkex           net     d04tih00wnz00!U48_net   d04tih00wnz00_U48_net
fdkex           net     d04tih00wnz00!U49_net   d04tih00wnz00_U49_net
fdkex           net     d04tih00wnz00!U50_net   d04tih00wnz00_U50_net
fdkex           net     d04tih00wnz00!U51_net   d04tih00wnz00_U51_net
fdkex           net     d04tih00wnz00!U52_net   d04tih00wnz00_U52_net
fdkex           net     d04tih00wnz00!U53_net   d04tih00wnz00_U53_net
fdkex           net     d04tih00wnz00!U54_net   d04tih00wnz00_U54_net
fdkex           net     d04tih00wnz00!U55_net   d04tih00wnz00_U55_net
fdkex           net     d04tih00wnz00!U56_net   d04tih00wnz00_U56_net
fdkex           net     d04tih00wnz00!U57_net   d04tih00wnz00_U57_net
fdkex           net     d04tih00wnz00!U58_net   d04tih00wnz00_U58_net
fdkex           net     d04tih00wnz00!U59_net   d04tih00wnz00_U59_net
fdkex           net     d04tih00wnz00!U60_net   d04tih00wnz00_U60_net
fdkex           net     d04tih00wnz00!U61_net   d04tih00wnz00_U61_net
fdkex           net     d04tih00wnz00!U62_net   d04tih00wnz00_U62_net
fdkex           net     d04tih00wnz00!U63_net   d04tih00wnz00_U63_net
fdkex           net     d04tih00wnz00!U64_net   d04tih00wnz00_U64_net
fdkex           net     d04tih00wnz00!U65_net   d04tih00wnz00_U65_net
fdkex           net     d04tih00wnz00!U66_net   d04tih00wnz00_U66_net
fdkex           net     d04tih00wnz00!U67_net   d04tih00wnz00_U67_net
fdkex           net     d04tih00wnz00!U68_net   d04tih00wnz00_U68_net
fdkex           net     d04tih00wnz00!U69_net   d04tih00wnz00_U69_net
fdkex           net     d04tih00wnz00!U70_net   d04tih00wnz00_U70_net
fdkex           net     d04tih00wnz00!U71_net   d04tih00wnz00_U71_net
fdkex           net     d04tih00wnz00!U72_net   d04tih00wnz00_U72_net
fdkex           net     d04tih00wnz00!U73_net   d04tih00wnz00_U73_net
fdkex           net     d04tih00wnz00!U74_net   d04tih00wnz00_U74_net
fdkex           net     d04tih00wnz00!U75_net   d04tih00wnz00_U75_net
fdkex           net     d04tih00wnz00!U76_net   d04tih00wnz00_U76_net
fdkex           net     d04tih00wnz00!U77_net   d04tih00wnz00_U77_net
fdkex           net     d04tih00wnz00!U78_net   d04tih00wnz00_U78_net
fdkex           net     d04tih00wnz00!U79_net   d04tih00wnz00_U79_net
fdkex           net     d04tih00wnz00!U80_net   d04tih00wnz00_U80_net
fdkex           net     d04tih00wnz00!U81_net   d04tih00wnz00_U81_net
fdkex           net     d04tih00wnz00!U82_net   d04tih00wnz00_U82_net
fdkex           net     d04tih00wnz00!U83_net   d04tih00wnz00_U83_net
fdkex           net     d04tih00wnz00!U84_net   d04tih00wnz00_U84_net
fdkex           net     d04tih00wnz00!U85_net   d04tih00wnz00_U85_net
fdkex           net     d04tih00wnz00!U86_net   d04tih00wnz00_U86_net
fdkex           net     d04tih00wnz00!U87_net   d04tih00wnz00_U87_net
fdkex           net     d04tih00wnz00!U88_net   d04tih00wnz00_U88_net
fdkex           net     d04tih00wnz00!U89_net   d04tih00wnz00_U89_net
fdkex           net     d04tih00wnz00!U90_net   d04tih00wnz00_U90_net
fdkex           net     d04tih00wnz00!U91_net   d04tih00wnz00_U91_net
fdkex           net     d04tih00wnz00!U92_net   d04tih00wnz00_U92_net
fdkex           net     d04tih00wnz00!U93_net   d04tih00wnz00_U93_net
fdkex           net     d04tih00wnz00!U94_net   d04tih00wnz00_U94_net
fdkex           net     d04tih00wnz00!U95_net   d04tih00wnz00_U95_net
fdkex           net     d04tih00wnz00!U96_net   d04tih00wnz00_U96_net
fdkex           net     d04tih00wnz00!U97_net   d04tih00wnz00_U97_net
fdkex           net     d04tih00wnz00!U98_net   d04tih00wnz00_U98_net
fdkex           net     d04tih00wnz00!U99_net   d04tih00wnz00_U99_net
fdkex           net     d04tih00wnz00!U100_net  d04tih00wnz00_U100_net
fdkex           net     d04tih00wnz00!U101_net  d04tih00wnz00_U101_net
fdkex           net     d04tih00wnz00!U102_net  d04tih00wnz00_U102_net
fdkex           net     d04tih00wnz00!U103_net  d04tih00wnz00_U103_net
fdkex           net     d04tih00wnz00!U104_net  d04tih00wnz00_U104_net
fdkex           net     d04tih00wnz00!U105_net  d04tih00wnz00_U105_net
fdkex           net     d04tih00wnz00!U106_net  d04tih00wnz00_U106_net
fdkex           net     d04tih00wnz00!U107_net  d04tih00wnz00_U107_net
fdkex           net     d04tih00wnz00!U108_net  d04tih00wnz00_U108_net
fdkex           net     d04tih00wnz00!U109_net  d04tih00wnz00_U109_net
fdkex           net     d04tih00wnz00!U110_net  d04tih00wnz00_U110_net
fdkex           net     d04tih00wnz00!U111_net  d04tih00wnz00_U111_net
fdkex           net     d04tih00wnz00!U112_net  d04tih00wnz00_U112_net
fdkex           net     d04tih00wnz00!U113_net  d04tih00wnz00_U113_net
fdkex           net     d04tih00wnz00!U114_net  d04tih00wnz00_U114_net
fdkex           net     d04tih00wnz00!U115_net  d04tih00wnz00_U115_net
fdkex           net     d04tih00wnz00!U116_net  d04tih00wnz00_U116_net
fdkex           net     d04tih00wnz00!U117_net  d04tih00wnz00_U117_net
fdkex           net     d04tih00wnz00!U118_net  d04tih00wnz00_U118_net
fdkex           net     d04tih00wnz00!U119_net  d04tih00wnz00_U119_net
fdkex           net     d04tih00wnz00!U120_net  d04tih00wnz00_U120_net
fdkex           net     d04tih00wnz00!U121_net  d04tih00wnz00_U121_net
fdkex           net     d04tih00wnz00!U122_net  d04tih00wnz00_U122_net
fdkex           net     d04tih00wnz00!U123_net  d04tih00wnz00_U123_net
fdkex           net     d04tih00wnz00!U124_net  d04tih00wnz00_U124_net
fdkex           net     d04tih00wnz00!U125_net  d04tih00wnz00_U125_net
fdkex           net     d04tih00wnz00!U126_net  d04tih00wnz00_U126_net
fdkex           net     d04tih00wnz00!U127_net  d04tih00wnz00_U127_net
fdkex           net     d04tih00wnz00!U128_net  d04tih00wnz00_U128_net
fdkex           net     d04tih00wnz00!U129_net  d04tih00wnz00_U129_net
fdkex           net     d04tih00wnz00!U130_net  d04tih00wnz00_U130_net
fdkex           net     d04tih00wnz00!U131_net  d04tih00wnz00_U131_net
fdkex           net     d04tih00wnz00!U132_net  d04tih00wnz00_U132_net
fdkex           net     d04tih00wnz00!U133_net  d04tih00wnz00_U133_net
fdkex           net     d04tih00wnz00!U134_net  d04tih00wnz00_U134_net
fdkex           net     d04tih00wnz00!U135_net  d04tih00wnz00_U135_net
fdkex           net     d04tih00wnz00!U136_net  d04tih00wnz00_U136_net
fdkex           net     d04tih00wnz00!U137_net  d04tih00wnz00_U137_net
fdkex           net     d04tih00wnz00!U138_net  d04tih00wnz00_U138_net
fdkex           net     d04tih00wnz00!U139_net  d04tih00wnz00_U139_net
fdkex           net     d04tih00wnz00!U140_net  d04tih00wnz00_U140_net
fdkex           net     d04tih00wnz00!U141_net  d04tih00wnz00_U141_net
fdkex           net     d04tih00wnz00!U142_net  d04tih00wnz00_U142_net
fdkex           net     d04tih00wnz00!U143_net  d04tih00wnz00_U143_net
fdkex           net     d04tih00wnz00!U144_net  d04tih00wnz00_U144_net
fdkex           net     d04tih00wnz00!U145_net  d04tih00wnz00_U145_net
fdkex           net     d04tih00wnz00!U146_net  d04tih00wnz00_U146_net
fdkex           net     d04tih00wnz00!U147_net  d04tih00wnz00_U147_net
fdkex           net     d04tih00wnz00!U148_net  d04tih00wnz00_U148_net
fdkex           net     d04tih00wnz00!U149_net  d04tih00wnz00_U149_net
fdkex           net     d04tih00wnz00!U150_net  d04tih00wnz00_U150_net
fdkex           net     d04tih00wnz00!U151_net  d04tih00wnz00_U151_net
fdkex           net     d04tih00wnz00!U152_net  d04tih00wnz00_U152_net
fdkex           net     d04tih00wnz00!U153_net  d04tih00wnz00_U153_net
fdkex           net     d04tih00wnz00!U154_net  d04tih00wnz00_U154_net
fdkex           net     d04tih00wnz00!U155_net  d04tih00wnz00_U155_net
fdkex           net     d04tih00wnz00!U156_net  d04tih00wnz00_U156_net
fdkex           net     d04tih00wnz00!U157_net  d04tih00wnz00_U157_net
fdkex           net     d04tih00wnz00!U158_net  d04tih00wnz00_U158_net
fdkex           net     d04tih00wnz00!U159_net  d04tih00wnz00_U159_net
fdkex           net     d04tih00wnz00!U160_net  d04tih00wnz00_U160_net
fdkex           net     d04tih00wnz00!U161_net  d04tih00wnz00_U161_net
check_ecc_alu_width_data128_width_sec8_width_ecc9_width_data_ecc137 net net162 IN26
check_ecc_alu_width_data128_width_sec8_width_ecc9_width_data_ecc137 net net170 IN21
check_ecc_alu_width_data128_width_sec8_width_ecc9_width_data_ecc137 net net172 IN23
check_ecc_alu_width_data128_width_sec8_width_ecc9_width_data_ecc137 net net174 IN25
check_ecc_alu_width_data128_width_sec8_width_ecc9_width_data_ecc137 net net182 IN17
check_ecc_alu_width_data128_width_sec8_width_ecc9_width_data_ecc137 net net185 IN7
check_ecc_alu_width_data128_width_sec8_width_ecc9_width_data_ecc137 net net190 IN12
check_ecc_alu_width_data128_width_sec8_width_ecc9_width_data_ecc137 net net191 rstb
check_ecc_alu_width_data128_width_sec8_width_ecc9_width_data_ecc137 net net194 IN1
check_ecc_alu_width_data128_width_sec8_width_ecc9_width_data_ecc137 net net195 IN2
fifo_width_data137 net  net1607                 data_wr[106]
fifo_width_data137 net  net1620                 data_wr[103]
fifo_width_data137 net  net1617                 data_wr[100]
fifo_width_data137 net  net1615                 data_wr[98]
fifo_width_data137 net  net1628                 data_wr[95]
fifo_width_data137 net  net1658                 data_wr[61]
fifo_width_data137 net  net1665                 data_wr[52]
fifo_width_data137 net  net1663                 data_wr[50]
fifo_width_data137 net  net1675                 data_wr[46]
fifo_width_data137 net  net1470                 IN88
fifo_width_data137 net  net1471                 IN89
fifo_width_data137 net  net1472                 IN90
fifo_width_data137 net  net1474                 IN92
fifo_width_data137 net  net1475                 IN93
fifo_width_data137 net  net1477                 IN95
fifo_width_data137 net  net1481                 IN83
fifo_width_data137 net  net1482                 IN84
fifo_width_data137 net  net1484                 IN86
fifo_width_data137 net  net1485                 IN87
fifo_width_data137 net  net1490                 IN76
fifo_width_data137 net  net1493                 IN79
fifo_width_data137 net  net1494                 IN64
fifo_width_data137 net  net1495                 IN65
fifo_width_data137 net  net1496                 IN66
fifo_width_data137 net  net1498                 IN68
fifo_width_data137 net  net1500                 IN70
fifo_width_data137 net  net1501                 IN71
fifo_width_data137 net  net1502                 test_se
fifo_width_data137 net  net1503                 test_sei
fifo_width_data137 net  net1505                 IN59
fifo_width_data137 net  net1507                 IN61
fifo_width_data137 net  net1509                 IN63
fifo_width_data137 net  net1510                 IN58
fifo_width_data137 net  net1518                 IN50
fifo_width_data137 net  net1519                 IN51
fifo_width_data137 net  net1520                 IN52
fifo_width_data137 net  net1523                 IN55
fifo_width_data137 net  net1524                 IN56
fifo_width_data137 net  net1531                 IN47
fifo_width_data137 net  net1532                 IN48
fifo_width_data137 net  net1534                 IN34
fifo_width_data137 net  net1535                 IN35
fifo_width_data137 net  net1536                 IN36
fifo_width_data137 net  net1537                 IN37
fifo_width_data137 net  net1542                 IN26
fifo_width_data137 net  net1544                 IN28
fifo_width_data137 net  net1545                 IN29
fifo_width_data137 net  net1546                 IN30
fifo_width_data137 net  net1547                 IN31
fifo_width_data137 net  net1548                 IN32
fifo_width_data137 net  net1551                 IN19
fifo_width_data137 net  net1558                 IN10
fifo_width_data137 net  net1559                 IN11
fifo_width_data137 net  net1562                 IN14
fifo_width_data137 net  net1567                 IN3
fifo_width_data137 net  net1572                 IN8
fifo_width_data137 net  net1574                 rstb
fifo_width_data72_0 net net1891                 IN37
fifo_width_data72_0 net net1892                 IN38
fifo_width_data72_0 net net1897                 IN29
fifo_width_data72_0 net net1898                 IN30
fifo_width_data72_0 net net1907                 IN23
fifo_width_data72_0 net net1909                 IN25
fifo_width_data72_0 net net1912                 IN28
fifo_width_data72_0 net net1914                 IN21
fifo_width_data72_0 net net1919                 test_se
fifo_width_data72_0 net net1926                 IN17
fifo_width_data72_0 net net1932                 IN7
fifo_width_data72_0 net net1933                 IN8
fifo_width_data72_0 net net1934                 IN9
fifo_width_data72_0 net net1935                 IN10
fifo_width_data72_0 net net1936                 IN11
fifo_width_data72_1 net net2088                 IN47
fifo_width_data72_1 net net2092                 IN38
fifo_width_data72_1 net net2094                 IN40
fifo_width_data72_1 net net2096                 IN42
fifo_width_data72_1 net net2097                 IN43
fifo_width_data72_1 net net2099                 IN29
fifo_width_data72_1 net net2109                 test_mode
fifo_width_data72_1 net net2111                 IN25
fifo_width_data72_1 net net2112                 IN26
fifo_width_data72_1 net net2113                 IN27
fifo_width_data72_1 net net2114                 IN28
fifo_width_data72_1 net net2116                 IN21
fifo_width_data72_1 net net2118                 IN23
fifo_width_data72_1 net net2123                 IN12
fifo_width_data72_1 net net2128                 IN17
fifo_width_data72_1 net net2131                 IN4
fifo_width_data72_1 net net2132                 IN5
fifo_width_data72_1 net net2133                 IN6
fifo_width_data72_1 net net2134                 IN7
fifo_width_data72_1 net net2136                 IN9
fifo_width_data72_1 net net2137                 IN10
fifo_width_data72_1 net net2138                 IN11
fifo_width_data72_1 net net2139                 rstb
fifo_width_data72_1 net net2144                 IN1
Information: Updating database...
Information: Updating top database 'fdkex.CEL;1'. (MWDC-255)
...... Found Power Switch Cell d04pws00ld0b0 with output port gtdout
...... Found Power Switch Cell d04pws00ld8b0 with output port gtdout
...... Found Power Switch Cell d04pws00lq8b0 with output port gtdout
...... Found Power Switch Cell d04pws10ld8b0 with output port gtdout
...... Found Power Switch Cell d04pws10lq8b0 with output port gtdout
...... Found Power Switch Cell d04pws10lqtb0 with output port gtdout
...... Found Power Switch Cell d04pws00nd0b0 with output port gtdout
...... Found Power Switch Cell d04pws00nd8b0 with output port gtdout
...... Found Power Switch Cell d04pws00nq8b0 with output port gtdout
...... Found Power Switch Cell d04pws10nd8b0 with output port gtdout
...... Found Power Switch Cell d04pws10nq8b0 with output port gtdout
...... Found Power Switch Cell d04pws10nqtb0 with output port gtdout
...... Found Power Switch Cell d04pws00wd0b0 with output port gtdout
...... Found Power Switch Cell d04pws00wd8b0 with output port gtdout
...... Found Power Switch Cell d04pws00wq8b0 with output port gtdout
...... Found Power Switch Cell d04pws10wd8b0 with output port gtdout
...... Found Power Switch Cell d04pws10wq8b0 with output port gtdout
...... Found Power Switch Cell d04pws10wqtb0 with output port gtdout
...... Found Power Switch Cell d04pws00yd0b0 with output port gtdout
...... Found Power Switch Cell d04pws00yd8b0 with output port gtdout
...... Found Power Switch Cell d04pws00yq8b0 with output port gtdout
...... Found Power Switch Cell d04pws10yd8b0 with output port gtdout
...... Found Power Switch Cell d04pws10yq8b0 with output port gtdout
...... Found Power Switch Cell d04pws10yqtb0 with output port gtdout
1

Design          Type    Object                  New Name
--------------------------------------------------------------------------------
fifo_width_data137 net  N25                     N2500
fifo_width_data137 net  N42                     N421
fifo_width_data137 net  N43                     N430
fifo_width_data137 net  N29                     N291
fifo_width_data137 net  N30                     N300
fifo_width_data137 net  N26                     N260
fifo_width_data137 net  N23                     N230
fifo_width_data137 net  N27                     N270
fifo_width_data137 net  N54                     N540
fifo_width_data137 net  N57                     N570
fifo_width_data137 net  N39                     N390
fifo_width_data137 net  N22                     N221
fifo_width_data137 net  N41                     N410
fifo_width_data137 net  N38                     N381
fifo_width_data137 net  N55                     N551
fifo_width_data137 net  N53                     N531
fifo_width_data137 net  N66                     N660
fifo_width_data137 net  n270                    n27060
fifo_width_data137 net  n381                    n3813
fifo_width_data137 net  n2706                   n27061
fifo_width_data137 net  n551                    n55110
fifo_width_data137 net  N61                     N611
fifo_width_data137 net  N49                     N490
fifo_width_data137 net  N58                     N580
fifo_width_data137 net  N21                     N212
fifo_width_data137 net  N250                    N2501
fifo_width_data137 net  n531                    n53110
fifo_width_data137 net  N35                     N350
fifo_width_data137 net  N59                     N591
fifo_width_data137 net  N67                     N671
fifo_width_data137 net  n260                    n26030
fifo_width_data137 net  n2501                   n25010
fifo_width_data137 net  n421                    n4210
fifo_width_data137 net  N52                     N520
fifo_width_data137 net  N46                     N460
fifo_width_data137 net  N40                     N401
fifo_width_data137 net  N36                     N360
fifo_width_data137 net  N48                     N485
fifo_width_data137 net  N56                     N560
fifo_width_data137 net  N68                     N680
fifo_width_data137 net  N37                     N370
fifo_width_data137 net  N33                     N331
fifo_width_data137 net  n300                    n30060
fifo_width_data137 net  n3006                   n30061
fifo_width_data137 net  n401                    n4010
fifo_width_data137 net  n291                    n29101
fifo_width_data137 net  N62                     N6210
fifo_width_data137 net  N34                     N343
fifo_width_data137 net  N32                     N322
fifo_width_data137 net  N50                     N500
fifo_width_data137 net  N44                     N440
fifo_width_data137 net  N65                     N650
fifo_width_data137 net  N51                     N510
fifo_width_data137 net  n322                    n3222
fifo_width_data137 net  n331                    n3316
fifo_width_data137 net  n343                    n34300
fifo_width_data137 net  n221                    n2218
fifo_width_data137 net  n485                    n4850
fifo_width_data137 net  n2910                   n29102
fifo_width_data137 net  n611                    n6110
fifo_width_data137 net  N64                     N640
fifo_width_data137 net  N60                     N6010
fifo_width_data137 net  N63                     N630
fifo_width_data137 net  n591                    n59110
fifo_width_data137 net  N20                     N200
fifo_width_data137 net  n3430                   n34301
fifo_width_data137 net  n671                    n6710
fifo_width_data137 net  N45                     N4510
fifo_width_data137 net  n2603                   n26031
fifo_width_data137 net  N28                     N2849
fifo_width_data137 net  n2849                   n28490
fifo_width_data137 net  n360                    n3600
fifo_width_data137 net  N47                     N4710
fifo_width_data72_0 net N25                     N250
fifo_width_data72_0 net N23                     N230
fifo_width_data72_0 net N26                     N260
fifo_width_data72_0 net N36                     N361
fifo_width_data72_0 net N28                     N281
fifo_width_data72_0 net N27                     N270
fifo_width_data72_0 net N22                     N220
fifo_width_data72_0 net N39                     N393
fifo_width_data72_0 net N30                     N301
fifo_width_data72_0 net n220                    n2200
fifo_width_data72_0 net n361                    n3610
fifo_width_data72_0 net n301                    n3010
fifo_width_data72_0 net N41                     N410
fifo_width_data72_0 net N38                     N382
fifo_width_data72_0 net n382                    n38210
fifo_width_data72_0 net N37                     N370
fifo_width_data72_0 net N35                     N354
fifo_width_data72_0 net n281                    n2810
fifo_width_data72_0 net N32                     N320
fifo_width_data72_0 net n354                    n3540
fifo_width_data72_0 net n393                    n39310
fifo_width_data72_0 net N43                     N434
fifo_width_data72_0 net N29                     N290
fifo_width_data72_0 net N44                     N44100
fifo_width_data72_0 net N21                     N216
fifo_width_data72_0 net N20                     N202
fifo_width_data72_0 net N34                     N340
fifo_width_data72_0 net n202                    n2020
fifo_width_data72_0 net N40                     N403
fifo_width_data72_0 net N33                     N331
fifo_width_data72_0 net n331                    n3310
fifo_width_data72_0 net N45                     N455
fifo_width_data72_0 net N42                     N425
fifo_width_data72_0 net n425                    n42510
fifo_width_data72_0 net n434                    n43410
fifo_width_data72_0 net n455                    n45510
fifo_width_data72_0 net n403                    n40310
fifo_width_data72_0 net n216                    n2160
fifo_width_data72_0 net N31                     N310
fifo_width_data72_1 net N22                     N220
fifo_width_data72_1 net N25                     N250
fifo_width_data72_1 net N28                     N280
fifo_width_data72_1 net N36                     N361
fifo_width_data72_1 net N23                     N231
fifo_width_data72_1 net N37                     N370
fifo_width_data72_1 net N26                     N260
fifo_width_data72_1 net N21                     N210
fifo_width_data72_1 net N34                     N340
fifo_width_data72_1 net N33                     N335
fifo_width_data72_1 net N32                     N320
fifo_width_data72_1 net N27                     N270
fifo_width_data72_1 net n250                    n25000
fifo_width_data72_1 net N40                     N401
fifo_width_data72_1 net N29                     N290
fifo_width_data72_1 net n401                    n40110
fifo_width_data72_1 net N38                     N380
fifo_width_data72_1 net N39                     N390
fifo_width_data72_1 net n361                    n3610
fifo_width_data72_1 net n210                    n2100
fifo_width_data72_1 net N20                     N202
fifo_width_data72_1 net N31                     N319
fifo_width_data72_1 net n319                    n3190
fifo_width_data72_1 net N41                     N410
fifo_width_data72_1 net n202                    n2022
fifo_width_data72_1 net N35                     N350
fifo_width_data72_1 net n335                    n3350
fifo_width_data72_1 net N30                     N300
fifo_width_data72_1 net n220                    n22000
fifo_width_data72_1 net n2200                   n22001
fifo_width_data72_1 net n2500                   n25001
Information: Updating database...
Information: Updating top database 'fdkex.CEL;1'. (MWDC-255)
...... Found Power Switch Cell d04pws00ld0b0 with output port gtdout
...... Found Power Switch Cell d04pws00ld8b0 with output port gtdout
...... Found Power Switch Cell d04pws00lq8b0 with output port gtdout
...... Found Power Switch Cell d04pws10ld8b0 with output port gtdout
...... Found Power Switch Cell d04pws10lq8b0 with output port gtdout
...... Found Power Switch Cell d04pws10lqtb0 with output port gtdout
...... Found Power Switch Cell d04pws00nd0b0 with output port gtdout
...... Found Power Switch Cell d04pws00nd8b0 with output port gtdout
...... Found Power Switch Cell d04pws00nq8b0 with output port gtdout
...... Found Power Switch Cell d04pws10nd8b0 with output port gtdout
...... Found Power Switch Cell d04pws10nq8b0 with output port gtdout
...... Found Power Switch Cell d04pws10nqtb0 with output port gtdout
...... Found Power Switch Cell d04pws00wd0b0 with output port gtdout
...... Found Power Switch Cell d04pws00wd8b0 with output port gtdout
...... Found Power Switch Cell d04pws00wq8b0 with output port gtdout
...... Found Power Switch Cell d04pws10wd8b0 with output port gtdout
...... Found Power Switch Cell d04pws10wq8b0 with output port gtdout
...... Found Power Switch Cell d04pws10wqtb0 with output port gtdout
...... Found Power Switch Cell d04pws00yd0b0 with output port gtdout
...... Found Power Switch Cell d04pws00yd8b0 with output port gtdout
...... Found Power Switch Cell d04pws00yq8b0 with output port gtdout
...... Found Power Switch Cell d04pws10yd8b0 with output port gtdout
...... Found Power Switch Cell d04pws10yq8b0 with output port gtdout
...... Found Power Switch Cell d04pws10yqtb0 with output port gtdout
1
