
IC Validator (R) Hierarchical Design Verification, SUSE.64 Release J-2014.06.SP2.HF1.4045 2014/09/29

  (C) Copyright 1996-2014.
  Synopsys, Inc.  All rights reserved.

Called as: icv -i /tmp/spalutla_fdkex_51074/spalutla.fdkex.51074.iss/input/fdkex.stm -c fdkex -f GDSII -I /tmp/spalutla_fdkex_51074/spalutla.fdkex.51074.iss/spalutla.fdkex.powerhookup72.iss -I /p/fdk/fdk73/builds/pdk733_r1.7/fill/icv/flexfill -I /p/fdk/fdk73/builds/pdk733_r1.7/fill/icv/PXL -I /p/fdk/fdk73/builds/pdk733_r1.7/fill/icv/PXL -norscache -D DR_DFM_PROCESS=1273 /p/fdk/fdk73/builds/pdk733_r1.7/fill/icv/flexfill/powerhookup72_combined.rs




Using /usr/bin/ssh as remote shell program


Using user-specified ICV_INCLUDES setting as:
"/p/foundry/eda/em64t_SLES11/icvalidator/J-2014.06-SP2-1/include"

Parsing runset "/p/fdk/fdk73/builds/pdk733_r1.7/fill/icv/flexfill/powerhookup72_combined.rs"

Disabling runset caching because -norscache is set.
At top level...
/p/fdk/fdk73/builds/pdk733_r1.7/fill/icv/flexfill/powerhookup72_combined.rs:2514: warning: definition of variable 'VIA0KOR' (of type polygon_layer) hides previous definition
/p/fdk/fdk73/shelf/repo/fill/icv/3.1.6/14/flexfill/details/p1273dx_assign.rs:1858: previous definition of variable 'VIA0KOR' (of type polygon_layer) is here
/p/fdk/fdk73/builds/pdk733_r1.7/fill/icv/flexfill/powerhookup72_combined.rs:2515: warning: definition of variable 'METAL1KOR' (of type polygon_layer) hides previous definition
/p/fdk/fdk73/shelf/repo/fill/icv/3.1.6/14/flexfill/details/p1273dx_assign.rs:203: previous definition of variable 'METAL1KOR' (of type polygon_layer) is here
/p/fdk/fdk73/builds/pdk733_r1.7/fill/icv/flexfill/powerhookup72_combined.rs:2516: warning: definition of variable 'VIA1KOR' (of type polygon_layer) hides previous definition
/p/fdk/fdk73/shelf/repo/fill/icv/3.1.6/14/flexfill/details/p1273dx_assign.rs:542: previous definition of variable 'VIA1KOR' (of type polygon_layer) is here
Parsing finished
Runset Compile Time=0:01:07 User=62.47 Sys=1.87 Mem=4615.527


ICV_Master (R), SUSE.64 Release J-2014.06.SP2.HF1.4116 2014/09/29

  (C) Copyright 1996-2014.
  Synopsys, Inc.  All rights reserved.


Called as: icv -i /tmp/spalutla_fdkex_51074/spalutla.fdkex.51074.iss/input/fdkex.stm -c fdkex -f GDSII -I /tmp/spalutla_fdkex_51074/spalutla.fdkex.51074.iss/spalutla.fdkex.powerhookup72.iss -I /p/fdk/fdk73/builds/pdk733_r1.7/fill/icv/flexfill -I /p/fdk/fdk73/builds/pdk733_r1.7/fill/icv/PXL -I /p/fdk/fdk73/builds/pdk733_r1.7/fill/icv/PXL -norscache -D DR_DFM_PROCESS=1273 /p/fdk/fdk73/builds/pdk733_r1.7/fill/icv/flexfill/powerhookup72_combined.rs
 

Using user-specified ICV_INCLUDES setting as:
"/p/foundry/eda/em64t_SLES11/icvalidator/J-2014.06-SP2-1/include"

Virtual Machine Init Time=0:00:01 User=0.59 Sys=0.08 Mem=4615.527


Checked out necessary DP licenses.
Selecting "chlr16420" as Primary host

System Startup Time=0:00:01 User=0.00 Sys=0.59 Mem=4615.527


Command execution begins.  Details recorded in the summary and log files:
    /tmp/spalutla_fdkex_51074/spalutla.fdkex.51074.iss/spalutla.fdkex.powerhookup72.iss/run_details/fdkex.sum
    /tmp/spalutla_fdkex_51074/spalutla.fdkex.51074.iss/spalutla.fdkex.powerhookup72.iss/run_details/powerhookup72_combined.dp.log

Running ...
  ICV_Engine run is   1% complete.    Elapsed Time=0:00:04
  ICV_Engine run is   2% complete.    Elapsed Time=0:00:07
  ICV_Engine run is   3% complete.    Elapsed Time=0:00:07
  ICV_Engine run is   4% complete.    Elapsed Time=0:00:48
  ICV_Engine run is   5% complete.    Elapsed Time=0:00:49
  ICV_Engine run is  10% complete.    Elapsed Time=0:00:51
  ICV_Engine run is  15% complete.    Elapsed Time=0:00:52
  ICV_Engine run is  20% complete.    Elapsed Time=0:00:52
  ICV_Engine run is  25% complete.    Elapsed Time=0:00:52
  ICV_Engine run is  30% complete.    Elapsed Time=0:00:52
  ICV_Engine run is  35% complete.    Elapsed Time=0:00:53
  ICV_Engine run is  40% complete.    Elapsed Time=0:00:53
  ICV_Engine run is  45% complete.    Elapsed Time=0:00:54
  ICV_Engine run is  50% complete.    Elapsed Time=0:00:55
  ICV_Engine run is  55% complete.    Elapsed Time=0:00:55
  ICV_Engine run is  60% complete.    Elapsed Time=0:00:56
  ICV_Engine run is  65% complete.    Elapsed Time=0:00:57
  ICV_Engine run is  70% complete.    Elapsed Time=0:00:57
  ICV_Engine run is  75% complete.    Elapsed Time=0:00:59
  ICV_Engine run is  80% complete.    Elapsed Time=0:01:01
  ICV_Engine run is  85% complete.    Elapsed Time=0:01:02
  ICV_Engine run is  90% complete.    Elapsed Time=0:01:02
  ICV_Engine run is  95% complete.    Elapsed Time=0:01:02
  ICV_Engine run is 100% complete.    Elapsed Time=0:01:11

Completing error storage...
  Overall error storage time: User=0.04 Sys=0.01 Mem=10.202

Generating fdkex.LAYOUT_ERRORS...
  Generation Time=0:00:00  User=0.01 Sys=0.01 Mem=10.272

Generating fdkex.TOP_LAYOUT_ERRORS...
  Generation Time=0:00:00  User=0.00 Sys=0.00 Mem=10.287

   Check Time=0:00:00  User=0.01 Sys=0.00 Mem=185.864

-------------

IC Validator Run: Time=0:02:21

IC Validator Peak Machine Memory Report
chlr16420    : Peak = 1857(Mb)

Overall Disk Usage Disk=0.043
Overall Design Hierarchy Mem=8.926
Overall engine Time=0:02:21 Highest command Mem=1856.695 

Overall Master Mem=4616.195
IC Validator is done.
icv -i /tmp/spalutla_fdkex_51074/spalutla.fdkex.51074.iss/input/fdkex.stm -c fdkex -f GDSII -I /tmp/spalutla_fdkex_51074/spalutla.fdkex.51074.iss/spalutla.fdkex.powerhookup72.iss -I /p/fdk/fdk73/builds/pdk733_r1.7/fill/icv/flexfill -I /p/fdk/fdk73/builds/pdk733_r1.7/fill/icv/PXL -I /p/fdk/fdk73/builds/pdk733_r1.7/fill/icv/PXL -norscache -D DR_DFM_PROCESS=1273 /p/fdk/fdk73/builds/pdk733_r1.7/fill/icv/flexfill/powerhookup72_combined.rs 